Wed Jan 22 2025 18:1:57 } [PH] info: Client disconnected: 9GFarUg71jUa9jQnAABP
Wed Jan 22 2025 18:1:57 } [PH] info: Client disconnected: zhk1lQKPYwiwnwusAABO
Wed Jan 22 2025 18:1:57 } [PH] info: Client disconnected: Cx2BewbYXRC7oJ9eAABH
Wed Jan 22 2025 18:1:57 } [PH] info: Client disconnected: dUxbdPDZj0PV9oYeAABG
Wed Jan 22 2025 18:1:57 } [PH] info: Client disconnected: OO1klDTU8XH73EFiAABT
Wed Jan 22 2025 18:1:57 } [PH] info: Client disconnected: RzcphX9Bp8-EVVJUAABR
Wed Jan 22 2025 18:1:57 } [PH] info: Client disconnected: gMhTfwbjNXtTiZceAABL
Wed Jan 22 2025 18:1:57 } [PH] info: Client disconnected: A3BlkwNJf1wYhBHmAABK
Wed Jan 22 2025 18:2:55 } [PH] info: Server running on port 5000
Wed Jan 22 2025 18:3:1 } [PH] info: Client disconnected: HXL2TjFLWmCDdIMaAAAX
Wed Jan 22 2025 18:3:1 } [PH] info: Client disconnected: eKpJRYWheCzOVynnAAAT
Wed Jan 22 2025 18:3:54 } [PH] info: Client disconnected: dgWTIwnYkxUyd58aAAAn
Wed Jan 22 2025 18:3:54 } [PH] info: Client disconnected: SgH8W8gpuO58fBPqAAAm
Wed Jan 22 2025 18:3:54 } [PH] info: Client disconnected: fM7HBhmvNiMaN6mNAAAj
Wed Jan 22 2025 18:3:54 } [PH] info: Client disconnected: XzADY8AUmAStFI3YAAAi
Wed Jan 22 2025 18:3:56 } [PH] info: Client disconnected: XO7sQUA5Z1dnQGtGAAAF
Wed Jan 22 2025 18:3:56 } [PH] info: Client disconnected: IqIsSWvsnr0mQzNnAAAQ
Wed Jan 22 2025 18:4:25 } [PH] info: Client disconnected: qW6ofXDuqc9i3Xf3AAAy
Wed Jan 22 2025 18:4:25 } [PH] info: Client disconnected: pOTSAT1l4FZ-UeNqAAAz
Wed Jan 22 2025 18:4:25 } [PH] info: Client disconnected: Hyk_vxUSJXbyDp_JAABC
Wed Jan 22 2025 18:4:25 } [PH] info: Client disconnected: 8rHE_bJVHJLIu8cjAABD
Wed Jan 22 2025 18:4:25 } [PH] info: Client disconnected: iqW1DmqF4bEPGNvZAABS
Wed Jan 22 2025 18:4:25 } [PH] info: Client disconnected: bt8c_Xe0W7pfnjIkAABT
Wed Jan 22 2025 18:4:25 } [PH] info: Client disconnected: y-aKNelwGxEAsEQOAABU
Wed Jan 22 2025 18:4:25 } [PH] info: Client disconnected: 72ts59nS3agVsuIkAABV
Wed Jan 22 2025 18:4:26 } [PH] info: Client disconnected: aR59X0ebIeyZ2o6VAAA-
Wed Jan 22 2025 18:4:26 } [PH] info: Client disconnected: Thv2hpb3ExE9dZGKAABP
Wed Jan 22 2025 18:4:26 } [PH] info: Client disconnected: 1qkva1jCEKA4xfQ2AABJ
Wed Jan 22 2025 18:4:26 } [PH] info: Client disconnected: -Iu8uecAohrb0tNIAABI
Wed Jan 22 2025 18:4:26 } [PH] info: Client disconnected: eJA7ZD64ZBTPsUXkAAA_
Wed Jan 22 2025 18:4:26 } [PH] info: Client disconnected: rWVDiJZ1yO5ygpQEAABX
Wed Jan 22 2025 18:4:26 } [PH] info: Client disconnected: GMYJFYzT7UbDjdHNAABW
Wed Jan 22 2025 18:4:26 } [PH] info: Client disconnected: dfIRJ383DwaNkHmfAABR
Wed Jan 22 2025 18:5:11 } [PH] info: Client disconnected: dqcKm1h2oYGT07Q1AAB_
Wed Jan 22 2025 18:5:11 } [PH] info: Client disconnected: bUQOUgxGL_zzEy8cAAB-
Wed Jan 22 2025 18:5:11 } [PH] info: Client disconnected: DJ648zwA7j3qjOeXAAB9
Wed Jan 22 2025 18:5:11 } [PH] info: Client disconnected: Zs_Ade2Om88kkxwnAAB8
Wed Jan 22 2025 18:5:11 } [PH] info: Client disconnected: 0XEc1hnofKjcHVRQAAB3
Wed Jan 22 2025 18:5:11 } [PH] info: Client disconnected: T1PPNEDwfHsWL3UrAAB2
Wed Jan 22 2025 18:5:11 } [PH] info: Client disconnected: F3wrFq0B-tP6dlKPAABj
Wed Jan 22 2025 18:5:11 } [PH] info: Client disconnected: 72cHJf-gCmV9pCvtAABi
Wed Jan 22 2025 18:5:11 } [PH] info: Client disconnected: R-iKKU8fkGVGhWWuAABo
Wed Jan 22 2025 18:5:11 } [PH] info: Client disconnected: 5qhcVqul0aQ8GtocAABr
Wed Jan 22 2025 18:5:11 } [PH] info: Client disconnected: d0ZA2Mqj6TxXLscLAABq
Wed Jan 22 2025 18:5:11 } [PH] info: Client disconnected: nsjnSkhor8_cxAz5AABp
Wed Jan 22 2025 18:6:59 } [PH] info: Server running on port 5000
Wed Jan 22 2025 18:7:6 } [PH] info: Server running on port 5000
Wed Jan 22 2025 18:7:37 } [PH] info: Server running on port 5000
Wed Jan 22 2025 18:7:47 } [PH] info: Server running on port 5000
Wed Jan 22 2025 18:10:18 } [PH] info: Server running on port 5000
Wed Jan 22 2025 18:10:30 } [PH] info: Server running on port 5000
Wed Jan 22 2025 18:12:49 } [PH] info: Server running on port 5000
Wed Jan 22 2025 18:14:17 } [PH] info: Server running on port 5000
Wed Jan 22 2025 18:14:38 } [PH] info: Server running on port 5000
Wed Jan 22 2025 18:14:50 } [PH] info: Server running on port 5000
Wed Jan 22 2025 18:15:0 } [PH] info: Server running on port 5000
Wed Jan 22 2025 18:15:9 } [PH] info: Server running on port 5000
Wed Jan 22 2025 18:15:35 } [PH] info: Server running on port 5000
Wed Jan 22 2025 18:16:22 } [PH] info: Server running on port 5000
Wed Jan 22 2025 18:17:22 } [PH] info: Server running on port 5000
Wed Jan 22 2025 18:18:55 } [PH] info: Server running on port 5000
Wed Jan 22 2025 18:19:0 } [PH] info: Server running on port 5000
Wed Jan 22 2025 18:19:7 } [PH] info: Server running on port 5000
Wed Jan 22 2025 18:19:12 } [PH] info: Server running on port 5000
Wed Jan 22 2025 18:19:18 } [PH] info: Server running on port 5000
Wed Jan 22 2025 18:19:24 } [PH] info: Server running on port 5000
Wed Jan 22 2025 18:19:33 } [PH] info: Server running on port 5000
Wed Jan 22 2025 18:19:40 } [PH] info: Server running on port 5000
Wed Jan 22 2025 18:20:0 } [PH] info: Client disconnected: nBEO0GxH9fK6PQO_AAAK
Wed Jan 22 2025 18:20:0 } [PH] info: Client disconnected: _9iWrNP-PjqB6-hLAAAd
Wed Jan 22 2025 18:20:0 } [PH] info: Client disconnected: l9Hl8FLI6F-j3OUaAAAT
Wed Jan 22 2025 18:20:0 } [PH] info: Client disconnected: 7R46fcTBIpQJMvfrAAAS
Wed Jan 22 2025 18:20:0 } [PH] info: Client disconnected: rGubp9vey3grHRXXAAAP
Wed Jan 22 2025 18:20:0 } [PH] info: Client disconnected: Q5gxxSngrXAfv6X3AAAL
Wed Jan 22 2025 18:21:12 } [PH] info: Client disconnected: R_mffHrrSJPGlfTPAAA1
Wed Jan 22 2025 18:21:12 } [PH] info: Client disconnected: HTXAawAcD7XUbN-1AAA0
Wed Jan 22 2025 18:21:12 } [PH] info: Client disconnected: rel6Eje9X0EetVPMAAAz
Wed Jan 22 2025 18:21:12 } [PH] info: Client disconnected: RaZaJgpQttiPUWN2AAAy
Wed Jan 22 2025 18:21:12 } [PH] info: Client disconnected: anlgEvH1fXMmQShaAAA3
Wed Jan 22 2025 18:21:12 } [PH] info: Client disconnected: i6dn4ZqihKj6NPy7AAA2
Wed Jan 22 2025 18:21:12 } [PH] info: Client disconnected: HTTHGuLcED7hPLDAAAAM
Wed Jan 22 2025 18:21:12 } [PH] info: Client disconnected: mIuIj_yuXj-VpEPiAAAX
Wed Jan 22 2025 18:21:12 } [PH] info: Client disconnected: svMxB6WCtuAGC2XuAAAb
Wed Jan 22 2025 18:21:12 } [PH] info: Client disconnected: 5THO_AMONmIUr_dOAAAi
Wed Jan 22 2025 18:22:52 } [PH] info: Client disconnected: DkI3kRUWMfroik4bAARK
Wed Jan 22 2025 18:22:52 } [PH] info: Client disconnected: OAWF-c4JOE9hY1mEAARL
Wed Jan 22 2025 18:23:14 } [PH] info: Client disconnected: lJw4a3VD4X3JhSb7AARI
Wed Jan 22 2025 18:23:14 } [PH] info: Client disconnected: nMXmTjGfw-zP_pZ9AARJ
Wed Jan 22 2025 18:23:17 } [PH] info: Client disconnected: 9t03pA_EmRtekFiGAAI7
Wed Jan 22 2025 18:23:17 } [PH] info: Client disconnected: n5wuf9vOdzhJkBYSAARa
Wed Jan 22 2025 18:23:17 } [PH] info: Client disconnected: P6X6WkyFdwvyGopQAARb
Wed Jan 22 2025 18:23:17 } [PH] info: Client disconnected: j9c1Dy1C8S5w9NqNAAI-
Wed Jan 22 2025 18:23:17 } [PH] info: Client disconnected: Iqg50DTv18ImL5WBAAI_
Wed Jan 22 2025 18:23:31 } [PH] info: Client disconnected: 5wE4qNMLFKgH1D5_AAQ9
Wed Jan 22 2025 18:23:31 } [PH] info: Client disconnected: pBkRQ8TH7cjKBSEfAAKI
Wed Jan 22 2025 18:23:31 } [PH] info: Client disconnected: M-i-LY86uQmPZYiaAAKF
Wed Jan 22 2025 18:23:31 } [PH] info: Client disconnected: _oHUF0ZgAqOikBU4AAKE
Wed Jan 22 2025 18:23:31 } [PH] info: Client disconnected: 3Li2jVZNT2QW8xbXAAKB
Wed Jan 22 2025 18:23:31 } [PH] info: Client disconnected: U5Wl-YhI0FIpS7_SAAKA
Wed Jan 22 2025 18:23:31 } [PH] info: Client disconnected: o78-UDtKQz1mNb7vAAJ9
Wed Jan 22 2025 18:23:31 } [PH] info: Client disconnected: 30MQZ3o6oOSMj_QxAAJ8
Wed Jan 22 2025 18:23:31 } [PH] info: Client disconnected: pVT3Fi1wCzQYLFBPAAJ5
Wed Jan 22 2025 18:23:31 } [PH] info: Client disconnected: L5gdONQhZBmih2AyAAJ4
Wed Jan 22 2025 18:23:31 } [PH] info: Client disconnected: Y7_lldWootoQbR9tAAJ1
Wed Jan 22 2025 18:23:31 } [PH] info: Client disconnected: 6UrI71C9ci8F4MvqAAJ0
Wed Jan 22 2025 18:23:31 } [PH] info: Client disconnected: tWmifMxJ0b0mNqAlAAJx
Wed Jan 22 2025 18:23:31 } [PH] info: Client disconnected: DEHpgDHwo72Y1Ww_AAJw
Wed Jan 22 2025 18:23:31 } [PH] info: Client disconnected: hPKA9JZDaC3eo8hMAAJt
Wed Jan 22 2025 18:23:31 } [PH] info: Client disconnected: 3KRYGp7kHWgRIDyDAAJs
Wed Jan 22 2025 18:23:31 } [PH] info: Client disconnected: ecTYQm7FyHmWjz7IAAJp
Wed Jan 22 2025 18:23:31 } [PH] info: Client disconnected: ShfinjXhAnci6avbAAJo
Wed Jan 22 2025 18:23:32 } [PH] info: Client disconnected: Cv63yID9Rt2LS1ynAAJl
Wed Jan 22 2025 18:23:32 } [PH] info: Client disconnected: IK0BTSh93vWFaoEaAAJk
Wed Jan 22 2025 18:23:32 } [PH] info: Client disconnected: 1Ix3rKpY9zaNpe2yAAJj
Wed Jan 22 2025 18:23:32 } [PH] info: Client disconnected: QG2fAMY1VNYGiCDFAAJi
Wed Jan 22 2025 18:23:32 } [PH] info: Client disconnected: avjHR41d5EUo9-IUAAJd
Wed Jan 22 2025 18:23:32 } [PH] info: Client disconnected: aNBwvLbySz_p6sx4AAJc
Wed Jan 22 2025 18:23:32 } [PH] info: Client disconnected: gnMNOYvtl3Tj7CepAAJZ
Wed Jan 22 2025 18:23:32 } [PH] info: Client disconnected: 5vZE4YkbkRw63QzkAAJY
Wed Jan 22 2025 18:23:32 } [PH] info: Client disconnected: Dfnsz_ZweUT4JavjAAJV
Wed Jan 22 2025 18:23:32 } [PH] info: Client disconnected: Qkl25iHMb9HAYnB5AAJU
Wed Jan 22 2025 18:23:32 } [PH] info: Client disconnected: UiIzdiHpO8thRbtBAAJT
Wed Jan 22 2025 18:23:32 } [PH] info: Client disconnected: Nsc39mdImnLnH6EMAAJS
Wed Jan 22 2025 18:23:32 } [PH] info: Client disconnected: M90alarhSkdhH7cbAARl
Wed Jan 22 2025 18:23:32 } [PH] info: Client disconnected: HTiTxZO2CU-VgefoAAN8
Wed Jan 22 2025 18:23:32 } [PH] info: Client disconnected: lA0s3p9CNaDvF8RZAAN5
Wed Jan 22 2025 18:23:32 } [PH] info: Client disconnected: EmA0l1L0waCCvINWAAN4
Wed Jan 22 2025 18:23:32 } [PH] info: Client disconnected: TZVRPghNtNG9FipAAAN1
Wed Jan 22 2025 18:23:32 } [PH] info: Client disconnected: yerfEmFjgNdzaNFVAAN0
Wed Jan 22 2025 18:23:32 } [PH] info: Client disconnected: CXe3YLvUz18f7GOJAANx
Wed Jan 22 2025 18:23:32 } [PH] info: Client disconnected: 2bstTn-nu2P8pDe8AANw
Wed Jan 22 2025 18:23:32 } [PH] info: Client disconnected: ciOg7pJKfI3CMON0AANt
Wed Jan 22 2025 18:23:32 } [PH] info: Client disconnected: GGyXPFiMkiCUUxxvAANs
Wed Jan 22 2025 18:23:32 } [PH] info: Client disconnected: ikCHbJa47WeOCrGZAANp
Wed Jan 22 2025 18:23:32 } [PH] info: Client disconnected: PFD4yVDue82yrCGGAANo
Wed Jan 22 2025 18:23:32 } [PH] info: Client disconnected: awAxXbr9B3Jjduc4AANl
Wed Jan 22 2025 18:23:32 } [PH] info: Client disconnected: L72ygAN2VGE37LLZAANk
Wed Jan 22 2025 18:23:32 } [PH] info: Client disconnected: JnsbD8ZyFYzRtuKHAANh
Wed Jan 22 2025 18:23:32 } [PH] info: Client disconnected: YtxMB4K_EEirPGbwAANg
Wed Jan 22 2025 18:23:32 } [PH] info: Client disconnected: 4RGVydzQNkjy-pzZAANd
Wed Jan 22 2025 18:23:32 } [PH] info: Client disconnected: 0JCZyg8zlKDipZUYAANc
Wed Jan 22 2025 18:23:32 } [PH] info: Client disconnected: TVv7_9VXVabFE0uRAANZ
Wed Jan 22 2025 18:23:32 } [PH] info: Client disconnected: rKGMQJbUr0tk2a6vAANY
Wed Jan 22 2025 18:23:32 } [PH] info: Client disconnected: XRs7t45HCRnQxnv7AANV
Wed Jan 22 2025 18:23:32 } [PH] info: Client disconnected: ZtB0NsVyj0Z0NQ4jAANU
Wed Jan 22 2025 18:23:32 } [PH] info: Client disconnected: X58oqvKXro28o5sdAANR
Wed Jan 22 2025 18:23:32 } [PH] info: Client disconnected: 0okW0Qzk81BvwC7IAANQ
Wed Jan 22 2025 18:23:32 } [PH] info: Client disconnected: 6Rew7PoEIP4Nuc52AARW
Wed Jan 22 2025 18:23:32 } [PH] info: Client disconnected: E-c-RHLonavIuF7kAANN
Wed Jan 22 2025 18:23:32 } [PH] info: Client disconnected: glW3HDPH9yWEcd66AANM
Wed Jan 22 2025 18:23:32 } [PH] info: Client disconnected: KPiDmULC_Dyh1RF-AANJ
Wed Jan 22 2025 18:23:32 } [PH] info: Client disconnected: TLMBhT_14Yh38TFeAANI
Wed Jan 22 2025 18:23:32 } [PH] info: Client disconnected: jKe_yXIjF2FYmZKZAANF
Wed Jan 22 2025 18:23:32 } [PH] info: Client disconnected: dBkcTIDkmdBCm4n8AANE
Wed Jan 22 2025 18:23:32 } [PH] info: Client disconnected: UpbnZSMCiJqj6OkwAANB
Wed Jan 22 2025 18:23:32 } [PH] info: Client disconnected: eVVBY-KmR90C1WSQAANA
Wed Jan 22 2025 18:23:32 } [PH] info: Client disconnected: kEnp5WP-aXHkb3_2AAM9
Wed Jan 22 2025 18:23:32 } [PH] info: Client disconnected: gxiu9bQM7vlBQhWnAAM8
Wed Jan 22 2025 18:23:32 } [PH] info: Client disconnected: 3Jk_cNon5xN3u4CnAAM5
Wed Jan 22 2025 18:23:32 } [PH] info: Client disconnected: fJZProYZ167FBKO2AAM4
Wed Jan 22 2025 18:23:32 } [PH] info: Client disconnected: A0C9xGrsh9uCt2u4AAM1
Wed Jan 22 2025 18:23:32 } [PH] info: Client disconnected: B6QOKHU3-x4IA21eAAM0
Wed Jan 22 2025 18:23:32 } [PH] info: Client disconnected: fpLHMI6MS4tbuzU4AAMx
Wed Jan 22 2025 18:23:32 } [PH] info: Client disconnected: 77aRdeTx1DtLNkNlAAMw
Wed Jan 22 2025 18:23:32 } [PH] info: Client disconnected: dtrjzB7APDvvUDLDAAMt
Wed Jan 22 2025 18:23:32 } [PH] info: Client disconnected: HUszIeT8guiTJp5FAAMs
Wed Jan 22 2025 18:23:32 } [PH] info: Client disconnected: McafJwuslVMx-9j0AAMp
Wed Jan 22 2025 18:23:32 } [PH] info: Client disconnected: H9uld15FOExBd94kAAMo
Wed Jan 22 2025 18:23:32 } [PH] info: Client disconnected: Q4EYKm5P23A3Nm8fAAMl
Wed Jan 22 2025 18:23:32 } [PH] info: Client disconnected: oOyTCywf9ZQzm9iuAAMk
Wed Jan 22 2025 18:23:32 } [PH] info: Client disconnected: pat11hHU999tsSCwAAMh
Wed Jan 22 2025 18:23:32 } [PH] info: Client disconnected: FmKEE8YCLQ5t-R6tAAMg
Wed Jan 22 2025 18:23:32 } [PH] info: Client disconnected: WihO77noO9PzcJRkAAMd
Wed Jan 22 2025 18:23:32 } [PH] info: Client disconnected: VQOHI-AnrscifVbzAAMc
Wed Jan 22 2025 18:23:32 } [PH] info: Client disconnected: CnGPUHt7_CxO_ppdAAMZ
Wed Jan 22 2025 18:23:32 } [PH] info: Client disconnected: cIcb2vB1BHp8KLkPAAMY
Wed Jan 22 2025 18:23:32 } [PH] info: Client disconnected: UQRo9ATIsvYQanetAAMV
Wed Jan 22 2025 18:23:32 } [PH] info: Client disconnected: yy3_eZe1gwp0TcqiAAMU
Wed Jan 22 2025 18:23:32 } [PH] info: Client disconnected: 5vROI-DXPEUkmSklAAMR
Wed Jan 22 2025 18:23:32 } [PH] info: Client disconnected: ZfycHns7rqeJ25dFAAMQ
Wed Jan 22 2025 18:23:32 } [PH] info: Client disconnected: rm7WDyE8peBCkjCCAAMN
Wed Jan 22 2025 18:23:32 } [PH] info: Client disconnected: Fsyp0uW_q1vuresCAAMM
Wed Jan 22 2025 18:23:32 } [PH] info: Client disconnected: 4xKrEpvYOqdi88C7AAMJ
Wed Jan 22 2025 18:23:32 } [PH] info: Client disconnected: j7eIiSPmbp5LtkOsAAMI
Wed Jan 22 2025 18:23:32 } [PH] info: Client disconnected: DQG6U1vVEj50r4cpAAMF
Wed Jan 22 2025 18:23:32 } [PH] info: Client disconnected: 0P8Qw3KSUW7aKglPAAME
Wed Jan 22 2025 18:23:32 } [PH] info: Client disconnected: t8Wdm7Eco-BzpHGYAAMB
Wed Jan 22 2025 18:23:32 } [PH] info: Client disconnected: qNN_CdUf_hdbuepjAAMA
Wed Jan 22 2025 18:23:32 } [PH] info: Client disconnected: XS-J5BXS-qu9vuIMAAL9
Wed Jan 22 2025 18:23:32 } [PH] info: Client disconnected: tGc1PrP89T_Kgot-AAL8
Wed Jan 22 2025 18:23:32 } [PH] info: Client disconnected: _nnE1KoINB38w5D4AAL5
Wed Jan 22 2025 18:23:32 } [PH] info: Client disconnected: OBq3He8nEOV3dyBTAAL4
Wed Jan 22 2025 18:23:32 } [PH] info: Client disconnected: -OGh4tNtF-up947iAAL1
Wed Jan 22 2025 18:23:32 } [PH] info: Client disconnected: -wxEZIQ3NQ32U1SFAAL0
Wed Jan 22 2025 18:23:32 } [PH] info: Client disconnected: N0FbniPN-jRqfgqyAALx
Wed Jan 22 2025 18:23:32 } [PH] info: Client disconnected: 5sTG6IDHECV4o0QeAALw
Wed Jan 22 2025 18:23:32 } [PH] info: Client disconnected: 5h_CrgnGJq72ILthAALt
Wed Jan 22 2025 18:23:32 } [PH] info: Client disconnected: ky5Np7v0grYyTpQkAALs
Wed Jan 22 2025 18:23:32 } [PH] info: Client disconnected: 5B7Yjn9iWgv8TigcAALp
Wed Jan 22 2025 18:23:32 } [PH] info: Client disconnected: _Lcggq1zGpR0IjXeAALo
Wed Jan 22 2025 18:23:32 } [PH] info: Client disconnected: KpqDdhH6AGgr2sQuAALl
Wed Jan 22 2025 18:23:32 } [PH] info: Client disconnected: QX1KBYpiakSSMKTBAALk
Wed Jan 22 2025 18:23:32 } [PH] info: Client disconnected: mtbs83U91fmau2a5AALh
Wed Jan 22 2025 18:23:32 } [PH] info: Client disconnected: 7T23G7WmKXAPVQWfAALg
Wed Jan 22 2025 18:23:32 } [PH] info: Client disconnected: gCPlAShcn2wOxYLbAALd
Wed Jan 22 2025 18:23:32 } [PH] info: Client disconnected: 0Ov3ChGKvPudTbPHAALc
Wed Jan 22 2025 18:23:32 } [PH] info: Client disconnected: uAu5gtB9P1GPS53SAALZ
Wed Jan 22 2025 18:23:32 } [PH] info: Client disconnected: CsSDrzlPkLjVO3wpAALY
Wed Jan 22 2025 18:23:32 } [PH] info: Client disconnected: MYk1CNNahzo0PAKJAALV
Wed Jan 22 2025 18:23:32 } [PH] info: Client disconnected: 8B4UXMZ6343xfMAPAALU
Wed Jan 22 2025 18:23:32 } [PH] info: Client disconnected: GfEZ7vRu0FZ7VqkxAALR
Wed Jan 22 2025 18:23:32 } [PH] info: Client disconnected: Zi5-j10U7VLawf26AALQ
Wed Jan 22 2025 18:23:32 } [PH] info: Client disconnected: TID13vYDmvC7AqamAARB
Wed Jan 22 2025 18:23:32 } [PH] info: Client disconnected: HjwgXJW92zvakcMJAARA
Wed Jan 22 2025 18:23:32 } [PH] info: Client disconnected: uTBlgJdN_wd3wiseAALN
Wed Jan 22 2025 18:23:32 } [PH] info: Client disconnected: cLni105T1bqK1EXDAALM
Wed Jan 22 2025 18:23:32 } [PH] info: Client disconnected: 5pimTHC0dotbvrXHAALJ
Wed Jan 22 2025 18:23:32 } [PH] info: Client disconnected: 0h2Jw7M7AAJ900KfAALI
Wed Jan 22 2025 18:23:32 } [PH] info: Client disconnected: BQLFSFpF_I0L_qYzAALF
Wed Jan 22 2025 18:23:32 } [PH] info: Client disconnected: gehlqNCIqsHKMedHAALE
Wed Jan 22 2025 18:23:32 } [PH] info: Client disconnected: Tg5A26sc96xeCObGAALB
Wed Jan 22 2025 18:23:32 } [PH] info: Client disconnected: rdUO0ZKQT4Bo3Ck-AALA
Wed Jan 22 2025 18:23:32 } [PH] info: Client disconnected: 5Q-DQ1PGDmztMl9DAAK9
Wed Jan 22 2025 18:23:32 } [PH] info: Client disconnected: QLrnCnNP9zLvA6miAAK8
Wed Jan 22 2025 18:23:32 } [PH] info: Client disconnected: 7hTG9kkMGjEGFKkPAAK5
Wed Jan 22 2025 18:23:32 } [PH] info: Client disconnected: E2j_o6AnO_osC1GNAAK4
Wed Jan 22 2025 18:23:32 } [PH] info: Client disconnected: bjwjLZnjBHh_r_D5AAK1
Wed Jan 22 2025 18:23:32 } [PH] info: Client disconnected: xhInjDeBTzC226boAAK0
Wed Jan 22 2025 18:23:32 } [PH] info: Client disconnected: 5TZL5d65OVazNMwdAAKx
Wed Jan 22 2025 18:23:32 } [PH] info: Client disconnected: fO8crzAXfuqHKNTUAAKw
Wed Jan 22 2025 18:23:32 } [PH] info: Client disconnected: tn2YcR4cIIGz5KcaAAKt
Wed Jan 22 2025 18:23:32 } [PH] info: Client disconnected: OGw_wj6GKioPZYoaAAKs
Wed Jan 22 2025 18:23:32 } [PH] info: Client disconnected: OO-LpFIv_CoYg-J1AAKp
Wed Jan 22 2025 18:23:32 } [PH] info: Client disconnected: 0rtAeSx4xtMek_pYAAKo
Wed Jan 22 2025 18:23:32 } [PH] info: Client disconnected: KEuPEbRzLHyd3fhAAAKl
Wed Jan 22 2025 18:23:32 } [PH] info: Client disconnected: ld7fgpds2pGlJ35sAAKk
Wed Jan 22 2025 18:23:32 } [PH] info: Client disconnected: IL5vCRiy80QMhPZqAAKh
Wed Jan 22 2025 18:23:32 } [PH] info: Client disconnected: p3idXnhXnFw-rFn1AAKg
Wed Jan 22 2025 18:23:32 } [PH] info: Client disconnected: 9oDYhoMXTWMoQQ29AAKd
Wed Jan 22 2025 18:23:32 } [PH] info: Client disconnected: 4ZeKX8Ubm8uUX7MaAAKc
Wed Jan 22 2025 18:23:32 } [PH] info: Client disconnected: 9awJiv8R-DhMcGrLAAKZ
Wed Jan 22 2025 18:23:32 } [PH] info: Client disconnected: 180cmIb20XEgC1dZAAKY
Wed Jan 22 2025 18:23:32 } [PH] info: Client disconnected: 2DSLuYwO6CXXI_MBAAKV
Wed Jan 22 2025 18:23:32 } [PH] info: Client disconnected: 7QVUAUkXDSCMdGJKAAKU
Wed Jan 22 2025 18:23:32 } [PH] info: Client disconnected: 64WbN_gAQ9SA2oVWAAKR
Wed Jan 22 2025 18:23:32 } [PH] info: Client disconnected: YYDKe5_x32YFhOS9AAKQ
Wed Jan 22 2025 18:23:32 } [PH] info: Client disconnected: LRZF3GSFHOo5eHLSAAKN
Wed Jan 22 2025 18:23:32 } [PH] info: Client disconnected: eltVNAmVp95NEXwZAAKM
Wed Jan 22 2025 18:23:32 } [PH] info: Client disconnected: w3PE_N8nsdV3K2aBAAKJ
Wed Jan 22 2025 18:23:32 } [PH] info: Client disconnected: dWvvHgr574yhedXCAABx
Wed Jan 22 2025 18:23:32 } [PH] info: Client disconnected: JGz8ebiXoC8-qPwrAABv
Wed Jan 22 2025 18:23:32 } [PH] info: Client disconnected: HrBVSlLrwtbHIVaQAABu
Wed Jan 22 2025 18:23:32 } [PH] info: Client disconnected: W9aDv4oNY8fjxD5yAABr
Wed Jan 22 2025 18:23:32 } [PH] info: Client disconnected: AEceAtbTZdgu_ZLRAABq
Wed Jan 22 2025 18:23:32 } [PH] info: Client disconnected: 5e7otQDe6CkLXHaRAABn
Wed Jan 22 2025 18:23:32 } [PH] info: Client disconnected: QWDfNY-S86bVYlj7AABm
Wed Jan 22 2025 18:23:32 } [PH] info: Client disconnected: ddHXJAAkYRBl0Ib_AABj
Wed Jan 22 2025 18:23:32 } [PH] info: Client disconnected: plgv_9kBMfmAOdtmAABi
Wed Jan 22 2025 18:23:32 } [PH] info: Client disconnected: gTVWWI7NABZK1-AeAABf
Wed Jan 22 2025 18:23:32 } [PH] info: Client disconnected: n4rwWlWVnTZfeDeEAABe
Wed Jan 22 2025 18:23:32 } [PH] info: Client disconnected: t_H5LdLi-PhZnCGoAABb
Wed Jan 22 2025 18:23:32 } [PH] info: Client disconnected: qCUi2FRYHv2uOLZmAABa
Wed Jan 22 2025 18:23:32 } [PH] info: Client disconnected: YsziZhQnemqwxw_dAABX
Wed Jan 22 2025 18:23:32 } [PH] info: Client disconnected: Cc35IQFwMl3X9umkAABW
Wed Jan 22 2025 18:23:32 } [PH] info: Client disconnected: MFY1ohsoV21Fehi6AABT
Wed Jan 22 2025 18:23:32 } [PH] info: Client disconnected: Jiuq5KQ1_6kXYg2LAABS
Wed Jan 22 2025 18:23:32 } [PH] info: Client disconnected: NBz8rPDOsV-Ld07_AABP
Wed Jan 22 2025 18:23:32 } [PH] info: Client disconnected: UwqE-QU5m-y2PUlyAABO
Wed Jan 22 2025 18:23:32 } [PH] info: Client disconnected: C0wksVWTdIOZcUSTAABL
Wed Jan 22 2025 18:23:32 } [PH] info: Client disconnected: INSZCL5akbScCcg3AABK
Wed Jan 22 2025 18:23:32 } [PH] info: Client disconnected: Ji-5199FEXw7T1VlAABH
Wed Jan 22 2025 18:23:32 } [PH] info: Client disconnected: GpeEvOtYr34ZT1D9AABG
Wed Jan 22 2025 18:23:32 } [PH] info: Client disconnected: CXX7a6yc7iBzoDPOAAQ8
Wed Jan 22 2025 18:23:32 } [PH] info: Client disconnected: GrvpguPpZvZRYQtXAAQ5
Wed Jan 22 2025 18:23:32 } [PH] info: Client disconnected: KDZNtKcY84mZR-RnAAQ4
Wed Jan 22 2025 18:23:32 } [PH] info: Client disconnected: kpedYslfMF0zjemLAAQ1
Wed Jan 22 2025 18:23:32 } [PH] info: Client disconnected: gVKA-maTrjyOuCIxAAQ0
Wed Jan 22 2025 18:23:32 } [PH] info: Client disconnected: F29904XCU2etnkaFAAQx
Wed Jan 22 2025 18:23:32 } [PH] info: Client disconnected: dOkH5B2yAycAIlpAAAQw
Wed Jan 22 2025 18:23:32 } [PH] info: Client disconnected: pMomUv3foWS3mOOdAAQv
Wed Jan 22 2025 18:23:32 } [PH] info: Client disconnected: NRo2eE2NBlH2TR7fAAQs
Wed Jan 22 2025 18:23:32 } [PH] info: Client disconnected: MJJ00Za9Gd62uC2qAAQp
Wed Jan 22 2025 18:23:32 } [PH] info: Client disconnected: 20XPXaAkT4MWU9gEAAQo
Wed Jan 22 2025 18:23:32 } [PH] info: Client disconnected: mzzlBuAIyNFXyBdbAAQl
Wed Jan 22 2025 18:23:32 } [PH] info: Client disconnected: Ivyy2R-B9zPZ-qdkAAQk
Wed Jan 22 2025 18:23:32 } [PH] info: Client disconnected: xMBzgsuXYbGEZ7ojAAQh
Wed Jan 22 2025 18:23:32 } [PH] info: Client disconnected: RVdzmTXzqiwBPND1AAQg
Wed Jan 22 2025 18:23:32 } [PH] info: Client disconnected: NQa55Yj-6kW8GlHLAAQd
Wed Jan 22 2025 18:23:32 } [PH] info: Client disconnected: TfeZ2PdeWVvD-X_pAAQc
Wed Jan 22 2025 18:23:32 } [PH] info: Client disconnected: d_vt92c7fHZrlvccAAQZ
Wed Jan 22 2025 18:23:32 } [PH] info: Client disconnected: jj478skgaJdf7Hy1AAQY
Wed Jan 22 2025 18:23:32 } [PH] info: Client disconnected: zfBxuGk2Z5keL3xoAAQV
Wed Jan 22 2025 18:23:32 } [PH] info: Client disconnected: lh-JT5O6nqATKSp1AAQU
Wed Jan 22 2025 18:23:32 } [PH] info: Client disconnected: p3Ag-mHYOcoDCE0YAAQR
Wed Jan 22 2025 18:23:32 } [PH] info: Client disconnected: uBAlU_gJE9WFIgsNAAQQ
Wed Jan 22 2025 18:23:32 } [PH] info: Client disconnected: mt5ARrkwltK1dJvTAAQN
Wed Jan 22 2025 18:23:32 } [PH] info: Client disconnected: g4bP6oWPCA1Q4I_bAAQM
Wed Jan 22 2025 18:23:32 } [PH] info: Client disconnected: AecUtCxQl15NYJdyAAQJ
Wed Jan 22 2025 18:23:32 } [PH] info: Client disconnected: BTTmtBh6fQDg9D9hAAQI
Wed Jan 22 2025 18:23:32 } [PH] info: Client disconnected: PC5ln963tbXB5cOAAAQF
Wed Jan 22 2025 18:23:32 } [PH] info: Client disconnected: M8ZX3ot4OyfU8zVOAAQE
Wed Jan 22 2025 18:23:32 } [PH] info: Client disconnected: xaqv5qa-Jy-LvFaZAAQB
Wed Jan 22 2025 18:23:32 } [PH] info: Client disconnected: sKqHKlhUZO8sekwAAAQA
Wed Jan 22 2025 18:23:32 } [PH] info: Client disconnected: p_pD7_XaWCmNMmgEAAP9
Wed Jan 22 2025 18:23:32 } [PH] info: Client disconnected: 5-RxMfAzVJrwTFLXAAP8
Wed Jan 22 2025 18:23:32 } [PH] info: Client disconnected: Zsxut26Zg5KmevT9AAP5
Wed Jan 22 2025 18:23:32 } [PH] info: Client disconnected: z-zbC7TIREtzeQWJAAP4
Wed Jan 22 2025 18:23:32 } [PH] info: Client disconnected: y5qsXj8X8blhJ4VwAAP1
Wed Jan 22 2025 18:23:32 } [PH] info: Client disconnected: S-s_h_dzUPgdo9sWAAP0
Wed Jan 22 2025 18:23:32 } [PH] info: Client disconnected: 9Lxrm-znmwHnihCNAAPx
Wed Jan 22 2025 18:23:32 } [PH] info: Client disconnected: 81ebbo5s0jZpI_YfAAPw
Wed Jan 22 2025 18:23:32 } [PH] info: Client disconnected: G20KnIxWE5sQIpAqAAPt
Wed Jan 22 2025 18:23:32 } [PH] info: Client disconnected: 2BHp8fOyNXbY815BAAPs
Wed Jan 22 2025 18:23:32 } [PH] info: Client disconnected: xcxBYqc7dxFgsplDAAPp
Wed Jan 22 2025 18:23:32 } [PH] info: Client disconnected: paWa1FDajDiAPdhkAAPo
Wed Jan 22 2025 18:23:32 } [PH] info: Client disconnected: UATq6IvJ4Qijdj6RAAPl
Wed Jan 22 2025 18:23:32 } [PH] info: Client disconnected: DBa5LLaXf3TjohLwAAPk
Wed Jan 22 2025 18:23:32 } [PH] info: Client disconnected: dxy4yn6OxzyhAyc1AAPh
Wed Jan 22 2025 18:23:32 } [PH] info: Client disconnected: i09QY2IC0ChCUc2zAAPg
Wed Jan 22 2025 18:23:32 } [PH] info: Client disconnected: thRK4zedHabDyrF9AAPd
Wed Jan 22 2025 18:23:32 } [PH] info: Client disconnected: e4fYiXSTD8eOqIBDAAPc
Wed Jan 22 2025 18:23:32 } [PH] info: Client disconnected: zrHfccB3kfI9hyzBAAPZ
Wed Jan 22 2025 18:23:32 } [PH] info: Client disconnected: rCLshFcEzft9PXf3AAPY
Wed Jan 22 2025 18:23:32 } [PH] info: Client disconnected: 1wBCcM_RfF_JQdQ3AAPV
Wed Jan 22 2025 18:23:32 } [PH] info: Client disconnected: 5Rcaxm3HjJkxTJsgAAPU
Wed Jan 22 2025 18:23:32 } [PH] info: Client disconnected: RniIdHipD7BGcU79AAPR
Wed Jan 22 2025 18:23:32 } [PH] info: Client disconnected: ogK9sBUMIZgMORc3AAPQ
Wed Jan 22 2025 18:23:32 } [PH] info: Client disconnected: A-rKUHkOxglSBQTeAARX
Wed Jan 22 2025 18:23:32 } [PH] info: Client disconnected: x2XjX2Bp17AfD_W2AAPN
Wed Jan 22 2025 18:23:32 } [PH] info: Client disconnected: aJccUpgj7psRavn2AAPM
Wed Jan 22 2025 18:23:32 } [PH] info: Client disconnected: wmlt7IjIEQZvZf2qAAPJ
Wed Jan 22 2025 18:23:32 } [PH] info: Client disconnected: 6REuuuxSKAdsg3C5AAPI
Wed Jan 22 2025 18:23:32 } [PH] info: Client disconnected: QdwR6jDnLLVqVnAvAAPF
Wed Jan 22 2025 18:23:32 } [PH] info: Client disconnected: ulivc48WLft79RKpAAPE
Wed Jan 22 2025 18:23:32 } [PH] info: Client disconnected: JZmkcI0HUQKaSFsQAAPB
Wed Jan 22 2025 18:23:32 } [PH] info: Client disconnected: U6UnZamd40AhevpJAAO_
Wed Jan 22 2025 18:23:33 } [PH] info: Client disconnected: 18p5LcNcZfUgTmn5AAO9
Wed Jan 22 2025 18:23:33 } [PH] info: Client disconnected: 1uGKu1bBDpBlByVjAAO8
Wed Jan 22 2025 18:23:33 } [PH] info: Client disconnected: pl10IJhzuSOzZRZAAAO5
Wed Jan 22 2025 18:23:33 } [PH] info: Client disconnected: oumfar8xbEQUOmUHAAO4
Wed Jan 22 2025 18:23:33 } [PH] info: Client disconnected: jYXRjIGT7FL2EVndAAO1
Wed Jan 22 2025 18:23:33 } [PH] info: Client disconnected: o8K9iIntjskrqftEAAO0
Wed Jan 22 2025 18:23:33 } [PH] info: Client disconnected: ne1ZTQyblaz0C1RiAAOx
Wed Jan 22 2025 18:23:33 } [PH] info: Client disconnected: v4U0yDLSLPa-ry2OAAOw
Wed Jan 22 2025 18:23:33 } [PH] info: Client disconnected: R_Rb7oZ1_D41OjwEAAOt
Wed Jan 22 2025 18:23:33 } [PH] info: Client disconnected: HWb50JurqGpYvRxLAAOs
Wed Jan 22 2025 18:23:33 } [PH] info: Client disconnected: Ne2BpRw0j8WH7gPwAAOp
Wed Jan 22 2025 18:23:33 } [PH] info: Client disconnected: uNX2xwTSbow5bM2FAAOo
Wed Jan 22 2025 18:23:33 } [PH] info: Client disconnected: lrONV6_AhYQEd6Y3AAOl
Wed Jan 22 2025 18:23:33 } [PH] info: Client disconnected: LJhL5iW_e8NxIcx1AAOk
Wed Jan 22 2025 18:23:33 } [PH] info: Client disconnected: SU6PnJhf5JTUyD-RAAOh
Wed Jan 22 2025 18:23:33 } [PH] info: Client disconnected: kw5UEB1fnyMpbShRAAOg
Wed Jan 22 2025 18:23:33 } [PH] info: Client disconnected: IqJf4QycLf37-fYOAAOd
Wed Jan 22 2025 18:23:33 } [PH] info: Client disconnected: 1zGOO5Zv66i1eEFlAAOc
Wed Jan 22 2025 18:23:33 } [PH] info: Client disconnected: R4shH1XAbBW5_Xh3AAOZ
Wed Jan 22 2025 18:23:33 } [PH] info: Client disconnected: -jOgqLR4xJPjjpnGAAOY
Wed Jan 22 2025 18:23:33 } [PH] info: Client disconnected: _fM5ctra7YtucjjVAAOV
Wed Jan 22 2025 18:23:33 } [PH] info: Client disconnected: sJaNZyS3vPn29MaRAAOU
Wed Jan 22 2025 18:23:33 } [PH] info: Client disconnected: pHWB5vvGTazTRerNAAOR
Wed Jan 22 2025 18:23:33 } [PH] info: Client disconnected: 2ZSjT0Ri0rB2tYvmAAOQ
Wed Jan 22 2025 18:23:33 } [PH] info: Client disconnected: YH6oVTIoEv5raHZwAAON
Wed Jan 22 2025 18:23:33 } [PH] info: Client disconnected: alEPz5PhZ6j1HTg3AAOM
Wed Jan 22 2025 18:23:33 } [PH] info: Client disconnected: x4YYrwszLYtqtr1tAAOJ
Wed Jan 22 2025 18:23:33 } [PH] info: Client disconnected: fVeJPS6-RaR-dsqWAAOI
Wed Jan 22 2025 18:23:33 } [PH] info: Client disconnected: CQNGFUcudagqV8xxAAOF
Wed Jan 22 2025 18:23:33 } [PH] info: Client disconnected: by8Lv90v14UhpFIcAAOE
Wed Jan 22 2025 18:23:33 } [PH] info: Client disconnected: LQSNx6-LwO5zMzMcAAOB
Wed Jan 22 2025 18:23:33 } [PH] info: Client disconnected: JRgY_VuTVVL8nTCGAAOA
Wed Jan 22 2025 18:23:33 } [PH] info: Client disconnected: Cm11FCIDSIbCUTTbAAN9
Wed Jan 22 2025 18:23:33 } [PH] info: Client disconnected: DWFW2L9ESa3Yn36rAAFu
Wed Jan 22 2025 18:23:33 } [PH] info: Client disconnected: JugZvOYnlOzs8isgAAFr
Wed Jan 22 2025 18:23:33 } [PH] info: Client disconnected: AtLMCJkKCkGiaoDKAAFq
Wed Jan 22 2025 18:23:33 } [PH] info: Client disconnected: ZQCbRfdQ17qu6-zfAAFn
Wed Jan 22 2025 18:23:33 } [PH] info: Client disconnected: O6msA8NRJkOn442tAAFm
Wed Jan 22 2025 18:23:33 } [PH] info: Client disconnected: WULfe869vS3D5SuZAAFj
Wed Jan 22 2025 18:23:33 } [PH] info: Client disconnected: mA4AackZN3FNRYadAAFi
Wed Jan 22 2025 18:23:33 } [PH] info: Client disconnected: bYOkWWuE0kTrVxjKAAFf
Wed Jan 22 2025 18:23:33 } [PH] info: Client disconnected: FXB4r8T153LxRBlrAAFe
Wed Jan 22 2025 18:23:33 } [PH] info: Client disconnected: PeLaatjpbSY-iRgBAAFb
Wed Jan 22 2025 18:23:33 } [PH] info: Client disconnected: 00V2jNrcbpZKNy8DAAFa
Wed Jan 22 2025 18:23:33 } [PH] info: Client disconnected: 1YPbB_3TIXDQ094SAAFX
Wed Jan 22 2025 18:23:33 } [PH] info: Client disconnected: grR8kQzhxrRMbyVxAAFW
Wed Jan 22 2025 18:23:33 } [PH] info: Client disconnected: t9yRzSCLUpb8PFyeAAFT
Wed Jan 22 2025 18:23:33 } [PH] info: Client disconnected: hT4eo2JiuE5yeSWoAAFS
Wed Jan 22 2025 18:23:33 } [PH] info: Client disconnected: 5PJ4bn_mdACKdFRUAAFP
Wed Jan 22 2025 18:23:33 } [PH] info: Client disconnected: oxbYCqsioir2Z4AhAAFO
Wed Jan 22 2025 18:23:33 } [PH] info: Client disconnected: dwNAlEgJbfqcYlv8AAFL
Wed Jan 22 2025 18:23:33 } [PH] info: Client disconnected: bTWPaW7sJmdtzsIhAAFK
Wed Jan 22 2025 18:23:33 } [PH] info: Client disconnected: dRNu3lHwaKcFiZWdAAFH
Wed Jan 22 2025 18:23:33 } [PH] info: Client disconnected: eXK3aMBGm4EieKnfAAFG
Wed Jan 22 2025 18:23:33 } [PH] info: Client disconnected: x3grHan6Qp0Tg8Y1AAFD
Wed Jan 22 2025 18:23:33 } [PH] info: Client disconnected: 8f0llSWLK3HhMgnbAAFB
Wed Jan 22 2025 18:23:33 } [PH] info: Client disconnected: dVobX4TZDT5boSk-AAE_
Wed Jan 22 2025 18:23:33 } [PH] info: Client disconnected: GtHPQiHmxopzlQ3hAAE-
Wed Jan 22 2025 18:23:33 } [PH] info: Client disconnected: c9hIsv9ePy9PKhX3AAE7
Wed Jan 22 2025 18:23:33 } [PH] info: Client disconnected: gGOowcKRV0N5jYK6AAE6
Wed Jan 22 2025 18:23:33 } [PH] info: Client disconnected: NqZXylXxV5Z_sZG6AAE3
Wed Jan 22 2025 18:23:33 } [PH] info: Client disconnected: cSO2rt0se-6A7avQAAE1
Wed Jan 22 2025 18:23:33 } [PH] info: Client disconnected: wIaVe2yBivXj_E-jAAEz
Wed Jan 22 2025 18:23:33 } [PH] info: Client disconnected: OaEl_NHP74o2PG2ZAAEy
Wed Jan 22 2025 18:23:33 } [PH] info: Client disconnected: 8dvOsuFppA9kk2_TAAEv
Wed Jan 22 2025 18:23:33 } [PH] info: Client disconnected: DwIJRCpSnWIel16WAAEt
Wed Jan 22 2025 18:23:33 } [PH] info: Client disconnected: uyMD3b8Mk_E53IFxAAEr
Wed Jan 22 2025 18:23:33 } [PH] info: Client disconnected: YmtBNy8PRmtb1dYjAAEq
Wed Jan 22 2025 18:23:33 } [PH] info: Client disconnected: SGSIQ1SeYAnMTwi1AAEn
Wed Jan 22 2025 18:23:33 } [PH] info: Client disconnected: kPIVHZS6eNwZvXvSAAEm
Wed Jan 22 2025 18:23:33 } [PH] info: Client disconnected: RFR-3pYuZ1MbWW12AAEj
Wed Jan 22 2025 18:23:33 } [PH] info: Client disconnected: RrMTNnxroe9ZD4DIAAEi
Wed Jan 22 2025 18:23:33 } [PH] info: Client disconnected: jIA5ZLB_hLEYneT1AAEf
Wed Jan 22 2025 18:23:33 } [PH] info: Client disconnected: Hf89a3FTZZC6LVnqAAEe
Wed Jan 22 2025 18:23:33 } [PH] info: Client disconnected: eJGigzJJpp2uC3NmAAEb
Wed Jan 22 2025 18:23:33 } [PH] info: Client disconnected: 0Jgatg5DIia5kPoMAAEa
Wed Jan 22 2025 18:23:33 } [PH] info: Client disconnected: kbR36eQ3P8wJofuaAAEX
Wed Jan 22 2025 18:23:33 } [PH] info: Client disconnected: sOaeNiinYVnjjlYKAAEW
Wed Jan 22 2025 18:23:33 } [PH] info: Client disconnected: Ev0Q1_fe_oPAgJ4xAAET
Wed Jan 22 2025 18:23:33 } [PH] info: Client disconnected: 8xtaK1SocVLeDVbaAAES
Wed Jan 22 2025 18:23:33 } [PH] info: Client disconnected: buKfG1rKGe6JMOkGAAEP
Wed Jan 22 2025 18:23:33 } [PH] info: Client disconnected: hjKUgtBfnK3KiKqyAAEO
Wed Jan 22 2025 18:23:33 } [PH] info: Client disconnected: ZMYMlq90U0exJbS7AAEL
Wed Jan 22 2025 18:23:33 } [PH] info: Client disconnected: tl9uiPeDQnzCNDPVAAEK
Wed Jan 22 2025 18:23:33 } [PH] info: Client disconnected: olXqqLyWzU9_hBidAAEH
Wed Jan 22 2025 18:23:33 } [PH] info: Client disconnected: JV3Q_wmbVldBbS8WAAEG
Wed Jan 22 2025 18:23:33 } [PH] info: Client disconnected: YzNuqYx82FMyokYeAAED
Wed Jan 22 2025 18:23:33 } [PH] info: Client disconnected: SkEmYA8Cc45jVWt0AAEC
Wed Jan 22 2025 18:23:33 } [PH] info: Client disconnected: QVc71fFXZWte4uvqAAD_
Wed Jan 22 2025 18:23:33 } [PH] info: Client disconnected: 7NVqTOiHb_uoISW5AAD-
Wed Jan 22 2025 18:23:33 } [PH] info: Client disconnected: CGSVXqTtrhllCGTSAAD7
Wed Jan 22 2025 18:23:33 } [PH] info: Client disconnected: UbdjN_AfGigSKyR-AAD6
Wed Jan 22 2025 18:23:33 } [PH] info: Client disconnected: 0l8tHIXvIsldzWTSAAD3
Wed Jan 22 2025 18:23:33 } [PH] info: Client disconnected: 3JxL_w_tjTY-JLixAAD2
Wed Jan 22 2025 18:23:33 } [PH] info: Client disconnected: FrrRBdJz8M_LJTNIAADz
Wed Jan 22 2025 18:23:33 } [PH] info: Client disconnected: rDsqHj2kdQvxzRFAAADy
Wed Jan 22 2025 18:23:33 } [PH] info: Client disconnected: S6STr-dT0TekewtAAADv
Wed Jan 22 2025 18:23:33 } [PH] info: Client disconnected: fMAjfWku_qsgYrOKAADu
Wed Jan 22 2025 18:23:33 } [PH] info: Client disconnected: mn86rCHGxzzOcJcRAADr
Wed Jan 22 2025 18:23:33 } [PH] info: Client disconnected: U-og2ZLTqe6BvMvAAADq
Wed Jan 22 2025 18:23:33 } [PH] info: Client disconnected: UlPHmJvLXrSJYwffAADn
Wed Jan 22 2025 18:23:33 } [PH] info: Client disconnected: nhZyZNm7d8z7hJepAADl
Wed Jan 22 2025 18:23:33 } [PH] info: Client disconnected: TYMyqlg4nObMNnDWAADj
Wed Jan 22 2025 18:23:33 } [PH] info: Client disconnected: jppjicwF1kAbZFmFAADi
Wed Jan 22 2025 18:23:33 } [PH] info: Client disconnected: lG-eEhiiUcvkTVoVAADf
Wed Jan 22 2025 18:23:33 } [PH] info: Client disconnected: YxFD6TJ2pZsz6DvvAADe
Wed Jan 22 2025 18:23:33 } [PH] info: Client disconnected: WFxsriuntw-1GyMNAADb
Wed Jan 22 2025 18:23:33 } [PH] info: Client disconnected: e5h741p0Fwh8yvVbAADa
Wed Jan 22 2025 18:23:33 } [PH] info: Client disconnected: fBzWqc0fOFhP5Y44AADX
Wed Jan 22 2025 18:23:33 } [PH] info: Client disconnected: zQHsVgC9nFL7fUwbAADW
Wed Jan 22 2025 18:23:33 } [PH] info: Client disconnected: 900i4CuYnXd77AbCAADT
Wed Jan 22 2025 18:23:33 } [PH] info: Client disconnected: fNyQ33CasBcLifZRAADS
Wed Jan 22 2025 18:23:33 } [PH] info: Client disconnected: mfTHCPEq5oCAINCOAADP
Wed Jan 22 2025 18:23:33 } [PH] info: Client disconnected: LIYksiM5eo9sQT12AADO
Wed Jan 22 2025 18:23:33 } [PH] info: Client disconnected: AgGTBDNBcKI2Mh9RAADL
Wed Jan 22 2025 18:23:33 } [PH] info: Client disconnected: c_ZK-mZI-zR9eIBKAADK
Wed Jan 22 2025 18:23:33 } [PH] info: Client disconnected: Vb6IzKMBCVu8N0-9AADH
Wed Jan 22 2025 18:23:33 } [PH] info: Client disconnected: VJYZFikx0MU4Je1dAADG
Wed Jan 22 2025 18:23:33 } [PH] info: Client disconnected: PISyR0LCl_eiS4yJAADD
Wed Jan 22 2025 18:23:33 } [PH] info: Client disconnected: 5eW3LycpEqcDhJSaAADC
Wed Jan 22 2025 18:23:33 } [PH] info: Client disconnected: 60KV8N23cV_XK32UAAC_
Wed Jan 22 2025 18:23:33 } [PH] info: Client disconnected: PBgR-JJh2QYN-WvaAAC-
Wed Jan 22 2025 18:23:33 } [PH] info: Client disconnected: kr3IJkfOS6vgJQFtAAC7
Wed Jan 22 2025 18:23:33 } [PH] info: Client disconnected: Lgtm0pAgyH0rbvj8AAC6
Wed Jan 22 2025 18:23:33 } [PH] info: Client disconnected: DcZrlwKeOQJT3_57AAC3
Wed Jan 22 2025 18:23:33 } [PH] info: Client disconnected: 36san_Uy9_B6FSymAAC1
Wed Jan 22 2025 18:23:33 } [PH] info: Client disconnected: E-xvNlEW_Nrt0jvEAACz
Wed Jan 22 2025 18:23:33 } [PH] info: Client disconnected: nIG4iN9xF8hTqcgzAACy
Wed Jan 22 2025 18:23:33 } [PH] info: Client disconnected: TP71qXseLns7AJNpAACv
Wed Jan 22 2025 18:23:33 } [PH] info: Client disconnected: mMiqw2bM21cN8d1AAACu
Wed Jan 22 2025 18:23:33 } [PH] info: Client disconnected: tYNrpAQ_AyV5cgDOAACr
Wed Jan 22 2025 18:23:33 } [PH] info: Client disconnected: TWiNKGqLoAf-7Pa6AACq
Wed Jan 22 2025 18:23:33 } [PH] info: Client disconnected: zHBPhP21buw2bYF_AACn
Wed Jan 22 2025 18:23:33 } [PH] info: Client disconnected: OK6kTKf0Lin06yNFAACl
Wed Jan 22 2025 18:23:33 } [PH] info: Client disconnected: zWFHJ4pCz6hNHL_fAACj
Wed Jan 22 2025 18:23:33 } [PH] info: Client disconnected: a2HBVsF7n_t-JTZSAACi
Wed Jan 22 2025 18:23:33 } [PH] info: Client disconnected: 81NBPypjo3sb4jBOAACf
Wed Jan 22 2025 18:23:33 } [PH] info: Client disconnected: 6liuzdb-WlvZo1LNAACe
Wed Jan 22 2025 18:23:33 } [PH] info: Client disconnected: beBKUfGESMYEwkdsAACb
Wed Jan 22 2025 18:23:33 } [PH] info: Client disconnected: lMBUCElIyCF3lVu6AACa
Wed Jan 22 2025 18:23:33 } [PH] info: Client disconnected: Jb0nnX3nxbCplys5AACX
Wed Jan 22 2025 18:23:33 } [PH] info: Client disconnected: 4CppJnECjVXSP1MuAACW
Wed Jan 22 2025 18:23:33 } [PH] info: Client disconnected: LeqwL4rXIVDZYco3AACT
Wed Jan 22 2025 18:23:33 } [PH] info: Client disconnected: FOOCir8Pk9Kssn_2AACS
Wed Jan 22 2025 18:23:33 } [PH] info: Client disconnected: fmAfsteEYmXhfDbaAACP
Wed Jan 22 2025 18:23:33 } [PH] info: Client disconnected: 0gBfrFUHKXcTQtNVAACO
Wed Jan 22 2025 18:23:33 } [PH] info: Client disconnected: 9gIX8TRGyKuw5OrzAACL
Wed Jan 22 2025 18:23:33 } [PH] info: Client disconnected: OBKmVyb0Rp80VsB2AACK
Wed Jan 22 2025 18:23:33 } [PH] info: Client disconnected: 4K8t_OZOzHa0thOqAACH
Wed Jan 22 2025 18:23:33 } [PH] info: Client disconnected: Lwyt3nkDhubc8MsvAACG
Wed Jan 22 2025 18:23:33 } [PH] info: Client disconnected: BjacVbb83CGchgaKAACD
Wed Jan 22 2025 18:23:33 } [PH] info: Client disconnected: eekJ9M4skohS3__hAACC
Wed Jan 22 2025 18:23:33 } [PH] info: Client disconnected: okN7JUWvpdLm3jBeAAB_
Wed Jan 22 2025 18:23:33 } [PH] info: Client disconnected: dU5KjdEfJHq4gkpAAAB-
Wed Jan 22 2025 18:23:33 } [PH] info: Client disconnected: C2Bn-_Yv_SB_VCDEAAB7
Wed Jan 22 2025 18:23:33 } [PH] info: Client disconnected: QBaFBoEyKl6BnENNAAB6
Wed Jan 22 2025 18:23:33 } [PH] info: Client disconnected: V-0pM00xaSLm4zoSAAB3
Wed Jan 22 2025 18:23:33 } [PH] info: Client disconnected: NIAGvgpEQnbRhRtoAAB2
Wed Jan 22 2025 18:23:33 } [PH] info: Client disconnected: VoFLHLKnbBphSbyLAABz
Wed Jan 22 2025 18:23:33 } [PH] info: Client disconnected: MkKeAkEQb4AhMHLWAAI3
Wed Jan 22 2025 18:23:33 } [PH] info: Client disconnected: i2fIHNQD8yWJCBbkAARg
Wed Jan 22 2025 18:23:33 } [PH] info: Client disconnected: 9AdvQoGUcnobeKqmAARP
Wed Jan 22 2025 18:23:33 } [PH] info: Client disconnected: WDkKT4QEq17HXp1lAAI2
Wed Jan 22 2025 18:23:33 } [PH] info: Client disconnected: f3qLmsdLv_3t9hKFAARh
Wed Jan 22 2025 18:23:33 } [PH] info: Client disconnected: QHPMObptd8gVMWXaAARO
Wed Jan 22 2025 18:23:33 } [PH] info: Client disconnected: lCbLta5L3vDNw761AAIz
Wed Jan 22 2025 18:23:33 } [PH] info: Client disconnected: uPkRT-me0Lt2YpvqAAIy
Wed Jan 22 2025 18:23:33 } [PH] info: Client disconnected: -fJzlt9FN0ZxP08-AAIv
Wed Jan 22 2025 18:23:33 } [PH] info: Client disconnected: d6h7QSrdy9GdDj6nAAIu
Wed Jan 22 2025 18:23:33 } [PH] info: Client disconnected: HGeh1iiF99LpmzMYAAIr
Wed Jan 22 2025 18:23:33 } [PH] info: Client disconnected: Xdk6bDs49AuRpyYyAAIq
Wed Jan 22 2025 18:23:33 } [PH] info: Client disconnected: 9760ei9UVxwi0I7QAAIn
Wed Jan 22 2025 18:23:33 } [PH] info: Client disconnected: mCxSYYvFDtXczmWhAAIm
Wed Jan 22 2025 18:23:33 } [PH] info: Client disconnected: CBqsGuj8zZj_nA2UAAIj
Wed Jan 22 2025 18:23:33 } [PH] info: Client disconnected: KHNt2UNHzo0yuS06AAIi
Wed Jan 22 2025 18:23:33 } [PH] info: Client disconnected: w_Xkj6VuKgxar1BeAAIf
Wed Jan 22 2025 18:23:33 } [PH] info: Client disconnected: PH909Jgqljy5-JbsAAIe
Wed Jan 22 2025 18:23:33 } [PH] info: Client disconnected: e4j-md1GKvCq5LIoAAIb
Wed Jan 22 2025 18:23:33 } [PH] info: Client disconnected: wsfuPYRny838hK6zAAIa
Wed Jan 22 2025 18:23:33 } [PH] info: Client disconnected: 7tT_fKmXX3lyQZmCAAIX
Wed Jan 22 2025 18:23:33 } [PH] info: Client disconnected: e4k09YDkl_fJAcCLAAIW
Wed Jan 22 2025 18:23:33 } [PH] info: Client disconnected: Hd_Tq_nKfRWcUyHjAAIT
Wed Jan 22 2025 18:23:33 } [PH] info: Client disconnected: P_r6Vhk6O6jyRMNiAAIS
Wed Jan 22 2025 18:23:33 } [PH] info: Client disconnected: OPj8W-tkL9R1wof4AAIP
Wed Jan 22 2025 18:23:33 } [PH] info: Client disconnected: yTd86GF04iF74UpuAAIO
Wed Jan 22 2025 18:23:33 } [PH] info: Client disconnected: wvqSKega5bRBrK91AAIL
Wed Jan 22 2025 18:23:33 } [PH] info: Client disconnected: mWBpqkIu9Dv0bt2XAAIK
Wed Jan 22 2025 18:23:33 } [PH] info: Client disconnected: hP4-_tLVDVVhNHE6AAIH
Wed Jan 22 2025 18:23:33 } [PH] info: Client disconnected: lh2k0H6xlJqD0i6lAAIG
Wed Jan 22 2025 18:23:33 } [PH] info: Client disconnected: a1bV_2OKQkm58Q4JAAID
Wed Jan 22 2025 18:23:33 } [PH] info: Client disconnected: MGCrTuljOTytfHaQAAIC
Wed Jan 22 2025 18:23:33 } [PH] info: Client disconnected: dX0tPCf87drKiBJ0AAH_
Wed Jan 22 2025 18:23:33 } [PH] info: Client disconnected: Y7rOnEaw14ii4aqFAAH-
Wed Jan 22 2025 18:23:33 } [PH] info: Client disconnected: fAYQoDkw512ouQ4yAAH7
Wed Jan 22 2025 18:23:33 } [PH] info: Client disconnected: Q6HfWOeRX99gt7-4AAH6
Wed Jan 22 2025 18:23:33 } [PH] info: Client disconnected: vbUxvxwrM4GH2akfAAH3
Wed Jan 22 2025 18:23:33 } [PH] info: Client disconnected: 2cmPt6RmWt03ef7LAAH2
Wed Jan 22 2025 18:23:33 } [PH] info: Client disconnected: TfWGM3s-wfkD1cAEAAHz
Wed Jan 22 2025 18:23:34 } [PH] info: Client disconnected: tcbvNdbxjNzIUGAoAAHy
Wed Jan 22 2025 18:23:34 } [PH] info: Client disconnected: uZOVL_CMhxxQwEQeAAHv
Wed Jan 22 2025 18:23:34 } [PH] info: Client disconnected: q_MBtODfxakTjITOAAHu
Wed Jan 22 2025 18:23:34 } [PH] info: Client disconnected: 6b1wvOWfNeTlY0qPAAHr
Wed Jan 22 2025 18:23:34 } [PH] info: Client disconnected: Fa0hklpkAzQZeIpgAAHq
Wed Jan 22 2025 18:23:34 } [PH] info: Client disconnected: Si-J8h3PbleifXkxAAHn
Wed Jan 22 2025 18:23:34 } [PH] info: Client disconnected: Z8AtToFGfWr7F8mGAAHm
Wed Jan 22 2025 18:23:34 } [PH] info: Client disconnected: eoi5ya4atUtjKfq1AAHj
Wed Jan 22 2025 18:23:34 } [PH] info: Client disconnected: rR9WlwBcj0A5zoo7AAHi
Wed Jan 22 2025 18:23:34 } [PH] info: Client disconnected: ZbJUV8bpObvd17vDAAHf
Wed Jan 22 2025 18:23:34 } [PH] info: Client disconnected: forXLYZd0teAx_HPAAHd
Wed Jan 22 2025 18:23:34 } [PH] info: Client disconnected: MCF1aTvgvWpajupDAAHb
Wed Jan 22 2025 18:23:34 } [PH] info: Client disconnected: DG7SNni9X5BQddaaAAHa
Wed Jan 22 2025 18:23:34 } [PH] info: Client disconnected: qUATTKr2EPpkskHJAAHX
Wed Jan 22 2025 18:23:34 } [PH] info: Client disconnected: 3hxRzMRMdybpWV9PAAHW
Wed Jan 22 2025 18:23:34 } [PH] info: Client disconnected: 59Vb-Uq01AYHW1JcAAHT
Wed Jan 22 2025 18:23:34 } [PH] info: Client disconnected: w_uhTKxYOWqe12GDAAHS
Wed Jan 22 2025 18:23:34 } [PH] info: Client disconnected: VRpNP5vVP2obZEJTAAHP
Wed Jan 22 2025 18:23:34 } [PH] info: Client disconnected: oQnDBuos5xmrC_dUAAHO
Wed Jan 22 2025 18:23:34 } [PH] info: Client disconnected: zxzoskqHjRAAgv9oAAHL
Wed Jan 22 2025 18:23:34 } [PH] info: Client disconnected: rb89fXBbsD1qNLl8AAHK
Wed Jan 22 2025 18:23:34 } [PH] info: Client disconnected: Cz2bUKZZhsp0c2t3AAHH
Wed Jan 22 2025 18:23:34 } [PH] info: Client disconnected: X0Bjo4EimKXQ43b1AAHG
Wed Jan 22 2025 18:23:34 } [PH] info: Client disconnected: 891ITFejNVEn-bXoAAHD
Wed Jan 22 2025 18:23:34 } [PH] info: Client disconnected: piQh6Nn2D_fmJamcAAHC
Wed Jan 22 2025 18:23:34 } [PH] info: Client disconnected: FHKogHMsmDwXgBSUAAG_
Wed Jan 22 2025 18:23:34 } [PH] info: Client disconnected: Jnuw18kaIP7nvhYYAAG-
Wed Jan 22 2025 18:23:34 } [PH] info: Client disconnected: 6RFGEKmmGP-4b_uNAAG7
Wed Jan 22 2025 18:23:34 } [PH] info: Client disconnected: _FQWZ6-4pdlEhLzwAAG6
Wed Jan 22 2025 18:23:34 } [PH] info: Client disconnected: CPn11oHZcINL8wyiAAG3
Wed Jan 22 2025 18:23:34 } [PH] info: Client disconnected: A-8tPUVXBWu0N0E4AAG2
Wed Jan 22 2025 18:23:34 } [PH] info: Client disconnected: oeRXH2vwcVuTnEHUAAGz
Wed Jan 22 2025 18:23:34 } [PH] info: Client disconnected: j-OTEfRMnnovBW9tAAGy
Wed Jan 22 2025 18:23:34 } [PH] info: Client disconnected: ZjikfkR4ESSlwPGaAAGv
Wed Jan 22 2025 18:23:34 } [PH] info: Client disconnected: CmM0rlm0gjthNxk_AAGu
Wed Jan 22 2025 18:23:34 } [PH] info: Client disconnected: t-oeFMfH_7-DTk4sAAGr
Wed Jan 22 2025 18:23:34 } [PH] info: Client disconnected: LnQa2qorMeFPIekUAAGq
Wed Jan 22 2025 18:23:34 } [PH] info: Client disconnected: dLv_uaT6y4-yqch_AAGn
Wed Jan 22 2025 18:23:34 } [PH] info: Client disconnected: L1CLmjGtBUhU1z4xAAGm
Wed Jan 22 2025 18:23:34 } [PH] info: Client disconnected: MEszsDz39ZyVeCcOAAGj
Wed Jan 22 2025 18:23:34 } [PH] info: Client disconnected: Ro5LYBhIMat-s8gXAAGi
Wed Jan 22 2025 18:23:34 } [PH] info: Client disconnected: P0HC1vryPFULb3jfAAGf
Wed Jan 22 2025 18:23:34 } [PH] info: Client disconnected: R0OU8y4V33LYhFAyAAGe
Wed Jan 22 2025 18:23:34 } [PH] info: Client disconnected: prCPeToHXU1b4Ji6AAGb
Wed Jan 22 2025 18:23:34 } [PH] info: Client disconnected: 1l8vQCB_GDsnHz_LAAGa
Wed Jan 22 2025 18:23:34 } [PH] info: Client disconnected: _GUlglpTfNoVcsMlAAGX
Wed Jan 22 2025 18:23:34 } [PH] info: Client disconnected: ZEFFlsfENI1vacpkAAGW
Wed Jan 22 2025 18:23:34 } [PH] info: Client disconnected: Xts2D_ATgHPl-WSEAAGV
Wed Jan 22 2025 18:23:34 } [PH] info: Client disconnected: oLzGSxz_ZgbrnkjIAAGR
Wed Jan 22 2025 18:23:34 } [PH] info: Client disconnected: QZToO0Jpx9SKBVtAAAGP
Wed Jan 22 2025 18:23:34 } [PH] info: Client disconnected: e1zsR7gByrcvoVbGAAGO
Wed Jan 22 2025 18:23:34 } [PH] info: Client disconnected: FA1blBn21tO9TVWyAAGL
Wed Jan 22 2025 18:23:34 } [PH] info: Client disconnected: hod-Nw50tuf2d_UIAAGK
Wed Jan 22 2025 18:23:34 } [PH] info: Client disconnected: KlpEJsh5w0kLMy01AAGH
Wed Jan 22 2025 18:23:34 } [PH] info: Client disconnected: _y2daVPLzKotge6XAAGG
Wed Jan 22 2025 18:23:34 } [PH] info: Client disconnected: JFz7E4f8BGeb0Bb_AAGD
Wed Jan 22 2025 18:23:34 } [PH] info: Client disconnected: IbA2IVd__L92grhHAAGC
Wed Jan 22 2025 18:23:34 } [PH] info: Client disconnected: jDDvY-Lig6zox1dmAAF_
Wed Jan 22 2025 18:23:34 } [PH] info: Client disconnected: JmUllkWbxOf7r3LWAAF-
Wed Jan 22 2025 18:23:34 } [PH] info: Client disconnected: sheYXkEP5dTQS_esAAF7
Wed Jan 22 2025 18:23:34 } [PH] info: Client disconnected: TmL4Tb6FL4kYWPN6AAF6
Wed Jan 22 2025 18:23:34 } [PH] info: Client disconnected: SWaBG8hsMH7yTAkyAAF3
Wed Jan 22 2025 18:23:34 } [PH] info: Client disconnected: PIcGGXEXp_5GXC6YAAF2
Wed Jan 22 2025 18:23:34 } [PH] info: Client disconnected: qmDJgc8b_7SBJaCaAAFz
Wed Jan 22 2025 18:23:34 } [PH] info: Client disconnected: fYudNqzSrCyjQKbtAAFy
Wed Jan 22 2025 18:23:34 } [PH] info: Client disconnected: CQoSKHNKGKhBlElmAAFv
Wed Jan 22 2025 18:23:39 } [PH] info: Client disconnected: zg_zUnNt8m0KdNivAARk
Wed Jan 22 2025 18:23:39 } [PH] info: Client disconnected: Es_po51UsDUA7ZKaAARE
Wed Jan 22 2025 18:23:39 } [PH] info: Client disconnected: GPugUTXJKL_mu95VAARF
Wed Jan 22 2025 18:23:42 } [PH] info: Client disconnected: a1peUE2vz7hQV5nRAARq
Wed Jan 22 2025 18:23:42 } [PH] info: Client disconnected: Mw8NyFIGgOXyP6lnAARr
Wed Jan 22 2025 18:24:2 } [PH] info: Client disconnected: wkxFuG7s-Gbtk1tBAASR
Wed Jan 22 2025 18:24:2 } [PH] info: Client disconnected: by2w47AkDifVNSwtAAST
Wed Jan 22 2025 18:24:2 } [PH] info: Client disconnected: RYB5oEFFUkq-ur4LAASS
Wed Jan 22 2025 18:24:2 } [PH] info: Client disconnected: yCtWSYwZltaowdIzAASW
Wed Jan 22 2025 18:24:2 } [PH] info: Client disconnected: R8RSbCClJIZ6T2eeAASV
Wed Jan 22 2025 18:24:2 } [PH] info: Client disconnected: HJBpXoyrxr2pICZNAASU
Wed Jan 22 2025 18:24:2 } [PH] info: Client disconnected: O4swe37xN585En-nAASd
Wed Jan 22 2025 18:24:2 } [PH] info: Client disconnected: dCW06VGNhX7QYSmEAASa
Wed Jan 22 2025 18:24:2 } [PH] info: Client disconnected: g7cLnCO5BbLDqSXPAASZ
Wed Jan 22 2025 18:24:2 } [PH] info: Client disconnected: 7A5TWiGroBlybAudAASe
Wed Jan 22 2025 18:24:2 } [PH] info: Client disconnected: Jx9vVE3YZcxAayEqAASh
Wed Jan 22 2025 18:24:2 } [PH] info: Client disconnected: L52uS2TG4OwJOgtCAASi
Wed Jan 22 2025 18:24:2 } [PH] info: Client disconnected: 1DA0_a-TUNQ0OeZXAASl
Wed Jan 22 2025 18:24:2 } [PH] info: Client disconnected: JdVtO8WLZWuyBiuxAASn
Wed Jan 22 2025 18:24:2 } [PH] info: Client disconnected: EWLndqr3g4iMXk3NAASs
Wed Jan 22 2025 18:24:2 } [PH] info: Client disconnected: Kl6GdYXKdxR42rZJAASt
Wed Jan 22 2025 18:24:2 } [PH] info: Client disconnected: bNRznp0kHrAl0dPbAASw
Wed Jan 22 2025 18:24:2 } [PH] info: Client disconnected: FZrjV4AMVqKLBU2mAAS1
Wed Jan 22 2025 18:24:2 } [PH] info: Client disconnected: IghNqb_wR9a1htRaAAS0
Wed Jan 22 2025 18:24:2 } [PH] info: Client disconnected: 5hZumzw3je4_N8DkAASx
Wed Jan 22 2025 18:24:2 } [PH] info: Client disconnected: ADL_givSQcgEOANlAAS8
Wed Jan 22 2025 18:24:2 } [PH] info: Client disconnected: R5pi_cBBXCUUYDEnAAS5
Wed Jan 22 2025 18:24:2 } [PH] info: Client disconnected: 3CdwX4IYDu98Rcw4AAS4
Wed Jan 22 2025 18:24:2 } [PH] info: Client disconnected: UE8N5mamWmPEOedmAAS9
Wed Jan 22 2025 18:24:2 } [PH] info: Client disconnected: V2__uCGxKzJFZe0HAATA
Wed Jan 22 2025 18:24:2 } [PH] info: Client disconnected: Wtw_vDYpe8uQkTJnAATE
Wed Jan 22 2025 18:24:2 } [PH] info: Client disconnected: DXRfTQk6sq-ZrxNWAATB
Wed Jan 22 2025 18:24:2 } [PH] info: Client disconnected: q1lqHbzE1lV0SHXcAATP
Wed Jan 22 2025 18:24:2 } [PH] info: Client disconnected: -QJhzbmJQHLaa__5AATO
Wed Jan 22 2025 18:24:2 } [PH] info: Client disconnected: -u6SUvBLoZ2uGDYyAATL
Wed Jan 22 2025 18:24:2 } [PH] info: Client disconnected: 6zxIbu_zeceqcYQxAATK
Wed Jan 22 2025 18:24:2 } [PH] info: Client disconnected: Ft0S18jMIj7Oj256AATF
Wed Jan 22 2025 18:24:2 } [PH] info: Client disconnected: uOVy7jt9ahPd1nZuAATf
Wed Jan 22 2025 18:24:2 } [PH] info: Client disconnected: KqsdzNEPaRolsls1AATe
Wed Jan 22 2025 18:24:2 } [PH] info: Client disconnected: 9k-rsF-N6Umx3s3KAATb
Wed Jan 22 2025 18:24:2 } [PH] info: Client disconnected: j9f-y8eetFK3aArhAATa
Wed Jan 22 2025 18:24:2 } [PH] info: Client disconnected: mw56E85qL8afxTt9AATX
Wed Jan 22 2025 18:24:2 } [PH] info: Client disconnected: 7MYZIxdaOSRVkBCJAATW
Wed Jan 22 2025 18:24:2 } [PH] info: Client disconnected: qEHVkwoZQ6pz_rYFAATT
Wed Jan 22 2025 18:24:2 } [PH] info: Client disconnected: ncbii4zi2Th3NLAyAATS
Wed Jan 22 2025 18:24:2 } [PH] info: Client disconnected: xo035RfHDSlErU-7AATr
Wed Jan 22 2025 18:24:2 } [PH] info: Client disconnected: rM0qnDkoosZozafWAATq
Wed Jan 22 2025 18:24:2 } [PH] info: Client disconnected: vKxPoiT_FqfeyECAAATn
Wed Jan 22 2025 18:24:2 } [PH] info: Client disconnected: Qo-BPNE5JM1cOJS9AATm
Wed Jan 22 2025 18:24:2 } [PH] info: Client disconnected: BrwORBYh75Sl8kbfAATj
Wed Jan 22 2025 18:24:2 } [PH] info: Client disconnected: ta1HmtYeHxb0Mb5vAATi
Wed Jan 22 2025 18:24:2 } [PH] info: Client disconnected: CRCfo30ZkZxv4GiFAATu
Wed Jan 22 2025 18:24:2 } [PH] info: Client disconnected: DvB0O_ZgmQjQYJDnAATv
Wed Jan 22 2025 18:24:2 } [PH] info: Client disconnected: yBs3NuK9XNsfqlxhAATy
Wed Jan 22 2025 18:24:2 } [PH] info: Client disconnected: -ReIKbW6UrUI6JsuAATz
Wed Jan 22 2025 18:24:2 } [PH] info: Client disconnected: 64SBUO0UktUNODsqAAT6
Wed Jan 22 2025 18:24:2 } [PH] info: Client disconnected: WEFl-BpnemeMiim1AAUM
Wed Jan 22 2025 18:24:2 } [PH] info: Client disconnected: I7fTVhUiBz4fLLzNAAT7
Wed Jan 22 2025 18:24:2 } [PH] info: Client disconnected: BnOmoNeUKvTG4RWYAAUN
Wed Jan 22 2025 18:24:2 } [PH] info: Client disconnected: 5cbUDhWkviE1TpC_AAUe
Wed Jan 22 2025 18:24:2 } [PH] info: Client disconnected: 6tITVbI5zFn_QwBpAAUh
Wed Jan 22 2025 18:24:2 } [PH] info: Client disconnected: f-BU04lb_gjie1e0AAVq
Wed Jan 22 2025 18:24:2 } [PH] info: Client disconnected: qKWZA-BSfa9C4QHvAAVr
Wed Jan 22 2025 18:24:2 } [PH] info: Client disconnected: R2OVSrv9o0DSWMsRAAVz
Wed Jan 22 2025 18:24:2 } [PH] info: Client disconnected: _EX6H_4jHWlYzALiAAVy
Wed Jan 22 2025 18:24:2 } [PH] info: Client disconnected: X4SSPD_3252V4J5_AAV-
Wed Jan 22 2025 18:24:2 } [PH] info: Client disconnected: dUv9IrjrKRbSw_PMAAV_
Wed Jan 22 2025 18:24:2 } [PH] info: Client disconnected: bpHExMQTG6hHazhCAAWN
Wed Jan 22 2025 18:24:2 } [PH] info: Client disconnected: wbLPrHwXGjScnmbCAAWO
Wed Jan 22 2025 18:24:2 } [PH] info: Client disconnected: pId4HHwCSsXyoDEvAAWZ
Wed Jan 22 2025 18:24:2 } [PH] info: Client disconnected: y2dyWsB6pSzpI7kjAAWb
Wed Jan 22 2025 18:24:2 } [PH] info: Client disconnected: Hk7N3HRzNKh7VGYIAAWq
Wed Jan 22 2025 18:24:2 } [PH] info: Client disconnected: DZEKnPxzKq_LQRT6AAWr
Wed Jan 22 2025 18:24:2 } [PH] info: Client disconnected: AjjhtWtRJr4oeJjqAAWy
Wed Jan 22 2025 18:24:2 } [PH] info: Client disconnected: DOgA6o8gWGUIBGYFAAWz
Wed Jan 22 2025 18:24:2 } [PH] info: Client disconnected: DlbDhVuRqzXZGhQTAAW2
Wed Jan 22 2025 18:24:2 } [PH] info: Client disconnected: t975ATHPCPzQHvI2AAW3
Wed Jan 22 2025 18:24:2 } [PH] info: Client disconnected: wQq1v0qduinM7q-IAAXC
Wed Jan 22 2025 18:24:2 } [PH] info: Client disconnected: MEQg7zZ-HmgV1gy5AAXD
Wed Jan 22 2025 18:24:2 } [PH] info: Client disconnected: n2PFJ3UvqhP3QwVfAATG
Wed Jan 22 2025 18:24:2 } [PH] info: Client disconnected: nzJxPMqFr5zKPCkFAATI
Wed Jan 22 2025 18:24:2 } [PH] info: Client disconnected: LOn_c2JmyeEQ5ha2AAT2
Wed Jan 22 2025 18:24:2 } [PH] info: Client disconnected: 8JTPMLKBzBbU3DqsAAT5
Wed Jan 22 2025 18:24:2 } [PH] info: Client disconnected: MqGlCQXn9SBps1HXAAT-
Wed Jan 22 2025 18:24:2 } [PH] info: Client disconnected: klFD5sztupF7MjZiAAT_
Wed Jan 22 2025 18:24:2 } [PH] info: Client disconnected: XDN9rZ5sXYrp6vdPAAUC
Wed Jan 22 2025 18:24:2 } [PH] info: Client disconnected: CQ4sO6NQr4SsjIz1AAUF
Wed Jan 22 2025 18:24:2 } [PH] info: Client disconnected: mhTk3TVavAdmaS0LAAUK
Wed Jan 22 2025 18:24:2 } [PH] info: Client disconnected: TULwHoPhOU0hG-jsAAUL
Wed Jan 22 2025 18:24:2 } [PH] info: Client disconnected: 3QAna58jmg3-oEIpAAUO
Wed Jan 22 2025 18:24:2 } [PH] info: Client disconnected: y04Ua3_T4JuXbBJ-AAUP
Wed Jan 22 2025 18:24:2 } [PH] info: Client disconnected: 8BaQpAZZBTsJa-jGAAUS
Wed Jan 22 2025 18:24:2 } [PH] info: Client disconnected: 2HHfiqZRDxFDmgN6AAUW
Wed Jan 22 2025 18:24:2 } [PH] info: Client disconnected: 987RZbCaIMqdq6ltAAUT
Wed Jan 22 2025 18:24:2 } [PH] info: Client disconnected: JPMwYaAClaymSIRqAAUa
Wed Jan 22 2025 18:24:2 } [PH] info: Client disconnected: 1ZWFsrI408cNQHQFAAUX
Wed Jan 22 2025 18:24:2 } [PH] info: Client disconnected: k6mBQ9wZZoRAiJBLAAUm
Wed Jan 22 2025 18:24:2 } [PH] info: Client disconnected: eT86tEjCsN4oUoW0AAUb
Wed Jan 22 2025 18:24:2 } [PH] info: Client disconnected: PWjtFR4Cc5g5X6sFAAUs
Wed Jan 22 2025 18:24:2 } [PH] info: Client disconnected: DQ9ximAoxwecqlx8AAUp
Wed Jan 22 2025 18:24:2 } [PH] info: Client disconnected: XXGaxgdft6QOWGntAAUo
Wed Jan 22 2025 18:24:2 } [PH] info: Client disconnected: DvkIcmWIp8vTOO7KAAUn
Wed Jan 22 2025 18:24:2 } [PH] info: Client disconnected: CNTUydjrS-iDga1qAAVA
Wed Jan 22 2025 18:24:2 } [PH] info: Client disconnected: NTOOVgyLo92kGMA_AAU9
Wed Jan 22 2025 18:24:2 } [PH] info: Client disconnected: -Dw4Yhp5xWa5XY-xAAU8
Wed Jan 22 2025 18:24:2 } [PH] info: Client disconnected: 0K4QXie8qfdqGv84AAU5
Wed Jan 22 2025 18:24:2 } [PH] info: Client disconnected: IN3dIJC0-pqlwtVtAAU4
Wed Jan 22 2025 18:24:2 } [PH] info: Client disconnected: dDH_8vdQjcYQIECiAAU1
Wed Jan 22 2025 18:24:2 } [PH] info: Client disconnected: QPaqUarDsLasa9_4AAU0
Wed Jan 22 2025 18:24:2 } [PH] info: Client disconnected: iOmbPi-KedsH7-RJAAUx
Wed Jan 22 2025 18:24:2 } [PH] info: Client disconnected: 9cVvzZwDsY7ZVQqiAAUw
Wed Jan 22 2025 18:24:2 } [PH] info: Client disconnected: sXtQA0D3vAuKGlnmAAUt
Wed Jan 22 2025 18:24:2 } [PH] info: Client disconnected: DZ6zhuXwiYvTw3QpAAVM
Wed Jan 22 2025 18:24:2 } [PH] info: Client disconnected: 1N60cQSt4E97TF4SAAVJ
Wed Jan 22 2025 18:24:2 } [PH] info: Client disconnected: V0sAoQIh6UfXOaWoAAVI
Wed Jan 22 2025 18:24:2 } [PH] info: Client disconnected: 1Fw5uQZeL9qF5Wr6AAVF
Wed Jan 22 2025 18:24:2 } [PH] info: Client disconnected: e2DPLKKdyp_Dck9mAAVE
Wed Jan 22 2025 18:24:2 } [PH] info: Client disconnected: ZYgaCFucw-uY-phbAAVB
Wed Jan 22 2025 18:24:2 } [PH] info: Client disconnected: j1DIT_s_KYqbftP1AAan
Wed Jan 22 2025 18:24:2 } [PH] info: Client disconnected: hHzQtxx9kHPseM68AAVo
Wed Jan 22 2025 18:24:2 } [PH] info: Client disconnected: ks_6-wTkDhrIjipDAAVl
Wed Jan 22 2025 18:24:2 } [PH] info: Client disconnected: eknmwPBWdIcmMkQuAAVk
Wed Jan 22 2025 18:24:2 } [PH] info: Client disconnected: fG9VIrfiSoL-fI_yAAVh
Wed Jan 22 2025 18:24:2 } [PH] info: Client disconnected: Rkl49tPKqGLHGFvsAAVg
Wed Jan 22 2025 18:24:2 } [PH] info: Client disconnected: Sv3UOxwuftoQ2H3eAAVd
Wed Jan 22 2025 18:24:2 } [PH] info: Client disconnected: NjE2ep8iIUSeGdbBAAVc
Wed Jan 22 2025 18:24:2 } [PH] info: Client disconnected: IFdxTiN7gHA28f4NAAVZ
Wed Jan 22 2025 18:24:2 } [PH] info: Client disconnected: Ax8kyrkc2g1tUiD0AAVY
Wed Jan 22 2025 18:24:2 } [PH] info: Client disconnected: -f49zuX0mFBcqf0-AAVV
Wed Jan 22 2025 18:24:2 } [PH] info: Client disconnected: 7TJDUZNB2BwlF0MqAAVU
Wed Jan 22 2025 18:24:2 } [PH] info: Client disconnected: ys6C3wrKRHiG8l7AAAVR
Wed Jan 22 2025 18:24:2 } [PH] info: Client disconnected: AZ8oHRU7mSnwwIjsAAVQ
Wed Jan 22 2025 18:24:2 } [PH] info: Client disconnected: Fk8XycoSIaMcvnXwAAVN
Wed Jan 22 2025 18:24:2 } [PH] info: Client disconnected: BOon8OqTpl0LSI51AAV2
Wed Jan 22 2025 18:24:2 } [PH] info: Client disconnected: YuB0l7sA2R-GTtuIAAV3
Wed Jan 22 2025 18:24:2 } [PH] info: Client disconnected: psOHUW4OYFtGT4i-AAVv
Wed Jan 22 2025 18:24:2 } [PH] info: Client disconnected: oP4HKf1vxGeNpk1oAAVu
Wed Jan 22 2025 18:24:2 } [PH] info: Client disconnected: lUOUNs9zQ6LT5UaSAAVp
Wed Jan 22 2025 18:24:2 } [PH] info: Client disconnected: x_JRwY2wknSHVqwDAAWP
Wed Jan 22 2025 18:24:2 } [PH] info: Client disconnected: EB7rV4AnerwhWZboAAWK
Wed Jan 22 2025 18:24:2 } [PH] info: Client disconnected: qysyS7Bx4P60d009AAWH
Wed Jan 22 2025 18:24:2 } [PH] info: Client disconnected: 8FQO-ihL4Fgax11GAAWG
Wed Jan 22 2025 18:24:2 } [PH] info: Client disconnected: O0URh1Iii6E4Glr0AAWD
Wed Jan 22 2025 18:24:2 } [PH] info: Client disconnected: vYtpQL5x00sACCXiAAWC
Wed Jan 22 2025 18:24:2 } [PH] info: Client disconnected: alSs14EbclKzfRPvAAV7
Wed Jan 22 2025 18:24:2 } [PH] info: Client disconnected: OtSq8IsBj0tRy-ZbAAV6
Wed Jan 22 2025 18:24:2 } [PH] info: Client disconnected: cTEbAA3O7IsFBa4JAAWo
Wed Jan 22 2025 18:24:2 } [PH] info: Client disconnected: iTlj-vgzzn1GI2FKAAWj
Wed Jan 22 2025 18:24:2 } [PH] info: Client disconnected: QRAwAjbvvt8Pw5jiAAWi
Wed Jan 22 2025 18:24:2 } [PH] info: Client disconnected: ekVrnt2HgkXk9bokAAWf
Wed Jan 22 2025 18:24:2 } [PH] info: Client disconnected: h1L4Tqj9o8RvxURRAAWe
Wed Jan 22 2025 18:24:2 } [PH] info: Client disconnected: 2KleGpXbT1WFNip8AAWa
Wed Jan 22 2025 18:24:2 } [PH] info: Client disconnected: -AsUofXmy7L796TgAAWY
Wed Jan 22 2025 18:24:2 } [PH] info: Client disconnected: bNENXfa2M0icIrQdAAWU
Wed Jan 22 2025 18:24:2 } [PH] info: Client disconnected: MBw7wWKe48rTNXiYAAWT
Wed Jan 22 2025 18:24:2 } [PH] info: Client disconnected: n-eArFl2Py3q3uKrAAXS
Wed Jan 22 2025 18:24:2 } [PH] info: Client disconnected: -x2xgFNhEhZyZfrwAAXR
Wed Jan 22 2025 18:24:2 } [PH] info: Client disconnected: Z2RlOMMaoRm8ArBwAAXL
Wed Jan 22 2025 18:24:2 } [PH] info: Client disconnected: hLVGNVY44F0NDM4vAAXI
Wed Jan 22 2025 18:24:2 } [PH] info: Client disconnected: nRroFs2aENOJaG2mAAW_
Wed Jan 22 2025 18:24:2 } [PH] info: Client disconnected: BSubRBAfMdAaFJI6AAW-
Wed Jan 22 2025 18:24:2 } [PH] info: Client disconnected: Jy_Y4YvrRY1WnXhDAAW7
Wed Jan 22 2025 18:24:2 } [PH] info: Client disconnected: GjTOHrknc8dEPktKAAW6
Wed Jan 22 2025 18:24:2 } [PH] info: Client disconnected: fgn9-zX3TKk5ypOKAAWx
Wed Jan 22 2025 18:24:2 } [PH] info: Client disconnected: CkgGsdgDtnDRmhWGAAWw
Wed Jan 22 2025 18:24:2 } [PH] info: Client disconnected: lMDD_5Hev4W3nIv8AAWp
Wed Jan 22 2025 18:24:2 } [PH] info: Client disconnected: 3BaTxq7x-9ph0dsuAAXy
Wed Jan 22 2025 18:24:2 } [PH] info: Client disconnected: PnbUiewJzSKWnvNtAAXt
Wed Jan 22 2025 18:24:2 } [PH] info: Client disconnected: FxNssFjwHEcowMl7AAXs
Wed Jan 22 2025 18:24:2 } [PH] info: Client disconnected: ZZxppHNCpksTxlo9AAXl
Wed Jan 22 2025 18:24:2 } [PH] info: Client disconnected: OozvI-dCijOS6cR7AAXh
Wed Jan 22 2025 18:24:2 } [PH] info: Client disconnected: USpbHyhpiaooGXAfAAXZ
Wed Jan 22 2025 18:24:2 } [PH] info: Client disconnected: KcchDmLkSPsgz5JiAAXY
Wed Jan 22 2025 18:24:2 } [PH] info: Client disconnected: TLwd-dNtAouVpNpvAAX1
Wed Jan 22 2025 18:24:2 } [PH] info: Client disconnected: iZmVM8mIiDJ9RUCVAAX7
Wed Jan 22 2025 18:24:2 } [PH] info: Client disconnected: ALMTsZJ6iDffyWg9AAXJ
Wed Jan 22 2025 18:24:2 } [PH] info: Client disconnected: CYowR8DevaeJav6oAAX_
Wed Jan 22 2025 18:24:2 } [PH] info: Client disconnected: 8AW_GDFU9NBiB8oqAAYG
Wed Jan 22 2025 18:24:2 } [PH] info: Client disconnected: GmQVwx4s7ySUprFiAAYH
Wed Jan 22 2025 18:24:2 } [PH] info: Client disconnected: FEhln716jxIbtNtQAAYM
Wed Jan 22 2025 18:24:2 } [PH] info: Client disconnected: d0W2DNX2gm1V61h2AAYO
Wed Jan 22 2025 18:24:2 } [PH] info: Client disconnected: E_bxBOJN_onlD7gWAAYr
Wed Jan 22 2025 18:24:2 } [PH] info: Client disconnected: qjSRwiGpcE7CjQEUAAYq
Wed Jan 22 2025 18:24:2 } [PH] info: Client disconnected: BOmqDIvjNWRJan4JAAZS
Wed Jan 22 2025 18:24:2 } [PH] info: Client disconnected: fepLU9mr3JhELHzYAAZV
Wed Jan 22 2025 18:24:2 } [PH] info: Client disconnected: iiPXUOHpbKCXS_6sAAZb
Wed Jan 22 2025 18:24:2 } [PH] info: Client disconnected: dL6nkJeteiKs65gGAAZa
Wed Jan 22 2025 18:24:2 } [PH] info: Client disconnected: jOdIcLunnCRfsnDMAAZm
Wed Jan 22 2025 18:24:2 } [PH] info: Client disconnected: Bfj0MUoQGcqEGwGCAAZj
Wed Jan 22 2025 18:24:2 } [PH] info: Client disconnected: YB_cf-cJ0EBf8pFxAAZi
Wed Jan 22 2025 18:24:2 } [PH] info: Client disconnected: 5ATetdXoW0oB3qZ6AAZn
Wed Jan 22 2025 18:24:2 } [PH] info: Client disconnected: ShaYBpZ_xDpmrQpyAAZr
Wed Jan 22 2025 18:24:2 } [PH] info: Client disconnected: OW3yAZ3Uni7_5FrMAAZq
Wed Jan 22 2025 18:24:2 } [PH] info: Client disconnected: YFfeKK1_WPzXJSNiAAZu
Wed Jan 22 2025 18:24:2 } [PH] info: Client disconnected: 2TrlmTZPd9qfHh7IAAZy
Wed Jan 22 2025 18:24:2 } [PH] info: Client disconnected: chFEXkbiTGAz2ofZAAZv
Wed Jan 22 2025 18:24:2 } [PH] info: Client disconnected: hw6XDzvmnvu0xKV3AAZ4
Wed Jan 22 2025 18:24:2 } [PH] info: Client disconnected: yhJr73_LT7UXnpz8AAZz
Wed Jan 22 2025 18:24:2 } [PH] info: Client disconnected: WB8fWfql6VVC4e5IAAZ5
Wed Jan 22 2025 18:24:2 } [PH] info: Client disconnected: Gtm9S41ifm2gvHdpAAXK
Wed Jan 22 2025 18:24:2 } [PH] info: Client disconnected: 3sXlTndA6SVpTMf3AAXQ
Wed Jan 22 2025 18:24:2 } [PH] info: Client disconnected: g2Ibh-twMDAiC-ZYAAXU
Wed Jan 22 2025 18:24:2 } [PH] info: Client disconnected: kaJ9d0P51w7koIpwAAXa
Wed Jan 22 2025 18:24:2 } [PH] info: Client disconnected: HkkB4kL7-fACAzbxAAXb
Wed Jan 22 2025 18:24:2 } [PH] info: Client disconnected: B0OWyqXWWPhisdDPAAXf
Wed Jan 22 2025 18:24:2 } [PH] info: Client disconnected: llpTwDn3iqaoI6gEAAXi
Wed Jan 22 2025 18:24:3 } [PH] info: Client disconnected: rmsJmx9GcDz-yrYbAAXn
Wed Jan 22 2025 18:24:3 } [PH] info: Client disconnected: _7fKBwVxSOFnY72dAAXm
Wed Jan 22 2025 18:24:3 } [PH] info: Client disconnected: Z1ipwEEko5mYXS6_AAXu
Wed Jan 22 2025 18:24:3 } [PH] info: Client disconnected: 8r48MQij3VXLQhPwAAXv
Wed Jan 22 2025 18:24:3 } [PH] info: Client disconnected: EUX2LJPMXw7pj_S2AAX2
Wed Jan 22 2025 18:24:3 } [PH] info: Client disconnected: 406O74AQbQgLU9JVAAX3
Wed Jan 22 2025 18:24:3 } [PH] info: Client disconnected: QBLQpkHxN9D5LjmgAAX8
Wed Jan 22 2025 18:24:3 } [PH] info: Client disconnected: 3SFXqpDB3KTrQcstAAX-
Wed Jan 22 2025 18:24:3 } [PH] info: Client disconnected: cE1eO5CWrK4JtGgOAAYC
Wed Jan 22 2025 18:24:3 } [PH] info: Client disconnected: OebB76Dg0z7iIIVlAAYF
Wed Jan 22 2025 18:24:3 } [PH] info: Client disconnected: 6UQlvf5O75sq6ICSAAYN
Wed Jan 22 2025 18:24:3 } [PH] info: Client disconnected: 5jRP-OwUmmU6QeJSAAYP
Wed Jan 22 2025 18:24:3 } [PH] info: Client disconnected: 8Y95zkL7t1Mqcbi4AAYS
Wed Jan 22 2025 18:24:3 } [PH] info: Client disconnected: GYvdtvPUmavkgHAgAAYT
Wed Jan 22 2025 18:24:3 } [PH] info: Client disconnected: nwRcjU2mv_FsGBWBAAYW
Wed Jan 22 2025 18:24:3 } [PH] info: Client disconnected: 7HgjqQDuSCs5IiJ9AAYX
Wed Jan 22 2025 18:24:3 } [PH] info: Client disconnected: CZGVP-gFHtFeuq9iAAYa
Wed Jan 22 2025 18:24:3 } [PH] info: Client disconnected: WR_Eu82eHpB2UDwQAAYb
Wed Jan 22 2025 18:24:3 } [PH] info: Client disconnected: B2w4XEuqO1kgvaRJAAYe
Wed Jan 22 2025 18:24:3 } [PH] info: Client disconnected: 7dt6G0x-WzZehGADAAYf
Wed Jan 22 2025 18:24:3 } [PH] info: Client disconnected: -Yjy6lfc0Ho-e9a5AAYi
Wed Jan 22 2025 18:24:3 } [PH] info: Client disconnected: FCRnrWvuwAzCsiMZAAYj
Wed Jan 22 2025 18:24:3 } [PH] info: Client disconnected: qQM00qkbwBKZFwh5AAYn
Wed Jan 22 2025 18:24:3 } [PH] info: Client disconnected: 62i0Twj6dFSrwcFeAAYu
Wed Jan 22 2025 18:24:3 } [PH] info: Client disconnected: nPqEmnREklL8sidfAAYo
Wed Jan 22 2025 18:24:3 } [PH] info: Client disconnected: CjZZ6E7pAldBcZv0AAYy
Wed Jan 22 2025 18:24:3 } [PH] info: Client disconnected: V6pSWkHAwq6hLy0hAAYv
Wed Jan 22 2025 18:24:3 } [PH] info: Client disconnected: IOhxWd5sVApuykCKAAY2
Wed Jan 22 2025 18:24:3 } [PH] info: Client disconnected: nleAS-e1qYQ96z7lAAYz
Wed Jan 22 2025 18:24:3 } [PH] info: Client disconnected: ndoCc55V1i62JrlZAAY-
Wed Jan 22 2025 18:24:3 } [PH] info: Client disconnected: ssEKPSkSw26rdGUiAAY7
Wed Jan 22 2025 18:24:3 } [PH] info: Client disconnected: Y6BSgv89iHaYX_1IAAY6
Wed Jan 22 2025 18:24:3 } [PH] info: Client disconnected: 8X4FMEeKEcqyDfnZAAY3
Wed Jan 22 2025 18:24:3 } [PH] info: Client disconnected: jYYx1DBdnTJryB2hAAZC
Wed Jan 22 2025 18:24:3 } [PH] info: Client disconnected: 59ItBgWJ3zdG4zl3AAY_
Wed Jan 22 2025 18:24:3 } [PH] info: Client disconnected: 9I5HslV9ruFDmuNGAAZD
Wed Jan 22 2025 18:24:3 } [PH] info: Client disconnected: 3PLzfqiqWIFjvZ8oAAZH
Wed Jan 22 2025 18:24:3 } [PH] info: Client disconnected: 5m02HSwYsR3Mo7A3AAZG
Wed Jan 22 2025 18:24:3 } [PH] info: Client disconnected: 2pLrp0Vk1jPawqqiAAZh
Wed Jan 22 2025 18:24:3 } [PH] info: Client disconnected: 8Obi-PX8hV_na28IAAZg
Wed Jan 22 2025 18:24:3 } [PH] info: Client disconnected: jYbKEqHb597GPCjAAAZX
Wed Jan 22 2025 18:24:3 } [PH] info: Client disconnected: F8Zi5LY6tm1aLp8pAAZW
Wed Jan 22 2025 18:24:3 } [PH] info: Client disconnected: XXQrkd5TIH9LoZd7AAZR
Wed Jan 22 2025 18:24:3 } [PH] info: Client disconnected: 3ZRGLx-sagKXIkwdAAZQ
Wed Jan 22 2025 18:24:3 } [PH] info: Client disconnected: ezpRTwj3V9aka5PRAAZN
Wed Jan 22 2025 18:24:3 } [PH] info: Client disconnected: _0KesRwj7604KwZvAAZM
Wed Jan 22 2025 18:24:3 } [PH] info: Client disconnected: dB0RbREoHkIMrApXAAab
Wed Jan 22 2025 18:24:3 } [PH] info: Client disconnected: 0-l8pV2eH7gznvykAAaa
Wed Jan 22 2025 18:24:3 } [PH] info: Client disconnected: en11mp9IDrYDY5ASAAaZ
Wed Jan 22 2025 18:24:3 } [PH] info: Client disconnected: 1OMB6pHs_IlhGYG0AAaV
Wed Jan 22 2025 18:24:3 } [PH] info: Client disconnected: OfAt0K7o-crCVedtAAaT
Wed Jan 22 2025 18:24:3 } [PH] info: Client disconnected: MwjXC8tpX7xgZD-pAAaS
Wed Jan 22 2025 18:24:3 } [PH] info: Client disconnected: jBFS4p2W_YRmPmCqAAaP
Wed Jan 22 2025 18:24:3 } [PH] info: Client disconnected: juKazrFNUIhNeD5TAAaO
Wed Jan 22 2025 18:24:3 } [PH] info: Client disconnected: 3i6rVHMFbVRoKYPuAAaL
Wed Jan 22 2025 18:24:3 } [PH] info: Client disconnected: vjOFsncSIXZfHf8cAAaK
Wed Jan 22 2025 18:24:3 } [PH] info: Client disconnected: m3NR4BhDTB5rfEsOAAaH
Wed Jan 22 2025 18:24:3 } [PH] info: Client disconnected: S8C4GdEmK-t8CIndAAaG
Wed Jan 22 2025 18:24:3 } [PH] info: Client disconnected: l4p1twfu7oFjkGpdAAaD
Wed Jan 22 2025 18:24:3 } [PH] info: Client disconnected: Z31RR8a5oWavkW-mAAaC
Wed Jan 22 2025 18:24:3 } [PH] info: Client disconnected: zTNm_viQefQGDUkuAAZ_
Wed Jan 22 2025 18:24:3 } [PH] info: Client disconnected: VTZWEhW3x_VdpQ0oAAZ-
Wed Jan 22 2025 18:24:3 } [PH] info: Client disconnected: A3GFf5snNvGvVZrAAAZ7
Wed Jan 22 2025 18:24:3 } [PH] info: Client disconnected: fi9Wm0j3MJ580VBhAAZ6
Wed Jan 22 2025 18:24:7 } [PH] info: Client disconnected: XLQwr-zxGUhSjOVyAARx
Wed Jan 22 2025 18:24:7 } [PH] info: Client disconnected: YKIDG4PkK2D4t_cMAARy
Wed Jan 22 2025 18:24:7 } [PH] info: Client disconnected: mcJRAvAXM48zdi51AARz
Wed Jan 22 2025 18:24:10 } [PH] info: Client disconnected: GQGdB0lJhZiZjkiUAAI6
Wed Jan 22 2025 18:24:44 } [PH] info: Client disconnected: sNM2MNTr5gS2fse6AAag
Wed Jan 22 2025 18:24:44 } [PH] info: Client disconnected: OcPzPsEl-pUh89ckAAah
Wed Jan 22 2025 18:24:44 } [PH] info: Client disconnected: u1nIbU1GPJkwtCJQAAai
Wed Jan 22 2025 18:24:44 } [PH] info: Client disconnected: ePOinzYWsa7Te8laAAaj
Wed Jan 22 2025 18:24:45 } [PH] info: Client disconnected: xwcptvIM813NeJufAAam
Wed Jan 22 2025 18:24:45 } [PH] info: Client disconnected: 4-SJNpObVC9sWv7wAAaq
Wed Jan 22 2025 18:24:46 } [PH] info: Client disconnected: rV2dyhLMe5zlZLVbAAar
