Thu Jan 30 2025 16:9:34 } [PH] info: Server running on port 5000
Thu Jan 30 2025 16:10:29 } [PH] info: Client disconnected: VTBarHrI_hA8mJUDABG-
Thu Jan 30 2025 16:10:29 } [PH] info: Client disconnected: LrL-Tb4I42rpSJegABHC
Thu Jan 30 2025 16:10:29 } [PH] info: Client disconnected: 1RXnF2qXDY6nXD5_ABHG
Thu Jan 30 2025 16:10:29 } [PH] info: Client disconnected: s5vZmg5FfFtk1on0ABHI
Thu Jan 30 2025 16:10:29 } [PH] info: Client disconnected: 0s6rmO0KQOQ2Tt0FABHJ
Thu Jan 30 2025 16:10:29 } [PH] info: Client disconnected: 8k80W8x07qmlaIs9ABHN
Thu Jan 30 2025 16:10:29 } [PH] info: Client disconnected: 3VKXM97a0HMt0nJmABHR
Thu Jan 30 2025 16:10:30 } [PH] info: Client disconnected: yp2d15iv7OlgcfDoABHS
Thu Jan 30 2025 16:10:30 } [PH] info: Client disconnected: QepbfYKMEacEw5eNABHT
Thu Jan 30 2025 16:10:30 } [PH] info: Client disconnected: stFPMx5bIWLfmfm5ABHV
Thu Jan 30 2025 16:10:30 } [PH] info: Client disconnected: Ng6d6k8bA3UaJK7yABHW
Thu Jan 30 2025 16:10:30 } [PH] info: Client disconnected: W_tg2tkn_gKCm6_4ABHY
Thu Jan 30 2025 16:10:30 } [PH] info: Client disconnected: elEdYNsV9P0J4hwxABHX
Thu Jan 30 2025 16:10:30 } [PH] info: Client disconnected: eM3_tjeukwsJXN76ABHZ
Thu Jan 30 2025 16:10:30 } [PH] info: Client disconnected: TIu_losdOzXLRTXIABHb
Thu Jan 30 2025 16:10:30 } [PH] info: Client disconnected: 2Vm4ho5ev4wl2E3OABHd
Thu Jan 30 2025 16:10:30 } [PH] info: Client disconnected: vtNmg0ujkyCKkBigABHe
Thu Jan 30 2025 16:10:30 } [PH] info: Client disconnected: coX7-afqW1G5d4M2ABHf
Thu Jan 30 2025 16:10:30 } [PH] info: Client disconnected: Drj4vyRJcbvJ5t-aABHg
Thu Jan 30 2025 16:10:30 } [PH] info: Client disconnected: t2EZoW3gB5On2dCjABHh
Thu Jan 30 2025 16:10:30 } [PH] info: Client disconnected: l4fCf8hphPrUnhIYABHi
Thu Jan 30 2025 16:10:30 } [PH] info: Client disconnected: qObdJuZHM4kX9NquABHj
Thu Jan 30 2025 16:10:30 } [PH] info: Client disconnected: Oat7M5LCzxdYJsM3ABHl
Thu Jan 30 2025 16:10:30 } [PH] info: Client disconnected: d-hFPQwTVQd0-aNuABHm
Thu Jan 30 2025 16:10:30 } [PH] info: Client disconnected: wlaPUwo2BRwAPjL9ABHn
Thu Jan 30 2025 16:10:30 } [PH] info: Client disconnected: pOaxiqYYU6sIRDv1ABHp
Thu Jan 30 2025 16:10:30 } [PH] info: Client disconnected: 646ri364QiYqdcgOABHq
Thu Jan 30 2025 16:10:30 } [PH] info: Client disconnected: Ow3l3CDBWNH4GpFLABHr
Thu Jan 30 2025 16:10:30 } [PH] info: Client disconnected: jI6uMAssFoaTwcMgABHt
Thu Jan 30 2025 16:10:30 } [PH] info: Client disconnected: iMXePc3FJnV-ppZCABHv
Thu Jan 30 2025 16:10:30 } [PH] info: Client disconnected: mEr6gN-s997uJ8r6ABHw
Thu Jan 30 2025 16:10:30 } [PH] info: Client disconnected: J9eZuIa0Dfxd5WCNABHy
Thu Jan 30 2025 16:10:30 } [PH] info: Client disconnected: m6RifA9lSS25od2rABHz
Thu Jan 30 2025 16:10:30 } [PH] info: Client disconnected: h0cKNLL8ELfuKbsVABH0
Thu Jan 30 2025 16:10:30 } [PH] info: Client disconnected: M7w7_9a4cxR2l1FmABH3
Thu Jan 30 2025 16:10:30 } [PH] info: Client disconnected: 4nCPxfymCPtQ9R2LABH4
Thu Jan 30 2025 16:10:30 } [PH] info: Client disconnected: yFYnrJLtAmRnA2zLABH5
Thu Jan 30 2025 16:10:30 } [PH] info: Client disconnected: EKZPDPAPG7Y_cFdPABH7
Thu Jan 30 2025 16:10:30 } [PH] info: Client disconnected: LpV_zqpazO7KyMcrABH9
Thu Jan 30 2025 16:10:30 } [PH] info: Client disconnected: IIq9f4lE8TwkAlPOABJW
Thu Jan 30 2025 16:10:30 } [PH] info: Client disconnected: lFATk6amlOua2awsABH-
Thu Jan 30 2025 16:10:30 } [PH] info: Client disconnected: 8OuheNEZmYYugAiGABH_
Thu Jan 30 2025 16:10:30 } [PH] info: Client disconnected: mlgmQLugtwKBiJUyABJX
Thu Jan 30 2025 16:10:30 } [PH] info: Client disconnected: rRqi59rhCnG0yM7dABIB
Thu Jan 30 2025 16:10:30 } [PH] info: Client disconnected: 1Zp-KAc6gVePS36EABID
Thu Jan 30 2025 16:10:30 } [PH] info: Client disconnected: qy4WnKQWteX44DVWABIF
Thu Jan 30 2025 16:10:30 } [PH] info: Client disconnected: oXfPAVdYZ2OASfRRABJb
Thu Jan 30 2025 16:10:30 } [PH] info: Client disconnected: tNKBqUAC1NHaqkoNABJd
Thu Jan 30 2025 16:10:30 } [PH] info: Client disconnected: rPbodLHtuHTwY8OsABIE
Thu Jan 30 2025 16:10:30 } [PH] info: Client disconnected: Higxkg_2PB_718bbABIJ
Thu Jan 30 2025 16:10:30 } [PH] info: Client disconnected: nSx_TO6tjIPYO3NSABIM
Thu Jan 30 2025 16:10:30 } [PH] info: Client disconnected: Vs2JdPKr84yzeVTsABIN
Thu Jan 30 2025 16:10:30 } [PH] info: Client disconnected: gsv1s4-0Kw1Zdw5PABJk
Thu Jan 30 2025 16:10:30 } [PH] info: Client disconnected: rAByLiG_oVkOQ2pzABIO
Thu Jan 30 2025 16:10:30 } [PH] info: Client disconnected: 6cB6KH58poMF6RraABIP
Thu Jan 30 2025 16:10:30 } [PH] info: Client disconnected: -fvdJGq-_FPt1IStABJm
Thu Jan 30 2025 16:10:30 } [PH] info: Client disconnected: dnFLKb6FvhMuZSe5ABJn
Thu Jan 30 2025 16:10:30 } [PH] info: Client disconnected: jFz8demLTLRPPobYABIR
Thu Jan 30 2025 16:10:30 } [PH] info: Client disconnected: wZfNJ7WoX7CEFiU4ABIS
Thu Jan 30 2025 16:10:30 } [PH] info: Client disconnected: UNg_ijNtpDfUZ9bVABJo
Thu Jan 30 2025 16:10:30 } [PH] info: Client disconnected: meiEa10pnZRzwQ0aABJp
Thu Jan 30 2025 16:10:30 } [PH] info: Client disconnected: C1Zc9Fz7OZRg22pyABJl
Thu Jan 30 2025 16:10:30 } [PH] info: Client disconnected: 8dit1n7wj-5DzV1UABIT
Thu Jan 30 2025 16:10:30 } [PH] info: Client disconnected: OKvX8bLFH3Vth9NHABJq
Thu Jan 30 2025 16:10:30 } [PH] info: Client disconnected: s__0j5Lfgq9u-LCtABIU
Thu Jan 30 2025 16:10:30 } [PH] info: Client disconnected: 8yZ5KbpT3xrst3KOABJr
Thu Jan 30 2025 16:10:30 } [PH] info: Client disconnected: 6MifONlYidMpPeJbABIV
Thu Jan 30 2025 16:10:30 } [PH] info: Client disconnected: JwUOCKUs9aB1bYF1ABJs
Thu Jan 30 2025 16:10:30 } [PH] info: Client disconnected: pmz33zbxdisqQ4O_ABIX
Thu Jan 30 2025 16:10:30 } [PH] info: Client disconnected: TwYnRz5kWRz-0J6MABJt
Thu Jan 30 2025 16:10:30 } [PH] info: Client disconnected: wlLBvoeriQ__kENMABIY
Thu Jan 30 2025 16:10:30 } [PH] info: Client disconnected: URsoI5xzgdDzuvT_ABIZ
Thu Jan 30 2025 16:10:30 } [PH] info: Client disconnected: Dd-t0NX7KO140LnxABJu
Thu Jan 30 2025 16:10:30 } [PH] info: Client disconnected: kQMtjw33qVxmeTffABJv
Thu Jan 30 2025 16:10:30 } [PH] info: Client disconnected: -xsU9aDVMEgG2WZ5ABIa
Thu Jan 30 2025 16:10:30 } [PH] info: Client disconnected: Uo2Kvn4UxGytnBJEABJw
Thu Jan 30 2025 16:10:30 } [PH] info: Client disconnected: DH8mMzS_mAt1FaoCABIb
Thu Jan 30 2025 16:10:30 } [PH] info: Client disconnected: 1rcW4nFkXTlpmM6lABJx
Thu Jan 30 2025 16:10:30 } [PH] info: Client disconnected: heTJfvxj7xgxIobKABIc
Thu Jan 30 2025 16:10:30 } [PH] info: Client disconnected: RZs3SpKG5Wf6XXHpABJy
Thu Jan 30 2025 16:10:30 } [PH] info: Client disconnected: YRiyNoomK-gCJqv8ABId
Thu Jan 30 2025 16:10:30 } [PH] info: Client disconnected: PBYgg4-QDX238vd4ABJz
Thu Jan 30 2025 16:10:30 } [PH] info: Client disconnected: jt96EBpyJj7yG562ABIe
Thu Jan 30 2025 16:10:30 } [PH] info: Client disconnected: UF4wSsNZ-1Oc3LM6ABJ0
Thu Jan 30 2025 16:10:30 } [PH] info: Client disconnected: d5BArRbJ8teu1sW6ABIf
Thu Jan 30 2025 16:10:30 } [PH] info: Client disconnected: 6HOAy_RI2xF-QDKgABJ1
Thu Jan 30 2025 16:10:30 } [PH] info: Client disconnected: QpJOmOVAhsnClnHXABIg
Thu Jan 30 2025 16:10:30 } [PH] info: Client disconnected: 1K3a9L0xCv9bEdAdABJ2
Thu Jan 30 2025 16:10:30 } [PH] info: Client disconnected: 4GfGYNrFqXXC2KxPABIh
Thu Jan 30 2025 16:10:30 } [PH] info: Client disconnected: nz5WDYm1_bNAs9eaABIi
Thu Jan 30 2025 16:10:30 } [PH] info: Client disconnected: ZHuHMMRdiy-dfP0UABJ3
Thu Jan 30 2025 16:10:30 } [PH] info: Client disconnected: 3AkXIBpbULm8dWltABJ4
Thu Jan 30 2025 16:10:30 } [PH] info: Client disconnected: VJVQRmFbl0G1m45aABIj
Thu Jan 30 2025 16:10:30 } [PH] info: Client disconnected: 8-BQOYzIVB3e-GCyABJ5
Thu Jan 30 2025 16:10:30 } [PH] info: Client disconnected: 0pBTkpYSRYcduH8-ABIk
Thu Jan 30 2025 16:10:30 } [PH] info: Client disconnected: 5j7WKjUPFu9qPa6AABJ6
Thu Jan 30 2025 16:10:30 } [PH] info: Client disconnected: bG10M2osyeIUr7V5ABG5
Thu Jan 30 2025 16:10:30 } [PH] info: Client disconnected: PCNaur6zSY2XHGnPABJ7
Thu Jan 30 2025 16:10:30 } [PH] info: Client disconnected: FX5-XZ4VmpZyBGV2ABJ8
Thu Jan 30 2025 16:10:30 } [PH] info: Client disconnected: KOzhk0dbm5-km0TyABJ9
Thu Jan 30 2025 16:10:30 } [PH] info: Client disconnected: 6_7okSnZ6HrWeWzbABIl
Thu Jan 30 2025 16:10:30 } [PH] info: Client disconnected: xN2_JNXuj8xHTDxJABJ-
Thu Jan 30 2025 16:10:30 } [PH] info: Client disconnected: UebhhExZe96JKPWeABG6
Thu Jan 30 2025 16:10:30 } [PH] info: Client disconnected: Bk7XWg6vUh9FiqYsABIm
Thu Jan 30 2025 16:10:30 } [PH] info: Client disconnected: eej8xvCIaCk7N8ZRABIn
Thu Jan 30 2025 16:10:30 } [PH] info: Client disconnected: EnwrhA4SZgplmQ6LABIo
Thu Jan 30 2025 16:10:30 } [PH] info: Client disconnected: 69psPaTJjs5fRQa9ABIs
Thu Jan 30 2025 16:10:30 } [PH] info: Client disconnected: meSTtXXNDzxo0OaIABIt
Thu Jan 30 2025 16:10:30 } [PH] info: Client disconnected: 7vEaccfpDwkbnyAmABKI
Thu Jan 30 2025 16:10:30 } [PH] info: Client disconnected: 9IA1h2ZekglqjWtsABKJ
Thu Jan 30 2025 16:10:30 } [PH] info: Client disconnected: ABwR-4SeV71nJp8LABKK
Thu Jan 30 2025 16:10:30 } [PH] info: Client disconnected: jaSWGycaEgKPabq9ABKL
Thu Jan 30 2025 16:10:30 } [PH] info: Client disconnected: rCYT-CpCSHfdC8BeABKM
Thu Jan 30 2025 16:10:30 } [PH] info: Client disconnected: IiaRuSphVL7e8c35ABKN
Thu Jan 30 2025 16:10:30 } [PH] info: Client disconnected: ndIBOrahp7kvD_--ABKO
Thu Jan 30 2025 16:10:31 } [PH] info: Client disconnected: wn-UGwdYccAgyvfBABKP
Thu Jan 30 2025 16:10:31 } [PH] info: Client disconnected: CiIpocMM0b0qYeCfABKQ
Thu Jan 30 2025 16:10:31 } [PH] info: Client disconnected: ONnBjQiHltzpp-PgABKR
Thu Jan 30 2025 16:10:31 } [PH] info: Client disconnected: TpQRwgkq2uVb5QeyABKS
Thu Jan 30 2025 16:10:31 } [PH] info: Client disconnected: 1EC9L93z8OJKNUAgABKT
Thu Jan 30 2025 16:10:31 } [PH] info: Client disconnected: 4ULRAUKqWijEBoXcABKU
Thu Jan 30 2025 16:10:31 } [PH] info: Client disconnected: dq5DtYyg7U_yV7UvABKV
Thu Jan 30 2025 16:10:31 } [PH] info: Client disconnected: k5e9wthObQErcd8KABKW
Thu Jan 30 2025 16:10:31 } [PH] info: Client disconnected: 58uM-ySu5jZyxC7pABKX
Thu Jan 30 2025 16:10:31 } [PH] info: Client disconnected: KLeUK8N3mBVnBFQYABKY
Thu Jan 30 2025 16:10:31 } [PH] info: Client disconnected: Ia69ws8BrDWQR1FbABKZ
Thu Jan 30 2025 16:10:31 } [PH] info: Client disconnected: ugL0PN6YSPBEIRSqABKa
Thu Jan 30 2025 16:10:31 } [PH] info: Client disconnected: vLdSxOghEwruss2TABKb
Thu Jan 30 2025 16:10:31 } [PH] info: Client disconnected: 9ktcw5FxZarSIGsZABKc
Thu Jan 30 2025 16:10:32 } [PH] info: Client disconnected: uqXK6rMECCNTAUx8ABI_
Thu Jan 30 2025 16:10:32 } [PH] info: Client disconnected: 3S3Y7C6yiviRyRwVABKd
Thu Jan 30 2025 16:10:32 } [PH] info: Client disconnected: OsNeN4q5bC1fo0qXABKe
Thu Jan 30 2025 16:10:32 } [PH] info: Client disconnected: xeDnSUUVkH6YJ2HFABKf
Thu Jan 30 2025 16:10:32 } [PH] info: Client disconnected: U0lGQhS7tZg5YiKRABJA
Thu Jan 30 2025 16:10:32 } [PH] info: Client disconnected: MIWOSbjXAPDi1-m4ABJB
Thu Jan 30 2025 16:10:32 } [PH] info: Client disconnected: R9vOF8icyLxKt68vABKg
Thu Jan 30 2025 16:10:32 } [PH] info: Client disconnected: X7wQksqA_JXA68zDABJC
Thu Jan 30 2025 16:10:32 } [PH] info: Client disconnected: 5lxMWaUbN3Wg5LQPABJD
Thu Jan 30 2025 16:10:32 } [PH] info: Client disconnected: LdVKeUPDRPEt9EEPABKh
Thu Jan 30 2025 16:10:33 } [PH] info: Client disconnected: 9Bpw5V_M93_AXRkPABLq
Thu Jan 30 2025 16:10:33 } [PH] info: Client disconnected: ZG_RY_pXs84YNKltABMI
Thu Jan 30 2025 16:10:33 } [PH] info: Client disconnected: DBLsrFyoZKO0yoZwABMP
Thu Jan 30 2025 16:10:33 } [PH] info: Client disconnected: eucepIEstr-2p4VbABLu
Thu Jan 30 2025 16:10:33 } [PH] info: Client disconnected: m7CMkYEAgDQZO4scABLv
Thu Jan 30 2025 16:10:33 } [PH] info: Client disconnected: KJep9etgxaxSI2nRABLw
Thu Jan 30 2025 16:10:34 } [PH] info: Client disconnected: pUaGia4NRqj-jBbwABM6
Thu Jan 30 2025 16:10:34 } [PH] info: Client disconnected: 267i4uNQdMhE9cHTABM5
Thu Jan 30 2025 16:10:35 } [PH] info: Client disconnected: xO5IPsQvfAWzaEB5ABM7
Thu Jan 30 2025 16:10:35 } [PH] info: Client disconnected: w70ayCUQJOpLVZIKABM4
Thu Jan 30 2025 16:10:35 } [PH] info: Client disconnected: emOoWkkuNKfPY0HNABM8
Thu Jan 30 2025 16:10:37 } [PH] info: Client disconnected: yJZ4ega87S8UpSrVABMq
Thu Jan 30 2025 16:10:37 } [PH] info: Client disconnected: q6iMm0Do8fH7fikGABMr
Thu Jan 30 2025 16:10:37 } [PH] info: Client disconnected: nodP4tErvdwvVaWfABMs
Thu Jan 30 2025 16:10:37 } [PH] info: Client disconnected: KyrHKJPqjPWa6XhXABMt
Thu Jan 30 2025 16:10:37 } [PH] info: Client disconnected: ccL0oWWmcFyW9masABMu
Thu Jan 30 2025 16:10:37 } [PH] info: Client disconnected: OmW1LsAOMpzCLiLnABMv
Thu Jan 30 2025 16:10:37 } [PH] info: Client disconnected: BcBvpfsFyDd1xL8rABMw
Thu Jan 30 2025 16:10:37 } [PH] info: Client disconnected: 1HdUwBgABwfnM02TABMx
Thu Jan 30 2025 16:10:37 } [PH] info: Client disconnected: ihfOzHDC-PBG0ZriABMy
Thu Jan 30 2025 16:10:37 } [PH] info: Client disconnected: _lSTa3_CcTTlpQ4LABMz
Thu Jan 30 2025 16:10:37 } [PH] info: Client disconnected: hhGfpB3OUrf1w5A9ABM0
Thu Jan 30 2025 16:10:37 } [PH] info: Client disconnected: xyhbWtkmFlY4AiNaABM1
Thu Jan 30 2025 16:10:37 } [PH] info: Client disconnected: oNsm-JPT45I582V8ABM2
Thu Jan 30 2025 16:10:37 } [PH] info: Client disconnected: E-ihILXzq_0U1-sVABM3
Thu Jan 30 2025 16:10:56 } [PH] info: Client disconnected: r0dwqWw1xoKBaAKjABNA
Thu Jan 30 2025 16:10:56 } [PH] info: Client disconnected: -AV1p4YtWuioY-TPABNB
Thu Jan 30 2025 16:10:57 } [PH] info: Client disconnected: sYcqhSHgCNnjVyvdABNC
Thu Jan 30 2025 16:10:59 } [PH] info: Client disconnected: 8YJf6UjGGR7HYaSjABKF
Thu Jan 30 2025 16:10:59 } [PH] info: Client disconnected: 63RVSeWzqxpWdQqAABKG
Thu Jan 30 2025 16:10:59 } [PH] info: Client disconnected: TjSjs4J8ddRfMwBxABKH
Thu Jan 30 2025 16:11:0 } [PH] info: Client disconnected: Fn1FuiVdX08PTD4oABIu
Thu Jan 30 2025 16:11:0 } [PH] info: Client disconnected: bAwYBsUzRCzJFWNPABIv
Thu Jan 30 2025 16:11:0 } [PH] info: Client disconnected: PIQtFCxIXHjgOGPvABIw
Thu Jan 30 2025 16:11:0 } [PH] info: Client disconnected: nxg5tQhJKuY2QQ1rABIx
Thu Jan 30 2025 16:11:0 } [PH] info: Client disconnected: 36dxQh2hZONW5voDABIy
Thu Jan 30 2025 16:11:0 } [PH] info: Client disconnected: pfb6whsB3YAt0eV9ABIz
Thu Jan 30 2025 16:11:0 } [PH] info: Client disconnected: WMYrgogKWDxAGDWYABI0
Thu Jan 30 2025 16:11:0 } [PH] info: Client disconnected: -LAPAuPMwMZw8PMNABI3
Thu Jan 30 2025 16:11:0 } [PH] info: Client disconnected: zR4osN_1BQSsVx4RABI8
Thu Jan 30 2025 16:11:0 } [PH] info: Client disconnected: JXGK2wRMEO830_aQABI9
Thu Jan 30 2025 16:11:0 } [PH] info: Client disconnected: 46Ll9FuCvFkWQNnJABI-
Thu Jan 30 2025 16:11:31 } [PH] info: Server running on port 5000
Thu Jan 30 2025 16:11:39 } [PH] info: Server running on port 5000
Thu Jan 30 2025 16:11:45 } [PH] info: Server running on port 5000
Thu Jan 30 2025 16:12:21 } [PH] info: Server running on port 5000
Thu Jan 30 2025 16:12:31 } [PH] info: Server running on port 5000
Thu Jan 30 2025 16:12:42 } [PH] info: Server running on port 5000
Thu Jan 30 2025 16:13:32 } [PH] info: Server running on port 5000
Thu Jan 30 2025 16:13:40 } [PH] info: Server running on port 5000
Thu Jan 30 2025 16:13:46 } [PH] info: Server running on port 5000
Thu Jan 30 2025 16:13:55 } [PH] info: Server running on port 5000
Thu Jan 30 2025 16:14:21 } [PH] info: Server running on port 5000
Thu Jan 30 2025 16:14:32 } [PH] info: Server running on port 5000
Thu Jan 30 2025 16:14:56 } [PH] info: Server running on port 5000
Thu Jan 30 2025 16:15:9 } [PH] info: Server running on port 5000
Thu Jan 30 2025 16:16:0 } [PH] info: Server running on port 5000
Thu Jan 30 2025 16:16:5 } [PH] info: Server running on port 5000
Thu Jan 30 2025 16:16:18 } [PH] info: Server running on port 5000
Thu Jan 30 2025 16:17:40 } [PH] info: Client disconnected: B1KhJlzFVxJg3MqKAAXM
Thu Jan 30 2025 16:17:40 } [PH] info: Client disconnected: Xz8z_yxJlneqqSegAAXN
Thu Jan 30 2025 16:17:59 } [PH] info: Client disconnected: HcSnkbmQx6QiXpiRAAaQ
Thu Jan 30 2025 16:17:59 } [PH] info: Client disconnected: XDIKzlt933-uGpzxAAaR
Thu Jan 30 2025 16:17:59 } [PH] info: Client disconnected: x5zgM5bHsnfwTob-AAaS
Thu Jan 30 2025 16:17:59 } [PH] info: Client disconnected: xLfiM2RkUBGBRDlvAAaT
Thu Jan 30 2025 16:17:59 } [PH] info: Client disconnected: 3DWTxOQQxCvL6alGAAaU
Thu Jan 30 2025 16:17:59 } [PH] info: Client disconnected: TZmf_B6DpaLVuiNlAAaV
Thu Jan 30 2025 16:17:59 } [PH] info: Client disconnected: B4J8864cgRh6rK3xAATq
Thu Jan 30 2025 16:17:59 } [PH] info: Client disconnected: Rjp_MayLYpcRfYcvAATs
Thu Jan 30 2025 16:18:4 } [PH] info: Client disconnected: P5DRyDyKCInjUoxaAAZb
Thu Jan 30 2025 16:18:4 } [PH] info: Client disconnected: YZVltAqqiC8ttdF4AAZc
Thu Jan 30 2025 16:18:4 } [PH] info: Client disconnected: YQNW9xv1aCBGXdtcAAZd
Thu Jan 30 2025 16:18:4 } [PH] info: Client disconnected: 5Wp3-39NTFJW_qJXAAZe
Thu Jan 30 2025 16:18:4 } [PH] info: Client disconnected: QB5CS3jqrKg5jJGcAAZf
Thu Jan 30 2025 16:18:5 } [PH] info: Client disconnected: UtHwPclf-9FhVKX0AAXE
Thu Jan 30 2025 16:18:5 } [PH] info: Client disconnected: fqsDURsXqMAWrbIgAAXF
Thu Jan 30 2025 16:18:5 } [PH] info: Client disconnected: c59R7h6BxOgW01qBAAad
Thu Jan 30 2025 16:18:5 } [PH] info: Client disconnected: 9sq5DrlKh21PifvfAAae
Thu Jan 30 2025 16:18:5 } [PH] info: Client disconnected: gE7SWUVx1uXT89dPAAaf
Thu Jan 30 2025 16:18:5 } [PH] info: Client disconnected: xotlmAuy4Z0vYKJGAAag
Thu Jan 30 2025 16:18:5 } [PH] info: Client disconnected: 0YZb11H5WV6RIaiBAAah
Thu Jan 30 2025 16:18:5 } [PH] info: Client disconnected: VJflnhWxYAhApVHbAAXK
Thu Jan 30 2025 16:18:5 } [PH] info: Client disconnected: jijMl_Xcg1vbvMvfAAXL
Thu Jan 30 2025 16:18:11 } [PH] info: Client disconnected: kEWmm5cUKBEeiCUaAAau
Thu Jan 30 2025 16:18:11 } [PH] info: Client disconnected: NLhkz2PNX4M35tLdAAav
Thu Jan 30 2025 16:18:11 } [PH] info: Client disconnected: DcShFOFnQ9luHwwVAAaw
Thu Jan 30 2025 16:18:11 } [PH] info: Client disconnected: h2mmyIqLeGKMF2PKAAax
Thu Jan 30 2025 16:18:11 } [PH] info: Client disconnected: rkyE7k2fd5v7M8OBAAay
Thu Jan 30 2025 16:18:11 } [PH] info: Client disconnected: wJNy-x-luU0lVPb7AAaz
Thu Jan 30 2025 16:18:11 } [PH] info: Client disconnected: DBadA71meKYREW_oAAa0
Thu Jan 30 2025 16:18:11 } [PH] info: Client disconnected: 48qiNiV0qys0qRxSAAa1
Thu Jan 30 2025 16:18:11 } [PH] info: Client disconnected: Jfr7qxmtSkp-cr11AAa3
Thu Jan 30 2025 16:18:11 } [PH] info: Client disconnected: intVD0lnCRkbj1DQAAa4
Thu Jan 30 2025 16:18:11 } [PH] info: Client disconnected: pDlTaEPoRL9jV5EqAAa5
Thu Jan 30 2025 16:18:11 } [PH] info: Client disconnected: y37rP3qWyBGnAfz3AAa6
Thu Jan 30 2025 16:18:11 } [PH] info: Client disconnected: kVPvaYFlVnWMpgKcAAYc
Thu Jan 30 2025 16:18:11 } [PH] info: Client disconnected: aGYJEIch5XLT-gl2AAYd
Thu Jan 30 2025 16:18:11 } [PH] info: Client disconnected: qK0svFg4mZ70KQLZAAYe
Thu Jan 30 2025 16:18:11 } [PH] info: Client disconnected: hIVg25OPRuCEPjUSAAYf
Thu Jan 30 2025 16:18:11 } [PH] info: Client disconnected: jS45w0GwiEmHnWJFAAYg
Thu Jan 30 2025 16:18:11 } [PH] info: Client disconnected: w5sa-KJucr_CowZ-AAYh
Thu Jan 30 2025 16:18:30 } [PH] info: Client disconnected: 09_cwr2k9YEUJVtOAAZa
Thu Jan 30 2025 16:18:36 } [PH] info: Client disconnected: MYEwZ5x016zwmmvTAAbw
Thu Jan 30 2025 16:18:36 } [PH] info: Client disconnected: bts5qFiLUqxXg4hyAAbx
Thu Jan 30 2025 16:18:49 } [PH] info: Client disconnected: JwntEt7Zsyg-TwLCAAbP
Thu Jan 30 2025 16:18:49 } [PH] info: Client disconnected: R0-ZDU8_vitfddTYAAbQ
Thu Jan 30 2025 16:18:49 } [PH] info: Client disconnected: lirYRrJ8EC4s_P4jAAbR
Thu Jan 30 2025 16:18:49 } [PH] info: Client disconnected: tCjD0WedHhgtcBfMAAbS
Thu Jan 30 2025 16:18:49 } [PH] info: Client disconnected: yr57FHCxiWwPDz2KAAbT
Thu Jan 30 2025 16:18:54 } [PH] info: Client disconnected: uE2hnLFyxMszNVWNAAbo
Thu Jan 30 2025 16:18:54 } [PH] info: Client disconnected: 1EkPZfiwtvIZnD0qAAbu
Thu Jan 30 2025 16:18:54 } [PH] info: Client disconnected: SrZqwtVwM5QD-sNFAAbv
Thu Jan 30 2025 16:18:55 } [PH] info: Client disconnected: jTm1WG8hSKoQIXPVAAbU
Thu Jan 30 2025 16:18:55 } [PH] info: Client disconnected: jUfS0C235Ehp66SuAAZX
Thu Jan 30 2025 16:18:55 } [PH] info: Client disconnected: ZhTy-HTCGZJWWFXHAAZY
Thu Jan 30 2025 16:18:55 } [PH] info: Client disconnected: 1ZkOCpnKeVOjbjvAAAZZ
Thu Jan 30 2025 16:19:14 } [PH] info: Client disconnected: e6_ZHVnyH-uzoa9tAAde
Thu Jan 30 2025 16:19:14 } [PH] info: Client disconnected: XQxq0S3Diw9MSKQJAAdf
Thu Jan 30 2025 16:19:14 } [PH] info: Client disconnected: mzvt1n4W_4sfP6Z_AAdg
Thu Jan 30 2025 16:19:14 } [PH] info: Client disconnected: ayKDUQMxp1hmQaqLAAdh
Thu Jan 30 2025 16:19:14 } [PH] info: Client disconnected: jXG0NaNaPerxblafAAdi
Thu Jan 30 2025 16:19:14 } [PH] info: Client disconnected: f1VmPPv576LBO8sQAAdj
Thu Jan 30 2025 16:19:23 } [PH] info: Server running on port 5000
Thu Jan 30 2025 16:19:43 } [PH] info: Server running on port 5000
Thu Jan 30 2025 16:20:13 } [PH] info: Server running on port 5000
Thu Jan 30 2025 16:20:24 } [PH] info: Server running on port 5000
Thu Jan 30 2025 16:20:54 } [PH] info: Server running on port 5000
Thu Jan 30 2025 16:21:40 } [PH] info: Client disconnected: kJSXkhYXpVpu2uaPAAZa
Thu Jan 30 2025 16:21:40 } [PH] info: Client disconnected: H_ITP10tYDkrCG-4AAZc
Thu Jan 30 2025 16:21:41 } [PH] info: Client disconnected: BCBoIlpfiK3FYzV5AAZf
Thu Jan 30 2025 16:21:41 } [PH] info: Client disconnected: fywtxLtVyWauBcu8AAZx
Thu Jan 30 2025 16:21:41 } [PH] info: Client disconnected: yqvs0TzGqAOY1U-5AAZi
Thu Jan 30 2025 16:21:41 } [PH] info: Client disconnected: GpD2q7ll9gBbokj-AAZ1
Thu Jan 30 2025 16:21:41 } [PH] info: Client disconnected: 7kZTNXpcF6aQS8NzAAai
Thu Jan 30 2025 16:21:41 } [PH] info: Client disconnected: xzzQ3PbeHba9ROpBAAaj
Thu Jan 30 2025 16:21:41 } [PH] info: Client disconnected: ZXZ7F8KrEjCJWbVlAAZ7
Thu Jan 30 2025 16:21:41 } [PH] info: Client disconnected: cwoD4_aZ41mWkquqAAaC
Thu Jan 30 2025 16:21:41 } [PH] info: Client disconnected: R9B9x0XhX8C5qZfGAAak
Thu Jan 30 2025 16:21:41 } [PH] info: Client disconnected: xoXuaAMq43huAGOQAAal
Thu Jan 30 2025 16:21:41 } [PH] info: Client disconnected: nAL13FceNnFLCGH8AAaQ
Thu Jan 30 2025 16:21:41 } [PH] info: Client disconnected: mKOfepJ8WrH4WgucAAam
Thu Jan 30 2025 16:21:41 } [PH] info: Client disconnected: KouJomGcegYKPqfKAAan
Thu Jan 30 2025 16:21:41 } [PH] info: Client disconnected: VxiSfmZmk_YqhLz8AAaS
Thu Jan 30 2025 16:21:41 } [PH] info: Client disconnected: NmZRmRl8ysbRioCjAAaT
Thu Jan 30 2025 16:21:41 } [PH] info: Client disconnected: -iTkCTsnOkUFLCx_AAaW
Thu Jan 30 2025 16:21:41 } [PH] info: Client disconnected: -IaKoHKE3ewQcet1AAao
Thu Jan 30 2025 16:21:41 } [PH] info: Client disconnected: VGxQ2ag33RqKZOSwAAaa
Thu Jan 30 2025 16:21:41 } [PH] info: Client disconnected: 40_tiue-uk4miEn7AAaM
Thu Jan 30 2025 16:21:41 } [PH] info: Client disconnected: jWm1LQjhKmdZmOJcAAYt
Thu Jan 30 2025 16:21:41 } [PH] info: Client disconnected: CB7b6a4iFjmJW7zIAAab
Thu Jan 30 2025 16:21:41 } [PH] info: Client disconnected: wD6qwm_qdXZHy9PlAAY1
Thu Jan 30 2025 16:21:41 } [PH] info: Client disconnected: rx-4h9M6Syf5J_kbAAY2
Thu Jan 30 2025 16:21:41 } [PH] info: Client disconnected: t6fZ_tifOAUgFPDSAAY4
Thu Jan 30 2025 16:21:42 } [PH] info: Client disconnected: oN7E2U70m3EqnGH3AAZL
Thu Jan 30 2025 16:21:42 } [PH] info: Client disconnected: GyM8fM_8n7EypH2mAAZP
Thu Jan 30 2025 16:21:42 } [PH] info: Client disconnected: V9KAHvX0WK1m5cd2AAZS
Thu Jan 30 2025 16:21:42 } [PH] info: Client disconnected: vi7RWfQrfga8VQEEAAZU
Thu Jan 30 2025 16:21:42 } [PH] info: Client disconnected: -Bfvt0h8tPfM3FLzAAZW
Thu Jan 30 2025 16:21:42 } [PH] info: Client disconnected: rXghss1M6DWiGk_vAAac
Thu Jan 30 2025 16:21:42 } [PH] info: Client disconnected: dluY755Im4-p8Ja2AAZY
Thu Jan 30 2025 16:21:42 } [PH] info: Client disconnected: q_UEXy16OyCt8XRPAAZq
Thu Jan 30 2025 16:21:42 } [PH] info: Client disconnected: J7Kq_xaS5PzDhBR2AAZr
Thu Jan 30 2025 16:21:42 } [PH] info: Client disconnected: 9k4QmWI_SCcHTpRYAAZs
Thu Jan 30 2025 16:21:42 } [PH] info: Client disconnected: 2RbQ6QbNJ1N5tEoWAAZt
Thu Jan 30 2025 16:21:42 } [PH] info: Client disconnected: 0pUAraptlV9kKvhzAAZu
Thu Jan 30 2025 16:21:42 } [PH] info: Client disconnected: FTnNNPHGajlwlCUoAAap
Thu Jan 30 2025 16:21:42 } [PH] info: Client disconnected: 9z8Ih4tz8AXunwHLAAZ0
Thu Jan 30 2025 16:21:42 } [PH] info: Client disconnected: iVzs0gbAK5uJJ6UFAAZ2
Thu Jan 30 2025 16:21:42 } [PH] info: Client disconnected: 1S8hwXK51Vx4vqmRAAZ5
Thu Jan 30 2025 16:21:42 } [PH] info: Client disconnected: htvyeEbCEsXMY1KSAAZ4
Thu Jan 30 2025 16:21:42 } [PH] info: Client disconnected: N3EoKqT7q28edi00AAZ6
Thu Jan 30 2025 16:21:42 } [PH] info: Client disconnected: -49v2djtRKIQ7xadAAaO
Thu Jan 30 2025 16:21:42 } [PH] info: Client disconnected: ck5ISNYoUdcqam7mAAZ8
Thu Jan 30 2025 16:21:42 } [PH] info: Client disconnected: dNeQFwIHlESOomLPAAZ9
Thu Jan 30 2025 16:21:42 } [PH] info: Client disconnected: _2dSKFB99BLp1xmqAAZ-
Thu Jan 30 2025 16:21:42 } [PH] info: Client disconnected: l8b80auoek73Au3rAAZ_
Thu Jan 30 2025 16:21:42 } [PH] info: Client disconnected: sQ8VEPWraogUVrECAAaA
Thu Jan 30 2025 16:21:42 } [PH] info: Client disconnected: z8Y3Po2ZBO_SL9bPAAaB
Thu Jan 30 2025 16:21:42 } [PH] info: Client disconnected: jmKGkOk_ye8MJQZIAAaG
Thu Jan 30 2025 16:21:42 } [PH] info: Client disconnected: ZtCQkm1PKLKG-QFvAAaD
Thu Jan 30 2025 16:21:42 } [PH] info: Client disconnected: XD9nCr4eLfDYIKJVAAaR
Thu Jan 30 2025 16:21:42 } [PH] info: Client disconnected: A2LuhD88Cs4oeNcfAAaU
Thu Jan 30 2025 16:21:42 } [PH] info: Client disconnected: VN2mxn8VSRut7G6xAAaE
Thu Jan 30 2025 16:21:42 } [PH] info: Client disconnected: 3rorTdXzF_u-Fj3YAAad
Thu Jan 30 2025 16:21:42 } [PH] info: Client disconnected: aQ93ZIV8fC891ULQAAaF
Thu Jan 30 2025 16:21:42 } [PH] info: Client disconnected: 0eVdLwd9S2t2WQeSAAaH
Thu Jan 30 2025 16:21:42 } [PH] info: Client disconnected: ozELmpDK8o5Pv3WFAAaN
Thu Jan 30 2025 16:21:42 } [PH] info: Client disconnected: OGDqYVntlga9AlUvAAaI
Thu Jan 30 2025 16:21:42 } [PH] info: Client disconnected: kWsUPw8czJ7iLdSbAAaJ
Thu Jan 30 2025 16:21:43 } [PH] info: Client disconnected: yiMmSo2JQInIOjoWAAaV
Thu Jan 30 2025 16:21:43 } [PH] info: Client disconnected: yl5MH8dVW_TUap3hAAaK
Thu Jan 30 2025 16:21:43 } [PH] info: Client disconnected: 7oCUS2SOKPtWs8-kAAaX
Thu Jan 30 2025 16:21:43 } [PH] info: Client disconnected: NkYMjtzLX5S6Hu_4AAaY
Thu Jan 30 2025 16:21:43 } [PH] info: Client disconnected: MgYLS1huy-QqgP8jAAaP
Thu Jan 30 2025 16:21:43 } [PH] info: Client disconnected: o9-4IENuE8bE0ipCAAae
Thu Jan 30 2025 16:21:43 } [PH] info: Client disconnected: 02kpR7nYdsz9oZAzAAaf
Thu Jan 30 2025 16:21:43 } [PH] info: Client disconnected: ABTIpkttNoZU09OHAAaZ
Thu Jan 30 2025 16:21:43 } [PH] info: Client disconnected: LMvcDaVqZIVh0KDAAAag
Thu Jan 30 2025 16:21:43 } [PH] info: Client disconnected: _stm8Sc4gxFDKaUZAAah
Thu Jan 30 2025 16:21:43 } [PH] info: Client disconnected: de06ofYUx3cydX_nAAaL
Thu Jan 30 2025 16:21:44 } [PH] info: Client disconnected: B_dlZ5ItMKMut6J8AAaq
Thu Jan 30 2025 16:21:44 } [PH] info: Client disconnected: xaa3RAoDl8Dps2SrAAar
Thu Jan 30 2025 16:22:6 } [PH] info: Server running on port 5000
Thu Jan 30 2025 16:22:17 } [PH] info: Server running on port 5000
Thu Jan 30 2025 16:22:22 } [PH] info: Server running on port 5000
Thu Jan 30 2025 16:22:31 } [PH] info: Server running on port 5000
Thu Jan 30 2025 16:23:15 } [PH] info: Server running on port 5000
Thu Jan 30 2025 16:23:25 } [PH] info: Server running on port 5000
Thu Jan 30 2025 16:23:30 } [PH] info: Server running on port 5000
Thu Jan 30 2025 16:24:15 } [PH] info: Server running on port 5000
Thu Jan 30 2025 16:24:20 } [PH] info: Server running on port 5000
Thu Jan 30 2025 16:24:42 } [PH] info: Server running on port 5000
Thu Jan 30 2025 16:25:31 } [PH] info: Client disconnected: NmettLcwBy0gufNFAAT5
Thu Jan 30 2025 16:25:31 } [PH] info: Client disconnected: _wgwnnUAj8VhBc4OAAT6
Thu Jan 30 2025 16:25:31 } [PH] info: Client disconnected: HESmwCoVRiMSNBazAAT7
Thu Jan 30 2025 16:25:31 } [PH] info: Client disconnected: pY761sEgaf0-bo4dAAT8
Thu Jan 30 2025 16:25:31 } [PH] info: Client disconnected: wjnSmC5Lu45TnVjaAAT9
Thu Jan 30 2025 16:25:31 } [PH] info: Client disconnected: gm4ZR8jsxH9EcmGfAAT-
Thu Jan 30 2025 16:25:31 } [PH] info: Client disconnected: qOvXVNrQa0chhf1MAAUA
Thu Jan 30 2025 16:25:31 } [PH] info: Client disconnected: sfhwG9s3T4ggkPpsAAUe
Thu Jan 30 2025 16:25:31 } [PH] info: Client disconnected: DdDlHo8zzp04ba08AAUf
Thu Jan 30 2025 16:25:31 } [PH] info: Client disconnected: 3onwvpB98B2LuqsFAAUg
Thu Jan 30 2025 16:25:31 } [PH] info: Client disconnected: XpYDtRyXVd4N5iNCAAUh
Thu Jan 30 2025 16:25:31 } [PH] info: Client disconnected: AmF99HIAzjU3Y3iUAAUi
Thu Jan 30 2025 16:25:31 } [PH] info: Client disconnected: o-KrPdDVM4YE5bdcAAUj
Thu Jan 30 2025 16:25:31 } [PH] info: Client disconnected: b4rUb5ZPE8upuXeRAAUk
Thu Jan 30 2025 16:25:31 } [PH] info: Client disconnected: SZgHzJgqxTeLT1y4AAUl
Thu Jan 30 2025 16:25:31 } [PH] info: Client disconnected: 9hSvaRWnqbG3WjH0AAUm
Thu Jan 30 2025 16:25:31 } [PH] info: Client disconnected: aX3VS9rbDzFCT4RYAAUn
Thu Jan 30 2025 16:25:31 } [PH] info: Client disconnected: VnD2DNJwteU41H-AAAUo
Thu Jan 30 2025 16:25:31 } [PH] info: Client disconnected: -HWTxLYGYB23EuJXAAUp
Thu Jan 30 2025 16:25:31 } [PH] info: Client disconnected: c25piPG8DZnXDVLDAAUq
Thu Jan 30 2025 16:25:31 } [PH] info: Client disconnected: Wf-VmjGSH-ePe58LAAUr
Thu Jan 30 2025 16:25:31 } [PH] info: Client disconnected: sX4DEs1RCTlPBICcAAUs
Thu Jan 30 2025 16:25:31 } [PH] info: Client disconnected: KB_GYsYKHJVdV7DCAAUt
Thu Jan 30 2025 16:25:31 } [PH] info: Client disconnected: r0lItgTaGrbWDarFAAUu
Thu Jan 30 2025 16:25:31 } [PH] info: Client disconnected: NnB68gn9JjYDEwUAAAUv
Thu Jan 30 2025 16:25:31 } [PH] info: Client disconnected: 6Q3JFgmaHCbRGXoHAAUw
Thu Jan 30 2025 16:25:31 } [PH] info: Client disconnected: SWfGsH364XykP094AAUx
Thu Jan 30 2025 16:25:32 } [PH] info: Client disconnected: 3AagZ1JWTmXxdLRaAAUy
Thu Jan 30 2025 16:25:32 } [PH] info: Client disconnected: 9ZugYxR2M8_XLpRKAAUz
Thu Jan 30 2025 16:25:32 } [PH] info: Client disconnected: egabJ3RJXBwEEadyAAU0
Thu Jan 30 2025 16:25:32 } [PH] info: Client disconnected: LURMzxVt9Kr6ms8LAAU1
Thu Jan 30 2025 16:25:32 } [PH] info: Client disconnected: lwAYDfLgZH0BZ9_FAAU2
Thu Jan 30 2025 16:25:32 } [PH] info: Client disconnected: Q8hAIOZn0puRCnq-AAU3
Thu Jan 30 2025 16:25:32 } [PH] info: Client disconnected: rDtdoVrgfPIRRC5LAAU4
Thu Jan 30 2025 16:25:32 } [PH] info: Client disconnected: Kc1NlOZu4LITKfPhAAU5
Thu Jan 30 2025 16:25:38 } [PH] info: Client disconnected: liQK4-dn0YbYEGEdAAWT
Thu Jan 30 2025 16:25:38 } [PH] info: Client disconnected: RSj_nW315rVK7TgeAAWl
Thu Jan 30 2025 16:25:38 } [PH] info: Client disconnected: Y7h6QxFmckPMGFpEAAWc
Thu Jan 30 2025 16:25:38 } [PH] info: Client disconnected: RwzZHuU6pzkvIdOKAAWr
Thu Jan 30 2025 16:25:38 } [PH] info: Client disconnected: RmoLJTfPmJqT-HfbAAWh
Thu Jan 30 2025 16:25:38 } [PH] info: Client disconnected: Be0Mf-eQDVzgWS3NAAWk
Thu Jan 30 2025 16:25:38 } [PH] info: Client disconnected: Q7D3FkLx-os1bWe2AAWw
Thu Jan 30 2025 16:25:38 } [PH] info: Client disconnected: pY4JRNCz-J7z5kOwAAWi
Thu Jan 30 2025 16:25:38 } [PH] info: Client disconnected: fhs6SAJU_iyQD8GXAAWj
Thu Jan 30 2025 16:25:38 } [PH] info: Client disconnected: C5ixOq13aydM3PVMAAWm
Thu Jan 30 2025 16:25:38 } [PH] info: Client disconnected: kejDlHElbf8tZvWRAAWo
Thu Jan 30 2025 16:25:38 } [PH] info: Client disconnected: Px_88TzW_MkMD0JsAAWn
Thu Jan 30 2025 16:25:38 } [PH] info: Client disconnected: JZQx-Fdic9HtZffnAAWp
Thu Jan 30 2025 16:25:38 } [PH] info: Client disconnected: lY-1fqONEs-pFw1MAAWq
Thu Jan 30 2025 16:25:38 } [PH] info: Client disconnected: tOg-6gjK9ogKbh3sAAWs
Thu Jan 30 2025 16:25:38 } [PH] info: Client disconnected: nuRJDPH0cqdaUFNPAAWt
Thu Jan 30 2025 16:25:38 } [PH] info: Client disconnected: xB6zBF59A1Y_FdtpAAaO
Thu Jan 30 2025 16:25:38 } [PH] info: Client disconnected: AbXOiD9qNDw751G9AAWv
Thu Jan 30 2025 16:25:38 } [PH] info: Client disconnected: ddocJI2TFB9XSAT0AAWu
Thu Jan 30 2025 16:25:38 } [PH] info: Client disconnected: 2wil1dC8gu2wYz42AAWx
Thu Jan 30 2025 16:25:38 } [PH] info: Client disconnected: 109x7JotOeJm4XNrAAWy
Thu Jan 30 2025 16:25:38 } [PH] info: Client disconnected: vwvlK_XakZ9ZXRCKAAWz
Thu Jan 30 2025 16:25:38 } [PH] info: Client disconnected: 1izERVfd0oTxmM7CAAW1
Thu Jan 30 2025 16:25:38 } [PH] info: Client disconnected: R2WnMCSoo_d_lKq0AAW0
Thu Jan 30 2025 16:25:38 } [PH] info: Client disconnected: PZice_x59WdNJ8FyAAW2
Thu Jan 30 2025 16:25:38 } [PH] info: Client disconnected: aCb-wPylqzdQ6R-lAAaP
Thu Jan 30 2025 16:25:38 } [PH] info: Client disconnected: afp9-Ut3qxIxFjixAAW3
Thu Jan 30 2025 16:25:58 } [PH] info: Server running on port 5000
Thu Jan 30 2025 16:26:13 } [PH] info: Server running on port 5000
Thu Jan 30 2025 16:27:15 } [PH] info: Server running on port 5000
Thu Jan 30 2025 16:28:11 } [PH] info: Client disconnected: BrKady-NhwnnlMY7AASX
Thu Jan 30 2025 16:28:11 } [PH] info: Client disconnected: ummSlxKnEL5cidTQAASY
Thu Jan 30 2025 16:28:11 } [PH] info: Client disconnected: OBFt4wCqZR45ChA6AASZ
Thu Jan 30 2025 16:28:11 } [PH] info: Client disconnected: 1cOXq9l93cM_zag6AASa
Thu Jan 30 2025 16:28:11 } [PH] info: Client disconnected: yofUQn4RAO5mGwvUAASb
Thu Jan 30 2025 16:28:11 } [PH] info: Client disconnected: OINZRIDvyq9NLGdeAASc
Thu Jan 30 2025 16:28:11 } [PH] info: Client disconnected: XnZ-aR7HxQ-3s-C4AASd
Thu Jan 30 2025 16:28:11 } [PH] info: Client disconnected: gGSAK7YVjJ1GrRQRAASf
Thu Jan 30 2025 16:28:11 } [PH] info: Client disconnected: EFsxrHsIUC5AcdwEAASe
Thu Jan 30 2025 16:28:11 } [PH] info: Client disconnected: abwU7An5v14ELaihAASg
Thu Jan 30 2025 16:28:11 } [PH] info: Client disconnected: aaXzS5PEVeicqsyaAASh
Thu Jan 30 2025 16:28:11 } [PH] info: Client disconnected: 0_J99Z_mgeU8elFjAASi
Thu Jan 30 2025 16:28:11 } [PH] info: Client disconnected: o1JG5guxpWPOXSbZAASj
Thu Jan 30 2025 16:28:11 } [PH] info: Client disconnected: 0K0Tx3qLESgMrjmUAASk
Thu Jan 30 2025 16:28:11 } [PH] info: Client disconnected: KyQRtK8ztYS6mRUvAASl
Thu Jan 30 2025 16:28:11 } [PH] info: Client disconnected: VMFwZTMv5oorpb88AASm
Thu Jan 30 2025 16:28:11 } [PH] info: Client disconnected: VhS7gyNVyZ_xyC_yAASn
Thu Jan 30 2025 16:28:11 } [PH] info: Client disconnected: SYQvPbhaH_7AYxW2AASo
Thu Jan 30 2025 16:28:11 } [PH] info: Client disconnected: 7V2fShkhCLsn2nTXAASp
Thu Jan 30 2025 16:28:11 } [PH] info: Client disconnected: DBKQbMfMKxRi9hKAAASq
Thu Jan 30 2025 16:28:11 } [PH] info: Client disconnected: 25DAOTKHqw5Kb49nAASr
Thu Jan 30 2025 16:28:12 } [PH] info: Client disconnected: khYa0X-yAidAwQDKAASu
Thu Jan 30 2025 16:28:12 } [PH] info: Client disconnected: r1LIuXzLdhJQqol8AASv
Thu Jan 30 2025 16:28:12 } [PH] info: Client disconnected: TyV8GiG_Lu2azDpLAATQ
Thu Jan 30 2025 16:28:12 } [PH] info: Client disconnected: is_LxTsRnbaDbEQ7AATR
Thu Jan 30 2025 16:28:13 } [PH] info: Client disconnected: XL_LbeG_DACeukwvAATC
Thu Jan 30 2025 16:28:13 } [PH] info: Client disconnected: ltO-cWhN3quErb1pAATD
Thu Jan 30 2025 16:28:13 } [PH] info: Client disconnected: TRddbWhShrSx977XAATE
Thu Jan 30 2025 16:28:13 } [PH] info: Client disconnected: 97JsMuil-rH_v4RmAATF
Thu Jan 30 2025 16:28:13 } [PH] info: Client disconnected: pRceFv9L0yleZw9yAATG
Thu Jan 30 2025 16:28:13 } [PH] info: Client disconnected: c1qbKstrKc_7dmWlAATH
Thu Jan 30 2025 16:28:13 } [PH] info: Client disconnected: 7EYkHlyMwhx96iKpAATI
Thu Jan 30 2025 16:28:13 } [PH] info: Client disconnected: D-RWsgcBg0alHXLeAATJ
Thu Jan 30 2025 16:28:13 } [PH] info: Client disconnected: 8q1Uj96FYhAl3P_WAATK
Thu Jan 30 2025 16:28:13 } [PH] info: Client disconnected: 9k1atdlpMU8Pbo_HAATL
Thu Jan 30 2025 16:28:13 } [PH] info: Client disconnected: 404G-76h6ZF7HrKkAATM
Thu Jan 30 2025 16:28:13 } [PH] info: Client disconnected: CRLFyf5DYnT0IqFmAATN
Thu Jan 30 2025 16:28:13 } [PH] info: Client disconnected: 33ZJrL79tHDMqZyaAATO
Thu Jan 30 2025 16:28:13 } [PH] info: Client disconnected: OYdrxP8G-TPlrUqGAATP
Thu Jan 30 2025 16:28:37 } [PH] info: Client disconnected: JdVBQPMx6XC8J7wbAASW
Thu Jan 30 2025 16:29:2 } [PH] info: Client disconnected: mpVbwMAVKCV-I6EKAAaq
Thu Jan 30 2025 16:29:2 } [PH] info: Client disconnected: fZ92YtFKMblhZwAyAASU
Thu Jan 30 2025 16:29:2 } [PH] info: Client disconnected: bZ-l16gdm8yw6kKfAASV
Thu Jan 30 2025 16:29:25 } [PH] info: Client disconnected: M3K8DZfkEP2U2IkZAAaX
Thu Jan 30 2025 16:29:25 } [PH] info: Client disconnected: aEf-wQZ8lzrt_mjhAAbv
Thu Jan 30 2025 16:29:25 } [PH] info: Client disconnected: TrRpE8X-vERlX2YEAAaL
Thu Jan 30 2025 16:29:25 } [PH] info: Client disconnected: ECaoQq-Vtgv148YMAAaN
Thu Jan 30 2025 16:29:25 } [PH] info: Client disconnected: hGluLZhaRWq20yuyAAbw
Thu Jan 30 2025 16:29:25 } [PH] info: Client disconnected: TacKn4JAV9ukBKKkAAaO
Thu Jan 30 2025 16:29:25 } [PH] info: Client disconnected: -u1l5JKgE33dbjJCAAaP
Thu Jan 30 2025 16:29:25 } [PH] info: Client disconnected: 7_7vane4Wj7ymFAZAAaQ
Thu Jan 30 2025 16:29:25 } [PH] info: Client disconnected: 1Jn1Jzi37PxtN5qkAAaR
Thu Jan 30 2025 16:29:25 } [PH] info: Client disconnected: reGy7M1EbHEeAoOMAAaS
Thu Jan 30 2025 16:29:25 } [PH] info: Client disconnected: cFvQiDxaJxtqjUOjAAaT
Thu Jan 30 2025 16:29:25 } [PH] info: Client disconnected: ViLa32i2Xg5KgbodAAaU
Thu Jan 30 2025 16:29:25 } [PH] info: Client disconnected: 9bACjWQncaN1hCZXAAaV
Thu Jan 30 2025 16:29:25 } [PH] info: Client disconnected: u5lAGdx4wIQ3TZ9nAAbx
Thu Jan 30 2025 16:29:25 } [PH] info: Client disconnected: JZc5n-cbZemOuTtGAAaW
Thu Jan 30 2025 16:29:25 } [PH] info: Client disconnected: 0B7v_7N8X2rVZcBwAAby
Thu Jan 30 2025 16:29:25 } [PH] info: Client disconnected: sNQAErrcHIdLoKGuAAbz
Thu Jan 30 2025 16:29:25 } [PH] info: Client disconnected: GP6dSyNkFDIEpMXdAAaY
Thu Jan 30 2025 16:29:25 } [PH] info: Client disconnected: scoiUS3xoRCqkDV3AAaZ
Thu Jan 30 2025 16:29:25 } [PH] info: Client disconnected: efunrZkbFPW8I_OOAAaa
Thu Jan 30 2025 16:29:25 } [PH] info: Client disconnected: nHL3Vb7whuUUcDSiAAab
Thu Jan 30 2025 16:29:25 } [PH] info: Client disconnected: pYF02fH-TV9AjL1nAAac
Thu Jan 30 2025 16:29:25 } [PH] info: Client disconnected: 1oOwpQLZKHayQLMRAAad
Thu Jan 30 2025 16:29:25 } [PH] info: Client disconnected: yqW1m9d-DOR_JYgNAAae
Thu Jan 30 2025 16:29:25 } [PH] info: Client disconnected: 6Jr4tYAroidlrg_7AAaf
Thu Jan 30 2025 16:29:25 } [PH] info: Client disconnected: sPYpALnoFkVTiSyIAAag
Thu Jan 30 2025 16:29:25 } [PH] info: Client disconnected: nuRyLGNoLJG7pJV3AAah
Thu Jan 30 2025 16:29:25 } [PH] info: Client disconnected: ewbrBQ9d8Zfv41BjAAai
Thu Jan 30 2025 16:29:25 } [PH] info: Client disconnected: Nc3EV7JC-aZUMKqjAAaj
Thu Jan 30 2025 16:29:25 } [PH] info: Client disconnected: ERTnzeXItMjMXsiRAAak
Thu Jan 30 2025 16:29:25 } [PH] info: Client disconnected: 9TsVWYIN2YMQ4OZQAAam
Thu Jan 30 2025 16:29:25 } [PH] info: Client disconnected: v3BgLN0SURI8ZeN4AAan
Thu Jan 30 2025 16:29:25 } [PH] info: Client disconnected: pxeAtzRXBGQmZpqdAAao
Thu Jan 30 2025 16:29:27 } [PH] info: Client disconnected: gES8m5UFFWukIdLuAAb1
Thu Jan 30 2025 16:29:27 } [PH] info: Client disconnected: vpjfEL8Xp1oMI9s1AAb2
Thu Jan 30 2025 16:29:27 } [PH] info: Client disconnected: TJyxy44bWC90pQcMAAb3
Thu Jan 30 2025 16:29:27 } [PH] info: Client disconnected: byh_LkPPh9y2QvL7AAb5
Thu Jan 30 2025 16:29:27 } [PH] info: Client disconnected: 4bYLuXD3y-Srh3rAAAb6
Thu Jan 30 2025 16:29:27 } [PH] info: Client disconnected: 8fN2GuPuCHodQgyHAAb7
Thu Jan 30 2025 16:29:27 } [PH] info: Client disconnected: jQo-LL7SAT1Z-erVAAb9
Thu Jan 30 2025 16:29:27 } [PH] info: Client disconnected: GJbcLKhSq10oOVVzAAcA
Thu Jan 30 2025 16:29:27 } [PH] info: Client disconnected: UvFSIcRvrhQt3V0oAAcB
Thu Jan 30 2025 16:29:27 } [PH] info: Client disconnected: zJGzItzfjrUW9CnlAAcC
Thu Jan 30 2025 16:29:27 } [PH] info: Client disconnected: fDEiboGp0CmID_RxAAcE
Thu Jan 30 2025 16:29:27 } [PH] info: Client disconnected: xfpJPl4k3zWfs5fNAAcF
Thu Jan 30 2025 16:29:27 } [PH] info: Client disconnected: ZWmGo9CEVSGi8IBLAAcG
Thu Jan 30 2025 16:29:27 } [PH] info: Client disconnected: RDOIpBoRVWnM4uuHAAcH
Thu Jan 30 2025 16:29:27 } [PH] info: Client disconnected: ERI2k1afy58Q6aGjAAcJ
Thu Jan 30 2025 16:29:27 } [PH] info: Client disconnected: a13rxla1hNouPUuZAAb4
Thu Jan 30 2025 16:29:27 } [PH] info: Client disconnected: WHUxqplL20UdX_VHAAb8
Thu Jan 30 2025 16:29:27 } [PH] info: Client disconnected: 6JcB-bw2SfY8UzevAAb-
Thu Jan 30 2025 16:29:27 } [PH] info: Client disconnected: pJzfY1BGzFX3pu_gAAb_
Thu Jan 30 2025 16:29:27 } [PH] info: Client disconnected: aWjbHeKwpPtBVhwxAAcD
Thu Jan 30 2025 16:29:27 } [PH] info: Client disconnected: GmrHgfsSWi9gqPMDAAcI
Thu Jan 30 2025 16:29:27 } [PH] info: Client disconnected: 8Ub7JRlpZzatTmckAAcK
Thu Jan 30 2025 16:29:27 } [PH] info: Client disconnected: 2l05Ept6cHcENk62AAap
Thu Jan 30 2025 16:29:28 } [PH] info: Client disconnected: IAAYRJasbsKJhHk3AAcN
Thu Jan 30 2025 16:29:28 } [PH] info: Client disconnected: 07MGiiQQCC7Ex0HUAAcO
Thu Jan 30 2025 16:29:28 } [PH] info: Client disconnected: NpxW9lDkdhUyneUnAAcP
Thu Jan 30 2025 16:29:28 } [PH] info: Client disconnected: HLa3sg99m06EfZ0jAAcQ
Thu Jan 30 2025 16:29:28 } [PH] info: Client disconnected: ydwtKOSgRqQjjQqYAAcR
Thu Jan 30 2025 16:29:28 } [PH] info: Client disconnected: 3ho6bUt0CV7ScE7jAAcS
Thu Jan 30 2025 16:29:28 } [PH] info: Client disconnected: Mgzt4Azg0QZmzFkSAAcT
Thu Jan 30 2025 16:29:28 } [PH] info: Client disconnected: -_MPUox4vhneDVBOAAcU
Thu Jan 30 2025 16:29:28 } [PH] info: Client disconnected: Io8XF17mPVipQdOCAARf
Thu Jan 30 2025 16:29:52 } [PH] info: Client disconnected: ls39D7kG93BpHb1wAAb0
Thu Jan 30 2025 16:29:53 } [PH] info: Client disconnected: -vO0K627tViHLynCAAcl
Thu Jan 30 2025 16:29:53 } [PH] info: Client disconnected: iIJxL1M04QPHUVLhAAcm
Thu Jan 30 2025 16:29:53 } [PH] info: Client disconnected: WZonh9tMr1rMDINTAAcn
Thu Jan 30 2025 16:29:53 } [PH] info: Client disconnected: Q2VnHN8zixX90gYtAAco
Thu Jan 30 2025 16:29:53 } [PH] info: Client disconnected: Wu_3N7n3pLsQq3MDAAcp
Thu Jan 30 2025 16:29:53 } [PH] info: Client disconnected: GTwWRPgbtNE6g8mmAAcq
Thu Jan 30 2025 16:30:4 } [PH] info: Client disconnected: hh8UneuZqT7IzFAkAAaI
Thu Jan 30 2025 16:30:4 } [PH] info: Client disconnected: Hs9XIXKPKEGJ9v7XAAaK
Thu Jan 30 2025 16:30:4 } [PH] info: Client disconnected: sz6EQzn_M2kE-Z9RAAaM
Thu Jan 30 2025 16:30:4 } [PH] info: Client disconnected: 5o9P4688C-E74spYAAC5
Thu Jan 30 2025 16:30:4 } [PH] info: Client disconnected: o3Tbgy-qrs68T9JkAACx
Thu Jan 30 2025 16:30:4 } [PH] info: Client disconnected: _gQxI6c4UxvVlrHBAADA
Thu Jan 30 2025 16:30:4 } [PH] info: Client disconnected: bjT2WX2Q8DzVYjZlAAC6
Thu Jan 30 2025 16:30:4 } [PH] info: Client disconnected: MGQNN2wUGJARvaCjAADB
Thu Jan 30 2025 16:30:4 } [PH] info: Client disconnected: NAii_3eUWCLaHZKrAADJ
Thu Jan 30 2025 16:30:4 } [PH] info: Client disconnected: LDEe8kpA4Y_pYaXwAADP
Thu Jan 30 2025 16:30:4 } [PH] info: Client disconnected: YJA_EKBoeEbbyDFEAADX
Thu Jan 30 2025 16:30:4 } [PH] info: Client disconnected: tgF93ZajnhN2JeEiAADn
Thu Jan 30 2025 16:30:4 } [PH] info: Client disconnected: hAqbZprAgBXADFptAADm
Thu Jan 30 2025 16:30:4 } [PH] info: Client disconnected: iwlSfllr3ojhnJHaAADl
Thu Jan 30 2025 16:30:4 } [PH] info: Client disconnected: IYJ8cQRpcvJo34yKAADY
Thu Jan 30 2025 16:30:4 } [PH] info: Client disconnected: 4n_WDgMKqOK8q1FRAAEX
Thu Jan 30 2025 16:30:4 } [PH] info: Client disconnected: gdY0ANT3vSwqMLVIAAEW
Thu Jan 30 2025 16:30:4 } [PH] info: Client disconnected: zfD0pPsP_qX_45_rAAET
Thu Jan 30 2025 16:30:4 } [PH] info: Client disconnected: hET2X25-a7jBeIPpAAEG
Thu Jan 30 2025 16:30:4 } [PH] info: Client disconnected: _N8UZ6SlMdCnbGRwAAEF
Thu Jan 30 2025 16:30:4 } [PH] info: Client disconnected: yAa7Km4QPe8Grb3iAAD9
Thu Jan 30 2025 16:30:4 } [PH] info: Client disconnected: SlacOemlKrxl0o55AAD5
Thu Jan 30 2025 16:30:4 } [PH] info: Client disconnected: ZD1QvGQOGHmhFTehAAD2
Thu Jan 30 2025 16:30:4 } [PH] info: Client disconnected: jqfLLPlewiAWjpQXAAD1
Thu Jan 30 2025 16:30:4 } [PH] info: Client disconnected: rj5imqD4C33LTlXuAADt
Thu Jan 30 2025 16:30:4 } [PH] info: Client disconnected: 28jORIP8enDq-nnHAAEb
Thu Jan 30 2025 16:30:4 } [PH] info: Client disconnected: 3_qfQLc7e1fDnIaZAAEj
Thu Jan 30 2025 16:30:4 } [PH] info: Client disconnected: 6nknDOYkXux9CTF8AAEk
Thu Jan 30 2025 16:30:4 } [PH] info: Client disconnected: Z81cX9jn1R5MDqeEAAEl
Thu Jan 30 2025 16:30:4 } [PH] info: Client disconnected: CNWQcO_M6nfbig1kAAEo
Thu Jan 30 2025 16:30:4 } [PH] info: Client disconnected: bajx5v2rQKWo4WFNAAEp
Thu Jan 30 2025 16:30:4 } [PH] info: Client disconnected: hGXXKbBjxXPnFj5eAAEt
Thu Jan 30 2025 16:30:4 } [PH] info: Client disconnected: j--13IFQws3VRSBAAAE2
Thu Jan 30 2025 16:30:4 } [PH] info: Client disconnected: KGHYQKpr19wckSIbAAE1
Thu Jan 30 2025 16:30:4 } [PH] info: Client disconnected: 6lRR9TtFt-pvP_eZAAFS
Thu Jan 30 2025 16:30:4 } [PH] info: Client disconnected: 80YpU3BELweBNi5OAAFU
Thu Jan 30 2025 16:30:4 } [PH] info: Client disconnected: 6K0FfFOJclZuLqFXAAFb
Thu Jan 30 2025 16:30:4 } [PH] info: Client disconnected: TmcFKqhJlx4wy0FnAAFc
Thu Jan 30 2025 16:30:4 } [PH] info: Client disconnected: wfPPPXQ1FXVOn291AAFd
Thu Jan 30 2025 16:30:4 } [PH] info: Client disconnected: 9OKEqVxex9JEjdWfAAFl
Thu Jan 30 2025 16:30:4 } [PH] info: Client disconnected: kazyNbHpq4ZigSwHAAFh
Thu Jan 30 2025 16:30:4 } [PH] info: Client disconnected: Gq46cbgkm_ItNI3tAAFg
Thu Jan 30 2025 16:30:4 } [PH] info: Client disconnected: UZg1Xfh2vc0jBEBwAAFq
Thu Jan 30 2025 16:30:4 } [PH] info: Client disconnected: NZE6yoj7D2zuBePsAAFr
Thu Jan 30 2025 16:30:4 } [PH] info: Client disconnected: RUjMB8uF-Hj8seG3AAFs
Thu Jan 30 2025 16:30:4 } [PH] info: Client disconnected: f72Tjxgxe_wvnQQcAAGQ
Thu Jan 30 2025 16:30:4 } [PH] info: Client disconnected: V7ATwu4NreXW4XBJAAFw
Thu Jan 30 2025 16:30:4 } [PH] info: Client disconnected: FSAdSQTG7yzvJ_RvAAFv
Thu Jan 30 2025 16:30:4 } [PH] info: Client disconnected: -l70fxe1DoJLe1rEAAGf
Thu Jan 30 2025 16:30:4 } [PH] info: Client disconnected: lj8wHrQb6QQ9i57hAAGe
Thu Jan 30 2025 16:30:4 } [PH] info: Client disconnected: lg6lpsrAlMcjo3B1AAGZ
Thu Jan 30 2025 16:30:4 } [PH] info: Client disconnected: SAi_f5oeaKpltJDuAAGV
Thu Jan 30 2025 16:30:4 } [PH] info: Client disconnected: e_OMx8kRQy6m3uD2AAGU
Thu Jan 30 2025 16:30:4 } [PH] info: Client disconnected: 0G9l8CJdndqVuXOwAAGR
Thu Jan 30 2025 16:30:4 } [PH] info: Client disconnected: 8LEK97zs0-94ozgRAATr
Thu Jan 30 2025 16:30:4 } [PH] info: Client disconnected: l9QA2t2uzWUn_n8vAATq
Thu Jan 30 2025 16:30:4 } [PH] info: Client disconnected: FmNDLKLN7bWvjw0nAATp
Thu Jan 30 2025 16:30:4 } [PH] info: Client disconnected: VmOTbDZO40Ql18iUAATo
Thu Jan 30 2025 16:30:4 } [PH] info: Client disconnected: sJRaNSGG0LllQuAjAATn
Thu Jan 30 2025 16:30:4 } [PH] info: Client disconnected: H4XIRKgtiCFEtn6kAATm
Thu Jan 30 2025 16:30:4 } [PH] info: Client disconnected: kS5nRmk5XO9RearRAATl
Thu Jan 30 2025 16:30:4 } [PH] info: Client disconnected: FAkTUT2caX87XIRTAATd
Thu Jan 30 2025 16:30:4 } [PH] info: Client disconnected: q9yXk6Lci2nROSs_AATc
Thu Jan 30 2025 16:30:4 } [PH] info: Client disconnected: ZNU_aVp28_GK0T9dAATb
Thu Jan 30 2025 16:30:4 } [PH] info: Client disconnected: 4KjiqkKMBZdGIJA1AATZ
Thu Jan 30 2025 16:30:4 } [PH] info: Client disconnected: pDN7S1zl2MkbOg4XAATV
Thu Jan 30 2025 16:30:4 } [PH] info: Client disconnected: NUhl2lVfnK-91HSCAAHA
Thu Jan 30 2025 16:30:4 } [PH] info: Client disconnected: ya_CR7VPVq4qOc75AAGo
Thu Jan 30 2025 16:30:4 } [PH] info: Client disconnected: eubg_hadZzMUPV1PAAGk
Thu Jan 30 2025 16:30:4 } [PH] info: Client disconnected: D6e73v3V2O0r00_JAAGj
Thu Jan 30 2025 16:30:4 } [PH] info: Client disconnected: dR_Sg8urfN2-BtwaAAGg
Thu Jan 30 2025 16:30:4 } [PH] info: Client disconnected: hGxTsbrwGtndULvJAAJW
Thu Jan 30 2025 16:30:4 } [PH] info: Client disconnected: pn0bDZBhP5hDU2ueAAJV
Thu Jan 30 2025 16:30:4 } [PH] info: Client disconnected: 3zXPiHB1ZpX1euQWAAJU
Thu Jan 30 2025 16:30:4 } [PH] info: Client disconnected: nFrBbTYFgyXhdcLqAAJT
Thu Jan 30 2025 16:30:4 } [PH] info: Client disconnected: Db1Ftx7T_hGCqdBuAAJS
Thu Jan 30 2025 16:30:4 } [PH] info: Client disconnected: r_o2uBluPZa9tZRQAAJR
Thu Jan 30 2025 16:30:4 } [PH] info: Client disconnected: SPBeuCH_LrswTPZuAAJQ
Thu Jan 30 2025 16:30:4 } [PH] info: Client disconnected: OCUy9RiBTBLsrEwXAAJP
Thu Jan 30 2025 16:30:4 } [PH] info: Client disconnected: JoCnpdNq9BwW5X8jAAJO
Thu Jan 30 2025 16:30:4 } [PH] info: Client disconnected: oMeDbg8BLjJ5b70dAAJN
Thu Jan 30 2025 16:30:4 } [PH] info: Client disconnected: FKQGU-OcLBZX3mxrAAJM
Thu Jan 30 2025 16:30:4 } [PH] info: Client disconnected: uh2PTk7wGvK1bLZ0AAJL
Thu Jan 30 2025 16:30:4 } [PH] info: Client disconnected: qH5sfpyyYGGr9-ocAAJK
Thu Jan 30 2025 16:30:4 } [PH] info: Client disconnected: xgkGeYxiJuUMvvd4AAJJ
Thu Jan 30 2025 16:30:4 } [PH] info: Client disconnected: SlqNiTGBVHm68mfdAAJI
Thu Jan 30 2025 16:30:4 } [PH] info: Client disconnected: SxbFUZp6g04qyf07AAJH
Thu Jan 30 2025 16:30:4 } [PH] info: Client disconnected: cfN8zh0DORuVE5yxAAJG
Thu Jan 30 2025 16:30:4 } [PH] info: Client disconnected: JAsjOLNAKakthG2wAAJF
Thu Jan 30 2025 16:30:4 } [PH] info: Client disconnected: 8uhAk3K9ja9Ti_diAAJE
Thu Jan 30 2025 16:30:4 } [PH] info: Client disconnected: uQ-FZUi1KYiinHLRAAJD
Thu Jan 30 2025 16:30:4 } [PH] info: Client disconnected: g0HKQfvJA8c9uyhhAAJC
Thu Jan 30 2025 16:30:4 } [PH] info: Client disconnected: ZWnxJ9tEGrB5qZo5AAJB
Thu Jan 30 2025 16:30:4 } [PH] info: Client disconnected: 3PFjvcrnpVSLTtQSAAI_
Thu Jan 30 2025 16:30:4 } [PH] info: Client disconnected: i2jj-6_U_ftxtiyHAAI6
Thu Jan 30 2025 16:30:4 } [PH] info: Client disconnected: XT55kVz4eViB94r5AAI5
Thu Jan 30 2025 16:30:4 } [PH] info: Client disconnected: ktHiDJAdBflcLwvBAAI4
Thu Jan 30 2025 16:30:4 } [PH] info: Client disconnected: R8YKMZroO2aeSGVOAAI2
Thu Jan 30 2025 16:30:4 } [PH] info: Client disconnected: LLkvLrP-w4tiwxqRAAI1
Thu Jan 30 2025 16:30:4 } [PH] info: Client disconnected: btPwtw8U4PelanwgAAIz
Thu Jan 30 2025 16:30:4 } [PH] info: Client disconnected: K_Ce_7k9TMw3Mey4AAIw
Thu Jan 30 2025 16:30:4 } [PH] info: Client disconnected: DHvIo3grolIUla-7AAIv
Thu Jan 30 2025 16:30:4 } [PH] info: Client disconnected: Sy3s-1RgiYckL9cNAAIu
Thu Jan 30 2025 16:30:4 } [PH] info: Client disconnected: aNuGvJd4A9vXi-TyAAIt
Thu Jan 30 2025 16:30:4 } [PH] info: Client disconnected: WPzKy9IgV3_QxA-9AAIY
Thu Jan 30 2025 16:30:4 } [PH] info: Client disconnected: aBJpvV5vt1NT_OziAAIX
Thu Jan 30 2025 16:30:4 } [PH] info: Client disconnected: YLdtKFYeNmQpT-BRAAIT
Thu Jan 30 2025 16:30:4 } [PH] info: Client disconnected: MB_YhBr0ak5Jw_cRAAIS
Thu Jan 30 2025 16:30:4 } [PH] info: Client disconnected: _JknlvgESCeka8RYAAIR
Thu Jan 30 2025 16:30:4 } [PH] info: Client disconnected: 4EHLBv4dhiL9LELNAAIQ
Thu Jan 30 2025 16:30:4 } [PH] info: Client disconnected: tdk8HVtUqNK6AVqJAAIN
Thu Jan 30 2025 16:30:4 } [PH] info: Client disconnected: SsT9U-56QndsIJfQAAIK
Thu Jan 30 2025 16:30:4 } [PH] info: Client disconnected: kNNlOsfr_78kuTMgAAIF
Thu Jan 30 2025 16:30:4 } [PH] info: Client disconnected: lLC7LTI9FmsWWjVlAAIE
Thu Jan 30 2025 16:30:4 } [PH] info: Client disconnected: bUV_uXK4ocVtxMKiAAID
Thu Jan 30 2025 16:30:4 } [PH] info: Client disconnected: rrtH6Dxpcc0wZygxAAH_
Thu Jan 30 2025 16:30:4 } [PH] info: Client disconnected: XnIjsp_4Vx10KFq0AAH-
Thu Jan 30 2025 16:30:4 } [PH] info: Client disconnected: Ygr67WGZXQZOsSADAAH8
Thu Jan 30 2025 16:30:4 } [PH] info: Client disconnected: TPZluxkT2kR1zT9-AAH7
Thu Jan 30 2025 16:30:4 } [PH] info: Client disconnected: 9xXHyU6Y1kJQzrENAAH6
Thu Jan 30 2025 16:30:4 } [PH] info: Client disconnected: GxXSihhuHmMYI2cnAAH4
Thu Jan 30 2025 16:30:4 } [PH] info: Client disconnected: IljmmJ9mhCER6SK3AAH3
Thu Jan 30 2025 16:30:4 } [PH] info: Client disconnected: GuF4GwtpO8cIUWTNAAH1
Thu Jan 30 2025 16:30:4 } [PH] info: Client disconnected: Kh1kMOdG6fBu0rn1AAHw
Thu Jan 30 2025 16:30:4 } [PH] info: Client disconnected: fg7T4vQzD-al_9YFAAHv
Thu Jan 30 2025 16:30:4 } [PH] info: Client disconnected: UCg-8h1Mo4j3VJ8fAAHu
Thu Jan 30 2025 16:30:4 } [PH] info: Client disconnected: RzMgc6OkwwWiHqnZAAHs
Thu Jan 30 2025 16:30:4 } [PH] info: Client disconnected: V_HQx8wVQrAZ6YOOAAHq
Thu Jan 30 2025 16:30:4 } [PH] info: Client disconnected: xF8AWa9sVbGlOfgdAAHj
Thu Jan 30 2025 16:30:4 } [PH] info: Client disconnected: kPaSy4YX3wKhnH3OAAHi
Thu Jan 30 2025 16:30:4 } [PH] info: Client disconnected: 0ISPMKN2PXb8IY9WAAHh
Thu Jan 30 2025 16:30:4 } [PH] info: Client disconnected: d7JzSZiakysAyzMxAAHd
Thu Jan 30 2025 16:30:4 } [PH] info: Client disconnected: etUm_5q_5xweSiPFAAHc
Thu Jan 30 2025 16:30:4 } [PH] info: Client disconnected: D2nPrwp7pIrghB09AAHa
Thu Jan 30 2025 16:30:4 } [PH] info: Client disconnected: Qse0UssffE-1lpGmAAHW
Thu Jan 30 2025 16:30:4 } [PH] info: Client disconnected: Vb1FdcXJczH8ioenAAHV
Thu Jan 30 2025 16:30:4 } [PH] info: Client disconnected: fC0WRTfFqT5HNLYvAAHU
Thu Jan 30 2025 16:30:4 } [PH] info: Client disconnected: rE4_6jwm9EyBlLY5AAHT
Thu Jan 30 2025 16:30:4 } [PH] info: Client disconnected: ShdXPfcOA5DpQ0aFAAHS
Thu Jan 30 2025 16:30:4 } [PH] info: Client disconnected: SJPOK_xVO2EdyPzEAAHP
Thu Jan 30 2025 16:30:4 } [PH] info: Client disconnected: 7SG7cjKbq5tssGGUAAHN
Thu Jan 30 2025 16:30:4 } [PH] info: Client disconnected: DGXB4_btEpypaeSdAAHM
Thu Jan 30 2025 16:30:4 } [PH] info: Client disconnected: SGhv5vxXmMulizX0AAHK
Thu Jan 30 2025 16:30:4 } [PH] info: Client disconnected: -A11Q_-vD5a3ADU9AAHF
Thu Jan 30 2025 16:30:4 } [PH] info: Client disconnected: X31ZDSw0XGk3gSfLAAHD
Thu Jan 30 2025 16:30:4 } [PH] info: Client disconnected: zqrTP0d3RAPXNoYUAAHC
Thu Jan 30 2025 16:30:4 } [PH] info: Client disconnected: q_YErG3gGdKZJspPAAG7
Thu Jan 30 2025 16:30:4 } [PH] info: Client disconnected: SJdQDDH3qD4VoDqTAAXK
Thu Jan 30 2025 16:30:4 } [PH] info: Client disconnected: 0AmR-oxGjl7XC5NZAAXH
Thu Jan 30 2025 16:30:5 } [PH] info: Client disconnected: _pLvmfvVqIPDCmvLAAXD
Thu Jan 30 2025 16:30:5 } [PH] info: Client disconnected: vvbl3mIKgIIPwfByAAXB
Thu Jan 30 2025 16:30:5 } [PH] info: Client disconnected: BUZE7VmEWRTF8qlxAAW9
Thu Jan 30 2025 16:30:5 } [PH] info: Client disconnected: BfPSpMYVCz21uNHrAAW6
Thu Jan 30 2025 16:30:5 } [PH] info: Client disconnected: rtUHmGlh_Ld6StC-AAW1
Thu Jan 30 2025 16:30:5 } [PH] info: Client disconnected: ml3vycj7PkPwJ7tpAAWz
Thu Jan 30 2025 16:30:5 } [PH] info: Client disconnected: 829iwVLy87_xZY9OAAWq
Thu Jan 30 2025 16:30:5 } [PH] info: Client disconnected: JSx0sHidi5Ev6ychAAWp
Thu Jan 30 2025 16:30:5 } [PH] info: Client disconnected: CowZCA9NQUAf7m-2AAWo
Thu Jan 30 2025 16:30:5 } [PH] info: Client disconnected: DDvYB53QDolp3gsoAAWn
Thu Jan 30 2025 16:30:5 } [PH] info: Client disconnected: GYFGNYbPa-w2hoQ_AAWb
Thu Jan 30 2025 16:30:5 } [PH] info: Client disconnected: sDVx6A1IXTzzDZ2LAAWP
Thu Jan 30 2025 16:30:5 } [PH] info: Client disconnected: Ilstf-gu76tbIL2OAAWK
Thu Jan 30 2025 16:30:5 } [PH] info: Client disconnected: h5gkcrY3g7_shtI1AAWB
Thu Jan 30 2025 16:30:5 } [PH] info: Client disconnected: Lyl1_u1K-BGp6dnnAAVx
Thu Jan 30 2025 16:30:5 } [PH] info: Client disconnected: XUJKaqAyD0PO9GTXAAVq
Thu Jan 30 2025 16:30:5 } [PH] info: Client disconnected: 0D2FDLhA6AHr4_hHAAUt
Thu Jan 30 2025 16:30:5 } [PH] info: Client disconnected: Qly-Vbi9mQmlofBUAAUs
Thu Jan 30 2025 16:30:5 } [PH] info: Client disconnected: VG1hKbbt0YRivh3NAAUr
Thu Jan 30 2025 16:30:5 } [PH] info: Client disconnected: 5RqR4lK-PGg-5E4zAAUq
Thu Jan 30 2025 16:30:5 } [PH] info: Client disconnected: qfkZhuxApPq4ExP7AAUp
Thu Jan 30 2025 16:30:5 } [PH] info: Client disconnected: zBRVslZCUtpZxE6VAAUo
Thu Jan 30 2025 16:30:5 } [PH] info: Client disconnected: tmRKJ8tTvbaHs5bpAAUm
Thu Jan 30 2025 16:30:5 } [PH] info: Client disconnected: TylHCLChizr_Ol_HAAUf
Thu Jan 30 2025 16:30:5 } [PH] info: Client disconnected: QnaZX38QnMkz7awaAAUe
Thu Jan 30 2025 16:30:5 } [PH] info: Client disconnected: y7JlMCpwaB0dPJN4AAUd
Thu Jan 30 2025 16:30:5 } [PH] info: Client disconnected: GvjSZK7ePKEiTx8bAAUc
Thu Jan 30 2025 16:30:5 } [PH] info: Client disconnected: b2b7LvjWlJJbh0KyAAUb
Thu Jan 30 2025 16:30:5 } [PH] info: Client disconnected: srEmp97bao5NwAiqAAUa
Thu Jan 30 2025 16:30:5 } [PH] info: Client disconnected: 65sZCQlEM3DPT9ouAAUT
Thu Jan 30 2025 16:30:5 } [PH] info: Client disconnected: H6Jbi2wOJzZBJCWyAAUS
Thu Jan 30 2025 16:30:5 } [PH] info: Client disconnected: tz2xBP8Kvs2nVlz5AAUR
Thu Jan 30 2025 16:30:5 } [PH] info: Client disconnected: c5-Dfez6NAZlNXUUAAUQ
Thu Jan 30 2025 16:30:5 } [PH] info: Client disconnected: 8giHaFh4zOUn52EuAAUP
Thu Jan 30 2025 16:30:5 } [PH] info: Client disconnected: VpjoRiGq-wX81yhBAAUO
Thu Jan 30 2025 16:30:5 } [PH] info: Client disconnected: Vg8RRKTg-bBuOvqnAAUH
Thu Jan 30 2025 16:30:5 } [PH] info: Client disconnected: gREiwMj5AykkWlImAAUG
Thu Jan 30 2025 16:30:5 } [PH] info: Client disconnected: Uvf5Yh4-0N_HbtS0AAUF
Thu Jan 30 2025 16:30:5 } [PH] info: Client disconnected: b3o2R0WBDihNzNVnAAUE
Thu Jan 30 2025 16:30:5 } [PH] info: Client disconnected: pSfOB14P1RVWZ7x-AAUD
Thu Jan 30 2025 16:30:5 } [PH] info: Client disconnected: zk7_hhPr4I8GdggvAAUC
Thu Jan 30 2025 16:30:5 } [PH] info: Client disconnected: UWD3_29ZhJrz40UlAAT7
Thu Jan 30 2025 16:30:5 } [PH] info: Client disconnected: z848EK6kc8wny-WqAAT6
Thu Jan 30 2025 16:30:5 } [PH] info: Client disconnected: UQPlOu3wkf_E7gQaAAT5
Thu Jan 30 2025 16:30:5 } [PH] info: Client disconnected: UkSmUsSbGBCtbs9ZAAT1
Thu Jan 30 2025 16:30:5 } [PH] info: Client disconnected: H6_tixlFvI9vEU8XAAT0
Thu Jan 30 2025 16:30:5 } [PH] info: Client disconnected: Mc0qA_Zhx26QWCVsAATz
Thu Jan 30 2025 16:30:5 } [PH] info: Client disconnected: pOSv93tF63fHG1h9AATy
Thu Jan 30 2025 16:30:5 } [PH] info: Client disconnected: sD4fg3jLFZzXHb-GAAOC
Thu Jan 30 2025 16:30:5 } [PH] info: Client disconnected: O7At-XnJ1mX7z7y5AAOB
Thu Jan 30 2025 16:30:5 } [PH] info: Client disconnected: a5NmUBK5Ku_Z4Y1_AAOA
Thu Jan 30 2025 16:30:5 } [PH] info: Client disconnected: CVZrN10gHSecdc46AAN_
Thu Jan 30 2025 16:30:5 } [PH] info: Client disconnected: NZtpyghvq32jt58nAAN-
Thu Jan 30 2025 16:30:5 } [PH] info: Client disconnected: 52sn-FfKTeaMDzxGAAN9
Thu Jan 30 2025 16:30:5 } [PH] info: Client disconnected: NY8akKjT3RHHwYTfAAN8
Thu Jan 30 2025 16:30:5 } [PH] info: Client disconnected: taxt_K05AnVpoxu3AAN7
Thu Jan 30 2025 16:30:5 } [PH] info: Client disconnected: hgc1P2btSNwy6Gd2AANN
Thu Jan 30 2025 16:30:5 } [PH] info: Client disconnected: IjpBWFrkCPJpI8PjAANM
Thu Jan 30 2025 16:30:5 } [PH] info: Client disconnected: pDyx_qDVfaa96l0WAANL
Thu Jan 30 2025 16:30:5 } [PH] info: Client disconnected: bHMvuH6jTdWPYj0TAANK
Thu Jan 30 2025 16:30:5 } [PH] info: Client disconnected: j4CPvrndiIPDwrixAANJ
Thu Jan 30 2025 16:30:5 } [PH] info: Client disconnected: tKkzsrdbH_J1aJ26AANI
Thu Jan 30 2025 16:30:5 } [PH] info: Client disconnected: hlWifh9QZU3QfWnxAANH
Thu Jan 30 2025 16:30:5 } [PH] info: Client disconnected: tj5ctuTlva9AAyNSAANG
Thu Jan 30 2025 16:30:5 } [PH] info: Client disconnected: DMS2PAb64xR9MlkTAANF
Thu Jan 30 2025 16:30:5 } [PH] info: Client disconnected: VmI7pItoi7v7uu9JAANE
Thu Jan 30 2025 16:30:5 } [PH] info: Client disconnected: qQO447BkAPyHEm5WAAND
Thu Jan 30 2025 16:30:5 } [PH] info: Client disconnected: 31F9Gf_QFH0Abxy3AANC
Thu Jan 30 2025 16:30:5 } [PH] info: Client disconnected: MAttcX7Nk0NUEjCrAANB
Thu Jan 30 2025 16:30:5 } [PH] info: Client disconnected: xNE3uz-_vQbvbwp5AANA
Thu Jan 30 2025 16:30:5 } [PH] info: Client disconnected: vuDha6Yu_MnNorQQAAM_
Thu Jan 30 2025 16:30:5 } [PH] info: Client disconnected: xAD6tl_dQFZlQOhnAAM9
Thu Jan 30 2025 16:30:5 } [PH] info: Client disconnected: ymq2SaAbn6EC1pOfAAM1
Thu Jan 30 2025 16:30:5 } [PH] info: Client disconnected: MmVavqJWw21PQKduAAM0
Thu Jan 30 2025 16:30:5 } [PH] info: Client disconnected: R0Eo0W591YfDkEW5AAMv
Thu Jan 30 2025 16:30:5 } [PH] info: Client disconnected: FujKwgm3DFrZT5bMAAMt
Thu Jan 30 2025 16:30:5 } [PH] info: Client disconnected: AtW-GNXDoOQUbfppAAMr
Thu Jan 30 2025 16:30:5 } [PH] info: Client disconnected: 1o6R6od6OO4lsNpRAAXM
Thu Jan 30 2025 16:30:5 } [PH] info: Client disconnected: gC20MHiAyCQ-kw1SAAMq
Thu Jan 30 2025 16:30:5 } [PH] info: Client disconnected: HRE_d9S04rTJyZeyAAMp
Thu Jan 30 2025 16:30:5 } [PH] info: Client disconnected: uEz36f4yyDGdPk-oAAMo
Thu Jan 30 2025 16:30:5 } [PH] info: Client disconnected: t0XW_gNuuase5FqiAAMn
Thu Jan 30 2025 16:30:5 } [PH] info: Client disconnected: Rb-eZ9aFEEYJAoZFAAMm
Thu Jan 30 2025 16:30:5 } [PH] info: Client disconnected: RMTZGdrRnO6lSZBAAAMl
Thu Jan 30 2025 16:30:5 } [PH] info: Client disconnected: 55XwYB-ZO4k-RE7hAAMk
Thu Jan 30 2025 16:30:5 } [PH] info: Client disconnected: hpZUZ_rzhhaQoVtqAAMj
Thu Jan 30 2025 16:30:5 } [PH] info: Client disconnected: EGKsrlPOblrbgcGcAAMi
Thu Jan 30 2025 16:30:5 } [PH] info: Client disconnected: 9quIJqNlyb8tcMyBAAMh
Thu Jan 30 2025 16:30:5 } [PH] info: Client disconnected: MjgU2lZCii1N1d3GAAMg
Thu Jan 30 2025 16:30:5 } [PH] info: Client disconnected: eup_1_e2UHwcXXLRAAMf
Thu Jan 30 2025 16:30:5 } [PH] info: Client disconnected: GzIX8W2tTCcORu6HAAMe
Thu Jan 30 2025 16:30:5 } [PH] info: Client disconnected: QV_JoF8lyFoAM8WiAAMd
Thu Jan 30 2025 16:30:5 } [PH] info: Client disconnected: REgnPHLv29lL20WyAAMc
Thu Jan 30 2025 16:30:5 } [PH] info: Client disconnected: wtQRMFdGdJK2A_cPAAMb
Thu Jan 30 2025 16:30:5 } [PH] info: Client disconnected: Cfj2mcT5I-FsoX6ZAAMa
Thu Jan 30 2025 16:30:5 } [PH] info: Client disconnected: akVn64oAjmzEJY9RAAMZ
Thu Jan 30 2025 16:30:5 } [PH] info: Client disconnected: xUzx3OQyhfbHzIy-AAMY
Thu Jan 30 2025 16:30:5 } [PH] info: Client disconnected: 1vSuQleiFF7sc1zQAAMX
Thu Jan 30 2025 16:30:5 } [PH] info: Client disconnected: cdtCaxv08fhQ9LfwAAMW
Thu Jan 30 2025 16:30:5 } [PH] info: Client disconnected: xeapzPYp5GQ5oUB9AAMV
Thu Jan 30 2025 16:30:5 } [PH] info: Client disconnected: 1B8MZLbSvld7wiIeAAMU
Thu Jan 30 2025 16:30:5 } [PH] info: Client disconnected: bZg-fqkogxHveIS0AAMT
Thu Jan 30 2025 16:30:5 } [PH] info: Client disconnected: 7Pik8AIpI650kYFYAAMS
Thu Jan 30 2025 16:30:5 } [PH] info: Client disconnected: czIRkm4vv14JeRQ7AAMR
Thu Jan 30 2025 16:30:5 } [PH] info: Client disconnected: BnV4mizxItR64TvfAAL6
Thu Jan 30 2025 16:30:5 } [PH] info: Client disconnected: Mhkmy6H1wqJqruPOAAL1
Thu Jan 30 2025 16:30:5 } [PH] info: Client disconnected: 5LMCWg0FjbGfJTGCAALy
Thu Jan 30 2025 16:30:5 } [PH] info: Client disconnected: 256sH_Og9xeSacOeAALw
Thu Jan 30 2025 16:30:5 } [PH] info: Client disconnected: 9vcqnW2obNu9gZCGAALu
Thu Jan 30 2025 16:30:5 } [PH] info: Client disconnected: LpXaplPRYUWlIeC8AALs
Thu Jan 30 2025 16:30:5 } [PH] info: Client disconnected: xDMNH5kfrL2Htw5_AALp
Thu Jan 30 2025 16:30:5 } [PH] info: Client disconnected: tKWQM0aXgQJadtGPAALm
Thu Jan 30 2025 16:30:5 } [PH] info: Client disconnected: nsBYcOAVXw-pz4qJAALj
Thu Jan 30 2025 16:30:5 } [PH] info: Client disconnected: LA2zUXuCh9PIofPXAALh
Thu Jan 30 2025 16:30:5 } [PH] info: Client disconnected: ZKeDgYFwiVoBZr-yAALg
Thu Jan 30 2025 16:30:5 } [PH] info: Client disconnected: 8ByIlsAWsaxMjvXxAALf
Thu Jan 30 2025 16:30:5 } [PH] info: Client disconnected: 1eBzsM9bw-T15oLFAALe
Thu Jan 30 2025 16:30:5 } [PH] info: Client disconnected: rNJQ251B4ZNN_EO5AALd
Thu Jan 30 2025 16:30:5 } [PH] info: Client disconnected: A3lQv09sKTqr3UtNAAKz
Thu Jan 30 2025 16:30:5 } [PH] info: Client disconnected: NB8e-ZCIBF_8LNB3AAKx
Thu Jan 30 2025 16:30:5 } [PH] info: Client disconnected: aI7SE7Qm7rTuKxwhAAKv
Thu Jan 30 2025 16:30:5 } [PH] info: Client disconnected: MyeDmP2RQS3rXPh8AAKu
Thu Jan 30 2025 16:30:5 } [PH] info: Client disconnected: Ep-iOsFy8sF2SmTLAAKt
Thu Jan 30 2025 16:30:5 } [PH] info: Client disconnected: SpPQEGPFFQr7XRNWAAKr
Thu Jan 30 2025 16:30:5 } [PH] info: Client disconnected: f-QyfTy2E_ytxM8zAAKT
Thu Jan 30 2025 16:30:5 } [PH] info: Client disconnected: 6Zdr3eLllS3_zjtrAAKR
Thu Jan 30 2025 16:30:5 } [PH] info: Client disconnected: 71qj3wPHVqHjHFoPAAKP
Thu Jan 30 2025 16:30:5 } [PH] info: Client disconnected: aci9xTzeKT1U9aVhAAKO
Thu Jan 30 2025 16:30:5 } [PH] info: Client disconnected: Nk2cfn2G9OKOeqknAAKM
Thu Jan 30 2025 16:30:5 } [PH] info: Client disconnected: 9fZj_rbyYML3YTHuAAKC
Thu Jan 30 2025 16:30:5 } [PH] info: Client disconnected: C3nbzTYxTs_RzaQYAAKB
Thu Jan 30 2025 16:30:5 } [PH] info: Client disconnected: 1EZqU--6auLrBFyPAAKA
Thu Jan 30 2025 16:30:5 } [PH] info: Client disconnected: F53YaiIlQegDjt35AAJ_
Thu Jan 30 2025 16:30:5 } [PH] info: Client disconnected: H967Kk1aJN7jq7TKAAJ-
Thu Jan 30 2025 16:30:5 } [PH] info: Client disconnected: JVO9USrjUtCqGOicAAJ9
Thu Jan 30 2025 16:30:5 } [PH] info: Client disconnected: Wxjt50fZon9sYv9hAAJ8
Thu Jan 30 2025 16:30:5 } [PH] info: Client disconnected: LWXxP5Byo6OLBf5WAAJ7
Thu Jan 30 2025 16:30:5 } [PH] info: Client disconnected: -rFxcUfJYfYSf7EVAAJ6
Thu Jan 30 2025 16:30:5 } [PH] info: Client disconnected: UDCXyYOFzSwY78iLAAJ5
Thu Jan 30 2025 16:30:5 } [PH] info: Client disconnected: KBBHK3in0f1xu2ebAAJ4
Thu Jan 30 2025 16:30:5 } [PH] info: Client disconnected: kPnuOV5C2q9SH0_8AAJ3
Thu Jan 30 2025 16:30:5 } [PH] info: Client disconnected: jJBby--3eFxs8pNUAAJ2
Thu Jan 30 2025 16:30:5 } [PH] info: Client disconnected: xFatBGIJzidlEwtdAAJ1
Thu Jan 30 2025 16:30:5 } [PH] info: Client disconnected: NZHykCPyI1jhx4OdAAJ0
Thu Jan 30 2025 16:30:5 } [PH] info: Client disconnected: JIh2T-7uq1QPKTCXAAJz
Thu Jan 30 2025 16:30:5 } [PH] info: Client disconnected: 4Uen85YPMI99xtJNAAJy
Thu Jan 30 2025 16:30:5 } [PH] info: Client disconnected: MZ__9bx_fyylAJ_FAAJx
Thu Jan 30 2025 16:30:5 } [PH] info: Client disconnected: PNahBQ8kC2CGTu0MAAJw
Thu Jan 30 2025 16:30:5 } [PH] info: Client disconnected: GABxdLqgtZvburS7AAJv
Thu Jan 30 2025 16:30:5 } [PH] info: Client disconnected: hDqx-nIy62x0dpj2AAJu
Thu Jan 30 2025 16:30:5 } [PH] info: Client disconnected: hgbH4gQd7_Xs78dHAAJt
Thu Jan 30 2025 16:30:5 } [PH] info: Client disconnected: 3efmIJ-n_i9Gkt5VAAJr
Thu Jan 30 2025 16:30:5 } [PH] info: Client disconnected: 52O6k6MX3c7DjvZFAAJq
Thu Jan 30 2025 16:30:5 } [PH] info: Client disconnected: gvt3z332pw4rVrUfAAJp
Thu Jan 30 2025 16:30:5 } [PH] info: Client disconnected: vvgV9OcYS0PfNDUmAAJo
Thu Jan 30 2025 16:30:5 } [PH] info: Client disconnected: quYImkjZYB4bKeQqAAJn
Thu Jan 30 2025 16:30:5 } [PH] info: Client disconnected: JLiXdHEPM5_Wpi7UAAJm
Thu Jan 30 2025 16:30:5 } [PH] info: Client disconnected: h54BbLAIq6UYHmHyAAJl
Thu Jan 30 2025 16:30:5 } [PH] info: Client disconnected: gh4KzI7yMrhl9m6GAAJk
Thu Jan 30 2025 16:30:5 } [PH] info: Client disconnected: 2rqmlVw1-QjK0TSlAAJj
Thu Jan 30 2025 16:30:5 } [PH] info: Client disconnected: H4PfFBRKwt6RRB1BAAJi
Thu Jan 30 2025 16:30:5 } [PH] info: Client disconnected: -wQ7lJqNOBZTZtX_AAJh
Thu Jan 30 2025 16:30:5 } [PH] info: Client disconnected: ZAQ6fvuHVWD5q9VQAAJg
Thu Jan 30 2025 16:30:5 } [PH] info: Client disconnected: rZZUtw_WojJSEQI5AAJf
Thu Jan 30 2025 16:30:5 } [PH] info: Client disconnected: f25HThETJlPuNZPXAAJd
Thu Jan 30 2025 16:30:5 } [PH] info: Client disconnected: XqPpOAfXUHqZtPw9AAJc
Thu Jan 30 2025 16:30:5 } [PH] info: Client disconnected: AkHPHs4nMZ3RTVRFAAJb
Thu Jan 30 2025 16:30:5 } [PH] info: Client disconnected: hfUm2R6ZuHmPZjvNAAJa
Thu Jan 30 2025 16:30:5 } [PH] info: Client disconnected: RwMy4LK4ZQIwrYAFAAJZ
Thu Jan 30 2025 16:30:5 } [PH] info: Client disconnected: ta-XX5MeJTE-yOhOAAJY
Thu Jan 30 2025 16:30:5 } [PH] info: Client disconnected: Az0S3JQdDhHwdy4PAAJX
Thu Jan 30 2025 16:30:6 } [PH] info: Client disconnected: rp-gBxRSt1QIKiy9AAZI
Thu Jan 30 2025 16:30:6 } [PH] info: Client disconnected: ikpi0k7FfIY3A_9DAAZH
Thu Jan 30 2025 16:30:6 } [PH] info: Client disconnected: OlhP1PQ-9LJ_PsBaAAZG
Thu Jan 30 2025 16:30:6 } [PH] info: Client disconnected: EKzcFRqc8hv7Fd3vAAZF
Thu Jan 30 2025 16:30:6 } [PH] info: Client disconnected: 9RczjwO2e2Ksz9iKAAZE
Thu Jan 30 2025 16:30:6 } [PH] info: Client disconnected: geI2gjX6MZQ2HYu-AAZD
Thu Jan 30 2025 16:30:6 } [PH] info: Client disconnected: vdR3SIH76nUxiHJEAAZC
Thu Jan 30 2025 16:30:6 } [PH] info: Client disconnected: 7duakqTY_ZvTijIxAAZB
Thu Jan 30 2025 16:30:6 } [PH] info: Client disconnected: W7RW2YwRCChJIjkmAAZA
Thu Jan 30 2025 16:30:6 } [PH] info: Client disconnected: xK2qWt2xvNRfnnoRAAY_
Thu Jan 30 2025 16:30:6 } [PH] info: Client disconnected: 51AIhqp4pNNvu1mZAAY-
Thu Jan 30 2025 16:30:6 } [PH] info: Client disconnected: YQHC6V_buMIWEefhAAY9
Thu Jan 30 2025 16:30:6 } [PH] info: Client disconnected: ZRFPqS5DoRzwyCEdAAY8
Thu Jan 30 2025 16:30:6 } [PH] info: Client disconnected: C3aX67n4lLlD_2qXAAY7
Thu Jan 30 2025 16:30:6 } [PH] info: Client disconnected: EHlmshDjQ1X1pZ09AAY6
Thu Jan 30 2025 16:30:6 } [PH] info: Client disconnected: Ir0C_zEVfco3jMdDAAY5
Thu Jan 30 2025 16:30:6 } [PH] info: Client disconnected: Tsw3vV32BK_zqpQkAAY4
Thu Jan 30 2025 16:30:6 } [PH] info: Client disconnected: DKGorC0rLjLfd56TAAY3
Thu Jan 30 2025 16:30:6 } [PH] info: Client disconnected: -0NmuchJtIH-5ppdAAY2
Thu Jan 30 2025 16:30:6 } [PH] info: Client disconnected: _qoEWjmy7GGJK4_tAAY1
Thu Jan 30 2025 16:30:6 } [PH] info: Client disconnected: 1Hv_q_IGVgFA6WpDAAY0
Thu Jan 30 2025 16:30:6 } [PH] info: Client disconnected: xwnF2tF3uXxNhz5jAAYz
Thu Jan 30 2025 16:30:6 } [PH] info: Client disconnected: dcMP4F6us2GnSRukAAYy
Thu Jan 30 2025 16:30:6 } [PH] info: Client disconnected: LNZYx3Kie7hrxwGyAAYx
Thu Jan 30 2025 16:30:6 } [PH] info: Client disconnected: k4jPIR7r4VkCAxE1AAYw
Thu Jan 30 2025 16:30:6 } [PH] info: Client disconnected: 4RetYXQWbQdJ4oQiAAYu
Thu Jan 30 2025 16:30:6 } [PH] info: Client disconnected: PaRjSs1pPTdG72l0AAYt
Thu Jan 30 2025 16:30:6 } [PH] info: Client disconnected: XtDWLWgB7rR6kfhJAAYs
Thu Jan 30 2025 16:30:6 } [PH] info: Client disconnected: akAcyRZyjLad2SO7AAYr
Thu Jan 30 2025 16:30:6 } [PH] info: Client disconnected: GqDmnMeHlXsMAK-NAAYq
Thu Jan 30 2025 16:30:6 } [PH] info: Client disconnected: HmiI--NCVoCzLohTAAYp
Thu Jan 30 2025 16:30:6 } [PH] info: Client disconnected: CGlQmQOYd8MEx3atAAYo
Thu Jan 30 2025 16:30:6 } [PH] info: Client disconnected: exnihOTk_1tP5G61AAYn
Thu Jan 30 2025 16:30:6 } [PH] info: Client disconnected: WNU1Xl2-ZL8YsXITAAYm
Thu Jan 30 2025 16:30:6 } [PH] info: Client disconnected: PLq5riO41yZOsJ1OAAYl
Thu Jan 30 2025 16:30:6 } [PH] info: Client disconnected: D_b9srA2Plz_V8hMAAYk
Thu Jan 30 2025 16:30:6 } [PH] info: Client disconnected: NmLCWRFCcowHChwjAAYj
Thu Jan 30 2025 16:30:6 } [PH] info: Client disconnected: xoDQUT51y3MoMcGKAAYi
Thu Jan 30 2025 16:30:6 } [PH] info: Client disconnected: 6DVD8pCI-zUpVElmAAYh
Thu Jan 30 2025 16:30:6 } [PH] info: Client disconnected: k2SO4fbEaAxwI2LeAAYg
Thu Jan 30 2025 16:30:6 } [PH] info: Client disconnected: Nq82BhNpAr5h3DAGAAYf
Thu Jan 30 2025 16:30:6 } [PH] info: Client disconnected: 66NFMh6ZT0MCEaYnAAYe
Thu Jan 30 2025 16:30:6 } [PH] info: Client disconnected: hoheqfeDpMoOx4NtAAYd
Thu Jan 30 2025 16:30:6 } [PH] info: Client disconnected: nKws77lDS06j6v6yAAYc
Thu Jan 30 2025 16:30:6 } [PH] info: Client disconnected: IY0wHQ1d_iJbWRmfAAYb
Thu Jan 30 2025 16:30:6 } [PH] info: Client disconnected: hpv3PtPN0GpqK-rrAAYa
Thu Jan 30 2025 16:30:6 } [PH] info: Client disconnected: mCMtQ2sJ-h1Q24IkAAYZ
Thu Jan 30 2025 16:30:6 } [PH] info: Client disconnected: BZX3aYc9sf1sUYcUAAYY
Thu Jan 30 2025 16:30:6 } [PH] info: Client disconnected: ggwR3vBV5re3m6-9AAYX
Thu Jan 30 2025 16:30:6 } [PH] info: Client disconnected: IVBmzs35ShhqfoeZAAYW
Thu Jan 30 2025 16:30:6 } [PH] info: Client disconnected: K2dQ-YFDBX2usRIqAAYV
Thu Jan 30 2025 16:30:6 } [PH] info: Client disconnected: tm909rc6KRZb28yrAAYU
Thu Jan 30 2025 16:30:6 } [PH] info: Client disconnected: 4LIBRJR-XP-jr074AAYT
Thu Jan 30 2025 16:30:6 } [PH] info: Client disconnected: tBVdOwMrg0-FK1JZAAYS
Thu Jan 30 2025 16:30:6 } [PH] info: Client disconnected: Fq2Cv6JyRQu2sHehAAYR
Thu Jan 30 2025 16:30:6 } [PH] info: Client disconnected: R19Qkti5tyMaslrjAAYQ
Thu Jan 30 2025 16:30:6 } [PH] info: Client disconnected: wExBu_2e5R_aUFjtAAYP
Thu Jan 30 2025 16:30:6 } [PH] info: Client disconnected: TcdLkI55HYw0r84HAAYO
Thu Jan 30 2025 16:30:6 } [PH] info: Client disconnected: cw5wyUd94huMe3SzAAYN
Thu Jan 30 2025 16:30:6 } [PH] info: Client disconnected: s47pD_J71YAB6lS0AAYM
Thu Jan 30 2025 16:30:6 } [PH] info: Client disconnected: siljxcy86LEj16yTAAYL
Thu Jan 30 2025 16:30:6 } [PH] info: Client disconnected: IWXCscBuez38kKdHAAYK
Thu Jan 30 2025 16:30:6 } [PH] info: Client disconnected: SIPjBROy0v4dZ97zAAYJ
Thu Jan 30 2025 16:30:6 } [PH] info: Client disconnected: tFmhUb-Is_YSiQMeAAYI
Thu Jan 30 2025 16:30:6 } [PH] info: Client disconnected: bquNihLIwWRESUC0AAYH
Thu Jan 30 2025 16:30:6 } [PH] info: Client disconnected: _LqE9p_UVLPHb9k-AAYG
Thu Jan 30 2025 16:30:6 } [PH] info: Client disconnected: vRpEhpODIVbfUM3rAAYF
Thu Jan 30 2025 16:30:6 } [PH] info: Client disconnected: GLhElaOg8Xdl1LK2AAYE
Thu Jan 30 2025 16:30:6 } [PH] info: Client disconnected: 5NTejD-a3mhhwObXAAYD
Thu Jan 30 2025 16:30:6 } [PH] info: Client disconnected: -knqaeEWe-s8dGyLAAYC
Thu Jan 30 2025 16:30:6 } [PH] info: Client disconnected: 7NCEQz39snGVeC45AAXP
Thu Jan 30 2025 16:30:6 } [PH] info: Client disconnected: ZFZkAm8PESrsBBDzAASR
Thu Jan 30 2025 16:30:6 } [PH] info: Client disconnected: xpfSmq8g881iF6xWAASO
Thu Jan 30 2025 16:30:6 } [PH] info: Client disconnected: mDegmBFoO05MLIPYAARt
Thu Jan 30 2025 16:30:6 } [PH] info: Client disconnected: VMbM4BxoDKmn2Q7qAARs
Thu Jan 30 2025 16:30:6 } [PH] info: Client disconnected: 7BNJGoLMYbRHfPQtAARr
Thu Jan 30 2025 16:30:6 } [PH] info: Client disconnected: WKE5dtUf8gvBAmpBAARq
Thu Jan 30 2025 16:30:6 } [PH] info: Client disconnected: NK4UepsVCdAhW4_BAARp
Thu Jan 30 2025 16:30:6 } [PH] info: Client disconnected: 1bAgOCzkXdtSl8PJAARo
Thu Jan 30 2025 16:30:6 } [PH] info: Client disconnected: WFlxSdYTbGjj3yWcAARn
Thu Jan 30 2025 16:30:6 } [PH] info: Client disconnected: f8x9--aRINmuroWKAARm
Thu Jan 30 2025 16:30:6 } [PH] info: Client disconnected: 20rlVpbuXph4_gdOAARl
Thu Jan 30 2025 16:30:6 } [PH] info: Client disconnected: fjACyGGmwfwyWtI_AARk
Thu Jan 30 2025 16:30:6 } [PH] info: Client disconnected: qEU-PEySxGcqC7QxAARj
Thu Jan 30 2025 16:30:6 } [PH] info: Client disconnected: rKOCby9JaUqPJyiCAARi
Thu Jan 30 2025 16:30:6 } [PH] info: Client disconnected: VGjygVphSW_TWtSyAARh
Thu Jan 30 2025 16:30:6 } [PH] info: Client disconnected: 6Snm_szP3xndONxRAARg
Thu Jan 30 2025 16:30:6 } [PH] info: Client disconnected: 02CffkMtMBLQ3MVVAAO1
Thu Jan 30 2025 16:30:6 } [PH] info: Client disconnected: hp5afPrm2u5ltGZNAAO0
Thu Jan 30 2025 16:30:6 } [PH] info: Client disconnected: Mv1ZLSgjtRfGduXsAAck
Thu Jan 30 2025 16:30:6 } [PH] info: Client disconnected: oQkgCxLesZ2cLrulAAOz
Thu Jan 30 2025 16:30:6 } [PH] info: Client disconnected: _ePeT4S06FYrcR5fAAOy
Thu Jan 30 2025 16:30:6 } [PH] info: Client disconnected: NjbwZ9Ym4LwXNOwYAAOx
Thu Jan 30 2025 16:30:6 } [PH] info: Client disconnected: jd6a9CuIy4-YT_dFAAOw
Thu Jan 30 2025 16:30:6 } [PH] info: Client disconnected: fR-iffcBJL24pIZkAAOv
Thu Jan 30 2025 16:30:6 } [PH] info: Client disconnected: Glp6B61RtGEtUYTeAAOu
Thu Jan 30 2025 16:30:6 } [PH] info: Client disconnected: bGgp8JnlEWnmn_mvAAOt
Thu Jan 30 2025 16:30:6 } [PH] info: Client disconnected: _fwhnT_Utrmgh2Q8AAOs
Thu Jan 30 2025 16:30:6 } [PH] info: Client disconnected: zagDt2ALZxTSabHUAAOr
Thu Jan 30 2025 16:30:6 } [PH] info: Client disconnected: qX8Wyzfx6TENdJvIAAOq
Thu Jan 30 2025 16:30:6 } [PH] info: Client disconnected: yyQ9eFS0LmdhrxXOAAOp
Thu Jan 30 2025 16:30:6 } [PH] info: Client disconnected: -1c3uP9oTleJx9cnAAOo
Thu Jan 30 2025 16:30:6 } [PH] info: Client disconnected: fREOQfar2ndd5jzcAAOn
Thu Jan 30 2025 16:30:6 } [PH] info: Client disconnected: Z89dgZO2PF0LjAdtAAOm
Thu Jan 30 2025 16:30:6 } [PH] info: Client disconnected: zKALFCbCqbg7LhksAAOl
Thu Jan 30 2025 16:30:6 } [PH] info: Client disconnected: 8yEthQRZ6zAhRF6uAAOk
Thu Jan 30 2025 16:30:6 } [PH] info: Client disconnected: aRaVBlK_VyKURtAkAAOj
Thu Jan 30 2025 16:30:6 } [PH] info: Client disconnected: zkY32l7LvrSMkx6bAAOi
Thu Jan 30 2025 16:30:6 } [PH] info: Client disconnected: wBHCxgHyoI0xXZ4ZAAOh
Thu Jan 30 2025 16:30:6 } [PH] info: Client disconnected: fPCSQA_GpKsy7BSyAAOg
Thu Jan 30 2025 16:30:6 } [PH] info: Client disconnected: oKkEev_sLQTeZGYNAAOf
Thu Jan 30 2025 16:30:6 } [PH] info: Client disconnected: a9kYabCf4ZIwMYvzAAOe
Thu Jan 30 2025 16:30:6 } [PH] info: Client disconnected: KSuBW1_43ZwAdLQ6AAOO
Thu Jan 30 2025 16:30:6 } [PH] info: Client disconnected: qzv2Xb9jWQfo6pzxAAON
Thu Jan 30 2025 16:30:6 } [PH] info: Client disconnected: Btdw35oOS0KQk1sRAAOM
Thu Jan 30 2025 16:30:6 } [PH] info: Client disconnected: Loc1XNHcD_ED9M8aAAOL
Thu Jan 30 2025 16:30:6 } [PH] info: Client disconnected: WDGpxqgIDxZNw4qtAAOK
Thu Jan 30 2025 16:30:6 } [PH] info: Client disconnected: z0H2mIbXp6fE3BGwAAOJ
Thu Jan 30 2025 16:30:6 } [PH] info: Client disconnected: -XhEJEL2SVl_5NXtAAOI
Thu Jan 30 2025 16:30:6 } [PH] info: Client disconnected: ukgGRrdFCvk9qW0pAAOH
Thu Jan 30 2025 16:30:6 } [PH] info: Client disconnected: RjW1-y03d-7Hbv1IAAOG
Thu Jan 30 2025 16:30:6 } [PH] info: Client disconnected: cNxK1VzNHC1PFPyeAAOF
Thu Jan 30 2025 16:30:6 } [PH] info: Client disconnected: OVq5AwWylHBC17SnAAOE
Thu Jan 30 2025 16:30:6 } [PH] info: Client disconnected: KOOZUDjTmW9-yardAAOD
Thu Jan 30 2025 16:30:6 } [PH] info: Client disconnected: dyP0X0kPWq9Rd4u3AAaJ
Thu Jan 30 2025 16:30:6 } [PH] info: Client disconnected: TwGAfhGsrjdgZQCFAAaF
Thu Jan 30 2025 16:30:6 } [PH] info: Client disconnected: DL-OsBg1b4Y9fkG5AAaH
Thu Jan 30 2025 16:30:6 } [PH] info: Client disconnected: sqjwHU6VAgD9jfs-AAaG
Thu Jan 30 2025 16:30:6 } [PH] info: Client disconnected: tVZFdNsVzllO52oXAAST
Thu Jan 30 2025 16:30:6 } [PH] info: Client disconnected: BuHUmeT66AC_N813AAaE
Thu Jan 30 2025 16:30:6 } [PH] info: Client disconnected: prIM-ImC3ko9ZWRVAAaD
Thu Jan 30 2025 16:30:6 } [PH] info: Client disconnected: 3yBXOwF_1foxQtftAAaC
Thu Jan 30 2025 16:30:6 } [PH] info: Client disconnected: be850UUqNpbKQwE9AAaB
Thu Jan 30 2025 16:30:6 } [PH] info: Client disconnected: TUDVSEp9mb5fPX1SAASS
Thu Jan 30 2025 16:30:6 } [PH] info: Client disconnected: s918E36A91BtDpZ6AAaA
Thu Jan 30 2025 16:30:6 } [PH] info: Client disconnected: FIJ7OCFrJc4m7zQCAAZ_
Thu Jan 30 2025 16:30:6 } [PH] info: Client disconnected: ZIn4kFccma6ADfTnAAZ-
Thu Jan 30 2025 16:30:6 } [PH] info: Client disconnected: 7E-t97f8gS-4BMuDAAZ9
Thu Jan 30 2025 16:30:6 } [PH] info: Client disconnected: BRgeEismrNyqpywTAAZ8
Thu Jan 30 2025 16:30:6 } [PH] info: Client disconnected: wi7K0I6bIPjeyIkyAAZ7
Thu Jan 30 2025 16:30:6 } [PH] info: Client disconnected: 4CIm01i4oJFPkVGVAAZ6
Thu Jan 30 2025 16:30:6 } [PH] info: Client disconnected: to0bPFZQELuDI41IAAZ5
Thu Jan 30 2025 16:30:6 } [PH] info: Client disconnected: mwWjh09HDjZsqvfqAAZ4
Thu Jan 30 2025 16:30:6 } [PH] info: Client disconnected: HHvsf-88F-p0UJIbAAZ3
Thu Jan 30 2025 16:30:6 } [PH] info: Client disconnected: JAhE0AbicyHQ0w0zAAZ2
Thu Jan 30 2025 16:30:6 } [PH] info: Client disconnected: iy_v8R6D_iQJw4d7AAZ1
Thu Jan 30 2025 16:30:6 } [PH] info: Client disconnected: Ma88hXz5-R33mBPBAAZ0
Thu Jan 30 2025 16:30:6 } [PH] info: Client disconnected: zf5WvTdCjuBH5dl_AAZz
Thu Jan 30 2025 16:30:6 } [PH] info: Client disconnected: nu7PJfsfsfuJlRaNAAZy
Thu Jan 30 2025 16:30:6 } [PH] info: Client disconnected: -lkR15vPf0fnohQlAAZx
Thu Jan 30 2025 16:30:6 } [PH] info: Client disconnected: 9KH3Ccj0YK2ru2pBAAZw
Thu Jan 30 2025 16:30:6 } [PH] info: Client disconnected: n-OOj9uemaAB5TtMAAZv
Thu Jan 30 2025 16:30:6 } [PH] info: Client disconnected: 4b2rZN-4vsvbyF4FAAZu
Thu Jan 30 2025 16:30:6 } [PH] info: Client disconnected: pAe3_baqOpNJ26X3AAZt
Thu Jan 30 2025 16:30:6 } [PH] info: Client disconnected: bjLvTr8M7h7y2mgxAAZs
Thu Jan 30 2025 16:30:6 } [PH] info: Client disconnected: DiN-UWx4ctfckFxfAAZr
Thu Jan 30 2025 16:30:6 } [PH] info: Client disconnected: GEmXBUH_4ddKN7EFAAZq
Thu Jan 30 2025 16:30:6 } [PH] info: Client disconnected: Td3SR83a1oTnEmTkAAZp
Thu Jan 30 2025 16:30:6 } [PH] info: Client disconnected: Xz5g8jnHbLYpbtOyAAZo
Thu Jan 30 2025 16:30:6 } [PH] info: Client disconnected: K1qXEyFRsVEj2zPoAAZn
Thu Jan 30 2025 16:30:6 } [PH] info: Client disconnected: YD_H_RkWGaz6JFlJAAZm
Thu Jan 30 2025 16:30:6 } [PH] info: Client disconnected: BHDDeZu416YvBwD-AAZl
Thu Jan 30 2025 16:30:6 } [PH] info: Client disconnected: 5nTg-Cd11g_wiiFWAAZk
Thu Jan 30 2025 16:30:6 } [PH] info: Client disconnected: pz9_QM4JP-0eSsXgAAZj
Thu Jan 30 2025 16:30:6 } [PH] info: Client disconnected: CQIms0zrJaphmuiIAAZi
Thu Jan 30 2025 16:30:6 } [PH] info: Client disconnected: 3l0mXQg9SHolCch1AAZh
Thu Jan 30 2025 16:30:6 } [PH] info: Client disconnected: MTILjdHYvjJkI7vDAASQ
Thu Jan 30 2025 16:30:6 } [PH] info: Client disconnected: _oCF-qiBao10NaG5AASP
Thu Jan 30 2025 16:30:6 } [PH] info: Client disconnected: bvlZFlbgjQ1UHNkBAAZg
Thu Jan 30 2025 16:30:6 } [PH] info: Client disconnected: DnlsoWISXBXTuBSfAAZf
Thu Jan 30 2025 16:30:6 } [PH] info: Client disconnected: PvgSFcHE6Pak3y5SAAZe
Thu Jan 30 2025 16:30:6 } [PH] info: Client disconnected: lWhkp5gl2i7auGd0AAZd
Thu Jan 30 2025 16:30:6 } [PH] info: Client disconnected: tpO7ZPbl2OTmSKk5AAZc
Thu Jan 30 2025 16:30:6 } [PH] info: Client disconnected: lphzvKNa1b3l7zK3AAZb
Thu Jan 30 2025 16:30:6 } [PH] info: Client disconnected: 8MV65HHQNaw355ynAAZa
Thu Jan 30 2025 16:30:6 } [PH] info: Client disconnected: BojIpnumkyIkf169AAZZ
Thu Jan 30 2025 16:30:6 } [PH] info: Client disconnected: Y1Y2aB49EQz418GXAAZY
Thu Jan 30 2025 16:30:6 } [PH] info: Client disconnected: 7ZuzIpWVCGjMffZEAAZX
Thu Jan 30 2025 16:30:6 } [PH] info: Client disconnected: ncnJTOUb4P967bqFAAZW
Thu Jan 30 2025 16:30:6 } [PH] info: Client disconnected: 2rWJHCb_lP3-l-N5AAZV
Thu Jan 30 2025 16:30:6 } [PH] info: Client disconnected: ZX6qQV6GLLM2_7SpAAZU
Thu Jan 30 2025 16:30:6 } [PH] info: Client disconnected: rfaCtfo9-Q8C_LjeAAZT
Thu Jan 30 2025 16:30:6 } [PH] info: Client disconnected: Pb0kEF0frs6TFy4tAAZS
Thu Jan 30 2025 16:30:6 } [PH] info: Client disconnected: 1I8Zr85xFpUgl9CfAAZR
Thu Jan 30 2025 16:30:6 } [PH] info: Client disconnected: 6JODhysYTd_LvrViAAZQ
Thu Jan 30 2025 16:30:6 } [PH] info: Client disconnected: WG7RojxkFatQS64DAAZP
Thu Jan 30 2025 16:30:6 } [PH] info: Client disconnected: MK1yygYwUT0FP8wKAAZO
Thu Jan 30 2025 16:30:6 } [PH] info: Client disconnected: AvnsYrzq3Xc17hWtAAZN
Thu Jan 30 2025 16:30:6 } [PH] info: Client disconnected: Sb0u3iQ9ZZkWznTdAAZM
Thu Jan 30 2025 16:30:6 } [PH] info: Client disconnected: l_zBVeIsj6z_NaxiAAZL
Thu Jan 30 2025 16:30:6 } [PH] info: Client disconnected: DoPrNNDXsHOMHVrjAAZK
Thu Jan 30 2025 16:30:6 } [PH] info: Client disconnected: t1cUSxhvgAVtvHnqAAZJ
Thu Jan 30 2025 16:30:17 } [PH] info: Client disconnected: GIN2Xk8FU1okHol6AAci
Thu Jan 30 2025 16:30:17 } [PH] info: Client disconnected: 3PdGJvFHKGZPU2EqAAcj
Thu Jan 30 2025 16:30:17 } [PH] info: Client disconnected: dVJU4SC3ULe1O6sHAAcb
Thu Jan 30 2025 16:30:49 } [PH] info: Server running on port 5000
Thu Jan 30 2025 16:30:58 } [PH] info: Server running on port 5000
Thu Jan 30 2025 16:31:10 } [PH] info: Server running on port 5000
Thu Jan 30 2025 16:31:18 } [PH] info: Server running on port 5000
Thu Jan 30 2025 16:31:33 } [PH] info: Server running on port 5000
Thu Jan 30 2025 16:31:42 } [PH] info: Server running on port 5000
Thu Jan 30 2025 16:31:52 } [PH] info: Server running on port 5000
Thu Jan 30 2025 16:32:8 } [PH] info: Server running on port 5000
Thu Jan 30 2025 16:32:15 } [PH] info: Server running on port 5000
Thu Jan 30 2025 16:32:21 } [PH] info: Server running on port 5000
Thu Jan 30 2025 16:32:37 } [PH] info: Server running on port 5000
