Thu Jan 23 2025 15:0:7 } [PH] info: Client disconnected: onp8X6mWR-Vn2AXEAIRH
Thu Jan 23 2025 15:0:7 } [PH] info: Client disconnected: d2C-440BoHpbNLKAAIRI
Thu Jan 23 2025 15:0:7 } [PH] info: Client disconnected: BQaaPsAocDEAmp0TAIRJ
Thu Jan 23 2025 15:0:7 } [PH] info: Client disconnected: YhwP6f__cEy2ka3GAIRK
Thu Jan 23 2025 15:0:7 } [PH] info: Client disconnected: -63TaJAgr0fzwtqcAIRL
Thu Jan 23 2025 15:0:7 } [PH] info: Client disconnected: sUlSNU6xrG3VS9bfAIRM
Thu Jan 23 2025 15:0:7 } [PH] info: Client disconnected: DhfpDHlhKLUGkcs5AIRN
Thu Jan 23 2025 15:0:7 } [PH] info: Client disconnected: XQaySo4atXj2FoKtAIRO
Thu Jan 23 2025 15:0:7 } [PH] info: Client disconnected: FCvEtb5nDDT3RKUiAIRP
Thu Jan 23 2025 15:0:7 } [PH] info: Client disconnected: asIdFbZjo0jgE_8ZAIRQ
Thu Jan 23 2025 15:0:7 } [PH] info: Client disconnected: fQOHA0T8PMAKAOmDAIRR
Thu Jan 23 2025 15:0:7 } [PH] info: Client disconnected: 1T428qvZaNvXdtPcAIRT
Thu Jan 23 2025 15:0:7 } [PH] info: Client disconnected: -90kXflg4HuRKzPwAIRS
Thu Jan 23 2025 15:0:7 } [PH] info: Client disconnected: Bm0HnAg_YRFpYl54AIRU
Thu Jan 23 2025 15:0:7 } [PH] info: Client disconnected: tp57g8XyjhYz6g6YAIRV
Thu Jan 23 2025 15:0:7 } [PH] info: Client disconnected: 62RArE4vfEZIlEEyAIRW
Thu Jan 23 2025 15:0:14 } [PH] info: Client disconnected: yfeQU5un0LqJwgEMAIRl
Thu Jan 23 2025 15:0:14 } [PH] info: Client disconnected: odGT2ax4-3U6YvpbAIRm
Thu Jan 23 2025 15:0:14 } [PH] info: Client disconnected: bmmaWPgbWLJmw2TZAIRn
Thu Jan 23 2025 15:0:14 } [PH] info: Client disconnected: -i9evmMXD_EKTVM-AIRo
Thu Jan 23 2025 15:0:14 } [PH] info: Client disconnected: yY29NhIAtdMczg9rAIRq
Thu Jan 23 2025 15:0:14 } [PH] info: Client disconnected: WaJAQ3_XByLhGd4yAIRp
Thu Jan 23 2025 15:0:14 } [PH] info: Client disconnected: Pvm15XMpjEy6zudCAIRr
Thu Jan 23 2025 15:0:14 } [PH] info: Client disconnected: bCBFuwszntRU3oyvAIRs
Thu Jan 23 2025 15:0:14 } [PH] info: Client disconnected: nz0u92zjrsWi-nTbAIRt
Thu Jan 23 2025 15:0:14 } [PH] info: Client disconnected: Tjk75T3wY-OzyUCFAIRu
Thu Jan 23 2025 15:0:14 } [PH] info: Client disconnected: FFlvxBor33TxXY0YAIRw
Thu Jan 23 2025 15:0:14 } [PH] info: Client disconnected: HNGDLPsDgm04PfPzAIRx
Thu Jan 23 2025 15:0:14 } [PH] info: Client disconnected: U7BQiKgfoeSUMWc_AIRv
Thu Jan 23 2025 15:0:14 } [PH] info: Client disconnected: JsOh91CtzW87RluDAIRz
Thu Jan 23 2025 15:0:14 } [PH] info: Client disconnected: bJ9j6586GDlI2F5JAIRy
Thu Jan 23 2025 15:0:14 } [PH] info: Client disconnected: eGKuParNYkbwy-7dAIR0
Thu Jan 23 2025 15:0:14 } [PH] info: Client disconnected: 0FFQsG7-67ma5QiiAIR1
Thu Jan 23 2025 15:0:14 } [PH] info: Client disconnected: H-Fh8cp94UuxpXPxAIR2
Thu Jan 23 2025 15:0:14 } [PH] info: Client disconnected: QrzhFJMZSbSoxREoAIR4
Thu Jan 23 2025 15:0:14 } [PH] info: Client disconnected: BK4YPU8LoekmpP_-AIR3
Thu Jan 23 2025 15:0:14 } [PH] info: Client disconnected: hqK6tcPm8dkuu41eAIR5
Thu Jan 23 2025 15:0:14 } [PH] info: Client disconnected: Ojfd4aNJoY8vuo5FAIR6
Thu Jan 23 2025 15:0:14 } [PH] info: Client disconnected: E4Tr_EJ_-O_xNAc4AIR7
Thu Jan 23 2025 15:0:14 } [PH] info: Client disconnected: 1Vtvx9vnvEisNhIEAIR9
Thu Jan 23 2025 15:0:32 } [PH] info: Client disconnected: yAj9sa4iHjau3FOdAITO
Thu Jan 23 2025 15:0:32 } [PH] info: Client disconnected: h5h5TtZOs57KRC_dAITP
Thu Jan 23 2025 15:0:32 } [PH] info: Client disconnected: 2QbO81naLjSzVKI4AITQ
Thu Jan 23 2025 15:0:32 } [PH] info: Client disconnected: 3PKe2UT8PemxbmpsAITR
Thu Jan 23 2025 15:0:32 } [PH] info: Client disconnected: It_KlJbzES2bQik2AITS
Thu Jan 23 2025 15:0:39 } [PH] info: Client disconnected: lzvlqBTi7Fn3iIHuAITk
Thu Jan 23 2025 15:0:39 } [PH] info: Client disconnected: 96Xwk5Jcv0fxNEJWAITl
Thu Jan 23 2025 15:0:39 } [PH] info: Client disconnected: VrwX_q__liUVyE86AITm
Thu Jan 23 2025 15:0:39 } [PH] info: Client disconnected: -OMYrfboo0EuY633AITn
Thu Jan 23 2025 15:0:39 } [PH] info: Client disconnected: crMosYLcBXna5PfAAITo
Thu Jan 23 2025 15:0:39 } [PH] info: Client disconnected: z4FgroRwwMZ71wuNAITp
Thu Jan 23 2025 15:0:39 } [PH] info: Client disconnected: R-zMjqs0Z1DJBgUsAITq
Thu Jan 23 2025 15:0:39 } [PH] info: Client disconnected: 23o4t41Ka7XuxrcqAITr
Thu Jan 23 2025 15:0:39 } [PH] info: Client disconnected: S3XdGbhowx7cKG4PAITs
Thu Jan 23 2025 15:0:39 } [PH] info: Client disconnected: S5vvL0heq2IHysYnAITt
Thu Jan 23 2025 15:0:39 } [PH] info: Client disconnected: bleexhVqX2F0kAx-AITu
Thu Jan 23 2025 15:0:39 } [PH] info: Client disconnected: -oNkwh4BjJgjYO2KAITv
Thu Jan 23 2025 15:0:39 } [PH] info: Client disconnected: ygb4DaaqnjC2y01DAITx
Thu Jan 23 2025 15:0:39 } [PH] info: Client disconnected: pc98UN7TrVtW0SwMAITw
Thu Jan 23 2025 15:0:39 } [PH] info: Client disconnected: 1WrxM99pOKI4fFr-AITz
Thu Jan 23 2025 15:0:39 } [PH] info: Client disconnected: 4eo8F_b7Dp7eMgZyAITy
Thu Jan 23 2025 15:0:39 } [PH] info: Client disconnected: d0tsFKFmLQ-cMSRrAIT0
Thu Jan 23 2025 15:0:39 } [PH] info: Client disconnected: fUsiQ7-GeX90KIsqAIT1
Thu Jan 23 2025 15:0:39 } [PH] info: Client disconnected: NzjV1lfAe5uT5J40AIT2
Thu Jan 23 2025 15:0:39 } [PH] info: Client disconnected: CXUEXcRN23KGJhNsAIT3
Thu Jan 23 2025 15:0:39 } [PH] info: Client disconnected: KLzDm3iZf9dykhEDAIT4
Thu Jan 23 2025 15:0:39 } [PH] info: Client disconnected: bCZng0untvmaYPKRAIT5
Thu Jan 23 2025 15:0:39 } [PH] info: Client disconnected: Q6gFLxdxUr-QNq9XAIT6
Thu Jan 23 2025 15:0:39 } [PH] info: Client disconnected: vSk_M7nhBGhnLMFeAIT7
Thu Jan 23 2025 15:0:39 } [PH] info: Client disconnected: q96Gpb8vUHGmgqkdAIT8
Thu Jan 23 2025 15:0:39 } [PH] info: Client disconnected: 64ZeiXkNbxF-_ieRAIT9
Thu Jan 23 2025 15:0:39 } [PH] info: Client disconnected: G6ce6ik6AxY76Ug-AIT-
Thu Jan 23 2025 15:0:39 } [PH] info: Client disconnected: N9QMdF_Vs29GHkf0AIT_
Thu Jan 23 2025 15:0:39 } [PH] info: Client disconnected: x0AWCRV49N1OWK3zAIUA
Thu Jan 23 2025 15:0:39 } [PH] info: Client disconnected: ZqKQ55JM7QLIVEaFAIUB
Thu Jan 23 2025 15:0:39 } [PH] info: Client disconnected: R9rCjGYuvajVw3V6AIUC
Thu Jan 23 2025 15:0:39 } [PH] info: Client disconnected: oKrETP7XlUZVIzFYAIUD
Thu Jan 23 2025 15:0:39 } [PH] info: Client disconnected: K4eZ8yT_luXfNqNWAIUE
Thu Jan 23 2025 15:0:39 } [PH] info: Client disconnected: AeOivGZGb8Axg8EYAIUF
Thu Jan 23 2025 15:0:39 } [PH] info: Client disconnected: yDCNUF7nAU-LpajtAIUG
Thu Jan 23 2025 15:0:39 } [PH] info: Client disconnected: fpAfeBLgZMzME5dcAIUI
Thu Jan 23 2025 15:0:39 } [PH] info: Client disconnected: Nj0s08qOzJIfymA_AIUJ
Thu Jan 23 2025 15:0:39 } [PH] info: Client disconnected: i1o92O0QSx2To7dnAIUK
Thu Jan 23 2025 15:0:39 } [PH] info: Client disconnected: nk27WvMuLoxZV2eDAIUL
Thu Jan 23 2025 15:0:39 } [PH] info: Client disconnected: BWgCngpQ9ZP1a94kAIUH
Thu Jan 23 2025 15:0:39 } [PH] info: Client disconnected: nIwj7exUbrYV3fcpAIUM
Thu Jan 23 2025 15:0:39 } [PH] info: Client disconnected: FA6oPcrQ-wRUO86XAIUN
Thu Jan 23 2025 15:0:39 } [PH] info: Client disconnected: _bz11Alg3FZ7NzeuAIUO
Thu Jan 23 2025 15:0:39 } [PH] info: Client disconnected: 3yeTzZODaGpdq5GRAIUP
Thu Jan 23 2025 15:0:58 } [PH] info: Client disconnected: uvagclayzmabytXXAIUk
Thu Jan 23 2025 15:0:58 } [PH] info: Client disconnected: _Y49fIyMspvkgQmFAIUl
Thu Jan 23 2025 15:0:58 } [PH] info: Client disconnected: qCky7SVF1ViDOa7VAIUm
Thu Jan 23 2025 15:0:58 } [PH] info: Client disconnected: -gPoM1v19GQWRiXsAIUn
Thu Jan 23 2025 15:0:58 } [PH] info: Client disconnected: iHPL7MEy0K-_zmEnAIUo
Thu Jan 23 2025 15:0:58 } [PH] info: Client disconnected: HWOWbEqM5ZhxmpdTAIUp
Thu Jan 23 2025 15:1:4 } [PH] info: Client disconnected: ERD2TlB05G1QyHcCAIVQ
Thu Jan 23 2025 15:1:4 } [PH] info: Client disconnected: zegQuVX4TeCoSbLEAIVR
Thu Jan 23 2025 15:1:4 } [PH] info: Client disconnected: _0D1dhz-qFZUGOd4AIVS
Thu Jan 23 2025 15:1:4 } [PH] info: Client disconnected: r3VpJQJIZzewRyPFAIVT
Thu Jan 23 2025 15:1:4 } [PH] info: Client disconnected: OtrcM0wcT5Kzme6uAIVU
Thu Jan 23 2025 15:1:23 } [PH] info: Client disconnected: H7DBsf2XqZBqT7U8AIV9
Thu Jan 23 2025 15:1:23 } [PH] info: Client disconnected: fNicXGpZqG__k7opAIV-
Thu Jan 23 2025 15:1:23 } [PH] info: Client disconnected: y4Y2P1Bsa0-jKr9UAIV_
Thu Jan 23 2025 15:1:23 } [PH] info: Client disconnected: AIIkk1e8VWaSq7nzAIWA
Thu Jan 23 2025 15:1:23 } [PH] info: Client disconnected: h8qD51cWCLQRyCUkAIWB
Thu Jan 23 2025 15:1:23 } [PH] info: Client disconnected: y97G4g8xMTs4btqHAIWC
Thu Jan 23 2025 15:1:23 } [PH] info: Client disconnected: W8U9K_iXgtsFYYUHAIWD
Thu Jan 23 2025 15:1:23 } [PH] info: Client disconnected: YvyXDrMK0thDWNvwAIWE
Thu Jan 23 2025 15:1:23 } [PH] info: Client disconnected: d1BOJ0N1SnUTGyEGAIWF
Thu Jan 23 2025 15:1:23 } [PH] info: Client disconnected: NiSbSrsyDqqavbqFAIWH
Thu Jan 23 2025 15:1:23 } [PH] info: Client disconnected: HQnJsIV6blGWmhE8AIWG
Thu Jan 23 2025 15:1:23 } [PH] info: Client disconnected: gnAfCG1K2EwLVSM-AIWI
Thu Jan 23 2025 15:1:23 } [PH] info: Client disconnected: OZivd34SoVpMMDedAIWJ
Thu Jan 23 2025 15:1:23 } [PH] info: Client disconnected: aRIXH9l6pX7V4OKOAIWK
Thu Jan 23 2025 15:1:23 } [PH] info: Client disconnected: LG97fDM4dCf7KCQfAIWL
Thu Jan 23 2025 15:1:23 } [PH] info: Client disconnected: F5pnVPBUo8FHU_nYAIWM
Thu Jan 23 2025 15:1:23 } [PH] info: Client disconnected: McTI1d4OTQgBJF4VAIWN
Thu Jan 23 2025 15:1:23 } [PH] info: Client disconnected: FHgxsI9Uf2tMqPDtAIWO
Thu Jan 23 2025 15:1:23 } [PH] info: Client disconnected: AXjzvEc6X0kMvCs-AIMN
Thu Jan 23 2025 15:1:23 } [PH] info: Client disconnected: _Y9u2o2v8zLEYgPaAIMO
Thu Jan 23 2025 15:1:23 } [PH] info: Client disconnected: P7AKOWbHl-Ze0dXrAIUj
Thu Jan 23 2025 15:1:29 } [PH] info: Client disconnected: hwjc12Z7v6zUVZYQAIV0
Thu Jan 23 2025 15:1:29 } [PH] info: Client disconnected: zfmuHksw1QNPaDP0AIV1
Thu Jan 23 2025 15:1:30 } [PH] info: Client disconnected: OlaYOcyq_Q6y8TP0AIWt
Thu Jan 23 2025 15:1:30 } [PH] info: Client disconnected: upEqZBSUvk0okhB4AIWu
Thu Jan 23 2025 15:1:30 } [PH] info: Client disconnected: f1hARiRwD6Jbhv69AIWv
Thu Jan 23 2025 15:1:30 } [PH] info: Client disconnected: OmynQ0vMmj51TJ4_AIWw
Thu Jan 23 2025 15:1:30 } [PH] info: Client disconnected: 8VYTv0iEr3_hDXmJAIWx
Thu Jan 23 2025 15:1:30 } [PH] info: Client disconnected: Sa6LFBEsonZzf8CLAIWy
Thu Jan 23 2025 15:1:48 } [PH] info: Client disconnected: BopipfA9mHZlSOZUAIYU
Thu Jan 23 2025 15:1:48 } [PH] info: Client disconnected: Nx0B4RggcccsyvENAIYV
Thu Jan 23 2025 15:1:48 } [PH] info: Client disconnected: MyPjzyoxPdOdrXT8AIYW
Thu Jan 23 2025 15:1:55 } [PH] info: Client disconnected: 5GTeQD2CITDaRq0NAIYK
Thu Jan 23 2025 15:1:55 } [PH] info: Client disconnected: P6vS5IGjW3Eqs1UjAIYx
Thu Jan 23 2025 15:1:55 } [PH] info: Client disconnected: E1w6aEtXkflxe1fvAIYL
Thu Jan 23 2025 15:1:55 } [PH] info: Client disconnected: qoPhRFbaEnkFKOL7AIYM
Thu Jan 23 2025 15:1:55 } [PH] info: Client disconnected: bcs8kAchDECbPbUaAIYy
Thu Jan 23 2025 15:1:55 } [PH] info: Client disconnected: KDX430AUBqee3EbpAIYp
Thu Jan 23 2025 15:1:55 } [PH] info: Client disconnected: mNVvlD_p8h1OiorQAIYq
Thu Jan 23 2025 15:1:55 } [PH] info: Client disconnected: pjpy_XXSSHd-IbXdAIYr
Thu Jan 23 2025 15:1:55 } [PH] info: Client disconnected: nH7vFNm-KROr20QPAIYs
Thu Jan 23 2025 15:1:55 } [PH] info: Client disconnected: HLlAFeFEZr6POVJJAIYt
Thu Jan 23 2025 15:1:55 } [PH] info: Client disconnected: 80j59bn3RtA8TPAIAIYu
Thu Jan 23 2025 15:1:55 } [PH] info: Client disconnected: 1MyQl_37Cp1OGOipAIYv
Thu Jan 23 2025 15:1:55 } [PH] info: Client disconnected: PO8MPnLzvt48Sf66AIYw
Thu Jan 23 2025 15:1:55 } [PH] info: Client disconnected: lpm4pwmX0J4DexQTAIYz
Thu Jan 23 2025 15:1:55 } [PH] info: Client disconnected: v4iT0cOAds4ryaVgAIY0
Thu Jan 23 2025 15:1:55 } [PH] info: Client disconnected: TTYrIsAaxyqhZ4uEAIY1
Thu Jan 23 2025 15:1:55 } [PH] info: Client disconnected: smuRbihSyMGdoEa2AIY2
Thu Jan 23 2025 15:1:55 } [PH] info: Client disconnected: vYknbvnKcqCJMcDHAIY3
Thu Jan 23 2025 15:1:55 } [PH] info: Client disconnected: GUBF0h6vRdjRz7K-AIY4
Thu Jan 23 2025 15:1:55 } [PH] info: Client disconnected: OLpjfhvUW4M5u7IHAIY5
Thu Jan 23 2025 15:1:55 } [PH] info: Client disconnected: ar4Uu930KeLgjdiJAIY6
Thu Jan 23 2025 15:1:55 } [PH] info: Client disconnected: bp9tx0Z-JWF9NKWfAIY7
Thu Jan 23 2025 15:1:55 } [PH] info: Client disconnected: 59mM1lliBCmMFhh1AIY8
Thu Jan 23 2025 15:1:55 } [PH] info: Client disconnected: GQr7RKp4-Us6EbDeAIY9
Thu Jan 23 2025 15:1:55 } [PH] info: Client disconnected: hNYa59tPrBJLfNeiAIY_
Thu Jan 23 2025 15:1:55 } [PH] info: Client disconnected: lN63GtL5u3ABqZAsAIZB
Thu Jan 23 2025 15:1:55 } [PH] info: Client disconnected: LWuQCpYBiv-lIbuiAIZA
Thu Jan 23 2025 15:1:55 } [PH] info: Client disconnected: YvNlCsP_BAcec5FPAIY-
Thu Jan 23 2025 15:1:55 } [PH] info: Client disconnected: 3DfjUGlBzwIYhy5VAIZC
Thu Jan 23 2025 15:1:55 } [PH] info: Client disconnected: QKninsMl4FH7JVP-AIZD
Thu Jan 23 2025 15:1:55 } [PH] info: Client disconnected: _wh265NtOdtkPk62AIZE
Thu Jan 23 2025 15:1:55 } [PH] info: Client disconnected: yTAXm1ig0FZ1cFAGAIZF
Thu Jan 23 2025 15:1:55 } [PH] info: Client disconnected: wsuQxOG-kbCE1U-tAIZG
Thu Jan 23 2025 15:1:55 } [PH] info: Client disconnected: AXKhBBHfQ___R4QAAIZH
Thu Jan 23 2025 15:1:55 } [PH] info: Client disconnected: veYgm0vT8K1gGOnpAIZI
Thu Jan 23 2025 15:1:55 } [PH] info: Client disconnected: CjQW9D781jE9YpybAIZJ
Thu Jan 23 2025 15:1:55 } [PH] info: Client disconnected: bftaqLGwefEKzM_DAIZK
Thu Jan 23 2025 15:1:55 } [PH] info: Client disconnected: t6T9vi9wLyaj5t8zAIZL
Thu Jan 23 2025 15:1:55 } [PH] info: Client disconnected: M0K90XnnV2EJqHnPAIZM
Thu Jan 23 2025 15:1:55 } [PH] info: Client disconnected: rBkTZ5xaudEME-LlAIZN
Thu Jan 23 2025 15:1:55 } [PH] info: Client disconnected: AfbR9_Sj03AjGd9eAIZO
Thu Jan 23 2025 15:1:55 } [PH] info: Client disconnected: 4iXlOoD5eXUqMuKFAIZP
Thu Jan 23 2025 15:1:55 } [PH] info: Client disconnected: Iqdf6cZmJ4cfFaTIAIZQ
Thu Jan 23 2025 15:1:55 } [PH] info: Client disconnected: MsmkSy7k1pNhTTvMAIZR
Thu Jan 23 2025 15:1:55 } [PH] info: Client disconnected: a9TjIP7GJg8dBZC9AIZS
Thu Jan 23 2025 15:1:55 } [PH] info: Client disconnected: L9LnQQYjncmhA4ikAIZT
Thu Jan 23 2025 15:1:55 } [PH] info: Client disconnected: YrPCQlv8HzsoF-33AIZU
Thu Jan 23 2025 15:1:55 } [PH] info: Client disconnected: fnk7KhIX-ErNo0aKAIZV
Thu Jan 23 2025 15:1:55 } [PH] info: Client disconnected: Ho4HhuY3_NNbt5AlAIZW
Thu Jan 23 2025 15:1:55 } [PH] info: Client disconnected: e1wOOUBxp9R2NBrzAIZX
Thu Jan 23 2025 15:1:55 } [PH] info: Client disconnected: jGnY2kKz_JHzPl9sAIZY
Thu Jan 23 2025 15:1:55 } [PH] info: Client disconnected: R_vm8pMDDEYChh3SAIZZ
Thu Jan 23 2025 15:1:55 } [PH] info: Client disconnected: TbDJWzO0qnMYh6p0AIZa
Thu Jan 23 2025 15:1:55 } [PH] info: Client disconnected: s_cxLjCVRZkjlBM_AIZb
Thu Jan 23 2025 15:1:55 } [PH] info: Client disconnected: APCS56AhgghmhmTwAIZc
Thu Jan 23 2025 15:1:55 } [PH] info: Client disconnected: g5NAO2KMWQUOCcepAIMI
Thu Jan 23 2025 15:2:13 } [PH] info: Client disconnected: HftghcxPZJTjbrm4AIZy
Thu Jan 23 2025 15:2:13 } [PH] info: Client disconnected: HcHltROL6qMQbK7SAIZz
Thu Jan 23 2025 15:2:13 } [PH] info: Client disconnected: uLuJrKWEZMmdlq3ZAIZ0
Thu Jan 23 2025 15:2:13 } [PH] info: Client disconnected: g0u0kvhKCt3qgCmzAIZ1
Thu Jan 23 2025 15:2:13 } [PH] info: Client disconnected: MopaISG-SRGgi4CXAIZ2
Thu Jan 23 2025 15:2:13 } [PH] info: Client disconnected: _vv-vycPlcOqmm_YAIZ3
Thu Jan 23 2025 15:2:13 } [PH] info: Client disconnected: dSt5qYqc2l_CUhF7AIZ4
Thu Jan 23 2025 15:2:13 } [PH] info: Client disconnected: nDP9C9QQDKH6rnpwAIZ5
Thu Jan 23 2025 15:2:20 } [PH] info: Client disconnected: qRo3oP2Ly3LusS2QAIak
Thu Jan 23 2025 15:2:20 } [PH] info: Client disconnected: 9UgXhJIMiL1TOFOwAIal
Thu Jan 23 2025 15:2:20 } [PH] info: Client disconnected: L2eOdL7ccblKgc8tAIam
Thu Jan 23 2025 15:2:20 } [PH] info: Client disconnected: eAbcGPUu9YHXB76fAIan
Thu Jan 23 2025 15:2:20 } [PH] info: Client disconnected: z6Y4nisRqeREusBSAIao
Thu Jan 23 2025 15:2:20 } [PH] info: Client disconnected: xP0TPnHuBYelj5kaAIap
Thu Jan 23 2025 15:2:20 } [PH] info: Client disconnected: mNsuot3yOYK7Eu72AIaq
Thu Jan 23 2025 15:2:20 } [PH] info: Client disconnected: iymWFnLeAwYyX0IkAIar
Thu Jan 23 2025 15:2:20 } [PH] info: Client disconnected: rmWdtnMTtQDWSAueAIYn
Thu Jan 23 2025 15:2:20 } [PH] info: Client disconnected: WSTcYMTQxd3gWYSMAH_O
Thu Jan 23 2025 15:2:20 } [PH] info: Client disconnected: YOCpBnFraBD7q8i_AIYo
Thu Jan 23 2025 15:2:38 } [PH] info: Client disconnected: 6ghSxWCdZlRnmSh5AIbA
Thu Jan 23 2025 15:2:38 } [PH] info: Client disconnected: OLYUZ2qJoBYefu1FAIbB
Thu Jan 23 2025 15:2:38 } [PH] info: Client disconnected: f1QQBIod3J13sQhOAIbC
Thu Jan 23 2025 15:2:38 } [PH] info: Client disconnected: rcPtdZGq7Ge7a2yzAIbD
Thu Jan 23 2025 15:2:38 } [PH] info: Client disconnected: _3065WiqA93dwkLvAIbE
Thu Jan 23 2025 15:2:38 } [PH] info: Client disconnected: jQzTK-Viptd3SxYAAIbF
Thu Jan 23 2025 15:2:38 } [PH] info: Client disconnected: 7urBXQgsjkz9gpolAIbG
Thu Jan 23 2025 15:2:38 } [PH] info: Client disconnected: aA-A6NQHuTEiWsOzAIbH
Thu Jan 23 2025 15:2:38 } [PH] info: Client disconnected: liotwOAAMD8zfKXTAIbI
Thu Jan 23 2025 15:2:38 } [PH] info: Client disconnected: WQfbkayMEQh7MBsEAIbJ
Thu Jan 23 2025 15:2:38 } [PH] info: Client disconnected: g9oN7zCDREuBjfoJAIbK
Thu Jan 23 2025 15:2:38 } [PH] info: Client disconnected: 91kPiJYDYt_Hg_xEAIbL
Thu Jan 23 2025 15:2:38 } [PH] info: Client disconnected: 4dGJlcHTLBpuhDB9AIbM
Thu Jan 23 2025 15:2:38 } [PH] info: Client disconnected: 5MWDj9RSNWTQMO3cAIbN
Thu Jan 23 2025 15:2:38 } [PH] info: Client disconnected: ghq31ig3QcXNYZVLAIbO
Thu Jan 23 2025 15:2:38 } [PH] info: Client disconnected: S9Mm_224xmGH9ewLAIbP
Thu Jan 23 2025 15:2:38 } [PH] info: Client disconnected: w_BVg5ZpvvblrOqOAIbQ
Thu Jan 23 2025 15:2:38 } [PH] info: Client disconnected: 2qsN84iuKyxZ7trOAIbR
Thu Jan 23 2025 15:2:38 } [PH] info: Client disconnected: JXVfiCJSAp2pYVePAIbS
Thu Jan 23 2025 15:2:38 } [PH] info: Client disconnected: 9UR5JZCx2oepftyyAIbT
Thu Jan 23 2025 15:2:38 } [PH] info: Client disconnected: fk0L2gGNyz7U9hQ1AIbU
Thu Jan 23 2025 15:2:45 } [PH] info: Client disconnected: B2l2eThwRYXN9PryAIbe
Thu Jan 23 2025 15:2:45 } [PH] info: Client disconnected: iaNfc2qpVzVHSISsAIbf
Thu Jan 23 2025 15:2:45 } [PH] info: Client disconnected: 2iILGQe95NdbFwERAIbg
Thu Jan 23 2025 15:2:45 } [PH] info: Client disconnected: FIiwD8huWAFZ_zzvAIbh
Thu Jan 23 2025 15:3:3 } [PH] info: Client disconnected: oUdyB5O_uJnxfLVWAIc_
Thu Jan 23 2025 15:3:3 } [PH] info: Client disconnected: Z6NCKtBzzdzjEK6fAIdA
Thu Jan 23 2025 15:3:3 } [PH] info: Client disconnected: 5pJuETzvFX2qjKfrAIdB
Thu Jan 23 2025 15:3:3 } [PH] info: Client disconnected: OAMpMhkDJSOkAE4hAIdC
Thu Jan 23 2025 15:3:3 } [PH] info: Client disconnected: U4Vrn6t2ZWJ_dzi9AIdD
Thu Jan 23 2025 15:3:3 } [PH] info: Client disconnected: Vfk3fZaP4ZKMN8DqAIdE
Thu Jan 23 2025 15:3:10 } [PH] info: Client disconnected: NQHzQbe-zNUSyCM5AIdS
Thu Jan 23 2025 15:3:10 } [PH] info: Client disconnected: rV2tPP1RKtjaPJE0AIdT
Thu Jan 23 2025 15:3:10 } [PH] info: Client disconnected: jjXSuJp6sQRT-9mzAIdU
Thu Jan 23 2025 15:3:10 } [PH] info: Client disconnected: B81DplYsywRQbzkyAIdV
Thu Jan 23 2025 15:3:11 } [PH] info: Client disconnected: OcaGdovE0g5jdeiUAIdW
Thu Jan 23 2025 15:3:11 } [PH] info: Client disconnected: Yz4CXQDaEid2PvbTAIdX
Thu Jan 23 2025 15:3:11 } [PH] info: Client disconnected: T9ahcqP7GVrbsX2lAIdY
Thu Jan 23 2025 15:3:11 } [PH] info: Client disconnected: F0TuYsxEU77oP8pBAIdZ
Thu Jan 23 2025 15:3:11 } [PH] info: Client disconnected: NKl_mGgKUjaqrTsoAIda
Thu Jan 23 2025 15:3:11 } [PH] info: Client disconnected: 1NZm8FsAu-ODV6NRAIdb
Thu Jan 23 2025 15:3:11 } [PH] info: Client disconnected: wpjV6uX8iy9lpQigAIdc
Thu Jan 23 2025 15:3:11 } [PH] info: Client disconnected: 5Z5UEoL7X73kzwnAAIdd
Thu Jan 23 2025 15:3:11 } [PH] info: Client disconnected: YR7TCGEXge7Vix2cAIde
Thu Jan 23 2025 15:3:11 } [PH] info: Client disconnected: iHEkZnyrj_mJywjOAIdf
Thu Jan 23 2025 15:3:11 } [PH] info: Client disconnected: JwHv-AhWWacSxyQpAIdg
Thu Jan 23 2025 15:3:11 } [PH] info: Client disconnected: Hu7G0xjNpeFqqoBJAIdh
Thu Jan 23 2025 15:3:11 } [PH] info: Client disconnected: 4PUFnn2Brspe03KGAIdi
Thu Jan 23 2025 15:3:11 } [PH] info: Client disconnected: k_lclLNbqrmnCYaFAIdj
Thu Jan 23 2025 15:3:11 } [PH] info: Client disconnected: DCcc6Po3nCuiby1TAIdk
Thu Jan 23 2025 15:3:11 } [PH] info: Client disconnected: D7RfFeA6-Lt8wZJhAIdl
Thu Jan 23 2025 15:3:11 } [PH] info: Client disconnected: bXud9k_Kgs5Y5tseAIdm
Thu Jan 23 2025 15:3:11 } [PH] info: Client disconnected: dyQzD-9OMY4HMCk-AIdn
Thu Jan 23 2025 15:3:11 } [PH] info: Client disconnected: ivc9QH0YXMp-_KWiAIdo
Thu Jan 23 2025 15:3:11 } [PH] info: Client disconnected: g8HBjPkf-VtZJiDLAIdp
Thu Jan 23 2025 15:3:11 } [PH] info: Client disconnected: _N3c5nZpGF6RI-CdAIdq
Thu Jan 23 2025 15:3:11 } [PH] info: Client disconnected: NCyB6B6mGgDykWudAIdr
Thu Jan 23 2025 15:3:11 } [PH] info: Client disconnected: l0O-HVCX6mIz4XOJAIds
Thu Jan 23 2025 15:3:11 } [PH] info: Client disconnected: pWCtaQ530kMeZfreAIdt
Thu Jan 23 2025 15:3:11 } [PH] info: Client disconnected: ASB0RTM0pfPXuWfiAIdu
Thu Jan 23 2025 15:3:11 } [PH] info: Client disconnected: 98OUGN4sjSj4tOjfAIdv
Thu Jan 23 2025 15:3:29 } [PH] info: Client disconnected: WFIbtv4Vo6ZbtuDlAIew
Thu Jan 23 2025 15:3:29 } [PH] info: Client disconnected: 11-lMlqQXbPPVHm9AIex
Thu Jan 23 2025 15:3:29 } [PH] info: Client disconnected: PK8UsU0pLp1BTlQTAIeu
Thu Jan 23 2025 15:3:36 } [PH] info: Client disconnected: 7NToq1pD5iKCQfPpAIff
Thu Jan 23 2025 15:3:36 } [PH] info: Client disconnected: 8ciocxhHfOcYtKo8AIfg
Thu Jan 23 2025 15:3:36 } [PH] info: Client disconnected: lf5nN6PsiXzMAhieAIfh
Thu Jan 23 2025 15:3:36 } [PH] info: Client disconnected: uyGzBQVnSNGd1gInAIfi
Thu Jan 23 2025 15:3:36 } [PH] info: Client disconnected: Z_1YzMciDCSP1M42AIfj
Thu Jan 23 2025 15:3:36 } [PH] info: Client disconnected: KFYU9mfSyINVaMfpAIfk
Thu Jan 23 2025 15:3:36 } [PH] info: Client disconnected: aKxPyPX9wQv2zH6pAIfl
Thu Jan 23 2025 15:3:36 } [PH] info: Client disconnected: XRDiqt-d63NzX9wfAIfm
Thu Jan 23 2025 15:3:36 } [PH] info: Client disconnected: NYTp-Yg9ahW_DzBjAIfn
Thu Jan 23 2025 15:3:36 } [PH] info: Client disconnected: _U7H0sBmTwKLfG0XAIfo
Thu Jan 23 2025 15:3:36 } [PH] info: Client disconnected: uxMhjESewUtMHjyCAIfp
Thu Jan 23 2025 15:3:36 } [PH] info: Client disconnected: XZAPnlj9QxriMNG6AIfq
Thu Jan 23 2025 15:3:36 } [PH] info: Client disconnected: pDUpCZgGoFBgTvFcAIfr
Thu Jan 23 2025 15:3:36 } [PH] info: Client disconnected: NFEoot2z1_DwNvP5AIfs
Thu Jan 23 2025 15:3:36 } [PH] info: Client disconnected: iFE3cUPEbfsvV0PXAIft
Thu Jan 23 2025 15:3:36 } [PH] info: Client disconnected: bbG9BrrXWVitbvZ_AIfu
Thu Jan 23 2025 15:3:36 } [PH] info: Client disconnected: 5uwsgQWXWjPKoWDmAIfv
Thu Jan 23 2025 15:3:36 } [PH] info: Client disconnected: SyhhRlu-s55QX3zpAIfx
Thu Jan 23 2025 15:3:36 } [PH] info: Client disconnected: g2FCXJoSqOBAVGumAIfy
Thu Jan 23 2025 15:3:36 } [PH] info: Client disconnected: 1-MW-JH7MdqXVJVfAIfz
Thu Jan 23 2025 15:3:36 } [PH] info: Client disconnected: Kz661SYnD_Bj-wqdAIf0
Thu Jan 23 2025 15:3:36 } [PH] info: Client disconnected: Uc7Seyit1ezePsncAIf1
Thu Jan 23 2025 15:3:36 } [PH] info: Client disconnected: 31HqA_BmnFZyHBBhAIf2
Thu Jan 23 2025 15:3:36 } [PH] info: Client disconnected: I2oU8OBJJY_TdSAzAIf3
Thu Jan 23 2025 15:3:36 } [PH] info: Client disconnected: DgiHpXVf_uMxhnVoAIf4
Thu Jan 23 2025 15:3:36 } [PH] info: Client disconnected: HALiFsdnahZaOqGnAIf5
Thu Jan 23 2025 15:3:36 } [PH] info: Client disconnected: in1VDLc-N9VQWeZ6AIf6
Thu Jan 23 2025 15:3:36 } [PH] info: Client disconnected: blO2Oph4ffzAKkatAIf7
Thu Jan 23 2025 15:3:36 } [PH] info: Client disconnected: 8Qm0ajxi0f093LQrAIf8
Thu Jan 23 2025 15:3:36 } [PH] info: Client disconnected: EhjrQYl6N0M8_P4SAIf9
Thu Jan 23 2025 15:3:36 } [PH] info: Client disconnected: NJJnxihouMkFARsiAIf-
Thu Jan 23 2025 15:3:36 } [PH] info: Client disconnected: poar1d1gDaKIn3fDAIf_
Thu Jan 23 2025 15:3:36 } [PH] info: Client disconnected: QX6mvBgYinJ1Mxj-AIgA
Thu Jan 23 2025 15:3:36 } [PH] info: Client disconnected: qV72Xe8kgWsXsdb9AIgB
Thu Jan 23 2025 15:3:36 } [PH] info: Client disconnected: dnnckfGzoNDa8ll_AIgC
Thu Jan 23 2025 15:3:36 } [PH] info: Client disconnected: xs1M4_KCWX1U6ix4AIgD
Thu Jan 23 2025 15:3:36 } [PH] info: Client disconnected: Fp3JY3qCUn-56jxTAIgE
Thu Jan 23 2025 15:3:36 } [PH] info: Client disconnected: keFngqTsTB0mEAr4AIgF
Thu Jan 23 2025 15:3:36 } [PH] info: Client disconnected: WrnExKyjRkBF2ZxCAIgG
Thu Jan 23 2025 15:3:54 } [PH] info: Client disconnected: RZGADQ118y-fOXi7AIgs
Thu Jan 23 2025 15:3:54 } [PH] info: Client disconnected: uTN_HtfCd3PAtIJqAIgt
Thu Jan 23 2025 15:3:54 } [PH] info: Client disconnected: SDausaA18BUjsDWPAIgh
Thu Jan 23 2025 15:3:54 } [PH] info: Client disconnected: O_viCaN4KMzxE4u_AIgi
Thu Jan 23 2025 15:3:54 } [PH] info: Client disconnected: Ioogw2A9xSq-qtXIAIgj
Thu Jan 23 2025 15:3:54 } [PH] info: Client disconnected: OnlJLDPePV6U4WZdAIgk
Thu Jan 23 2025 15:3:54 } [PH] info: Client disconnected: TCa9axuOCDlORaKvAIgl
Thu Jan 23 2025 15:3:54 } [PH] info: Client disconnected: OtFs8EQaCnC8tAqYAIgm
Thu Jan 23 2025 15:3:54 } [PH] info: Client disconnected: ahNnHYagD0p8vCoaAIgn
Thu Jan 23 2025 15:3:54 } [PH] info: Client disconnected: aqm0HEQXwcu4srewAIgo
Thu Jan 23 2025 15:3:54 } [PH] info: Client disconnected: 60MJvzaNNIBaEBFfAIgp
Thu Jan 23 2025 15:3:54 } [PH] info: Client disconnected: eC5PMI6wuM28w20EAIgq
Thu Jan 23 2025 15:3:54 } [PH] info: Client disconnected: AH8EMRpj4XxeYoILAIgr
Thu Jan 23 2025 15:3:54 } [PH] info: Client disconnected: _KHJJjcfghoz0rHWAIgu
Thu Jan 23 2025 15:3:54 } [PH] info: Client disconnected: QJi7pnxYnhJSbZKQAIgv
Thu Jan 23 2025 15:3:54 } [PH] info: Client disconnected: j-u1CmFt69-SjGVPAIgw
Thu Jan 23 2025 15:3:54 } [PH] info: Client disconnected: 0b7n_Xvr6jzI32xcAIgx
Thu Jan 23 2025 15:3:54 } [PH] info: Client disconnected: 8n08XShWfqGwyWtNAIgy
Thu Jan 23 2025 15:3:54 } [PH] info: Client disconnected: T-VIfFdN0R4b9CwIAIgz
Thu Jan 23 2025 15:3:54 } [PH] info: Client disconnected: bUUsBaNeY-2Eg0hxAIg0
Thu Jan 23 2025 15:3:54 } [PH] info: Client disconnected: fnRfXCWcR4q33SSXAIg1
Thu Jan 23 2025 15:3:54 } [PH] info: Client disconnected: kOiJnlZ-3Fh0UzZ7AIg2
Thu Jan 23 2025 15:3:54 } [PH] info: Client disconnected: LxXpSayHs1Nmi8PFAHrd
Thu Jan 23 2025 15:3:54 } [PH] info: Client disconnected: dw2G_ppV0SwXNkwSAIet
Thu Jan 23 2025 15:3:54 } [PH] info: Client disconnected: LmblVKVcQYeSyJo-AIev
Thu Jan 23 2025 15:4:1 } [PH] info: Client disconnected: kVy_38uIOcgxlogZAIhD
Thu Jan 23 2025 15:4:1 } [PH] info: Client disconnected: aB7S2kDVZNnoKjglAIhE
Thu Jan 23 2025 15:4:1 } [PH] info: Client disconnected: JfMIpgXjctvymLgKAIhF
Thu Jan 23 2025 15:4:1 } [PH] info: Client disconnected: 9p29nwGCUOC3OAoyAIhG
Thu Jan 23 2025 15:4:1 } [PH] info: Client disconnected: CFhbBXYJQyroKvbsAIhH
Thu Jan 23 2025 15:4:1 } [PH] info: Client disconnected: oSMcCACbG2gdPTkfAIhI
Thu Jan 23 2025 15:4:19 } [PH] info: Client disconnected: 9gL6lYsvcnoREL9qAIiH
Thu Jan 23 2025 15:4:19 } [PH] info: Client disconnected: wvXzZoJBGISTSJK-AIiI
Thu Jan 23 2025 15:4:19 } [PH] info: Client disconnected: wrkjDAG2cL4brXckAIiJ
Thu Jan 23 2025 15:4:19 } [PH] info: Client disconnected: HR8WAP-sg-BFmz6uAIiK
Thu Jan 23 2025 15:4:19 } [PH] info: Client disconnected: _6A5z-KM5MoZjltRAIiL
Thu Jan 23 2025 15:4:19 } [PH] info: Client disconnected: Iv5dIkwZGgLvk-xqAIiM
Thu Jan 23 2025 15:4:26 } [PH] info: Client disconnected: 2qa9Cuf3Oq5cVlaJAIiU
Thu Jan 23 2025 15:4:26 } [PH] info: Client disconnected: doDdD2ZLbfvlI2vtAIiV
Thu Jan 23 2025 15:4:26 } [PH] info: Client disconnected: b6jptCCFL5GW5euvAIiW
Thu Jan 23 2025 15:4:26 } [PH] info: Client disconnected: -Z8_sd-pUacUEbZGAIiX
Thu Jan 23 2025 15:4:26 } [PH] info: Client disconnected: i-uHWTBwZ4YL4_2RAIiY
Thu Jan 23 2025 15:4:26 } [PH] info: Client disconnected: vqT4ksYC1ozwgHs9AIiZ
Thu Jan 23 2025 15:4:26 } [PH] info: Client disconnected: YQ_ZhPEKazQxe4HDAIia
Thu Jan 23 2025 15:4:26 } [PH] info: Client disconnected: AmbPUjqacUm68W5EAIib
Thu Jan 23 2025 15:4:26 } [PH] info: Client disconnected: dD-NpfOcw1QJXXtAAIic
Thu Jan 23 2025 15:4:26 } [PH] info: Client disconnected: wLhDLJ-uha4mZJ1GAIid
Thu Jan 23 2025 15:4:26 } [PH] info: Client disconnected: A93LNR77wI5A2fWtAIie
Thu Jan 23 2025 15:4:26 } [PH] info: Client disconnected: no-yyIhdfD5jrFMfAIif
Thu Jan 23 2025 15:4:26 } [PH] info: Client disconnected: oJOMykPCblOTK_25AIig
Thu Jan 23 2025 15:4:26 } [PH] info: Client disconnected: EYe5_MJmQXxnNA7PAIih
Thu Jan 23 2025 15:4:26 } [PH] info: Client disconnected: bpQRGXR6Tjfb_dw1AIii
Thu Jan 23 2025 15:4:26 } [PH] info: Client disconnected: 1egvWmvN9CK_vPsKAIij
Thu Jan 23 2025 15:4:26 } [PH] info: Client disconnected: uudEezAWo12L41Q8AIik
Thu Jan 23 2025 15:4:26 } [PH] info: Client disconnected: REZhB8LTOKpUAHa3AIil
Thu Jan 23 2025 15:4:26 } [PH] info: Client disconnected: ACYn0mDLntacu7jUAIim
Thu Jan 23 2025 15:4:26 } [PH] info: Client disconnected: 2cdRjpL3mebZcNntAIin
Thu Jan 23 2025 15:4:26 } [PH] info: Client disconnected: H3rNQGGJgWtQECd9AIio
Thu Jan 23 2025 15:4:26 } [PH] info: Client disconnected: oBHT3ftVe1HHvLiWAIip
Thu Jan 23 2025 15:4:26 } [PH] info: Client disconnected: 6wqi6fU3x1XWW0OuAIiq
Thu Jan 23 2025 15:4:26 } [PH] info: Client disconnected: XJMNXJxDHg7EGp3CAIir
Thu Jan 23 2025 15:4:26 } [PH] info: Client disconnected: jVB5lZ4N8YGPznXoAIis
Thu Jan 23 2025 15:4:26 } [PH] info: Client disconnected: lC50KtBJr5jgLfuBAIit
Thu Jan 23 2025 15:4:26 } [PH] info: Client disconnected: TjZWuyCC9PAoGyRaAIiu
Thu Jan 23 2025 15:4:26 } [PH] info: Client disconnected: 4nRopZzN5_jn5vm4AIiv
Thu Jan 23 2025 15:4:26 } [PH] info: Client disconnected: jLgUNMS8ALqsxwHLAIiw
Thu Jan 23 2025 15:4:44 } [PH] info: Client disconnected: ZMaGhvtjLL1e8VERAIjk
Thu Jan 23 2025 15:4:44 } [PH] info: Client disconnected: XNDOdCLmfeAUNY7XAIjl
Thu Jan 23 2025 15:4:44 } [PH] info: Client disconnected: Bv74ujCp2rv_bGOLAIjm
Thu Jan 23 2025 15:4:44 } [PH] info: Client disconnected: HeMqhwmnHJ8TKlWWAIjn
Thu Jan 23 2025 15:4:52 } [PH] info: Client disconnected: 2Od1bcsdTKMIIWQ7AIkm
Thu Jan 23 2025 15:4:52 } [PH] info: Client disconnected: YbOwi4SyEKGtMEikAIkn
Thu Jan 23 2025 15:4:52 } [PH] info: Client disconnected: T6qV2sG2D-O0tkUGAIko
Thu Jan 23 2025 15:4:52 } [PH] info: Client disconnected: -_Es-naDhJV28uwvAIkp
Thu Jan 23 2025 15:4:52 } [PH] info: Client disconnected: bvRlzys6nIsh7ByMAIkq
Thu Jan 23 2025 15:4:52 } [PH] info: Client disconnected: G5lIBTZA0gXgpgC9AIkr
Thu Jan 23 2025 15:4:52 } [PH] info: Client disconnected: 0ddXT0wtmYxMX6roAIks
Thu Jan 23 2025 15:4:52 } [PH] info: Client disconnected: kEq-wgnd-1Oe_b9hAIkt
Thu Jan 23 2025 15:5:9 } [PH] info: Client disconnected: GTMboqVfxpPN27GzAIlI
Thu Jan 23 2025 15:5:9 } [PH] info: Client disconnected: QKH_qZuZadUHBnmlAIlJ
Thu Jan 23 2025 15:5:9 } [PH] info: Client disconnected: sQOogq_ZN7Ny-KCKAIlK
Thu Jan 23 2025 15:5:9 } [PH] info: Client disconnected: RM63oAY0MSXoBA4yAIlL
Thu Jan 23 2025 15:5:9 } [PH] info: Client disconnected: eYlqk-214jIhipd-AIlM
Thu Jan 23 2025 15:5:9 } [PH] info: Client disconnected: ObwGx7xjtVdITkJsAIlN
Thu Jan 23 2025 15:5:9 } [PH] info: Client disconnected: Bzp41_Ql91XWVXKYAIlO
Thu Jan 23 2025 15:5:9 } [PH] info: Client disconnected: jxKjzrKQn3mkGxZ-AIlP
Thu Jan 23 2025 15:5:9 } [PH] info: Client disconnected: _acjh7nNJXJh4Hf0AIlQ
Thu Jan 23 2025 15:5:9 } [PH] info: Client disconnected: DIc52d558_Ao6HadAIlR
Thu Jan 23 2025 15:5:9 } [PH] info: Client disconnected: j_GEf_0htqQKhUf9AIlS
Thu Jan 23 2025 15:5:9 } [PH] info: Client disconnected: vIG6049S7SEXT_K-AIlT
Thu Jan 23 2025 15:5:9 } [PH] info: Client disconnected: UJzDYRZmPyjJ3hH8AIlU
Thu Jan 23 2025 15:5:9 } [PH] info: Client disconnected: kJ05d0yiCB9LzYU-AIlV
Thu Jan 23 2025 15:5:17 } [PH] info: Client disconnected: IO27QMHCM1TSWk-nAIls
Thu Jan 23 2025 15:5:17 } [PH] info: Client disconnected: fpMxq7eamwL--l6uAIlt
Thu Jan 23 2025 15:5:17 } [PH] info: Client disconnected: FBplTJc1cj5HiIY7AImB
Thu Jan 23 2025 15:5:17 } [PH] info: Client disconnected: CkQusOebT-A5AKA7AIlu
Thu Jan 23 2025 15:5:17 } [PH] info: Client disconnected: hyiUDulr1uhubBLgAIlv
Thu Jan 23 2025 15:5:17 } [PH] info: Client disconnected: lq_NfWiA6fnb3mVxAIlw
Thu Jan 23 2025 15:5:17 } [PH] info: Client disconnected: KukK1r2S5bIFgvs7AIlx
Thu Jan 23 2025 15:5:17 } [PH] info: Client disconnected: Iz80D_-VRdSWS1FIAIly
Thu Jan 23 2025 15:5:17 } [PH] info: Client disconnected: skJ64gW8JGPyiWATAIl0
Thu Jan 23 2025 15:5:17 } [PH] info: Client disconnected: VfD41tMbhDBh47yRAIl1
Thu Jan 23 2025 15:5:17 } [PH] info: Client disconnected: P9pgASwpqNbnUSHnAIl2
Thu Jan 23 2025 15:5:17 } [PH] info: Client disconnected: 9yfYa3Kb7KOcJPdOAIl3
Thu Jan 23 2025 15:5:17 } [PH] info: Client disconnected: n-Of5GbLUH0gW7REAIl4
Thu Jan 23 2025 15:5:17 } [PH] info: Client disconnected: wE3znitsntFWK8KqAIl5
Thu Jan 23 2025 15:5:17 } [PH] info: Client disconnected: 67WcgQZhmo0SgvZlAIl6
Thu Jan 23 2025 15:5:17 } [PH] info: Client disconnected: LeJO-4EThHE6DggaAIl7
Thu Jan 23 2025 15:5:17 } [PH] info: Client disconnected: FTRkWBc7Mt2Wm0FaAIl8
Thu Jan 23 2025 15:5:17 } [PH] info: Client disconnected: tKTh7Kyoy5pFLwQhAIl9
Thu Jan 23 2025 15:5:17 } [PH] info: Client disconnected: rZPVl7mFJmy73tvUAIl-
Thu Jan 23 2025 15:5:17 } [PH] info: Client disconnected: Zvz4SLTrBXmFtJvqAIl_
Thu Jan 23 2025 15:5:17 } [PH] info: Client disconnected: W10tnTuPXxO8-qTQAImA
Thu Jan 23 2025 15:5:17 } [PH] info: Client disconnected: PuCcJYFay0MUlB77AImC
Thu Jan 23 2025 15:5:17 } [PH] info: Client disconnected: cciTg2KrWn-VDSGnAImD
Thu Jan 23 2025 15:5:17 } [PH] info: Client disconnected: h7XzdUPhxI3FLzKgAImE
Thu Jan 23 2025 15:5:17 } [PH] info: Client disconnected: GYeTeOOsTUC3PvCdAImF
Thu Jan 23 2025 15:5:17 } [PH] info: Client disconnected: m5dh80tzVwe2vi8xAImG
Thu Jan 23 2025 15:5:17 } [PH] info: Client disconnected: 9r-zxsVPKnhzPH-CAImH
Thu Jan 23 2025 15:5:17 } [PH] info: Client disconnected: FykaW-jyC9n3_uXGAImI
Thu Jan 23 2025 15:5:17 } [PH] info: Client disconnected: FNKMKBKwd87BLHiNAImJ
Thu Jan 23 2025 15:5:17 } [PH] info: Client disconnected: HHVR7Dz4Gssp0zUiAImK
Thu Jan 23 2025 15:5:17 } [PH] info: Client disconnected: fwUShl9MKzgoYUKjAImL
Thu Jan 23 2025 15:5:17 } [PH] info: Client disconnected: 9biJEuIHFr5LWp5LAImM
Thu Jan 23 2025 15:5:17 } [PH] info: Client disconnected: yR3ByXIYjtfyqfygAImN
Thu Jan 23 2025 15:5:17 } [PH] info: Client disconnected: 0DQfgigzeZwjA0QFAImO
Thu Jan 23 2025 15:5:17 } [PH] info: Client disconnected: GqWcTDi85CVTO6QFAH_Q
Thu Jan 23 2025 15:5:34 } [PH] info: Client disconnected: UzP2E1eGbf8rYCRWAInG
Thu Jan 23 2025 15:5:34 } [PH] info: Client disconnected: S3InAJ14vp5TR9CSAInH
Thu Jan 23 2025 15:5:34 } [PH] info: Client disconnected: 0hZNEbQM4u0nGLzjAInI
Thu Jan 23 2025 15:5:34 } [PH] info: Client disconnected: JSD_SZh1U4R7QfkbAInJ
Thu Jan 23 2025 15:5:34 } [PH] info: Client disconnected: 0miJY9C3dAmlkLTKAInK
Thu Jan 23 2025 15:5:34 } [PH] info: Client disconnected: GPc0vdRnlp-J7YeRAInL
Thu Jan 23 2025 15:5:34 } [PH] info: Client disconnected: HRhlSjBCiJNGM_mGAInM
Thu Jan 23 2025 15:5:34 } [PH] info: Client disconnected: KQT3Il0Ce1Q97tH7AInN
Thu Jan 23 2025 15:5:34 } [PH] info: Client disconnected: Av_TBx-PZ1-d5V8_AInO
Thu Jan 23 2025 15:5:34 } [PH] info: Client disconnected: 0YaRS52-wQPGHM8ZAInP
Thu Jan 23 2025 15:5:34 } [PH] info: Client disconnected: KZ_pul35NEYk3It7AInQ
Thu Jan 23 2025 15:5:34 } [PH] info: Client disconnected: V4Ihl2HRJqEmkJikAInR
Thu Jan 23 2025 15:5:34 } [PH] info: Client disconnected: eH3zLlZZP8hk2k0NAInS
Thu Jan 23 2025 15:5:34 } [PH] info: Client disconnected: RRB7Z6LK1sySbqqZAInT
Thu Jan 23 2025 15:5:34 } [PH] info: Client disconnected: Xd6PpqP61GrBOzFXAInU
Thu Jan 23 2025 15:5:42 } [PH] info: Client disconnected: kpCsjOJ3sYz7MjUhAIne
Thu Jan 23 2025 15:5:42 } [PH] info: Client disconnected: KokkJvahhVC_mRRMAInf
Thu Jan 23 2025 15:5:42 } [PH] info: Client disconnected: UjXr9p-0neG0f9QIAIng
Thu Jan 23 2025 15:5:42 } [PH] info: Client disconnected: b-6iusO7kfgtzHO6AIni
Thu Jan 23 2025 15:5:42 } [PH] info: Client disconnected: 5UgQbYgzAfyjHvwFAInh
Thu Jan 23 2025 15:5:42 } [PH] info: Client disconnected: NdJeKM6kZLvNKDGDAInj
Thu Jan 23 2025 15:5:42 } [PH] info: Client disconnected: QatjXUlyIrjSLikGAInk
Thu Jan 23 2025 15:5:42 } [PH] info: Client disconnected: 07_eMxFmuVEYlFy7AInl
Thu Jan 23 2025 15:5:42 } [PH] info: Client disconnected: 6o58otfmu1VDdH4lAInm
Thu Jan 23 2025 15:5:42 } [PH] info: Client disconnected: Iny9pJOaeuuOluZMAInn
Thu Jan 23 2025 15:5:42 } [PH] info: Client disconnected: APqM7IQPwfAM1jjiAIno
Thu Jan 23 2025 15:5:42 } [PH] info: Client disconnected: jZiXmjS3SYyn-vi4AInp
Thu Jan 23 2025 15:5:42 } [PH] info: Client disconnected: IqcnTlEPtTGOelelAInq
Thu Jan 23 2025 15:5:42 } [PH] info: Client disconnected: Kb10iLHEEUfrhy6vAInr
Thu Jan 23 2025 15:5:42 } [PH] info: Client disconnected: AHlpnlWQDAFVc8fzAIns
Thu Jan 23 2025 15:5:42 } [PH] info: Client disconnected: bU39bUcWYMV9hzCQAInt
Thu Jan 23 2025 15:5:42 } [PH] info: Client disconnected: D4vCdvDh4rKZ4y_LAInu
Thu Jan 23 2025 15:5:42 } [PH] info: Client disconnected: iFweJG9d8qF5RNk2AInv
Thu Jan 23 2025 15:5:59 } [PH] info: Client disconnected: hVbxXAQwQxHSM7znAIoO
Thu Jan 23 2025 15:5:59 } [PH] info: Client disconnected: rMATmNqeO7KvZv3cAIoP
Thu Jan 23 2025 15:5:59 } [PH] info: Client disconnected: JW_KteLNzCfCL3J5AIoQ
Thu Jan 23 2025 15:5:59 } [PH] info: Client disconnected: v6hkL8aW4WNzwJbnAIoR
Thu Jan 23 2025 15:5:59 } [PH] info: Client disconnected: CLbB2YyROzIAL4ovAIoS
Thu Jan 23 2025 15:5:59 } [PH] info: Client disconnected: 2zDg8gq6EJ4Wp494AIgg
Thu Jan 23 2025 15:6:7 } [PH] info: Client disconnected: ykxjAhI_aKDfyYFcAIou
Thu Jan 23 2025 15:6:7 } [PH] info: Client disconnected: wIto0LX9iwHg-LTxAIov
Thu Jan 23 2025 15:6:7 } [PH] info: Client disconnected: 5WPJKHC3okzUUJHKAIow
Thu Jan 23 2025 15:6:7 } [PH] info: Client disconnected: sccXvzhhC6XlPu44AIox
Thu Jan 23 2025 15:6:7 } [PH] info: Client disconnected: PRyaHI1c6YGcGRDRAIoy
Thu Jan 23 2025 15:6:7 } [PH] info: Client disconnected: C9o55Vh63ISr5PiBAIoz
Thu Jan 23 2025 15:6:7 } [PH] info: Client disconnected: bLM9LAAHDMi39F6KAIo0
Thu Jan 23 2025 15:6:7 } [PH] info: Client disconnected: 4QdipYlQPzdQ7OGZAIo1
Thu Jan 23 2025 15:6:7 } [PH] info: Client disconnected: 6R3Pl1BIiBVsrtCmAIo2
Thu Jan 23 2025 15:6:7 } [PH] info: Client disconnected: _Lw4wEKpbHgme3wyAIo3
Thu Jan 23 2025 15:6:7 } [PH] info: Client disconnected: 1K-uWQ-WpsWS6Ef4AIo4
Thu Jan 23 2025 15:6:7 } [PH] info: Client disconnected: VHevRJnn2OT6lzC7AIo5
Thu Jan 23 2025 15:6:8 } [PH] info: Client disconnected: BZmVNW_AXOUvc_rJAIo6
Thu Jan 23 2025 15:6:8 } [PH] info: Client disconnected: -5v2wgbwqm-isIe3AIo7
Thu Jan 23 2025 15:6:8 } [PH] info: Client disconnected: CUY33yjQWoQd0WOAAIo8
Thu Jan 23 2025 15:6:8 } [PH] info: Client disconnected: YI4uUp1CKNtyMbs_AIo9
Thu Jan 23 2025 15:6:8 } [PH] info: Client disconnected: Bl3VTKmqBeOTd6ZTAIo-
Thu Jan 23 2025 15:6:25 } [PH] info: Client disconnected: BSB6kXQQdnArf1nOAIqR
Thu Jan 23 2025 15:6:25 } [PH] info: Client disconnected: mvKFq87WPjh7M0CpAIqS
Thu Jan 23 2025 15:6:25 } [PH] info: Client disconnected: lBqc0LhqR28FFOALAIqT
Thu Jan 23 2025 15:6:25 } [PH] info: Client disconnected: aN71KyyJgKNN9Fy6AIqU
Thu Jan 23 2025 15:6:25 } [PH] info: Client disconnected: sDQdEOlsveZxXOuUAIqV
Thu Jan 23 2025 15:6:25 } [PH] info: Client disconnected: 9oCRyOfYHy8DKZCLAIqW
Thu Jan 23 2025 15:6:25 } [PH] info: Client disconnected: TIPe0LugJ4ONNq_8AIqX
Thu Jan 23 2025 15:6:25 } [PH] info: Client disconnected: 8z1cV-LREQx-Ha3DAIqY
Thu Jan 23 2025 15:6:25 } [PH] info: Client disconnected: vh2ovZfH_HYPocIJAIqZ
Thu Jan 23 2025 15:6:33 } [PH] info: Client disconnected: VPjSWewdazood1-5AIqv
Thu Jan 23 2025 15:6:33 } [PH] info: Client disconnected: By6OL3Vthkbk6iIJAIqw
Thu Jan 23 2025 15:6:33 } [PH] info: Client disconnected: RZpDC8DmY8k1XLj3AIqx
Thu Jan 23 2025 15:6:33 } [PH] info: Client disconnected: E8Sq3RQTA5g2RD7wAIqy
Thu Jan 23 2025 15:6:33 } [PH] info: Client disconnected: fqwb_orGgWIW9mj7AIqz
Thu Jan 23 2025 15:6:33 } [PH] info: Client disconnected: 0VSdcbw-xc8zUtZjAIq0
Thu Jan 23 2025 15:6:33 } [PH] info: Client disconnected: RdQnVxVaMhD-W2KSAIq1
Thu Jan 23 2025 15:6:33 } [PH] info: Client disconnected: ZxE4xMtjYmtwi3UGAIq2
Thu Jan 23 2025 15:6:33 } [PH] info: Client disconnected: 9cdhbWBzSy5jAqClAIq3
Thu Jan 23 2025 15:6:33 } [PH] info: Client disconnected: mJ1qYRyXisznDW8IAIq4
Thu Jan 23 2025 15:6:33 } [PH] info: Client disconnected: d_w_1k_7XcqzYA4YAIq5
Thu Jan 23 2025 15:6:33 } [PH] info: Client disconnected: XJJSDlBz8H1DHCb4AIq7
Thu Jan 23 2025 15:6:33 } [PH] info: Client disconnected: QZvcy22yasROvp89AIq8
Thu Jan 23 2025 15:6:33 } [PH] info: Client disconnected: SmMUSGdqa253ZrRzAIq9
Thu Jan 23 2025 15:6:33 } [PH] info: Client disconnected: 7VoM3pFJqJoRkIqEAIq-
Thu Jan 23 2025 15:6:33 } [PH] info: Client disconnected: C_r96y9EihLlBXANAIq_
Thu Jan 23 2025 15:6:33 } [PH] info: Client disconnected: aN89AXK9TuVVI5BDAIrA
Thu Jan 23 2025 15:6:33 } [PH] info: Client disconnected: 4SjsCcl2EUCGBw8HAIrB
Thu Jan 23 2025 15:6:33 } [PH] info: Client disconnected: 9cDDStT2-yb5C47pAIrC
Thu Jan 23 2025 15:6:33 } [PH] info: Client disconnected: 05gVFni1jWcLTb9ZAIrD
Thu Jan 23 2025 15:6:33 } [PH] info: Client disconnected: PtRSe4X0QMVmNNaNAIrE
Thu Jan 23 2025 15:6:33 } [PH] info: Client disconnected: 9m7fFOGiQeZhwCUHAIrF
Thu Jan 23 2025 15:6:33 } [PH] info: Client disconnected: ibtJutCAlAd2JfUgAIrG
Thu Jan 23 2025 15:6:33 } [PH] info: Client disconnected: wCxeoHuYN4p9lzbXAIrH
Thu Jan 23 2025 15:6:33 } [PH] info: Client disconnected: 00nmQSbk9OFDPqcpAIrI
Thu Jan 23 2025 15:6:33 } [PH] info: Client disconnected: _9y2w66D3lF_L31NAIrJ
Thu Jan 23 2025 15:6:33 } [PH] info: Client disconnected: bKCcTprXhtJCXjPuAIrK
Thu Jan 23 2025 15:6:33 } [PH] info: Client disconnected: Z1UACAZ3-uJM1orRAIrL
Thu Jan 23 2025 15:6:33 } [PH] info: Client disconnected: r4BvZek94_h0QtrUAIrM
Thu Jan 23 2025 15:6:33 } [PH] info: Client disconnected: rSVDqL_tIjdcIzw9AIrN
Thu Jan 23 2025 15:6:33 } [PH] info: Client disconnected: AqCq29XJO5nhOFxtAIrO
Thu Jan 23 2025 15:6:33 } [PH] info: Client disconnected: zizbM8AYmTFStcmUAIrP
Thu Jan 23 2025 15:6:33 } [PH] info: Client disconnected: eyoaNwe4w9dGlb33AIrQ
Thu Jan 23 2025 15:6:33 } [PH] info: Client disconnected: ctnMGCjc0bbM0OEbAIrR
Thu Jan 23 2025 15:6:33 } [PH] info: Client disconnected: bc_KT4ZilAyLxlyDAIrS
Thu Jan 23 2025 15:6:33 } [PH] info: Client disconnected: LqxWTqu40_lCcEIRAIrT
Thu Jan 23 2025 15:6:33 } [PH] info: Client disconnected: VsTJMFHnS4IAA66EAIrU
Thu Jan 23 2025 15:6:33 } [PH] info: Client disconnected: nqzK7RBRt45axkL7AIrV
Thu Jan 23 2025 15:6:33 } [PH] info: Client disconnected: TWkSuXVWv8xPe19gAIrW
Thu Jan 23 2025 15:6:33 } [PH] info: Client disconnected: YvanV8SdlVpSh3I-AIrX
Thu Jan 23 2025 15:6:50 } [PH] info: Client disconnected: MwxwmKEWuqr1iB0cAIsK
Thu Jan 23 2025 15:6:50 } [PH] info: Client disconnected: QLf9UQkx1MKmNTnMAIsL
Thu Jan 23 2025 15:6:50 } [PH] info: Client disconnected: ssZ4r33ESHEFvBSvAIsM
Thu Jan 23 2025 15:6:50 } [PH] info: Client disconnected: l7FnSKN2kLEGaR3nAIsN
Thu Jan 23 2025 15:6:50 } [PH] info: Client disconnected: D6RbvFeKxIl5qxt_AIsO
Thu Jan 23 2025 15:6:50 } [PH] info: Client disconnected: 2MXFhM0aIVUevchwAIsP
Thu Jan 23 2025 15:6:58 } [PH] info: Client disconnected: OzZO0LzC5WTKOKW1AIsi
Thu Jan 23 2025 15:6:58 } [PH] info: Client disconnected: _4ODoVbv6lnFPc2dAIsj
Thu Jan 23 2025 15:6:58 } [PH] info: Client disconnected: tBkchjkHQVMVSciCAIsk
Thu Jan 23 2025 15:6:58 } [PH] info: Client disconnected: PYv-uMqBAbAqhGCPAIsl
Thu Jan 23 2025 15:6:58 } [PH] info: Client disconnected: y-M5Q31c2L_LWN_dAIsm
Thu Jan 23 2025 15:6:58 } [PH] info: Client disconnected: -CDut3EGokrtclKTAIsn
Thu Jan 23 2025 15:6:58 } [PH] info: Client disconnected: QGy08JkG4STA8lFWAIso
Thu Jan 23 2025 15:6:58 } [PH] info: Client disconnected: bMCi8QEgNAGs_cDlAIsp
Thu Jan 23 2025 15:6:58 } [PH] info: Client disconnected: g_VkZxugupZA-81kAIsq
Thu Jan 23 2025 15:6:58 } [PH] info: Client disconnected: CC8_GG-XQ7kWRbcBAIsr
Thu Jan 23 2025 15:6:58 } [PH] info: Client disconnected: wH7xLBjK_Eu5Y67ZAIss
Thu Jan 23 2025 15:6:58 } [PH] info: Client disconnected: efAnN_QRnuwwkiraAIst
Thu Jan 23 2025 15:6:58 } [PH] info: Client disconnected: K7OlofMdMAcgiouSAIsu
Thu Jan 23 2025 15:6:58 } [PH] info: Client disconnected: SzL4xjUy78h1SFUEAIsv
Thu Jan 23 2025 15:6:58 } [PH] info: Client disconnected: _qEIM6zshxh6t8A8AIsw
Thu Jan 23 2025 15:6:58 } [PH] info: Client disconnected: sFB-Ow-YMAhPFqhpAIsx
Thu Jan 23 2025 15:6:58 } [PH] info: Client disconnected: blWPQBWrd-i-xhiWAIsy
Thu Jan 23 2025 15:6:58 } [PH] info: Client disconnected: iw_D-WMqCTxSfWUzAIsz
Thu Jan 23 2025 15:7:15 } [PH] info: Client disconnected: rvEhTtR3HM79aokMAIsf
Thu Jan 23 2025 15:7:15 } [PH] info: Client disconnected: 9faHGZ15NKRkGrn-AIsg
Thu Jan 23 2025 15:7:15 } [PH] info: Client disconnected: tH9Tn-89SQI5E_NvAIsd
Thu Jan 23 2025 15:7:15 } [PH] info: Client disconnected: hHfwfhr-OkwqobeqAIse
Thu Jan 23 2025 15:7:15 } [PH] info: Client disconnected: AJLzFdTN51d_OjXRAItc
Thu Jan 23 2025 15:7:15 } [PH] info: Client disconnected: TQxqi7W0t8cWX8e4AItd
Thu Jan 23 2025 15:7:15 } [PH] info: Client disconnected: zYYhb2Wzl5MyTiCSAIte
Thu Jan 23 2025 15:7:15 } [PH] info: Client disconnected: S7UdAEP0V6bFncipAItf
Thu Jan 23 2025 15:7:15 } [PH] info: Client disconnected: 68pG4AbV2tezgLlzAItg
Thu Jan 23 2025 15:7:15 } [PH] info: Client disconnected: CWtvpgL1rRPwzT2AAIth
Thu Jan 23 2025 15:7:15 } [PH] info: Client disconnected: 9keijEUBfMofaA6qAIti
Thu Jan 23 2025 15:7:15 } [PH] info: Client disconnected: a9JlppHSvHuvXkewAGrI
Thu Jan 23 2025 15:7:15 } [PH] info: Client disconnected: mpCcXoLt8wi6GmdlAIgf
Thu Jan 23 2025 15:7:23 } [PH] info: Client disconnected: 6M5HR91oO-ix9BTCAIt2
Thu Jan 23 2025 15:7:23 } [PH] info: Client disconnected: YnZvxJDXgOGlH2G7AIt3
Thu Jan 23 2025 15:7:23 } [PH] info: Client disconnected: AlfA17WQUz2KP6ZlAIt4
Thu Jan 23 2025 15:7:23 } [PH] info: Client disconnected: PQlzv2UwWUPRYeHxAIt5
Thu Jan 23 2025 15:7:23 } [PH] info: Client disconnected: uXelN3iTKFhfvXnwAIt6
Thu Jan 23 2025 15:7:23 } [PH] info: Client disconnected: zxCVsLNPI_X3_5b9AIt7
Thu Jan 23 2025 15:7:23 } [PH] info: Client disconnected: Mq0TD5k6miFwxmSiAIt8
Thu Jan 23 2025 15:7:23 } [PH] info: Client disconnected: Mic6WIE1IUGsIhXkAIt9
Thu Jan 23 2025 15:7:23 } [PH] info: Client disconnected: 09EiSUFWXBJGBstUAIt-
Thu Jan 23 2025 15:7:23 } [PH] info: Client disconnected: vYWjGKKoRkke3wlYAIt_
Thu Jan 23 2025 15:7:40 } [PH] info: Client disconnected: ROOz8k8totiRxdezAIvI
Thu Jan 23 2025 15:7:40 } [PH] info: Client disconnected: KMjD_HT6LkYmgNqDAIvJ
Thu Jan 23 2025 15:7:40 } [PH] info: Client disconnected: mpPboLjWzdn0iSXJAIvK
Thu Jan 23 2025 15:7:40 } [PH] info: Client disconnected: f2G-BI-enu4OE9lHAIvL
Thu Jan 23 2025 15:7:40 } [PH] info: Client disconnected: TL-UzPBT8GTJOy2BAIvM
Thu Jan 23 2025 15:7:40 } [PH] info: Client disconnected: mkrBL45lxINl5a8sAIvN
Thu Jan 23 2025 15:7:40 } [PH] info: Client disconnected: b1MB-jeO_ANL5QmEAIvO
Thu Jan 23 2025 15:7:40 } [PH] info: Client disconnected: kCBp1blk-EYyI3PIAIvP
Thu Jan 23 2025 15:7:40 } [PH] info: Client disconnected: 52a62Hse_uU-G96fAIvQ
Thu Jan 23 2025 15:7:40 } [PH] info: Client disconnected: olvQIqfbsvBqlFxiAIvR
Thu Jan 23 2025 15:7:49 } [PH] info: Client disconnected: ATG7IT_K9D2s4n9vAIv3
Thu Jan 23 2025 15:7:49 } [PH] info: Client disconnected: hcPLAn-Wvvez9zd2AIv4
Thu Jan 23 2025 15:7:49 } [PH] info: Client disconnected: lSACzU1WLFuyKDA2AIv5
Thu Jan 23 2025 15:7:49 } [PH] info: Client disconnected: nWQaEIdgfD_Y-KEIAIv6
Thu Jan 23 2025 15:7:49 } [PH] info: Client disconnected: 1Hb1LMK-i52uSykkAIv8
Thu Jan 23 2025 15:7:49 } [PH] info: Client disconnected: Xg5ID1D21fGXX66KAIv7
Thu Jan 23 2025 15:7:49 } [PH] info: Client disconnected: M_eI3q4nN_JRNlpHAIv9
Thu Jan 23 2025 15:7:49 } [PH] info: Client disconnected: XYpBCs83WLqOtZTrAIv-
Thu Jan 23 2025 15:7:49 } [PH] info: Client disconnected: 6MgmeNDSPVOd1X5FAIv_
Thu Jan 23 2025 15:7:49 } [PH] info: Client disconnected: IvZAwDN7TSpZ-x_iAIwA
Thu Jan 23 2025 15:7:49 } [PH] info: Client disconnected: caSCb0TWPqqQVAzeAIwB
Thu Jan 23 2025 15:7:49 } [PH] info: Client disconnected: ZVByQft61_oomhw0AIwC
Thu Jan 23 2025 15:7:49 } [PH] info: Client disconnected: NF8XMHT3DDy5l68kAIwD
Thu Jan 23 2025 15:7:49 } [PH] info: Client disconnected: hF9v7TooY795I_-AAIwF
Thu Jan 23 2025 15:7:49 } [PH] info: Client disconnected: wyl-fF2t1gHUrtlsAIwG
Thu Jan 23 2025 15:7:49 } [PH] info: Client disconnected: Mt99_c8bytd3NkSlAIwH
Thu Jan 23 2025 15:7:49 } [PH] info: Client disconnected: VIrquObpiDuRLKQJAIwI
Thu Jan 23 2025 15:8:5 } [PH] info: Client disconnected: aehMCEyOp_m8KQO0AIwy
Thu Jan 23 2025 15:8:5 } [PH] info: Client disconnected: XB9-mK5HWfgB0LS-AIwz
Thu Jan 23 2025 15:8:5 } [PH] info: Client disconnected: ucxBa0SpW7KOeYcnAIw0
Thu Jan 23 2025 15:8:5 } [PH] info: Client disconnected: Bd-74OruwOF_p_QRAIw1
Thu Jan 23 2025 15:8:5 } [PH] info: Client disconnected: 9rgH73Xs707mUMUPAIw2
Thu Jan 23 2025 15:8:5 } [PH] info: Client disconnected: tg0QYCdLAaCkqou5AIw3
Thu Jan 23 2025 15:8:5 } [PH] info: Client disconnected: TQTv6kfrZRLPxbzBAIw4
Thu Jan 23 2025 15:8:5 } [PH] info: Client disconnected: syIi6QRJ9CqYmodvAIw5
Thu Jan 23 2025 15:8:5 } [PH] info: Client disconnected: DtZpaWMKhX0ubDeTAIw6
Thu Jan 23 2025 15:8:5 } [PH] info: Client disconnected: 2WlqPkQWgoOBVV7wAHdB
Thu Jan 23 2025 15:8:14 } [PH] info: Client disconnected: sRwt_sclL7yGZeP1AIwq
Thu Jan 23 2025 15:8:14 } [PH] info: Client disconnected: Tk1hcPlXQKZWuGvCAIxg
Thu Jan 23 2025 15:8:14 } [PH] info: Client disconnected: -DYlofqPVxxxXqC5AIwr
Thu Jan 23 2025 15:8:14 } [PH] info: Client disconnected: 8RFn4WCIqV82Pn4RAIws
Thu Jan 23 2025 15:8:14 } [PH] info: Client disconnected: J_LKrkeHuRBEb4yQAIxP
Thu Jan 23 2025 15:8:14 } [PH] info: Client disconnected: 38u-XY14uywBHfh8AIxQ
Thu Jan 23 2025 15:8:14 } [PH] info: Client disconnected: F1m2lcOLFekRhSv8AIxR
Thu Jan 23 2025 15:8:14 } [PH] info: Client disconnected: bRQJg9AdfPZK25AlAIxS
Thu Jan 23 2025 15:8:14 } [PH] info: Client disconnected: KDAAo0uZfnEFPTYPAIxT
Thu Jan 23 2025 15:8:14 } [PH] info: Client disconnected: vy2oUSXhxRxkihoLAIxU
Thu Jan 23 2025 15:8:14 } [PH] info: Client disconnected: UMavcatDFNtx782iAIxV
Thu Jan 23 2025 15:8:14 } [PH] info: Client disconnected: I_f7uu7BQqnOkHc9AIxW
Thu Jan 23 2025 15:8:14 } [PH] info: Client disconnected: 4hMLGudMs9qruqWYAIxX
Thu Jan 23 2025 15:8:14 } [PH] info: Client disconnected: 3nUU3JCC3hk4YgJEAIxY
Thu Jan 23 2025 15:8:14 } [PH] info: Client disconnected: jbk6bouoaWSd7H6NAIxZ
Thu Jan 23 2025 15:8:14 } [PH] info: Client disconnected: ikCj7F_qFFv7bVVcAIxa
Thu Jan 23 2025 15:8:14 } [PH] info: Client disconnected: RmfvV6oThQUoSAhVAIxb
Thu Jan 23 2025 15:8:14 } [PH] info: Client disconnected: VhnKHUb1ayHE7HX2AIxc
Thu Jan 23 2025 15:8:14 } [PH] info: Client disconnected: -AYdVy4q0cLoO5m2AIxd
Thu Jan 23 2025 15:8:14 } [PH] info: Client disconnected: 4bzBfPwIi0M0oxR_AIxe
Thu Jan 23 2025 15:8:14 } [PH] info: Client disconnected: G9sENYmAGQ-rTUxaAIxf
Thu Jan 23 2025 15:8:14 } [PH] info: Client disconnected: qi5zybILTlBS_2jJAIxh
Thu Jan 23 2025 15:8:14 } [PH] info: Client disconnected: pDZ4tJIFM9DUMOX0AIxi
Thu Jan 23 2025 15:8:14 } [PH] info: Client disconnected: g6yeTkZvXP8h9DHyAIxj
Thu Jan 23 2025 15:8:14 } [PH] info: Client disconnected: TlO-eDLRVf_eZlHYAIxk
Thu Jan 23 2025 15:8:14 } [PH] info: Client disconnected: hl-slaj9VHpJd436AIxl
Thu Jan 23 2025 15:8:14 } [PH] info: Client disconnected: KUASb_mC3H77uSmlAIxm
Thu Jan 23 2025 15:8:14 } [PH] info: Client disconnected: _-EyfuTvrb_9m-9RAIxn
Thu Jan 23 2025 15:8:14 } [PH] info: Client disconnected: uF_4w-1q5OAdMZ4WAIxo
Thu Jan 23 2025 15:8:14 } [PH] info: Client disconnected: bGasgTC5Mupo1MmXAIxp
Thu Jan 23 2025 15:8:14 } [PH] info: Client disconnected: CJ-PuaAzrD3G5-SQAIxq
Thu Jan 23 2025 15:8:14 } [PH] info: Client disconnected: 0wqx8quA3SNclT77AIxr
Thu Jan 23 2025 15:8:14 } [PH] info: Client disconnected: 6LyTfe1hPJdecUq2AIxs
Thu Jan 23 2025 15:8:14 } [PH] info: Client disconnected: ISlXCFZxrn_HIDTcAIxt
Thu Jan 23 2025 15:8:14 } [PH] info: Client disconnected: DeBrHVHuVRYwX5mmAIxu
Thu Jan 23 2025 15:8:14 } [PH] info: Client disconnected: Z1WlhEs7HiUnqzE-AIxv
Thu Jan 23 2025 15:8:14 } [PH] info: Client disconnected: sz-7RQT-Kikcj9N4AIlr
Thu Jan 23 2025 15:8:30 } [PH] info: Client disconnected: 1JISh7jNq40LoKwtAIyM
Thu Jan 23 2025 15:8:30 } [PH] info: Client disconnected: nBFL4v7smPWvQ2ktAIyN
Thu Jan 23 2025 15:8:30 } [PH] info: Client disconnected: h1GAJxdRfHPfUKYXAIyO
Thu Jan 23 2025 15:8:30 } [PH] info: Client disconnected: nuwmjFxf6EAiwZ30AIyP
Thu Jan 23 2025 15:8:30 } [PH] info: Client disconnected: DEuCe25k1lBd02VTAIyQ
Thu Jan 23 2025 15:8:30 } [PH] info: Client disconnected: FnWBkHpK0q7ATQgRAIyR
Thu Jan 23 2025 15:8:39 } [PH] info: Client disconnected: JTI60jEJ1CdVTfuPAIyp
Thu Jan 23 2025 15:8:39 } [PH] info: Client disconnected: 2PrDOM2iCrNMPV1rAIyq
Thu Jan 23 2025 15:8:39 } [PH] info: Client disconnected: abxCzcbaEEGYRJRlAIyr
Thu Jan 23 2025 15:8:39 } [PH] info: Client disconnected: dH5sTsVJGnAhKOeIAIys
Thu Jan 23 2025 15:8:39 } [PH] info: Client disconnected: IOvcTYFxnLGdXubkAIyt
Thu Jan 23 2025 15:8:39 } [PH] info: Client disconnected: -VIQkTqJwbahhvf8AIyu
Thu Jan 23 2025 15:8:39 } [PH] info: Client disconnected: uA_AF-crxqmUyGbsAIyv
Thu Jan 23 2025 15:8:39 } [PH] info: Client disconnected: nPKgY78M1t2JNg15AIyw
Thu Jan 23 2025 15:8:39 } [PH] info: Client disconnected: F-Gsw5gh7k1rXVwmAIyx
Thu Jan 23 2025 15:8:55 } [PH] info: Client disconnected: SGlTuE2BzBeIDBv4AIzh
Thu Jan 23 2025 15:8:55 } [PH] info: Client disconnected: fBcY5NpzkNXGMIF4AIzi
Thu Jan 23 2025 15:8:55 } [PH] info: Client disconnected: 9PWRClg2NvchhSw_AIzj
Thu Jan 23 2025 15:8:55 } [PH] info: Client disconnected: zfOlGO3oDYKANKy5AIzk
Thu Jan 23 2025 15:8:55 } [PH] info: Client disconnected: NJkHnyvPMR2aUX57AIzl
Thu Jan 23 2025 15:8:55 } [PH] info: Client disconnected: C-GOoTtuDDq6yC5BAIzm
Thu Jan 23 2025 15:8:55 } [PH] info: Client disconnected: LnltQAej_Y3JxtT3AIzn
Thu Jan 23 2025 15:8:55 } [PH] info: Client disconnected: _1jv_EY7rl6kU1NcAIzo
Thu Jan 23 2025 15:8:55 } [PH] info: Client disconnected: IaEHlIoqAdQN567KAIzp
Thu Jan 23 2025 15:8:55 } [PH] info: Client disconnected: 0u9OtbrjhdbP1XK8AIzq
Thu Jan 23 2025 15:8:55 } [PH] info: Client disconnected: eSxpLhNwwUXKNTSeAIzr
Thu Jan 23 2025 15:8:55 } [PH] info: Client disconnected: hAFcU23VWycj1hY3AIzs
Thu Jan 23 2025 15:8:55 } [PH] info: Client disconnected: ZzvRg5h5uo7eqK79AIzt
Thu Jan 23 2025 15:9:4 } [PH] info: Client disconnected: xjZtB8b4S7nt6DmKAI0E
Thu Jan 23 2025 15:9:4 } [PH] info: Client disconnected: q_hfK1cewB2NzpAAAI0F
Thu Jan 23 2025 15:9:4 } [PH] info: Client disconnected: -jRQQ1XZUbn7OBciAI0G
Thu Jan 23 2025 15:9:4 } [PH] info: Client disconnected: cxPFdl1VPAKB29ziAI0H
Thu Jan 23 2025 15:9:4 } [PH] info: Client disconnected: e4qiMdxlxtIY8SJ5AI0I
Thu Jan 23 2025 15:9:4 } [PH] info: Client disconnected: a45skouQFiBwreBAAI0J
Thu Jan 23 2025 15:9:4 } [PH] info: Client disconnected: b9KH_O8V7sImeCjTAI0K
Thu Jan 23 2025 15:9:4 } [PH] info: Client disconnected: j3yaZQ65XoZQMpBdAI0L
Thu Jan 23 2025 15:9:4 } [PH] info: Client disconnected: FBQ7RhEDT2LTpoRLAI0M
Thu Jan 23 2025 15:9:4 } [PH] info: Client disconnected: Ukczmam8DoO22NQjAI0N
Thu Jan 23 2025 15:9:4 } [PH] info: Client disconnected: IM_MVPslzjvLXnOTAI0O
Thu Jan 23 2025 15:9:4 } [PH] info: Client disconnected: Dmdw8f7ZHPwlCxKSAI0P
Thu Jan 23 2025 15:9:4 } [PH] info: Client disconnected: SWIpvJGat752HR72AI0Q
Thu Jan 23 2025 15:9:4 } [PH] info: Client disconnected: ALir02aEOV8AoQdZAI0R
Thu Jan 23 2025 15:9:4 } [PH] info: Client disconnected: FwaPTSrYG-h-cbbcAI0S
Thu Jan 23 2025 15:9:4 } [PH] info: Client disconnected: s8m6jRyt61q7XgMmAI0U
Thu Jan 23 2025 15:9:4 } [PH] info: Client disconnected: ti9xkUVXFbhVfGdgAI0T
Thu Jan 23 2025 15:9:4 } [PH] info: Client disconnected: LmDdC33xgPxBdUpSAI0V
Thu Jan 23 2025 15:9:4 } [PH] info: Client disconnected: FVOrqeVabfz9Fa_8AI0W
Thu Jan 23 2025 15:9:20 } [PH] info: Client disconnected: TI-zReVT8asF2n3OAI1e
Thu Jan 23 2025 15:9:20 } [PH] info: Client disconnected: SPpwQO5Vkm4RnN0pAI1d
Thu Jan 23 2025 15:9:20 } [PH] info: Client disconnected: 5BYlsSqShVqRKp7KAI1f
Thu Jan 23 2025 15:9:20 } [PH] info: Client disconnected: J51NZaQAC6kpNwtrAI1h
Thu Jan 23 2025 15:9:20 } [PH] info: Client disconnected: IlXso26QFodRR1S5AI1j
Thu Jan 23 2025 15:9:20 } [PH] info: Client disconnected: 2BFP_62YbxD0uNZMAI1k
Thu Jan 23 2025 15:9:20 } [PH] info: Client disconnected: u0zICjZOIfZ99mxkAI1m
Thu Jan 23 2025 15:9:21 } [PH] info: Client disconnected: 28fwD2Ne1nOAKkOMAI1i
Thu Jan 23 2025 15:9:21 } [PH] info: Client disconnected: jKgrWyURTqo8ZL69AI1g
Thu Jan 23 2025 15:9:21 } [PH] info: Client disconnected: 4r2qK2IWkG55j-3zAI1l
Thu Jan 23 2025 15:9:21 } [PH] info: Client disconnected: -oxfPULTr0B3i1SAAI1n
Thu Jan 23 2025 15:9:21 } [PH] info: Client disconnected: xnRFIParU7KcjuwfAI1o
Thu Jan 23 2025 15:9:30 } [PH] info: Client disconnected: dLILDUisDQEQgq4EAI15
Thu Jan 23 2025 15:9:30 } [PH] info: Client disconnected: miuNgXnYEw565Z2vAI16
Thu Jan 23 2025 15:9:30 } [PH] info: Client disconnected: hMqWcW0dnKqJmz4VAI17
Thu Jan 23 2025 15:9:30 } [PH] info: Client disconnected: JIgkqvgm7zlxMvkwAI18
Thu Jan 23 2025 15:9:30 } [PH] info: Client disconnected: XT7UL-aznuekfp7AAI19
Thu Jan 23 2025 15:9:30 } [PH] info: Client disconnected: GEaQxMMvW7ZQFuR2AI1-
Thu Jan 23 2025 15:9:30 } [PH] info: Client disconnected: WcXh1X6F9YuD7PYMAI1_
Thu Jan 23 2025 15:9:30 } [PH] info: Client disconnected: OLUwSICb9wooM3ieAI2A
Thu Jan 23 2025 15:9:30 } [PH] info: Client disconnected: C0-cgY1EU-4a-gJmAI2B
Thu Jan 23 2025 15:9:30 } [PH] info: Client disconnected: 2uddF8-NJP77EHnkAI2C
Thu Jan 23 2025 15:9:30 } [PH] info: Client disconnected: EW2zKZYwibfVb4nWAI2U
Thu Jan 23 2025 15:9:30 } [PH] info: Client disconnected: MEESshezyp2TVL-_AI2V
Thu Jan 23 2025 15:9:30 } [PH] info: Client disconnected: FYzP414huHVpLkujAI2W
Thu Jan 23 2025 15:9:30 } [PH] info: Client disconnected: _beFrnhAn7LO5XvrAI2X
Thu Jan 23 2025 15:9:30 } [PH] info: Client disconnected: qHQ2gXakyCEl5_3xAI2Y
Thu Jan 23 2025 15:9:30 } [PH] info: Client disconnected: OXCd7ZuL2RmB9aSWAI2Z
Thu Jan 23 2025 15:9:30 } [PH] info: Client disconnected: 4ak2XuVP4wQ-3JZ8AI2a
Thu Jan 23 2025 15:9:30 } [PH] info: Client disconnected: tKSuXVNM6icNnsPyAI2b
Thu Jan 23 2025 15:9:30 } [PH] info: Client disconnected: nwqt5W-NcBjUGdB4AI2c
Thu Jan 23 2025 15:9:30 } [PH] info: Client disconnected: Yk5UUlArWlwm8FTtAI2d
Thu Jan 23 2025 15:9:30 } [PH] info: Client disconnected: -Sji7193VCpoTshnAI2e
Thu Jan 23 2025 15:9:30 } [PH] info: Client disconnected: UZRDe8QJsJ41en7dAI2f
Thu Jan 23 2025 15:9:30 } [PH] info: Client disconnected: bdFhPcCRTMDasJtTAI2g
Thu Jan 23 2025 15:9:30 } [PH] info: Client disconnected: UiNt5Jo1PjkTOQyNAI2h
Thu Jan 23 2025 15:9:30 } [PH] info: Client disconnected: WBBqOfr4bP6fdXjnAI2i
Thu Jan 23 2025 15:9:30 } [PH] info: Client disconnected: eo-0IJgX4iIkvDbiAI2k
Thu Jan 23 2025 15:9:30 } [PH] info: Client disconnected: Yw3VssQxwd08DZ_5AI2j
Thu Jan 23 2025 15:9:30 } [PH] info: Client disconnected: SePp6lNOUEMNbE3dAI2l
Thu Jan 23 2025 15:9:30 } [PH] info: Client disconnected: j6DmVzY9kuaPOXhEAI2m
Thu Jan 23 2025 15:9:30 } [PH] info: Client disconnected: 2FK2HlhOVzDliYOqAI2n
Thu Jan 23 2025 15:9:46 } [PH] info: Client disconnected: gw5bEqujvIjqMHGhAI2-
Thu Jan 23 2025 15:9:46 } [PH] info: Client disconnected: -AxE7xQGe1qnEnvyAI2_
Thu Jan 23 2025 15:9:46 } [PH] info: Client disconnected: SN54U_8RqpS6WHzUAI3A
Thu Jan 23 2025 15:9:46 } [PH] info: Client disconnected: 2GGzHEUzm2CP-ThjAI3B
Thu Jan 23 2025 15:9:55 } [PH] info: Client disconnected: Fjh6OH5nYCVHXOFQAI3e
Thu Jan 23 2025 15:9:55 } [PH] info: Client disconnected: 1gbXaQX_xO8lNmSAAI3f
Thu Jan 23 2025 15:9:55 } [PH] info: Client disconnected: FqNbrCfc9D1rsQssAI3g
Thu Jan 23 2025 15:9:55 } [PH] info: Client disconnected: 62-JyCU45y-o3YltAI3h
Thu Jan 23 2025 15:9:55 } [PH] info: Client disconnected: 7j03fpYytsAr8u0TAI3i
Thu Jan 23 2025 15:9:55 } [PH] info: Client disconnected: e4TI_8LpeY6Hpu0DAI3k
Thu Jan 23 2025 15:9:55 } [PH] info: Client disconnected: kqk7IUFze5S5eqWTAI3j
Thu Jan 23 2025 15:9:55 } [PH] info: Client disconnected: BGIqvy0xsnaQHSWrAI3l
Thu Jan 23 2025 15:9:55 } [PH] info: Client disconnected: lodp-ByE0sEv4QJRAI3m
Thu Jan 23 2025 15:9:55 } [PH] info: Client disconnected: 27Tl3FVRa505P8o4AI3n
Thu Jan 23 2025 15:9:55 } [PH] info: Client disconnected: tEcd8LAs-ldFc0lmAI3o
Thu Jan 23 2025 15:9:55 } [PH] info: Client disconnected: 8mvHHjuCSeF08jgZAI3p
Thu Jan 23 2025 15:9:55 } [PH] info: Client disconnected: ybelWmdvEvKA_vMNAI3q
Thu Jan 23 2025 15:9:55 } [PH] info: Client disconnected: 06jlJzOh8_5L0wqZAI3r
Thu Jan 23 2025 15:9:55 } [PH] info: Client disconnected: PabCzN0R9vCPAorcAI3s
Thu Jan 23 2025 15:9:55 } [PH] info: Client disconnected: QEdeZ0NI1ctOENUCAI3t
Thu Jan 23 2025 15:9:55 } [PH] info: Client disconnected: 6ODmFQ3eURPz2PO4AI3u
Thu Jan 23 2025 15:9:55 } [PH] info: Client disconnected: JKxuJso0bBQgc-jxAI3v
Thu Jan 23 2025 15:9:55 } [PH] info: Client disconnected: DWRwD6Z5aF34Sd5kAI3w
Thu Jan 23 2025 15:9:55 } [PH] info: Client disconnected: T7NralNuv_bHiEAdAI3x
Thu Jan 23 2025 15:9:55 } [PH] info: Client disconnected: XCewTlzEMekhqfuIAI3y
Thu Jan 23 2025 15:9:55 } [PH] info: Client disconnected: _U018-v3sj4oPOLUAI3z
Thu Jan 23 2025 15:10:11 } [PH] info: Client disconnected: Jem5-uibIf-OAp5rAI3d
Thu Jan 23 2025 15:10:11 } [PH] info: Client disconnected: aGdB9txbSqNIt60HAI4n
Thu Jan 23 2025 15:10:11 } [PH] info: Client disconnected: 4yCA-2KKDQcLJBq6AI4o
Thu Jan 23 2025 15:10:11 } [PH] info: Client disconnected: 0gH5UOd-xtSfDwM-AI4p
Thu Jan 23 2025 15:10:11 } [PH] info: Client disconnected: XOZ3qea_Xhvvm1hrAI4q
Thu Jan 23 2025 15:10:11 } [PH] info: Client disconnected: gLK-Oi_i-4LMTEX3AI4r
Thu Jan 23 2025 15:10:11 } [PH] info: Client disconnected: MCBkf3GWtRtLF6uiAI4s
Thu Jan 23 2025 15:10:11 } [PH] info: Client disconnected: TxLcZfmOjgA4U8gsAI4t
Thu Jan 23 2025 15:10:11 } [PH] info: Client disconnected: zIHyY7hSMmPRJjuMAI4u
Thu Jan 23 2025 15:10:11 } [PH] info: Client disconnected: dzU-TDhYhKz8bBDdAI4v
Thu Jan 23 2025 15:10:11 } [PH] info: Client disconnected: 1TL3kLYE6gx6TfDMAI4x
Thu Jan 23 2025 15:10:11 } [PH] info: Client disconnected: 3JRhbdQmlMKNcAKVAI4w
Thu Jan 23 2025 15:10:11 } [PH] info: Client disconnected: J4q57IqUPGP8KAN0AI4y
Thu Jan 23 2025 15:10:11 } [PH] info: Client disconnected: h0LlrCr-fceigyhLAI4z
Thu Jan 23 2025 15:10:11 } [PH] info: Client disconnected: agIIJkxROQjdnSQbAItb
Thu Jan 23 2025 15:10:20 } [PH] info: Client disconnected: TLJaocdxT6WJSWwpAI5R
Thu Jan 23 2025 15:10:20 } [PH] info: Client disconnected: MRvXIPmQxCMd1p1QAI5S
Thu Jan 23 2025 15:10:20 } [PH] info: Client disconnected: ZJyD43w5ItPncCJfAI5T
Thu Jan 23 2025 15:10:20 } [PH] info: Client disconnected: nqV1gQuHgr7a27hpAI5U
Thu Jan 23 2025 15:10:20 } [PH] info: Client disconnected: th2tCeSRh43RnQujAI5V
Thu Jan 23 2025 15:10:20 } [PH] info: Client disconnected: V-SHwedrkmY3OWeSAI5W
Thu Jan 23 2025 15:10:20 } [PH] info: Client disconnected: y5NHZkl0DjcGygr0AI5X
Thu Jan 23 2025 15:10:20 } [PH] info: Client disconnected: iHQv2LvbK9RK7eMtAI5Y
Thu Jan 23 2025 15:10:20 } [PH] info: Client disconnected: NR125ffQdaLwX15zAI5Z
Thu Jan 23 2025 15:10:20 } [PH] info: Client disconnected: B4BkXij61W80aU8AAI5b
Thu Jan 23 2025 15:10:20 } [PH] info: Client disconnected: 5ZVw62cX_HD8ZMqyAI5a
Thu Jan 23 2025 15:10:20 } [PH] info: Client disconnected: b9jPZbYYvhldxHCnAI5c
Thu Jan 23 2025 15:10:20 } [PH] info: Client disconnected: iOncZS2TwFTNDmiIAI5d
Thu Jan 23 2025 15:10:20 } [PH] info: Client disconnected: Xu1BEKvF0SfuEIPyAI5e
Thu Jan 23 2025 15:10:20 } [PH] info: Client disconnected: oHTKc9S7LapQqg-AAI5f
Thu Jan 23 2025 15:10:20 } [PH] info: Client disconnected: l48xR_T2RQRBt9P1AI5g
Thu Jan 23 2025 15:10:20 } [PH] info: Client disconnected: FMVH7sRC5b0DoNm_AI5h
Thu Jan 23 2025 15:10:20 } [PH] info: Client disconnected: KlvaKtPg_DpRdLwYAI5i
Thu Jan 23 2025 15:10:20 } [PH] info: Client disconnected: kW3r_LIg5xbvi-7OAI5j
Thu Jan 23 2025 15:10:36 } [PH] info: Client disconnected: NhSqFTWbkMYJrnR5AI6e
Thu Jan 23 2025 15:10:36 } [PH] info: Client disconnected: 1SoPrp-6OPG43DC7AI6f
Thu Jan 23 2025 15:10:36 } [PH] info: Client disconnected: pNo6TRnqn41pV82sAI6g
Thu Jan 23 2025 15:10:36 } [PH] info: Client disconnected: lqixFQEWOHRjD7w8AI6h
Thu Jan 23 2025 15:10:36 } [PH] info: Client disconnected: J-HpESuaIQ8-ZER8AI6i
Thu Jan 23 2025 15:10:36 } [PH] info: Client disconnected: sAOnIVunMQTS4rvoAI6j
Thu Jan 23 2025 15:10:36 } [PH] info: Client disconnected: c-2yzhkXuRaFpBEnAI6k
Thu Jan 23 2025 15:10:36 } [PH] info: Client disconnected: 2jDcJNgiaw27BVyHAI6l
Thu Jan 23 2025 15:10:36 } [PH] info: Client disconnected: MmWwF_5JsAk1bwkEAI6m
Thu Jan 23 2025 15:10:36 } [PH] info: Client disconnected: 7Yz_Y4PQYU5ss4ZiAI6n
Thu Jan 23 2025 15:10:36 } [PH] info: Client disconnected: LDsg88_n55ramUOyAI6o
Thu Jan 23 2025 15:10:36 } [PH] info: Client disconnected: gXvztsJln58Jc7DwAI6p
Thu Jan 23 2025 15:10:45 } [PH] info: Client disconnected: wcBn-ADBKA9nFWPEAI6z
Thu Jan 23 2025 15:10:45 } [PH] info: Client disconnected: zMvezqXqRhU1m8uiAI60
Thu Jan 23 2025 15:10:45 } [PH] info: Client disconnected: nGPtDqc9sWzp405zAI61
Thu Jan 23 2025 15:10:45 } [PH] info: Client disconnected: FcrgdFl8VPVTQ1XYAI62
Thu Jan 23 2025 15:10:45 } [PH] info: Client disconnected: RQtH5kYCB5WCLdKpAI63
Thu Jan 23 2025 15:10:45 } [PH] info: Client disconnected: 6m8zDowDUM1_PmsKAI64
Thu Jan 23 2025 15:10:45 } [PH] info: Client disconnected: ncOcWgKyZTX1quyBAI65
Thu Jan 23 2025 15:10:45 } [PH] info: Client disconnected: H_GHMS7zlTQJnWT8AI66
Thu Jan 23 2025 15:10:45 } [PH] info: Client disconnected: uJoDN3iym2r9Z5_sAI68
Thu Jan 23 2025 15:10:45 } [PH] info: Client disconnected: FsDXiGi07wvaEt30AI69
Thu Jan 23 2025 15:10:45 } [PH] info: Client disconnected: TdUIOITq_bXmdNeMAI6-
Thu Jan 23 2025 15:10:45 } [PH] info: Client disconnected: ucMH55X86eoIFP30AI6_
Thu Jan 23 2025 15:10:45 } [PH] info: Client disconnected: KrzZQpWirpLPBnfuAI7A
Thu Jan 23 2025 15:10:45 } [PH] info: Client disconnected: FcX39qOUwwwNQpOqAI7B
Thu Jan 23 2025 15:10:45 } [PH] info: Client disconnected: wfLsz_XcQmV_L4AxAI7C
Thu Jan 23 2025 15:11:10 } [PH] info: Client disconnected: 81h6Dp-bIzl6xJ7RAI8i
Thu Jan 23 2025 15:11:10 } [PH] info: Client disconnected: Aq4bqVHQ4TeXbX9cAI8j
Thu Jan 23 2025 15:11:10 } [PH] info: Client disconnected: 7N41LxS7KcMAyMVzAI8l
Thu Jan 23 2025 15:11:10 } [PH] info: Client disconnected: ZXw1yBDr0i2HonWQAI8m
Thu Jan 23 2025 15:11:10 } [PH] info: Client disconnected: wUQEuGtqKCkFHM5EAI8n
Thu Jan 23 2025 15:11:10 } [PH] info: Client disconnected: LEt1K1aJgoENqwewAI8k
Thu Jan 23 2025 15:11:10 } [PH] info: Client disconnected: O86AHjC8M7Hj_Rc6AI8o
Thu Jan 23 2025 15:11:10 } [PH] info: Client disconnected: HXsj7Zkn4jDx_Rq8AI8p
Thu Jan 23 2025 15:11:10 } [PH] info: Client disconnected: SuNZdnTfYTpqAyKaAI8q
Thu Jan 23 2025 15:11:10 } [PH] info: Client disconnected: LZqFIaJUD-yie3tJAI8r
Thu Jan 23 2025 15:11:10 } [PH] info: Client disconnected: 8L8v96CFFhQNDyaBAI8s
Thu Jan 23 2025 15:11:10 } [PH] info: Client disconnected: fNPj38kPuS-xbpi5AI8t
Thu Jan 23 2025 15:11:10 } [PH] info: Client disconnected: 7vUGtJmPJIAeVw8CAI8u
Thu Jan 23 2025 15:11:10 } [PH] info: Client disconnected: ftKwE4gGcIqjxKa0AI8v
Thu Jan 23 2025 15:11:10 } [PH] info: Client disconnected: ob_0mjMwafRjXZJ1AI8w
Thu Jan 23 2025 15:11:10 } [PH] info: Client disconnected: GEK_MH0D8nq5ojusAI8x
Thu Jan 23 2025 15:11:10 } [PH] info: Client disconnected: XgbNtkcaw2mVess5AI8y
Thu Jan 23 2025 15:11:10 } [PH] info: Client disconnected: FJns3752GkB5wlUpAI8z
Thu Jan 23 2025 15:11:10 } [PH] info: Client disconnected: wJC2NjvqMogwja3hAI80
Thu Jan 23 2025 15:11:10 } [PH] info: Client disconnected: nW8J-zpRbiPwueUkAI81
Thu Jan 23 2025 15:11:10 } [PH] info: Client disconnected: 2unlFk7zrao5tOuHAI82
Thu Jan 23 2025 15:11:10 } [PH] info: Client disconnected: G_podSaIkhTpAWZgAI83
Thu Jan 23 2025 15:11:10 } [PH] info: Client disconnected: C-kSf4zx4ofRHbRPAI84
Thu Jan 23 2025 15:11:26 } [PH] info: Client disconnected: N__BpC2d9YJbloUPAI96
Thu Jan 23 2025 15:11:26 } [PH] info: Client disconnected: TVkVzADWzS9qe74MAI95
Thu Jan 23 2025 15:11:26 } [PH] info: Client disconnected: xIl20quRxA7mwZuQAI97
Thu Jan 23 2025 15:11:26 } [PH] info: Client disconnected: yKCexu2mlijS5MniAI98
Thu Jan 23 2025 15:11:26 } [PH] info: Client disconnected: Mb3e4s74xSnu5IDbAI99
Thu Jan 23 2025 15:11:26 } [PH] info: Client disconnected: T7_wYzka0wpEaZFgAI9-
Thu Jan 23 2025 15:11:26 } [PH] info: Client disconnected: kjPTPy-bzkxk6q3TAI9_
Thu Jan 23 2025 15:11:26 } [PH] info: Client disconnected: u_yN4_3pXlvm9rL6AI-A
Thu Jan 23 2025 15:11:26 } [PH] info: Client disconnected: DbLe1ioGj5vKiK_SAI-B
Thu Jan 23 2025 15:11:26 } [PH] info: Client disconnected: P6WdeUU_Qq7j9it_AI-C
Thu Jan 23 2025 15:11:26 } [PH] info: Client disconnected: h5kPCryihO59JM-YAI-D
Thu Jan 23 2025 15:11:26 } [PH] info: Client disconnected: RAMM4Cx_ysaVtShZAI-E
Thu Jan 23 2025 15:11:26 } [PH] info: Client disconnected: -kcMzSKOgL64O8z3AI-F
Thu Jan 23 2025 15:11:26 } [PH] info: Client disconnected: gIg7GFSrA_YupVsWAI-G
Thu Jan 23 2025 15:11:26 } [PH] info: Client disconnected: Hzlh4bmSGWngWGzdAI-H
Thu Jan 23 2025 15:11:35 } [PH] info: Client disconnected: naPQpTrgV4JQ-vcyAI-g
Thu Jan 23 2025 15:11:35 } [PH] info: Client disconnected: 71-FLpJKzrG6Nk3KAI-h
Thu Jan 23 2025 15:11:35 } [PH] info: Client disconnected: HrY5Eu5aWLKYt8vCAI-i
Thu Jan 23 2025 15:11:35 } [PH] info: Client disconnected: 0E4uWQ4f6GE5zQu_AI-j
Thu Jan 23 2025 15:11:35 } [PH] info: Client disconnected: iSUYIYMA_BC-EihUAI-k
Thu Jan 23 2025 15:11:36 } [PH] info: Client disconnected: CuOsKL6GF_vlrH-FAI-l
Thu Jan 23 2025 15:11:36 } [PH] info: Client disconnected: DbmqJtfyelKEy1fWAI-m
Thu Jan 23 2025 15:11:36 } [PH] info: Client disconnected: RQspPlUSQOat1uiSAI-n
Thu Jan 23 2025 15:11:36 } [PH] info: Client disconnected: lr5-CZL6fd6E0_OzAI-o
Thu Jan 23 2025 15:11:36 } [PH] info: Client disconnected: ZPTXiQVLQ3HoY8zbAI-p
Thu Jan 23 2025 15:11:36 } [PH] info: Client disconnected: mngRFmDbiWOWwCnUAI-q
Thu Jan 23 2025 15:11:36 } [PH] info: Client disconnected: 4EL-5nX5MLzgZUqWAI-r
Thu Jan 23 2025 15:11:36 } [PH] info: Client disconnected: DGXwuA5wZvcVGT4yAI-s
Thu Jan 23 2025 15:11:36 } [PH] info: Client disconnected: D2m8OJ2llIegT6soAI-t
Thu Jan 23 2025 15:11:36 } [PH] info: Client disconnected: hV_svuTCF68rkHyLAI-u
Thu Jan 23 2025 15:11:36 } [PH] info: Client disconnected: VVuVxq_Cb1Ir0GTFAI-v
Thu Jan 23 2025 15:11:36 } [PH] info: Client disconnected: 0YW77k-LTELVLaUnAI-w
Thu Jan 23 2025 15:11:36 } [PH] info: Client disconnected: GWEmwobSC7QTv--VAI-x
Thu Jan 23 2025 15:11:36 } [PH] info: Client disconnected: VL2RbYE8QTn6HvzFAI-y
Thu Jan 23 2025 15:11:36 } [PH] info: Client disconnected: ZHwLrNKFal9J0FFbAI-z
Thu Jan 23 2025 15:11:36 } [PH] info: Client disconnected: lTJBoO1YHtPTPKW9AI-0
Thu Jan 23 2025 15:11:36 } [PH] info: Client disconnected: QQmqw8yr96b6Cg8UAI-1
Thu Jan 23 2025 15:11:36 } [PH] info: Client disconnected: ObX231RY3UduikZHAI-2
Thu Jan 23 2025 15:11:36 } [PH] info: Client disconnected: hNCCgv7XtGi3tHkhAI-3
Thu Jan 23 2025 15:11:36 } [PH] info: Client disconnected: dDmzmAOr00P4qktfAI-4
Thu Jan 23 2025 15:11:36 } [PH] info: Client disconnected: K3Cw5yVWhx-ywOVQAI-5
Thu Jan 23 2025 15:11:36 } [PH] info: Client disconnected: JjeJQf7lu6linRzhAI-6
Thu Jan 23 2025 15:11:36 } [PH] info: Client disconnected: IKoX235hE27vYTcsAI-7
Thu Jan 23 2025 15:11:36 } [PH] info: Client disconnected: E9sDUw8YPaO_6er-AI-8
Thu Jan 23 2025 15:11:36 } [PH] info: Client disconnected: _qW_XJlHPLA3bi-UAI-9
Thu Jan 23 2025 15:11:36 } [PH] info: Client disconnected: KxdME0l1KN2HuI61AI--
Thu Jan 23 2025 15:11:36 } [PH] info: Client disconnected: DxVGM8tEGJS3UwbIAI-_
Thu Jan 23 2025 15:11:36 } [PH] info: Client disconnected: Wk0JduR7xbwrRWYCAI_A
Thu Jan 23 2025 15:11:36 } [PH] info: Client disconnected: uJX4wLZr56c0PhXaAI_B
Thu Jan 23 2025 15:11:51 } [PH] info: Client disconnected: HkH2vrRANpxPmSVNAI_k
Thu Jan 23 2025 15:11:51 } [PH] info: Client disconnected: N9MfxCKxiifxGHs6AI_l
Thu Jan 23 2025 15:11:51 } [PH] info: Client disconnected: 5NTN1ML_P74aBqhZAI_m
Thu Jan 23 2025 15:11:51 } [PH] info: Client disconnected: Vs56Xs7eXdFCrDp6AI_n
Thu Jan 23 2025 15:11:51 } [PH] info: Client disconnected: 9PSM4JYVdlNlLx_lAI_o
Thu Jan 23 2025 15:11:51 } [PH] info: Client disconnected: Gs8IXE2-YO2He3MhAI_p
Thu Jan 23 2025 15:11:51 } [PH] info: Client disconnected: 5N-dyS9Kq4WNACZJAI_q
Thu Jan 23 2025 15:11:51 } [PH] info: Client disconnected: bIh8Tr9kIpp--dhEAI_r
Thu Jan 23 2025 15:11:51 } [PH] info: Client disconnected: piK9nHhfWDJvS7UyAI_s
Thu Jan 23 2025 15:11:51 } [PH] info: Client disconnected: X5B31m12NnczyEApAI_t
Thu Jan 23 2025 15:11:51 } [PH] info: Client disconnected: BmPxkCDkSS9t7GmYAI_u
Thu Jan 23 2025 15:11:51 } [PH] info: Client disconnected: BbdmceNKXn-6G_nnAI_v
Thu Jan 23 2025 15:12:1 } [PH] info: Client disconnected: GVgYwrxEbpzoH5mxAJAB
Thu Jan 23 2025 15:12:1 } [PH] info: Client disconnected: rEEAUsxXyAWbM0ZMAJAC
Thu Jan 23 2025 15:12:1 } [PH] info: Client disconnected: UhrGALQ18NMJVUFoAJAD
Thu Jan 23 2025 15:12:1 } [PH] info: Client disconnected: A9RKioxvS87y-Rq8AJAE
Thu Jan 23 2025 15:12:1 } [PH] info: Client disconnected: uWBLqW4ilCCqsGEFAJAF
Thu Jan 23 2025 15:12:1 } [PH] info: Client disconnected: EQRMR9u57fykqJuEAJAG
Thu Jan 23 2025 15:12:1 } [PH] info: Client disconnected: 62S2CZv0dXUbsLLnAJAH
Thu Jan 23 2025 15:12:1 } [PH] info: Client disconnected: iy1GkHNzzWtgrau0AJAI
Thu Jan 23 2025 15:12:1 } [PH] info: Client disconnected: 9TvJ_pNN3RZU899cAJAJ
Thu Jan 23 2025 15:12:1 } [PH] info: Client disconnected: jwT9VGSii4wy9svFAJAK
Thu Jan 23 2025 15:12:1 } [PH] info: Client disconnected: U2pALBK4pUvAT9UGAJAL
Thu Jan 23 2025 15:12:17 } [PH] info: Client disconnected: 5Her4-etLBNLhYVcAJBD
Thu Jan 23 2025 15:12:17 } [PH] info: Client disconnected: g2ldnpmXqxb0iB9wAJBE
Thu Jan 23 2025 15:12:17 } [PH] info: Client disconnected: FFLGFNCR8OxyRdSLAJBF
Thu Jan 23 2025 15:12:17 } [PH] info: Client disconnected: B28a51KkyTW9O2wbAJBG
Thu Jan 23 2025 15:12:17 } [PH] info: Client disconnected: DVkrvb0Us8HjOHe5AJBH
Thu Jan 23 2025 15:12:26 } [PH] info: Client disconnected: vGo_jA09MPAttgeYAJBt
Thu Jan 23 2025 15:12:26 } [PH] info: Client disconnected: TUM3jzZSDGzqlaZRAJBo
Thu Jan 23 2025 15:12:26 } [PH] info: Client disconnected: 9DqRcy8KMGIrIG0aAJBp
Thu Jan 23 2025 15:12:26 } [PH] info: Client disconnected: k4j0yvU-wZ0CZdUFAJBr
Thu Jan 23 2025 15:12:26 } [PH] info: Client disconnected: spzyXmQJBvJhmPmaAJBs
Thu Jan 23 2025 15:12:26 } [PH] info: Client disconnected: jfYAT0PMuK5RDxhbAJBu
Thu Jan 23 2025 15:12:26 } [PH] info: Client disconnected: QGgTkN_3tQrVZmdpAJBv
Thu Jan 23 2025 15:12:26 } [PH] info: Client disconnected: zPBfnyEkiXT5RBnmAJBw
Thu Jan 23 2025 15:12:26 } [PH] info: Client disconnected: tC_mSdITgjJj8JP4AJBx
Thu Jan 23 2025 15:12:26 } [PH] info: Client disconnected: _wUi_o2FEyspYTjJAJBy
Thu Jan 23 2025 15:12:26 } [PH] info: Client disconnected: xm1DU3606UdEqXtRAJBz
Thu Jan 23 2025 15:12:26 } [PH] info: Client disconnected: lZIWSbo7SttbSA6WAJB0
Thu Jan 23 2025 15:12:26 } [PH] info: Client disconnected: g8YpEuUGqDsz0Nt5AJB1
Thu Jan 23 2025 15:12:26 } [PH] info: Client disconnected: IJRKKwDZbiiKQVmqAJB2
Thu Jan 23 2025 15:12:26 } [PH] info: Client disconnected: J67V2rQOudVy1L7cAJB3
Thu Jan 23 2025 15:12:26 } [PH] info: Client disconnected: _SoB5wrIGhOy-heMAJB4
Thu Jan 23 2025 15:12:26 } [PH] info: Client disconnected: 3_ZL1tM84asTIr2ZAJB5
Thu Jan 23 2025 15:12:26 } [PH] info: Client disconnected: xJvL4Dlmc-zBGSJHAJB6
Thu Jan 23 2025 15:12:26 } [PH] info: Client disconnected: r6YOFLP9zl1jo9WMAJB7
Thu Jan 23 2025 15:12:26 } [PH] info: Client disconnected: CIubcU0fZI-SemnwAJB8
Thu Jan 23 2025 15:12:26 } [PH] info: Client disconnected: Tve1WdfChawlUygeAJB9
Thu Jan 23 2025 15:12:26 } [PH] info: Client disconnected: YdNGI1FHEuBRmTZSAJB-
Thu Jan 23 2025 15:12:26 } [PH] info: Client disconnected: xYxLcScoucR6pErdAJB_
Thu Jan 23 2025 15:12:26 } [PH] info: Client disconnected: cXjQuNs3IA1bBEc7AJCA
Thu Jan 23 2025 15:12:26 } [PH] info: Client disconnected: Yspd8hFFkhe59gQqAJCB
Thu Jan 23 2025 15:12:26 } [PH] info: Client disconnected: i30Ej6pi_88PP6qDAJCC
Thu Jan 23 2025 15:12:26 } [PH] info: Client disconnected: LuHbYje_mvDRl_MdAJCD
Thu Jan 23 2025 15:12:26 } [PH] info: Client disconnected: smUsilwH-LIHXpbVAJCE
Thu Jan 23 2025 15:12:26 } [PH] info: Client disconnected: GyBPzlJbXWdXyIDeAIYl
Thu Jan 23 2025 15:12:26 } [PH] info: Client disconnected: luWWBeUuq62lwzZkAGRI
Thu Jan 23 2025 15:12:42 } [PH] info: Client disconnected: lCi_lC0qUC3rabMmAJDV
Thu Jan 23 2025 15:12:42 } [PH] info: Client disconnected: NurdHjLd7A0os6PxAJDW
Thu Jan 23 2025 15:12:42 } [PH] info: Client disconnected: hc8eo9pgAlacskjAAJDX
Thu Jan 23 2025 15:12:42 } [PH] info: Client disconnected: LQkhLPYylZ0PPpGBAJDY
Thu Jan 23 2025 15:12:42 } [PH] info: Client disconnected: faRmV5-CaOikhWumAJDZ
Thu Jan 23 2025 15:12:42 } [PH] info: Client disconnected: uQqhTpYeTMH_2yynAJDa
Thu Jan 23 2025 15:12:42 } [PH] info: Client disconnected: lUbyn8PiJ9sgYBBMAJDb
Thu Jan 23 2025 15:12:42 } [PH] info: Client disconnected: zF5gncbnTXHM0ePBAJA_
Thu Jan 23 2025 15:12:42 } [PH] info: Client disconnected: QgL7y5iaMsxLvcvfAJDc
Thu Jan 23 2025 15:12:42 } [PH] info: Client disconnected: 24rzrJTIorfJo_ggAJDd
Thu Jan 23 2025 15:12:42 } [PH] info: Client disconnected: 4HqNDhhX_97BX_VoAJDe
Thu Jan 23 2025 15:12:42 } [PH] info: Client disconnected: E5bjTb83RZbKb64pAJBA
Thu Jan 23 2025 15:12:42 } [PH] info: Client disconnected: eHKKfM6pOzLrol2iAJDf
Thu Jan 23 2025 15:12:42 } [PH] info: Client disconnected: tc5lhZmW78YsA_sIAJBB
Thu Jan 23 2025 15:12:42 } [PH] info: Client disconnected: 9FO3exq-gHxkPfZYAJDg
Thu Jan 23 2025 15:12:42 } [PH] info: Client disconnected: jXfJr9S_ihAbo4AVAJDh
Thu Jan 23 2025 15:12:42 } [PH] info: Client disconnected: aY4i3wkhjOsMUc3MAJDi
Thu Jan 23 2025 15:12:42 } [PH] info: Client disconnected: PQrELKYo8oK7oGueAJDj
Thu Jan 23 2025 15:12:42 } [PH] info: Client disconnected: Ai5-8OIu6b3biTRmAJBC
Thu Jan 23 2025 15:12:56 } [PH] info: Server running on port 5000
