Thu Jan 30 2025 10:12:47 } [PH] info: Server running on port 5000
Thu Jan 30 2025 10:13:52 } [PH] info: Client disconnected: 9zjzQu-Q_T9aJ7eaAA6N
Thu Jan 30 2025 10:13:52 } [PH] info: Client disconnected: M6Eys50VVtp11IsmAA6O
Thu Jan 30 2025 10:13:52 } [PH] info: Client disconnected: Rp4C1fjbztZ_YWWpAA6P
Thu Jan 30 2025 10:13:52 } [PH] info: Client disconnected: _HCSmfNFlc64mYqjAA6T
Thu Jan 30 2025 10:13:52 } [PH] info: Client disconnected: PMWJstF8CdIoKlglAA6t
Thu Jan 30 2025 10:13:52 } [PH] info: Client disconnected: -KiFOJG5kRm1Y60LAA6u
Thu Jan 30 2025 10:13:52 } [PH] info: Client disconnected: aydQenK1yk1OKmtqAA6U
Thu Jan 30 2025 10:13:52 } [PH] info: Client disconnected: sJ2YYsWnyc33KJGCAA6V
Thu Jan 30 2025 10:13:52 } [PH] info: Client disconnected: dbVzOHnnwlh4jxdNAA6v
Thu Jan 30 2025 10:13:52 } [PH] info: Client disconnected: tGlttRgbFWkHTcrFAA6y
Thu Jan 30 2025 10:13:52 } [PH] info: Client disconnected: NxvhnXxTu8xhHN64AA6z
Thu Jan 30 2025 10:13:52 } [PH] info: Client disconnected: 9lqFXkYagCoYMD-6AA60
Thu Jan 30 2025 10:13:52 } [PH] info: Client disconnected: l2C-Gl0Gv7QDKOohAA61
Thu Jan 30 2025 10:13:52 } [PH] info: Client disconnected: 7LbuSIBn_jS1qDGdAA62
Thu Jan 30 2025 10:13:52 } [PH] info: Client disconnected: XcxrRaRUKcCpkqIUAA63
Thu Jan 30 2025 10:13:52 } [PH] info: Client disconnected: WT4TXKRBcRPiwe82AA64
Thu Jan 30 2025 10:13:56 } [PH] info: Client disconnected: J00f_TV7YpYPJYJjAA7I
Thu Jan 30 2025 10:13:56 } [PH] info: Client disconnected: F2hEK5kjlEM30pMeAA7N
Thu Jan 30 2025 10:13:56 } [PH] info: Client disconnected: kGQM98XtuUekw-IoAA7O
Thu Jan 30 2025 10:13:56 } [PH] info: Client disconnected: LZRWofd_LtWtNZmKAA7Q
Thu Jan 30 2025 10:13:56 } [PH] info: Client disconnected: SQeRnrf7l3D0Yv7uAA7P
Thu Jan 30 2025 10:13:56 } [PH] info: Client disconnected: mFmE2xQc_8AQBa3tAA7R
Thu Jan 30 2025 10:13:58 } [PH] info: Client disconnected: BHPTsgBiyWw3lf6uAA7K
Thu Jan 30 2025 10:13:58 } [PH] info: Client disconnected: g5rgGhNijZ-2TL_YAA7L
Thu Jan 30 2025 10:13:58 } [PH] info: Client disconnected: xIx58y7-Ougv2GEZAA7M
Thu Jan 30 2025 10:13:58 } [PH] info: Client disconnected: 3hSSfwxAlpHtT-PlAA7S
Thu Jan 30 2025 10:13:58 } [PH] info: Client disconnected: pd1aZ3TWyfbLLQovAA7a
Thu Jan 30 2025 10:13:58 } [PH] info: Client disconnected: XWDo9y9G_U0-ABVwAA7b
Thu Jan 30 2025 10:13:58 } [PH] info: Client disconnected: IEcEh5zMXDjeVX50AA7c
Thu Jan 30 2025 10:13:58 } [PH] info: Client disconnected: 8tIRFDPJRGHhzPVCAA7d
Thu Jan 30 2025 10:14:1 } [PH] info: Client disconnected: RsHBMd6M6cJLXGPZAA7g
Thu Jan 30 2025 10:14:1 } [PH] info: Client disconnected: qeA5jvbktFupw8-PAA7h
Thu Jan 30 2025 10:14:1 } [PH] info: Client disconnected: 913sC3UECo6OImZQAA7i
Thu Jan 30 2025 10:14:1 } [PH] info: Client disconnected: HWnDvxkLOx2Ymjz-AA7j
Thu Jan 30 2025 10:14:1 } [PH] info: Client disconnected: RlP-XbwdFBWmQPCvAA7k
Thu Jan 30 2025 10:14:1 } [PH] info: Client disconnected: S_CTDsGsyJa-CLipAA7l
Thu Jan 30 2025 10:14:1 } [PH] info: Client disconnected: gOAwPYY1mA6NYzWqAA7m
Thu Jan 30 2025 10:14:6 } [PH] info: Client disconnected: 7CRKcJeS77-srrmgAA6x
Thu Jan 30 2025 10:14:6 } [PH] info: Client disconnected: q_Zg-w6onEnS3uj4AAzv
Thu Jan 30 2025 10:14:6 } [PH] info: Client disconnected: XFMGSdtpwq8TXAEvAAzr
Thu Jan 30 2025 10:14:6 } [PH] info: Client disconnected: jxtEmv9L-uqvAA6SAAyi
Thu Jan 30 2025 10:14:6 } [PH] info: Client disconnected: 1Bz948z2MvnsLUdiAA6o
Thu Jan 30 2025 10:14:6 } [PH] info: Client disconnected: AX4_Aiue_oLJVeHnAA6q
Thu Jan 30 2025 10:14:6 } [PH] info: Client disconnected: cp4ZPT1pOsqs-_MQAA6r
Thu Jan 30 2025 10:14:6 } [PH] info: Client disconnected: r4_fx6zPQnVFOyl3AA6p
Thu Jan 30 2025 10:14:6 } [PH] info: Client disconnected: lQy5yAbm3TlhPZKKAA0_
Thu Jan 30 2025 10:14:6 } [PH] info: Client disconnected: e6dsPoFJc0IAu1JqAA0-
Thu Jan 30 2025 10:14:6 } [PH] info: Client disconnected: 2lBCBMObziLsQ9TFAA09
Thu Jan 30 2025 10:14:6 } [PH] info: Client disconnected: MRi6EXd40yBIrMEbAA08
Thu Jan 30 2025 10:14:6 } [PH] info: Client disconnected: fTYVCoXTVU616Eh0AA07
Thu Jan 30 2025 10:14:6 } [PH] info: Client disconnected: N2AgipFLW0xFWxiEAA06
Thu Jan 30 2025 10:14:6 } [PH] info: Client disconnected: BgVimrmXTMKispeVAA05
Thu Jan 30 2025 10:14:6 } [PH] info: Client disconnected: uNdaVjhFKNuz_XtYAA04
Thu Jan 30 2025 10:14:6 } [PH] info: Client disconnected: F2poEaFCntzgYXvXAA03
Thu Jan 30 2025 10:14:6 } [PH] info: Client disconnected: pXR-cvJ_MM584MisAA0z
Thu Jan 30 2025 10:14:6 } [PH] info: Client disconnected: mXCcw6nexfPkaasJAA0x
Thu Jan 30 2025 10:14:6 } [PH] info: Client disconnected: XnD__B_cattfHWbGAA0w
Thu Jan 30 2025 10:14:6 } [PH] info: Client disconnected: 5-g6-9EqudN3MkXvAA0u
Thu Jan 30 2025 10:14:6 } [PH] info: Client disconnected: wn4VY38O0i0IzmeVAA0s
Thu Jan 30 2025 10:14:6 } [PH] info: Client disconnected: JKuEj2QDQRH2IS2ZAA0r
Thu Jan 30 2025 10:14:6 } [PH] info: Client disconnected: 1byJlOC3EWhYqNoMAA0n
Thu Jan 30 2025 10:14:6 } [PH] info: Client disconnected: DN9rVZaiPC_9FhZpAA0l
Thu Jan 30 2025 10:14:6 } [PH] info: Client disconnected: DiLWqMZYCuj7PjcIAA0k
Thu Jan 30 2025 10:14:6 } [PH] info: Client disconnected: TfJFVo-2_d9VIoT8AA0i
Thu Jan 30 2025 10:14:6 } [PH] info: Client disconnected: T6It3gptss244PZtAA0g
Thu Jan 30 2025 10:14:6 } [PH] info: Client disconnected: Hk2pmj6hUOlFSOT_AA0f
Thu Jan 30 2025 10:14:6 } [PH] info: Client disconnected: 26ZMCeFGu5rmrY16AA0b
Thu Jan 30 2025 10:14:6 } [PH] info: Client disconnected: 9hevXZ2M69ioGcvTAA0Z
Thu Jan 30 2025 10:14:6 } [PH] info: Client disconnected: 1fEW5S3p71-QuGnEAA0Y
Thu Jan 30 2025 10:14:6 } [PH] info: Client disconnected: 9QyAX4rTy0WLY_PGAA0W
Thu Jan 30 2025 10:14:6 } [PH] info: Client disconnected: BfgNWVujG_gRP3GrAA0U
Thu Jan 30 2025 10:14:6 } [PH] info: Client disconnected: Pf6EpanQTkQullXiAA0T
Thu Jan 30 2025 10:14:6 } [PH] info: Client disconnected: M5uvVg_AUt2kT4DfAA0P
Thu Jan 30 2025 10:14:6 } [PH] info: Client disconnected: twwb_xMnVzG4dtKCAA0N
Thu Jan 30 2025 10:14:6 } [PH] info: Client disconnected: MlXnv6N88szUIJ99AA0M
Thu Jan 30 2025 10:14:6 } [PH] info: Client disconnected: sAUSmmNKVkXnlLLZAA0K
Thu Jan 30 2025 10:14:6 } [PH] info: Client disconnected: F7fBmVXbRUNtVJb6AA0I
Thu Jan 30 2025 10:14:6 } [PH] info: Client disconnected: ONPtYybAM2RGtz2YAA0H
Thu Jan 30 2025 10:14:6 } [PH] info: Client disconnected: d10tvIaiEAXH0JCEAA0D
Thu Jan 30 2025 10:14:6 } [PH] info: Client disconnected: KGEynOPyDzsL31ABAA0B
Thu Jan 30 2025 10:14:6 } [PH] info: Client disconnected: tYbF25YAze4eTbnUAA0A
Thu Jan 30 2025 10:14:6 } [PH] info: Client disconnected: KKybrcBV2j_iFyGcAAz-
Thu Jan 30 2025 10:14:6 } [PH] info: Client disconnected: QoNTImA1iQ8G3I-aAAz8
Thu Jan 30 2025 10:14:6 } [PH] info: Client disconnected: 9VTCmZoUemDlq3DYAAz7
Thu Jan 30 2025 10:14:6 } [PH] info: Client disconnected: xdXO3EkmF5lDNOTSAAz3
Thu Jan 30 2025 10:14:6 } [PH] info: Client disconnected: aTcqYxOSkkTue_0OAAz1
Thu Jan 30 2025 10:14:6 } [PH] info: Client disconnected: OsT4R9CaBXMqT3QDAAz0
Thu Jan 30 2025 10:14:6 } [PH] info: Client disconnected: GwJIYim2X8FBAzINAAzy
Thu Jan 30 2025 10:14:6 } [PH] info: Client disconnected: Hso9cDUWHsBwz1HKAAzw
Thu Jan 30 2025 10:14:6 } [PH] info: Client disconnected: OLSGu56pKfvycZPYAA4o
Thu Jan 30 2025 10:14:6 } [PH] info: Client disconnected: _syjcCydEGvkdkXEAA4n
Thu Jan 30 2025 10:14:6 } [PH] info: Client disconnected: W0iQMdQiCrxRpb4WAA4j
Thu Jan 30 2025 10:14:6 } [PH] info: Client disconnected: 5wEUpqP1_EKP9x7jAA4i
Thu Jan 30 2025 10:14:6 } [PH] info: Client disconnected: pU7Lm7RAjSD5wjcSAA4h
Thu Jan 30 2025 10:14:6 } [PH] info: Client disconnected: qNKu4vp0PaIOH3ObAA4c
Thu Jan 30 2025 10:14:6 } [PH] info: Client disconnected: 7S9IEKUhsKlHMEYVAA4b
Thu Jan 30 2025 10:14:6 } [PH] info: Client disconnected: 3jeqLrvNztqpcb46AA4T
Thu Jan 30 2025 10:14:6 } [PH] info: Client disconnected: w63DwAjeSQCy3lzpAA4M
Thu Jan 30 2025 10:14:6 } [PH] info: Client disconnected: 84x73QgMS4f18dWqAA4F
Thu Jan 30 2025 10:14:6 } [PH] info: Client disconnected: Er5SRgqh9GhPPqp5AA4E
Thu Jan 30 2025 10:14:6 } [PH] info: Client disconnected: UdX5ywvx5dMv1bBZAA39
Thu Jan 30 2025 10:14:6 } [PH] info: Client disconnected: 7p29VlZPTRGcDR8yAA36
Thu Jan 30 2025 10:14:6 } [PH] info: Client disconnected: vkNgaWNvtfwA9XOqAA31
Thu Jan 30 2025 10:14:6 } [PH] info: Client disconnected: oUP86skhgbPjV7_PAA3y
Thu Jan 30 2025 10:14:6 } [PH] info: Client disconnected: Lvo7409dh63YvaqIAA3u
Thu Jan 30 2025 10:14:6 } [PH] info: Client disconnected: Yx1qOSOtEPixkyjEAA3s
Thu Jan 30 2025 10:14:6 } [PH] info: Client disconnected: tOaypldmik_1X66NAA3q
Thu Jan 30 2025 10:14:6 } [PH] info: Client disconnected: UClVQ_QaxeDExaidAA3l
Thu Jan 30 2025 10:14:6 } [PH] info: Client disconnected: M8_Hg-g1PIXxWYilAA3j
Thu Jan 30 2025 10:14:6 } [PH] info: Client disconnected: mhmlpdpzgvh6j43KAA3h
Thu Jan 30 2025 10:14:6 } [PH] info: Client disconnected: Gr5NJm_chwDSAfQRAA3f
Thu Jan 30 2025 10:14:6 } [PH] info: Client disconnected: A19p2FK9T-ODGaf3AA3Z
Thu Jan 30 2025 10:14:6 } [PH] info: Client disconnected: 5zwHRktgwBQnABYeAA3X
Thu Jan 30 2025 10:14:6 } [PH] info: Client disconnected: ZgzP2MuOHHg-o7zCAA3U
Thu Jan 30 2025 10:14:6 } [PH] info: Client disconnected: 3mZ34Fji4kwd3wg-AA3R
Thu Jan 30 2025 10:14:6 } [PH] info: Client disconnected: dlrJSrjVgZldMFMSAA3N
Thu Jan 30 2025 10:14:6 } [PH] info: Client disconnected: fr8mls3bNAayPjq0AA3K
Thu Jan 30 2025 10:14:6 } [PH] info: Client disconnected: -JqYB4bv2YIyLakIAA3I
Thu Jan 30 2025 10:14:6 } [PH] info: Client disconnected: k5zebne09B1NX-YaAA3H
Thu Jan 30 2025 10:14:6 } [PH] info: Client disconnected: tzLWE22zI59xFf-oAA3E
Thu Jan 30 2025 10:14:6 } [PH] info: Client disconnected: X-JtzIyI46hs3PrWAA3A
Thu Jan 30 2025 10:14:6 } [PH] info: Client disconnected: Q-QNb0b_E3XjyhFvAA27
Thu Jan 30 2025 10:14:6 } [PH] info: Client disconnected: JcMaPeeGmiz-2vRDAA24
Thu Jan 30 2025 10:14:6 } [PH] info: Client disconnected: ad2Yk0F3kjnfOlagAA22
Thu Jan 30 2025 10:14:6 } [PH] info: Client disconnected: XHerxq3FWt09rHWiAA21
Thu Jan 30 2025 10:14:6 } [PH] info: Client disconnected: XVH1pOf-D-gcemF_AA2w
Thu Jan 30 2025 10:14:6 } [PH] info: Client disconnected: cWeO7k97aSSB_8BIAA2v
Thu Jan 30 2025 10:14:6 } [PH] info: Client disconnected: xPY6EZLakWEjXwQfAA2r
Thu Jan 30 2025 10:14:6 } [PH] info: Client disconnected: c9f1jw01eLssO7T5AA2p
Thu Jan 30 2025 10:14:6 } [PH] info: Client disconnected: araIZ_a_cLcKCJD0AA2n
Thu Jan 30 2025 10:14:6 } [PH] info: Client disconnected: JZJWUrwABKIbabaQAA2k
Thu Jan 30 2025 10:14:6 } [PH] info: Client disconnected: sfLD3sNH_GeWoYLbAA2g
Thu Jan 30 2025 10:14:6 } [PH] info: Client disconnected: Qrg7kBB6VkyGHToiAA2f
Thu Jan 30 2025 10:14:6 } [PH] info: Client disconnected: wQ2NmbsOqrr5DvBLAA2c
Thu Jan 30 2025 10:14:6 } [PH] info: Client disconnected: OR2W5YXMvg0TFTfkAA2a
Thu Jan 30 2025 10:14:6 } [PH] info: Client disconnected: Y3lYj6zljK3ScR-7AA2X
Thu Jan 30 2025 10:14:6 } [PH] info: Client disconnected: hsaP0OdSixMewXafAA2V
Thu Jan 30 2025 10:14:6 } [PH] info: Client disconnected: ZEQL-AWjIFuYTT_BAA2U
Thu Jan 30 2025 10:14:6 } [PH] info: Client disconnected: _yx2xAxB-MQA1b0aAA2T
Thu Jan 30 2025 10:14:6 } [PH] info: Client disconnected: hV8rBvg_TsIO7dSMAA2S
Thu Jan 30 2025 10:14:6 } [PH] info: Client disconnected: Zu5vdhCCkp0ATYBfAA2R
Thu Jan 30 2025 10:14:6 } [PH] info: Client disconnected: 9aTftvMvxTUMOSQaAA2Q
Thu Jan 30 2025 10:14:6 } [PH] info: Client disconnected: _EhfJb9meE28R3tmAA2P
Thu Jan 30 2025 10:14:6 } [PH] info: Client disconnected: Nfb3AsjvQYOHkuGsAA2O
Thu Jan 30 2025 10:14:6 } [PH] info: Client disconnected: 66x90P49RIoU3DnUAA2N
Thu Jan 30 2025 10:14:6 } [PH] info: Client disconnected: 2Mi8uii1sL_uiy25AA2M
Thu Jan 30 2025 10:14:6 } [PH] info: Client disconnected: JO3iA-HmX2zpgpHUAA2L
Thu Jan 30 2025 10:14:6 } [PH] info: Client disconnected: _GOolGBkUGgZFM-yAA2K
Thu Jan 30 2025 10:14:6 } [PH] info: Client disconnected: hOz7iOzTwpCU3f0zAA2J
Thu Jan 30 2025 10:14:6 } [PH] info: Client disconnected: mqwQf0afrDe-VWHAAA2I
Thu Jan 30 2025 10:14:6 } [PH] info: Client disconnected: qrQSR3VzpHb4BpNxAA2H
Thu Jan 30 2025 10:14:6 } [PH] info: Client disconnected: JC7AOGxj2oeu5XQvAA2G
Thu Jan 30 2025 10:14:6 } [PH] info: Client disconnected: Pbd2amL0A_MUZlOCAA2F
Thu Jan 30 2025 10:14:6 } [PH] info: Client disconnected: RQWg3J0AAT8DU3O7AA2E
Thu Jan 30 2025 10:14:6 } [PH] info: Client disconnected: chECrQRkGrSjk5o-AA2C
Thu Jan 30 2025 10:14:6 } [PH] info: Client disconnected: D4sB5T1vAj02f8j9AA2B
Thu Jan 30 2025 10:14:6 } [PH] info: Client disconnected: BcTOREDJXODErkrEAA1_
Thu Jan 30 2025 10:14:6 } [PH] info: Client disconnected: ZLdHdTDDK1_3VM4qAA19
Thu Jan 30 2025 10:14:6 } [PH] info: Client disconnected: 1ceH7nSCjetez7J5AA18
Thu Jan 30 2025 10:14:6 } [PH] info: Client disconnected: MHo_yLAKpg-B0dzXAA17
Thu Jan 30 2025 10:14:6 } [PH] info: Client disconnected: t139u2iHKdBFKexaAA14
Thu Jan 30 2025 10:14:6 } [PH] info: Client disconnected: nIli4J-MpJUTyKqGAA13
Thu Jan 30 2025 10:14:6 } [PH] info: Client disconnected: RkBw6Q91eVww18sjAA11
Thu Jan 30 2025 10:14:6 } [PH] info: Client disconnected: MqirZA6AyPq9WCV5AA1z
Thu Jan 30 2025 10:14:6 } [PH] info: Client disconnected: Kv1wM_SB83Rev5C3AA1y
Thu Jan 30 2025 10:14:6 } [PH] info: Client disconnected: DhfIW8zrB1yiw_pEAA1x
Thu Jan 30 2025 10:14:6 } [PH] info: Client disconnected: t_e919D6-7ciItpJAA1t
Thu Jan 30 2025 10:14:6 } [PH] info: Client disconnected: 1ZfjMqdNZ6n3APrzAA1s
Thu Jan 30 2025 10:14:6 } [PH] info: Client disconnected: rBBjQ6h-O35NTSsTAA1q
Thu Jan 30 2025 10:14:6 } [PH] info: Client disconnected: 0nz1fg-__Lp0AbSmAA1p
Thu Jan 30 2025 10:14:6 } [PH] info: Client disconnected: i3aQHoAPe41uApMAAA1o
Thu Jan 30 2025 10:14:6 } [PH] info: Client disconnected: RlvBAYC-8kJty-MPAA1n
Thu Jan 30 2025 10:14:6 } [PH] info: Client disconnected: blJnJKUhUosxCp8aAA1m
Thu Jan 30 2025 10:14:6 } [PH] info: Client disconnected: 7_iXaU3bt9M4f52IAA1l
Thu Jan 30 2025 10:14:6 } [PH] info: Client disconnected: dfbafMH4DEM7H5K5AA1k
Thu Jan 30 2025 10:14:6 } [PH] info: Client disconnected: 39x2niSKX4SuCVeEAA6s
Thu Jan 30 2025 10:14:6 } [PH] info: Client disconnected: W3oSbSwZFHSq3c2cAA1j
Thu Jan 30 2025 10:14:6 } [PH] info: Client disconnected: zZlzcpya621H98L7AA1i
Thu Jan 30 2025 10:14:6 } [PH] info: Client disconnected: YpBW-x3zguK7_F77AA1h
Thu Jan 30 2025 10:14:6 } [PH] info: Client disconnected: bfNqNWCgtuE419J-AA1g
Thu Jan 30 2025 10:14:6 } [PH] info: Client disconnected: a3GvjvuRdFUyE_MPAA1f
Thu Jan 30 2025 10:14:6 } [PH] info: Client disconnected: m93SJthFc-sEwjT2AA1e
Thu Jan 30 2025 10:14:6 } [PH] info: Client disconnected: tS94EnQlOOkm94g1AA1d
Thu Jan 30 2025 10:14:6 } [PH] info: Client disconnected: E-WfJ0ctz6m8QhOWAA1c
Thu Jan 30 2025 10:14:6 } [PH] info: Client disconnected: DUH6s26-YJhYhu7-AA1b
Thu Jan 30 2025 10:14:6 } [PH] info: Client disconnected: 4UfufbRwGXu2X2uyAA1a
Thu Jan 30 2025 10:14:6 } [PH] info: Client disconnected: OhjSQ8OqBZ00kKvDAA1Y
Thu Jan 30 2025 10:14:6 } [PH] info: Client disconnected: Cy3E3QrznmHYrXD-AA1X
Thu Jan 30 2025 10:14:6 } [PH] info: Client disconnected: AmRk7tOdr_t9-Q4eAA1W
Thu Jan 30 2025 10:14:6 } [PH] info: Client disconnected: 2q50dQdmCMK2QlKcAA1V
Thu Jan 30 2025 10:14:6 } [PH] info: Client disconnected: Hs0f_00q8hI8u_9GAA1U
Thu Jan 30 2025 10:14:6 } [PH] info: Client disconnected: __VpS-omfusSmanYAA1T
Thu Jan 30 2025 10:14:6 } [PH] info: Client disconnected: 37ZtSz1Nu0MeCLQfAA1S
Thu Jan 30 2025 10:14:6 } [PH] info: Client disconnected: h6A6UcRPm7ZIX9wOAA1R
Thu Jan 30 2025 10:14:6 } [PH] info: Client disconnected: NEl67E_h4As3N6lYAA1Q
Thu Jan 30 2025 10:14:6 } [PH] info: Client disconnected: -69m4kHOHHkM1s4OAA1P
Thu Jan 30 2025 10:14:6 } [PH] info: Client disconnected: iGmQklmRivxJvgS2AA1O
Thu Jan 30 2025 10:14:6 } [PH] info: Client disconnected: RITIYj3dy-3j0i-SAA1N
Thu Jan 30 2025 10:14:6 } [PH] info: Client disconnected: zd4zl8-Q3oZ2r6vxAA1M
Thu Jan 30 2025 10:14:6 } [PH] info: Client disconnected: kLiE5nwrfLABrSBjAA1L
Thu Jan 30 2025 10:14:6 } [PH] info: Client disconnected: W7OEyo8DE_6XD2JaAA1K
Thu Jan 30 2025 10:14:6 } [PH] info: Client disconnected: vFsQ_dpmkqaX-PV0AA1J
Thu Jan 30 2025 10:14:6 } [PH] info: Client disconnected: JzV3im0F9kGwYUsyAA1I
Thu Jan 30 2025 10:14:6 } [PH] info: Client disconnected: jJzxr1RhHPfSR_-JAA1H
Thu Jan 30 2025 10:14:6 } [PH] info: Client disconnected: BpMej9klOhkqJVc1AA1G
Thu Jan 30 2025 10:14:6 } [PH] info: Client disconnected: j98VlObCKZBGODbvAA1F
Thu Jan 30 2025 10:14:6 } [PH] info: Client disconnected: FK9VXBLP-6QrRHTnAA1E
Thu Jan 30 2025 10:14:6 } [PH] info: Client disconnected: 6RULcIG78hnOaIE4AA1D
Thu Jan 30 2025 10:14:6 } [PH] info: Client disconnected: AlCC84y9JSPeWsyjAA1C
Thu Jan 30 2025 10:14:6 } [PH] info: Client disconnected: UjWGA7t1oOMZ4J7RAA1B
Thu Jan 30 2025 10:14:6 } [PH] info: Client disconnected: lP7eqacPYua0GwswAA1A
Thu Jan 30 2025 10:14:6 } [PH] info: Client disconnected: QMR5m4X8Ls45XiWIAA1-
Thu Jan 30 2025 10:14:6 } [PH] info: Client disconnected: bgRTGC5XjtDPShs1AA16
Thu Jan 30 2025 10:14:6 } [PH] info: Client disconnected: UGZxGHCZKXMkq_enAA15
Thu Jan 30 2025 10:14:6 } [PH] info: Client disconnected: FLnR8y4l7t5uoSEDAA12
Thu Jan 30 2025 10:14:6 } [PH] info: Client disconnected: 1FMJcqMDv6ZJwY8wAA10
Thu Jan 30 2025 10:14:6 } [PH] info: Client disconnected: lqWt0wsW7z-r9rowAA1w
Thu Jan 30 2025 10:14:6 } [PH] info: Client disconnected: q-l1O73i2FFh1pP6AA1v
Thu Jan 30 2025 10:14:6 } [PH] info: Client disconnected: Xpcl1GffOXqNa99YAA1u
Thu Jan 30 2025 10:14:6 } [PH] info: Client disconnected: TAtM0Kg23rZun7twAA1r
Thu Jan 30 2025 10:14:6 } [PH] info: Client disconnected: svJ8x5HteCYusQjbAA01
Thu Jan 30 2025 10:14:6 } [PH] info: Client disconnected: Mh0owR023T8Ahk-AAA00
Thu Jan 30 2025 10:14:6 } [PH] info: Client disconnected: rBaAnR_0sas6XFrHAA0y
Thu Jan 30 2025 10:14:6 } [PH] info: Client disconnected: BQgzc_eXHzwBQQS3AA0v
Thu Jan 30 2025 10:14:6 } [PH] info: Client disconnected: OK71iXA89I_eA9RCAA0t
Thu Jan 30 2025 10:14:6 } [PH] info: Client disconnected: jHDM3HSGqmLEh4usAA0p
Thu Jan 30 2025 10:14:6 } [PH] info: Client disconnected: e6s8SHhePT1dDpDNAA0o
Thu Jan 30 2025 10:14:6 } [PH] info: Client disconnected: SD51Ku878-GS7MlLAA0m
Thu Jan 30 2025 10:14:6 } [PH] info: Client disconnected: lrnpdjwE5fbWiF60AA0j
Thu Jan 30 2025 10:14:6 } [PH] info: Client disconnected: H8p0lIdtvkto8zv3AA0h
Thu Jan 30 2025 10:14:6 } [PH] info: Client disconnected: qWqw-PGRgUEn_OTlAA0e
Thu Jan 30 2025 10:14:6 } [PH] info: Client disconnected: yG6BDRRvAsbfCE85AA0d
Thu Jan 30 2025 10:14:6 } [PH] info: Client disconnected: BowG3bs-llIs1fiLAA0c
Thu Jan 30 2025 10:14:6 } [PH] info: Client disconnected: _2d8lGk71_rrAUOXAA0a
Thu Jan 30 2025 10:14:6 } [PH] info: Client disconnected: OMD9ZJkb3KxeLBuLAA0X
Thu Jan 30 2025 10:14:6 } [PH] info: Client disconnected: XpsPBJCoSJVKemD5AA0V
Thu Jan 30 2025 10:14:6 } [PH] info: Client disconnected: sxly4E1H1bse8SUPAA0S
Thu Jan 30 2025 10:14:6 } [PH] info: Client disconnected: KYLZpoYfHCKnrbtgAA0R
Thu Jan 30 2025 10:14:6 } [PH] info: Client disconnected: t3GokmidlksvNq1GAA0Q
Thu Jan 30 2025 10:14:6 } [PH] info: Client disconnected: sT_L-2PKZUdJawsGAA0O
Thu Jan 30 2025 10:14:6 } [PH] info: Client disconnected: KcySBFKpYq54DprLAA0L
Thu Jan 30 2025 10:14:6 } [PH] info: Client disconnected: 8fK7Sri-PW0DhrshAA0J
Thu Jan 30 2025 10:14:6 } [PH] info: Client disconnected: Ns2yttRPpRmaTYurAA0G
Thu Jan 30 2025 10:14:6 } [PH] info: Client disconnected: EIPiD-tmHqhqmj8QAA0F
Thu Jan 30 2025 10:14:6 } [PH] info: Client disconnected: bafs9x8lUahBjuxjAA0E
Thu Jan 30 2025 10:14:6 } [PH] info: Client disconnected: LG-KkKS-YqV-z3TDAA0C
Thu Jan 30 2025 10:14:6 } [PH] info: Client disconnected: kLpRBSS3MgAMXHwVAAz_
Thu Jan 30 2025 10:14:6 } [PH] info: Client disconnected: bZHZH-YDHGkvoD0cAAz9
Thu Jan 30 2025 10:14:6 } [PH] info: Client disconnected: NVHchWXGSgVR0juJAAz6
Thu Jan 30 2025 10:14:6 } [PH] info: Client disconnected: JxWHkzsgWcgdCfflAAz5
Thu Jan 30 2025 10:14:6 } [PH] info: Client disconnected: GoIg13m-ugA8aGG_AAz4
Thu Jan 30 2025 10:14:6 } [PH] info: Client disconnected: yyKI8vl5hhRv-5QnAAz2
Thu Jan 30 2025 10:14:6 } [PH] info: Client disconnected: OTV9mZEsRN1vgkuBAAzz
Thu Jan 30 2025 10:14:6 } [PH] info: Client disconnected: OIGUPKNQuzI1TfW1AAzx
Thu Jan 30 2025 10:14:7 } [PH] info: Client disconnected: f4shZU4PJimBFdEtAAzu
Thu Jan 30 2025 10:14:7 } [PH] info: Client disconnected: Bi8a_amFru1ZArx9AAzt
Thu Jan 30 2025 10:14:7 } [PH] info: Client disconnected: 8_bq3QOa0zsS9irXAAzs
Thu Jan 30 2025 10:14:7 } [PH] info: Client disconnected: Hqnxzk2LTXTZ4SLIAAzq
Thu Jan 30 2025 10:14:7 } [PH] info: Client disconnected: fqHlvnJQyqSHYBe0AAzp
Thu Jan 30 2025 10:14:7 } [PH] info: Client disconnected: W13q8EIspA6O_aN_AAzo
Thu Jan 30 2025 10:14:7 } [PH] info: Client disconnected: 3PQAO_RN2KpvMY-jAAzn
Thu Jan 30 2025 10:14:7 } [PH] info: Client disconnected: cEbV4Xx2X5ekKiSoAAzm
Thu Jan 30 2025 10:14:7 } [PH] info: Client disconnected: S96lOZ87WDS3TPZ0AAzl
Thu Jan 30 2025 10:14:7 } [PH] info: Client disconnected: k-NxfHDxtjkX08A-AAzk
Thu Jan 30 2025 10:14:7 } [PH] info: Client disconnected: aAXyosKLgXfJoyd-AAzj
Thu Jan 30 2025 10:14:7 } [PH] info: Client disconnected: 0h3EwfHwMO0ysqCZAAzi
Thu Jan 30 2025 10:14:7 } [PH] info: Client disconnected: 1HsozI_AwjM6SpaxAAzh
Thu Jan 30 2025 10:14:7 } [PH] info: Client disconnected: rwt-Zf5vm51j0JmNAAzg
Thu Jan 30 2025 10:14:7 } [PH] info: Client disconnected: QrUGyQ7CPqQ0FeXXAAzf
Thu Jan 30 2025 10:14:7 } [PH] info: Client disconnected: bxEPMZb0oZ9YIfU8AAze
Thu Jan 30 2025 10:14:7 } [PH] info: Client disconnected: M_gC-4sEC8b1KkVrAAzd
Thu Jan 30 2025 10:14:7 } [PH] info: Client disconnected: xJ2h_3WQWCcf6SNLAAzc
Thu Jan 30 2025 10:14:7 } [PH] info: Client disconnected: zhtQmREeIkcJ1C_dAAzb
Thu Jan 30 2025 10:14:7 } [PH] info: Client disconnected: 5RLm-BiKf46nvINdAAza
Thu Jan 30 2025 10:14:7 } [PH] info: Client disconnected: I7pcX-V9gRM_sCoQAAzZ
Thu Jan 30 2025 10:14:7 } [PH] info: Client disconnected: Fam2mxeYSmu1cUubAAzY
Thu Jan 30 2025 10:14:7 } [PH] info: Client disconnected: xZV0zRsNQIGFmk32AAzX
Thu Jan 30 2025 10:14:7 } [PH] info: Client disconnected: d900VgH4LPAUvfjcAAzW
Thu Jan 30 2025 10:14:7 } [PH] info: Client disconnected: 4ahKDS0zgv9CPPOEAAzV
Thu Jan 30 2025 10:14:7 } [PH] info: Client disconnected: VhD9EnyaIkM1SJArAAzU
Thu Jan 30 2025 10:14:7 } [PH] info: Client disconnected: j9cvUH66Sdz2-8uTAAzT
Thu Jan 30 2025 10:14:7 } [PH] info: Client disconnected: 5qIgqH9zlo9pxlIlAAzS
Thu Jan 30 2025 10:14:7 } [PH] info: Client disconnected: 9pp068qrmNFCky5kAAzR
Thu Jan 30 2025 10:14:7 } [PH] info: Client disconnected: cIiIYcoR4xhYRWSxAAzQ
Thu Jan 30 2025 10:14:7 } [PH] info: Client disconnected: pyAJr8OOrzlgAf5XAAzP
Thu Jan 30 2025 10:14:7 } [PH] info: Client disconnected: D72-dis2rKm9CVy3AAzO
Thu Jan 30 2025 10:14:7 } [PH] info: Client disconnected: ctXroB4ZWbsMT5OeAAzM
Thu Jan 30 2025 10:14:7 } [PH] info: Client disconnected: WpkafEzNQDXNI4_jAAzL
Thu Jan 30 2025 10:14:7 } [PH] info: Client disconnected: EahkSdAlwTMrUIoGAAzK
Thu Jan 30 2025 10:14:7 } [PH] info: Client disconnected: vCW7vdn7ZFyAMZlMAAzJ
Thu Jan 30 2025 10:14:7 } [PH] info: Client disconnected: W4_VHs8lr_H7GzQVAAzI
Thu Jan 30 2025 10:14:7 } [PH] info: Client disconnected: HsdBsTefZ83mhmGTAAzH
Thu Jan 30 2025 10:14:7 } [PH] info: Client disconnected: lda8R_d-9uodXbxIAAzG
Thu Jan 30 2025 10:14:7 } [PH] info: Client disconnected: rgk_HovohVPji57-AAzF
Thu Jan 30 2025 10:14:7 } [PH] info: Client disconnected: F543qK6WPKje0jW8AAzE
Thu Jan 30 2025 10:14:7 } [PH] info: Client disconnected: 7Mjo1BP7paq8ZYYnAAzD
Thu Jan 30 2025 10:14:7 } [PH] info: Client disconnected: 7Wmec7LQQ-yipgK4AAzC
Thu Jan 30 2025 10:14:7 } [PH] info: Client disconnected: nh8KIAAn3x0iPBhUAAzB
Thu Jan 30 2025 10:14:7 } [PH] info: Client disconnected: DTNxQngO57xv1h7kAAzA
Thu Jan 30 2025 10:14:7 } [PH] info: Client disconnected: yK-cY4Rspq8aoDS4AAy_
Thu Jan 30 2025 10:14:7 } [PH] info: Client disconnected: axrJUAPx3WdQwci0AAy-
Thu Jan 30 2025 10:14:7 } [PH] info: Client disconnected: c8j6tfJSsfRP-X_hAAy9
Thu Jan 30 2025 10:14:7 } [PH] info: Client disconnected: aL9-_mmTNEt5Y1-3AAy8
Thu Jan 30 2025 10:14:7 } [PH] info: Client disconnected: yrCW1smEOaJtFVUdAAy7
Thu Jan 30 2025 10:14:7 } [PH] info: Client disconnected: bBn-_bhsLTL9vxqtAAy6
Thu Jan 30 2025 10:14:7 } [PH] info: Client disconnected: 2u8qHEBQ-go32y8CAAy5
Thu Jan 30 2025 10:14:7 } [PH] info: Client disconnected: ubWtN2nrFITsJ4raAAy4
Thu Jan 30 2025 10:14:7 } [PH] info: Client disconnected: Sv7Zc0zeN5KQL8ZRAAy3
Thu Jan 30 2025 10:14:7 } [PH] info: Client disconnected: djTCWSe_qollj94_AAy2
Thu Jan 30 2025 10:14:7 } [PH] info: Client disconnected: 85yuV17lR0hoEworAAy1
Thu Jan 30 2025 10:14:7 } [PH] info: Client disconnected: veegDOPibqm3_0aPAAy0
Thu Jan 30 2025 10:14:7 } [PH] info: Client disconnected: hAFTBvc1NhdH6BCOAAyz
Thu Jan 30 2025 10:14:7 } [PH] info: Client disconnected: yrW0hVayrKyFQFbhAAyy
Thu Jan 30 2025 10:14:7 } [PH] info: Client disconnected: qNOZUVdjGJlqdENoAAyx
Thu Jan 30 2025 10:14:7 } [PH] info: Client disconnected: vV8vo26pqz2-CnesAAyv
Thu Jan 30 2025 10:14:7 } [PH] info: Client disconnected: co-oNMp5jg3bDbJUAAyu
Thu Jan 30 2025 10:14:7 } [PH] info: Client disconnected: PYNjoM-WyUm-WbGAAAyt
Thu Jan 30 2025 10:14:7 } [PH] info: Client disconnected: 4XSGQh6kx-MdQQ7DAAys
Thu Jan 30 2025 10:14:7 } [PH] info: Client disconnected: u_xveIfsKHkwt35uAAyr
Thu Jan 30 2025 10:14:7 } [PH] info: Client disconnected: jXi7MBouwArJgQ5GAAyp
Thu Jan 30 2025 10:14:7 } [PH] info: Client disconnected: _6Aj-KdjQk3FGKhrAAyo
Thu Jan 30 2025 10:14:7 } [PH] info: Client disconnected: pSgsZuHNM3WVgAqQAAyn
Thu Jan 30 2025 10:14:7 } [PH] info: Client disconnected: lG0YzRyg31O5fo8aAAym
Thu Jan 30 2025 10:14:7 } [PH] info: Client disconnected: CbxmRKFF8hwK9dtIAAyl
Thu Jan 30 2025 10:14:7 } [PH] info: Client disconnected: H4uh9pdFE8B9-lvUAAyk
Thu Jan 30 2025 10:14:7 } [PH] info: Client disconnected: JHukm-TsiUsqMj19AAyj
Thu Jan 30 2025 10:14:7 } [PH] info: Client disconnected: C6jKaIlhOHJT29WFAAyh
Thu Jan 30 2025 10:14:7 } [PH] info: Client disconnected: zAxtga7OAccvp9M4AA45
Thu Jan 30 2025 10:14:7 } [PH] info: Client disconnected: mm5jc2LEHRPHiYuJAA44
Thu Jan 30 2025 10:14:7 } [PH] info: Client disconnected: sB5I1X2EBuEMVxtlAA43
Thu Jan 30 2025 10:14:7 } [PH] info: Client disconnected: t_6whBfPBFxH1Js7AA4y
Thu Jan 30 2025 10:14:7 } [PH] info: Client disconnected: dQYbtq68NvwlvRbOAA4x
Thu Jan 30 2025 10:14:7 } [PH] info: Client disconnected: Y6k7aqb2r0JVp6_fAA4v
Thu Jan 30 2025 10:14:7 } [PH] info: Client disconnected: UWcmevi-0xy7wNr-AA4q
Thu Jan 30 2025 10:14:7 } [PH] info: Client disconnected: OpCs-oHBEY_Dc9kNAA59
Thu Jan 30 2025 10:14:7 } [PH] info: Client disconnected: 2dkljpDh1ZgJHsz_AA58
Thu Jan 30 2025 10:14:7 } [PH] info: Client disconnected: oYrJhZYwfIgrcjr8AA57
Thu Jan 30 2025 10:14:7 } [PH] info: Client disconnected: VAlQq4SxQdGXG2S6AA56
Thu Jan 30 2025 10:14:7 } [PH] info: Client disconnected: 6lHNSojPqdu7YyUZAA54
Thu Jan 30 2025 10:14:7 } [PH] info: Client disconnected: B1in3RWbw31gPpfIAA5z
Thu Jan 30 2025 10:14:7 } [PH] info: Client disconnected: V7SBHtsfE0Lo32BtAA5x
Thu Jan 30 2025 10:14:7 } [PH] info: Client disconnected: ANwhnLQ3B-fl6dLGAA5w
Thu Jan 30 2025 10:14:7 } [PH] info: Client disconnected: PJxMqZTIP-7gwO0WAA5v
Thu Jan 30 2025 10:14:7 } [PH] info: Client disconnected: Z3rNf6A-gH8W3iKyAA5u
Thu Jan 30 2025 10:14:7 } [PH] info: Client disconnected: jMceQ8I_n3XtGWNvAA5s
Thu Jan 30 2025 10:14:7 } [PH] info: Client disconnected: th8qAEkfgksHCibuAA5m
Thu Jan 30 2025 10:14:7 } [PH] info: Client disconnected: dDhpzKX0sfibbrbYAA5l
Thu Jan 30 2025 10:14:7 } [PH] info: Client disconnected: Nrb8WZwqOTWao4LOAA5d
Thu Jan 30 2025 10:14:7 } [PH] info: Client disconnected: O7SJMBn0GPOoX3w-AA5b
Thu Jan 30 2025 10:14:7 } [PH] info: Client disconnected: A0iWkYe3paqHg41dAA5V
Thu Jan 30 2025 10:14:7 } [PH] info: Client disconnected: gNJqzN_dxHCZubpOAA5I
Thu Jan 30 2025 10:14:7 } [PH] info: Client disconnected: d_PY0YeFqGz-jnAlAA5B
Thu Jan 30 2025 10:14:7 } [PH] info: Client disconnected: eHAcoLg3t6eeHFtwAA42
Thu Jan 30 2025 10:14:7 } [PH] info: Client disconnected: -NVQHxTtZKOOPkH6AA41
Thu Jan 30 2025 10:14:7 } [PH] info: Client disconnected: 175toYqme5NIxxgyAA40
Thu Jan 30 2025 10:14:7 } [PH] info: Client disconnected: YfeNODNwhtRHmxjsAA4w
Thu Jan 30 2025 10:14:7 } [PH] info: Client disconnected: -GjGKjzGDCRrhLhJAA4u
Thu Jan 30 2025 10:14:7 } [PH] info: Client disconnected: QpPYevX4Pr67tzldAA4t
Thu Jan 30 2025 10:14:7 } [PH] info: Client disconnected: O-CpBsgEg5KeTgrsAA4s
Thu Jan 30 2025 10:14:7 } [PH] info: Client disconnected: RzMCxXALPJ9wZAioAA4r
Thu Jan 30 2025 10:14:7 } [PH] info: Client disconnected: VYX64kHoEo8iKuoyAA4p
Thu Jan 30 2025 10:14:7 } [PH] info: Client disconnected: qi7qOHsMh_rcy2sHAA4m
Thu Jan 30 2025 10:14:7 } [PH] info: Client disconnected: t6Grh6yn8OJoh01-AA4l
Thu Jan 30 2025 10:14:7 } [PH] info: Client disconnected: 0Ctm8QkbqD7SnG0VAA4k
Thu Jan 30 2025 10:14:7 } [PH] info: Client disconnected: xOpS8N-Yw3yv5eAEAA4g
Thu Jan 30 2025 10:14:7 } [PH] info: Client disconnected: znLTKUJ2JijfN-gDAA4f
Thu Jan 30 2025 10:14:7 } [PH] info: Client disconnected: w0k8BsWQFf8cvR-qAA4e
Thu Jan 30 2025 10:14:7 } [PH] info: Client disconnected: cFHykaNL8M21XaeTAA4d
Thu Jan 30 2025 10:14:7 } [PH] info: Client disconnected: m99rel-_30rl6wQbAA4a
Thu Jan 30 2025 10:14:7 } [PH] info: Client disconnected: SRyOBAGUNARpWj4RAA4Z
Thu Jan 30 2025 10:14:7 } [PH] info: Client disconnected: Jr5hRO28zFm4h6jqAA4Y
Thu Jan 30 2025 10:14:7 } [PH] info: Client disconnected: MpRahr6WKY9ukJjoAA4X
Thu Jan 30 2025 10:14:7 } [PH] info: Client disconnected: 5GD_x6k_giXFcuYBAA4W
Thu Jan 30 2025 10:14:7 } [PH] info: Client disconnected: 9dUFr1ENWxg9MQesAA4V
Thu Jan 30 2025 10:14:7 } [PH] info: Client disconnected: eArgasDnz3D_1pKdAA4U
Thu Jan 30 2025 10:14:7 } [PH] info: Client disconnected: hWocirncvI-U33I_AA4S
Thu Jan 30 2025 10:14:7 } [PH] info: Client disconnected: 8b87lw-R0EfLEvplAA4R
Thu Jan 30 2025 10:14:7 } [PH] info: Client disconnected: tIf5MdOHOAaVfntFAA4Q
Thu Jan 30 2025 10:14:7 } [PH] info: Client disconnected: N9sMwCtdG_u65bSxAA4P
Thu Jan 30 2025 10:14:7 } [PH] info: Client disconnected: sCChJFZZV4XHIrQAAA4O
Thu Jan 30 2025 10:14:7 } [PH] info: Client disconnected: QI0QiODRDnhoLHWCAA4N
Thu Jan 30 2025 10:14:7 } [PH] info: Client disconnected: 3mBzOfaT_hLZig8GAA4L
Thu Jan 30 2025 10:14:7 } [PH] info: Client disconnected: ndN4HvnzBo0zQT5PAA4K
Thu Jan 30 2025 10:14:7 } [PH] info: Client disconnected: qsmHpvMkGBbJDJxlAA4J
Thu Jan 30 2025 10:14:7 } [PH] info: Client disconnected: akR9u_pERDsxjgZtAA4I
Thu Jan 30 2025 10:14:7 } [PH] info: Client disconnected: WEdp-9VQ0aSWXBcYAA4H
Thu Jan 30 2025 10:14:7 } [PH] info: Client disconnected: avnkVRYIoctpkTUFAA4G
Thu Jan 30 2025 10:14:7 } [PH] info: Client disconnected: q8p11w-osMJInnaAAA4D
Thu Jan 30 2025 10:14:7 } [PH] info: Client disconnected: gTe2riZCGkFLUIeyAA4C
Thu Jan 30 2025 10:14:7 } [PH] info: Client disconnected: xkJELKV0CnEcMbOBAA4B
Thu Jan 30 2025 10:14:7 } [PH] info: Client disconnected: f305NcgCHLi8pd81AA4A
Thu Jan 30 2025 10:14:7 } [PH] info: Client disconnected: 3a4xQeQRXfC-j_9cAA3_
Thu Jan 30 2025 10:14:7 } [PH] info: Client disconnected: MJA3j9WGbEmFZH7QAA3-
Thu Jan 30 2025 10:14:7 } [PH] info: Client disconnected: SCGS3sWV3KHCTLwpAA38
Thu Jan 30 2025 10:14:7 } [PH] info: Client disconnected: s1DuPszwxZCVEgisAA37
Thu Jan 30 2025 10:14:7 } [PH] info: Client disconnected: lqjKzWDbzK1GQYNSAA35
Thu Jan 30 2025 10:14:7 } [PH] info: Client disconnected: mDoSQv9A58NqbdMxAA34
Thu Jan 30 2025 10:14:7 } [PH] info: Client disconnected: yN_IyQPKnTidilg3AA33
Thu Jan 30 2025 10:14:7 } [PH] info: Client disconnected: OuxASCWWwF54zjTrAA32
Thu Jan 30 2025 10:14:7 } [PH] info: Client disconnected: qPFDkQqEVOxrl1o0AA30
Thu Jan 30 2025 10:14:7 } [PH] info: Client disconnected: tq46Fd2IYDJxkV2YAA3z
Thu Jan 30 2025 10:14:7 } [PH] info: Client disconnected: kKzD1PxefOvVKhuDAA3w
Thu Jan 30 2025 10:14:7 } [PH] info: Client disconnected: lBfRc7vETZdpIE7NAA3v
Thu Jan 30 2025 10:14:7 } [PH] info: Client disconnected: fW8YvaBp-tiqOfaNAA3t
Thu Jan 30 2025 10:14:7 } [PH] info: Client disconnected: TBwejW9j0OwcIu-qAA3r
Thu Jan 30 2025 10:14:7 } [PH] info: Client disconnected: C9G7AYSZ_-3iAoYtAA3p
Thu Jan 30 2025 10:14:7 } [PH] info: Client disconnected: YCVwIM9lD9ZZlLAbAA3o
Thu Jan 30 2025 10:14:7 } [PH] info: Client disconnected: I_j5GEAonDbxuH9iAA3n
Thu Jan 30 2025 10:14:7 } [PH] info: Client disconnected: 3F16P-pYzGnhau1sAA3m
Thu Jan 30 2025 10:14:7 } [PH] info: Client disconnected: G_eKi7PZ0jz75s9XAA3k
Thu Jan 30 2025 10:14:7 } [PH] info: Client disconnected: e3eWyoeEWj0D32H9AA3i
Thu Jan 30 2025 10:14:7 } [PH] info: Client disconnected: HIQJCm-0h8BDsR4sAA3g
Thu Jan 30 2025 10:14:7 } [PH] info: Client disconnected: RoSr3MR2YcAA0bdeAA3e
Thu Jan 30 2025 10:14:7 } [PH] info: Client disconnected: lBP0eOU57MMNXrwoAA3d
Thu Jan 30 2025 10:14:7 } [PH] info: Client disconnected: EzVo0dUhwycowfV3AA3c
Thu Jan 30 2025 10:14:7 } [PH] info: Client disconnected: SegXIFlG4UJcniZWAA3b
Thu Jan 30 2025 10:14:7 } [PH] info: Client disconnected: ORGHFaomraXEeCFwAA3a
Thu Jan 30 2025 10:14:7 } [PH] info: Client disconnected: JVnFeQA6pWBMjQm5AA3W
Thu Jan 30 2025 10:14:7 } [PH] info: Client disconnected: R4OQYkI4sStsJJU2AA3V
Thu Jan 30 2025 10:14:7 } [PH] info: Client disconnected: mtpwRwI1lv8jNOnmAA3T
Thu Jan 30 2025 10:14:7 } [PH] info: Client disconnected: C7hbsbfDk4op3EtXAA3S
Thu Jan 30 2025 10:14:7 } [PH] info: Client disconnected: zOkJRM1RqxYqN2bMAA3Q
Thu Jan 30 2025 10:14:7 } [PH] info: Client disconnected: Lt59Oh-ActHtg8CnAA3P
Thu Jan 30 2025 10:14:7 } [PH] info: Client disconnected: RIHdN2czADxmkYM7AA3O
Thu Jan 30 2025 10:14:7 } [PH] info: Client disconnected: KszndccK0ERvar1dAA3M
Thu Jan 30 2025 10:14:7 } [PH] info: Client disconnected: jlJJqmJYrUWamEYyAA3L
Thu Jan 30 2025 10:14:7 } [PH] info: Client disconnected: Q4ByeSMw7mBXV6QoAA3J
Thu Jan 30 2025 10:14:7 } [PH] info: Client disconnected: -hzXFtA_N_C1YKoEAA3G
Thu Jan 30 2025 10:14:7 } [PH] info: Client disconnected: gaXwHpcNk3Z9fxCHAA3F
Thu Jan 30 2025 10:14:7 } [PH] info: Client disconnected: NNbM7RE1GMAuHsZvAA3D
Thu Jan 30 2025 10:14:7 } [PH] info: Client disconnected: qMnzzJbvENIrC9ELAA3C
Thu Jan 30 2025 10:14:7 } [PH] info: Client disconnected: slTwRrLxjrAky0M2AA3B
Thu Jan 30 2025 10:14:7 } [PH] info: Client disconnected: 5ZUUinZgqVwhQPZxAA2_
Thu Jan 30 2025 10:14:7 } [PH] info: Client disconnected: CFEf1Aowitz2swzBAA2-
Thu Jan 30 2025 10:14:7 } [PH] info: Client disconnected: nRLIW14Zqw-EeQEHAA29
Thu Jan 30 2025 10:14:7 } [PH] info: Client disconnected: x7ir-sOgZhCFFrW4AA26
Thu Jan 30 2025 10:14:7 } [PH] info: Client disconnected: DPmDER0TyRB9FeIJAA25
Thu Jan 30 2025 10:14:7 } [PH] info: Client disconnected: ixkwP8mRRgHH8OI4AA23
Thu Jan 30 2025 10:14:7 } [PH] info: Client disconnected: msAGMesn7DtxY9oPAA20
Thu Jan 30 2025 10:14:7 } [PH] info: Client disconnected: -A9VdtT4nio8g_jEAA2z
Thu Jan 30 2025 10:14:7 } [PH] info: Client disconnected: n7p6wwIU3IAFEhVmAA2y
Thu Jan 30 2025 10:14:7 } [PH] info: Client disconnected: AF34Hh-aNKGJAOMkAA2u
Thu Jan 30 2025 10:14:7 } [PH] info: Client disconnected: QimU4fqS9SJe9JNrAA2t
Thu Jan 30 2025 10:14:7 } [PH] info: Client disconnected: ShD9o-t0xGEDNCVOAA2s
Thu Jan 30 2025 10:14:7 } [PH] info: Client disconnected: fmzGIB9lthcwGrGuAA2q
Thu Jan 30 2025 10:14:7 } [PH] info: Client disconnected: XAq1YjJqrmMFw815AA2o
Thu Jan 30 2025 10:14:7 } [PH] info: Client disconnected: _oSgHvs_lx2Efbg-AA2m
Thu Jan 30 2025 10:14:7 } [PH] info: Client disconnected: 1a9Vmzv9eJfx0yHEAA2l
Thu Jan 30 2025 10:14:7 } [PH] info: Client disconnected: 5IW1pROP-hC_4TPkAA2j
Thu Jan 30 2025 10:14:7 } [PH] info: Client disconnected: 674YtVo61WUK6QRPAA2h
Thu Jan 30 2025 10:14:7 } [PH] info: Client disconnected: 9_4YmpSfs93o8EQDAA2e
Thu Jan 30 2025 10:14:7 } [PH] info: Client disconnected: 6b4dj8nZuFWNe7JbAA2d
Thu Jan 30 2025 10:14:7 } [PH] info: Client disconnected: R8ppgaKagW9EMBo3AA2b
Thu Jan 30 2025 10:14:7 } [PH] info: Client disconnected: qB_iYvOxlU1DJ44oAA2Z
Thu Jan 30 2025 10:14:7 } [PH] info: Client disconnected: l0LRc7m2qryjz6rqAA2Y
Thu Jan 30 2025 10:14:7 } [PH] info: Client disconnected: vl-BocDEMuXmys7kAA2W
Thu Jan 30 2025 10:14:7 } [PH] info: Client disconnected: CsecC59aQg7GCpSJAA2D
Thu Jan 30 2025 10:14:7 } [PH] info: Client disconnected: D9pVoYwfpgJOstljAA2A
Thu Jan 30 2025 10:14:7 } [PH] info: Client disconnected: 1GW13_AQ5W7EzSb3AA6K
Thu Jan 30 2025 10:14:7 } [PH] info: Client disconnected: AeI4knWyPU18i1mqAA6J
Thu Jan 30 2025 10:14:7 } [PH] info: Client disconnected: NY-W0nX3PFWSs6QUAA7n
Thu Jan 30 2025 10:14:7 } [PH] info: Client disconnected: 7Gp-lMRKh27ESAM5AA6H
Thu Jan 30 2025 10:14:7 } [PH] info: Client disconnected: PrRGLWJRJCKR_RpCAA6I
Thu Jan 30 2025 10:14:7 } [PH] info: Client disconnected: Vv4JfxHxxjUhdQyuAA6n
Thu Jan 30 2025 10:14:7 } [PH] info: Client disconnected: fqw7uq17xlwsWDwtAA6m
Thu Jan 30 2025 10:14:7 } [PH] info: Client disconnected: VOC1TkRknjzV6u4pAA6l
Thu Jan 30 2025 10:14:7 } [PH] info: Client disconnected: EuUpsenGXTOLSuTCAA6k
Thu Jan 30 2025 10:14:7 } [PH] info: Client disconnected: LuvdfQDjIQzPBtY-AA6j
Thu Jan 30 2025 10:14:7 } [PH] info: Client disconnected: mDvG0DAFP_LvHkQnAA6i
Thu Jan 30 2025 10:14:7 } [PH] info: Client disconnected: 6JY7TM-PlwwlCKdZAA6h
Thu Jan 30 2025 10:14:7 } [PH] info: Client disconnected: bKzcZYvqrPg7dOZGAA6g
Thu Jan 30 2025 10:14:7 } [PH] info: Client disconnected: jveJowkXMg23jxAkAA6f
Thu Jan 30 2025 10:14:7 } [PH] info: Client disconnected: x_ekankYPWj8Z-uGAA6e
Thu Jan 30 2025 10:14:7 } [PH] info: Client disconnected: 5BCEIOwlXuMGJmGuAA6d
Thu Jan 30 2025 10:14:7 } [PH] info: Client disconnected: T3poAsKd50Hi5G17AA6c
Thu Jan 30 2025 10:14:7 } [PH] info: Client disconnected: MH019YXihp7BTOVIAA6b
Thu Jan 30 2025 10:14:7 } [PH] info: Client disconnected: 7xK7uiX2vVUxIwf0AA6a
Thu Jan 30 2025 10:14:7 } [PH] info: Client disconnected: BkNyNGNHtPWVA9FAAA6Z
Thu Jan 30 2025 10:14:7 } [PH] info: Client disconnected: 4tnjdtwHQwRndBAoAA6Y
Thu Jan 30 2025 10:14:7 } [PH] info: Client disconnected: hwz0qXqDfFAzH4h4AA6X
Thu Jan 30 2025 10:14:7 } [PH] info: Client disconnected: WIkOYMXFRq00lpJLAA6W
Thu Jan 30 2025 10:14:7 } [PH] info: Client disconnected: FH90nVWV8unkk9PjAA6S
Thu Jan 30 2025 10:14:7 } [PH] info: Client disconnected: F5SSIp32KTNiyQZIAA6L
Thu Jan 30 2025 10:14:7 } [PH] info: Client disconnected: e2CpDJU7Sj9NpDSpAA6D
Thu Jan 30 2025 10:14:7 } [PH] info: Client disconnected: L_lCc-9j2KvveysWAA6C
Thu Jan 30 2025 10:14:7 } [PH] info: Client disconnected: lqJOAP9x2Rjo-E-FAA6B
Thu Jan 30 2025 10:14:7 } [PH] info: Client disconnected: tCYMzmASetV4IxhFAA6A
Thu Jan 30 2025 10:14:7 } [PH] info: Client disconnected: J1ilbVar6kMciZJOAA5-
Thu Jan 30 2025 10:14:7 } [PH] info: Client disconnected: 1Hn5Xminn68cDckZAA55
Thu Jan 30 2025 10:14:7 } [PH] info: Client disconnected: b2Dv1uEwBG9ryDJnAA53
Thu Jan 30 2025 10:14:7 } [PH] info: Client disconnected: bqJ_jTWHaNkoDpx-AA52
Thu Jan 30 2025 10:14:7 } [PH] info: Client disconnected: 6ECdFnJboviL7aXhAA51
Thu Jan 30 2025 10:14:7 } [PH] info: Client disconnected: 2hs9z5xE6ELER6mbAA50
Thu Jan 30 2025 10:14:7 } [PH] info: Client disconnected: QPuFT6h_AcLNTueJAA5y
Thu Jan 30 2025 10:14:7 } [PH] info: Client disconnected: KWJXE_nMXrDYaInGAA5t
Thu Jan 30 2025 10:14:7 } [PH] info: Client disconnected: HwGKieq7isZlKLTRAA5r
Thu Jan 30 2025 10:14:7 } [PH] info: Client disconnected: 8h0AdMI9Dqes7emrAA5q
Thu Jan 30 2025 10:14:7 } [PH] info: Client disconnected: 0w4qZvFUEFyBd1hsAA5p
Thu Jan 30 2025 10:14:7 } [PH] info: Client disconnected: 4SDwT6SczF_QzI4jAA5o
Thu Jan 30 2025 10:14:7 } [PH] info: Client disconnected: Lpyihc_s2W6UYQS2AA5n
Thu Jan 30 2025 10:14:7 } [PH] info: Client disconnected: TfjjyyBdweQvfpHTAA5k
Thu Jan 30 2025 10:14:7 } [PH] info: Client disconnected: 1QnGUGhGssB1nMRxAA5j
Thu Jan 30 2025 10:14:7 } [PH] info: Client disconnected: IHNc-f6uqzQSl_fEAA5i
Thu Jan 30 2025 10:14:7 } [PH] info: Client disconnected: K6zZkoq0tMxiPlCxAA5h
Thu Jan 30 2025 10:14:7 } [PH] info: Client disconnected: KXxxaF7dYn8puNXiAA5g
Thu Jan 30 2025 10:14:7 } [PH] info: Client disconnected: tUO38grULLStVIO0AA5f
Thu Jan 30 2025 10:14:7 } [PH] info: Client disconnected: rNEUh2VWOjU7LqZ7AA5c
Thu Jan 30 2025 10:14:7 } [PH] info: Client disconnected: pifskUpcEQQ439yFAA5a
Thu Jan 30 2025 10:14:7 } [PH] info: Client disconnected: hgqWZrOCiPqjDidtAA5Z
Thu Jan 30 2025 10:14:7 } [PH] info: Client disconnected: s5cNMumLQwDwHLUlAA5Y
Thu Jan 30 2025 10:14:7 } [PH] info: Client disconnected: USIEkOFY6yrIFh1yAA5X
Thu Jan 30 2025 10:14:7 } [PH] info: Client disconnected: 7iAZ4uKTqYagoC7vAA5W
Thu Jan 30 2025 10:14:7 } [PH] info: Client disconnected: iBWNO4mMw5EIjvooAA5U
Thu Jan 30 2025 10:14:7 } [PH] info: Client disconnected: 2RWsNyIaDJhej9hDAA5T
Thu Jan 30 2025 10:14:7 } [PH] info: Client disconnected: ug6inguYUS7hWFhWAA5S
Thu Jan 30 2025 10:14:7 } [PH] info: Client disconnected: MPhIXJxTNvR35uWOAA5R
Thu Jan 30 2025 10:14:7 } [PH] info: Client disconnected: iMeBIqCrM4-pqst5AA5Q
Thu Jan 30 2025 10:14:7 } [PH] info: Client disconnected: 0trFksKncgLiE_OBAA5P
Thu Jan 30 2025 10:14:7 } [PH] info: Client disconnected: EOStDFmfFYOUCkUqAA5O
Thu Jan 30 2025 10:14:7 } [PH] info: Client disconnected: yEBajpx40RnRmz7zAA5N
Thu Jan 30 2025 10:14:7 } [PH] info: Client disconnected: dY3QL6hWQ-O214efAA5M
Thu Jan 30 2025 10:14:7 } [PH] info: Client disconnected: y6zRKQDfTrH4_yzTAA5L
Thu Jan 30 2025 10:14:7 } [PH] info: Client disconnected: HtjskJ0cWMa5l1BEAA5K
Thu Jan 30 2025 10:14:7 } [PH] info: Client disconnected: ucSGSHOHVkGo7izMAA5J
Thu Jan 30 2025 10:14:7 } [PH] info: Client disconnected: 5fdkKLg7bo5t9KudAA5H
Thu Jan 30 2025 10:14:7 } [PH] info: Client disconnected: Gqv0RNlYgUptAT3xAA5G
Thu Jan 30 2025 10:14:7 } [PH] info: Client disconnected: o51s94cNE6d6a4hhAA5F
Thu Jan 30 2025 10:14:7 } [PH] info: Client disconnected: LuobzWPpc0M9HZh4AA5E
Thu Jan 30 2025 10:14:7 } [PH] info: Client disconnected: zOtb0Z7-5qoRAOymAA5D
Thu Jan 30 2025 10:14:7 } [PH] info: Client disconnected: Hk9UJUFAvWBBE5khAA5C
Thu Jan 30 2025 10:14:7 } [PH] info: Client disconnected: YC8A9LzQyBpWHm1UAA5A
Thu Jan 30 2025 10:14:7 } [PH] info: Client disconnected: aCWe9NnoPM8Re2f2AA4_
Thu Jan 30 2025 10:14:7 } [PH] info: Client disconnected: hFWGC1yq4r-4hduiAA4-
Thu Jan 30 2025 10:14:7 } [PH] info: Client disconnected: l8b0jn8WW8yoYAnVAA49
Thu Jan 30 2025 10:14:7 } [PH] info: Client disconnected: fhiFR0ikhQ0wqHWCAA48
Thu Jan 30 2025 10:14:7 } [PH] info: Client disconnected: zG8TQFq7wnYP36bqAA47
Thu Jan 30 2025 10:14:7 } [PH] info: Client disconnected: PzvzS4P-oBxKr_FOAA46
Thu Jan 30 2025 10:14:7 } [PH] info: Client disconnected: 3QwA7ak3Etnvq8GzAA6G
Thu Jan 30 2025 10:14:7 } [PH] info: Client disconnected: JFmJyBa7XOU7t3YAAA6F
Thu Jan 30 2025 10:14:7 } [PH] info: Client disconnected: F5hbGx9MrrZUEd82AA6E
Thu Jan 30 2025 10:14:7 } [PH] info: Client disconnected: 6MicG_uVKczgsSuYAA5_
Thu Jan 30 2025 10:14:17 } [PH] info: Client disconnected: ndKc_ulsEhTjhEL_AA7o
Thu Jan 30 2025 10:14:17 } [PH] info: Client disconnected: c0WXbBKEP-pG0jMZAA6Q
Thu Jan 30 2025 10:14:43 } [PH] info: Client disconnected: -BKlljaZrvZM3VrTAA6w
Thu Jan 30 2025 10:34:50 } [PH] info: Server running on port 5000
