Tue Jan 21 2025 10:53:0 } [PH] error: 
Invalid `prisma.appointment.findMany()` invocation:


error: Error validating datasource `db`: the URL must start with the protocol `postgresql://` or `postgres://`.
  -->  schema.prisma:10
   | 
 9 |   provider = "postgresql"
10 |   url      = env("DATABASE_URL")
   | 

Validation Error Count: 1
Tue Jan 21 2025 10:54:0 } [PH] error: 
Invalid `prisma.appointment.findMany()` invocation:


error: Error validating datasource `db`: the URL must start with the protocol `postgresql://` or `postgres://`.
  -->  schema.prisma:10
   | 
 9 |   provider = "postgresql"
10 |   url      = env("DATABASE_URL")
   | 

Validation Error Count: 1
Tue Jan 21 2025 10:55:0 } [PH] error: 
Invalid `prisma.appointment.findMany()` invocation:


error: Error validating datasource `db`: the URL must start with the protocol `postgresql://` or `postgres://`.
  -->  schema.prisma:10
   | 
 9 |   provider = "postgresql"
10 |   url      = env("DATABASE_URL")
   | 

Validation Error Count: 1
Tue Jan 21 2025 10:56:0 } [PH] error: 
Invalid `prisma.appointment.findMany()` invocation:


error: Error validating datasource `db`: the URL must start with the protocol `postgresql://` or `postgres://`.
  -->  schema.prisma:10
   | 
 9 |   provider = "postgresql"
10 |   url      = env("DATABASE_URL")
   | 

Validation Error Count: 1
Tue Jan 21 2025 10:57:0 } [PH] error: 
Invalid `prisma.appointment.findMany()` invocation:


error: Error validating datasource `db`: the URL must start with the protocol `postgresql://` or `postgres://`.
  -->  schema.prisma:10
   | 
 9 |   provider = "postgresql"
10 |   url      = env("DATABASE_URL")
   | 

Validation Error Count: 1
Tue Jan 21 2025 10:58:0 } [PH] error: 
Invalid `prisma.appointment.findMany()` invocation:


error: Error validating datasource `db`: the URL must start with the protocol `postgresql://` or `postgres://`.
  -->  schema.prisma:10
   | 
 9 |   provider = "postgresql"
10 |   url      = env("DATABASE_URL")
   | 

Validation Error Count: 1
Tue Jan 21 2025 10:59:0 } [PH] error: 
Invalid `prisma.appointment.findMany()` invocation:


error: Error validating datasource `db`: the URL must start with the protocol `postgresql://` or `postgres://`.
  -->  schema.prisma:10
   | 
 9 |   provider = "postgresql"
10 |   url      = env("DATABASE_URL")
   | 

Validation Error Count: 1
