Mon Jan 20 2025 14:22:0 } [PH] error: 
Invalid `prisma.appointment.findMany()` invocation:


error: Error validating datasource `db`: the URL must start with the protocol `postgresql://` or `postgres://`.
  -->  schema.prisma:10
   | 
 9 |   provider = "postgresql"
10 |   url      = env("DATABASE_URL")
   | 

Validation Error Count: 1
Mon Jan 20 2025 14:23:0 } [PH] error: 
Invalid `prisma.appointment.findMany()` invocation:


error: Error validating datasource `db`: the URL must start with the protocol `postgresql://` or `postgres://`.
  -->  schema.prisma:10
   | 
 9 |   provider = "postgresql"
10 |   url      = env("DATABASE_URL")
   | 

Validation Error Count: 1
Mon Jan 20 2025 14:24:0 } [PH] error: 
Invalid `prisma.appointment.findMany()` invocation:


error: Error validating datasource `db`: the URL must start with the protocol `postgresql://` or `postgres://`.
  -->  schema.prisma:10
   | 
 9 |   provider = "postgresql"
10 |   url      = env("DATABASE_URL")
   | 

Validation Error Count: 1
Mon Jan 20 2025 14:25:0 } [PH] error: 
Invalid `prisma.appointment.findMany()` invocation:


error: Error validating datasource `db`: the URL must start with the protocol `postgresql://` or `postgres://`.
  -->  schema.prisma:10
   | 
 9 |   provider = "postgresql"
10 |   url      = env("DATABASE_URL")
   | 

Validation Error Count: 1
Mon Jan 20 2025 14:26:0 } [PH] error: 
Invalid `prisma.appointment.findMany()` invocation:


error: Error validating datasource `db`: the URL must start with the protocol `postgresql://` or `postgres://`.
  -->  schema.prisma:10
   | 
 9 |   provider = "postgresql"
10 |   url      = env("DATABASE_URL")
   | 

Validation Error Count: 1
Mon Jan 20 2025 14:27:0 } [PH] error: 
Invalid `prisma.appointment.findMany()` invocation:


error: Error validating datasource `db`: the URL must start with the protocol `postgresql://` or `postgres://`.
  -->  schema.prisma:10
   | 
 9 |   provider = "postgresql"
10 |   url      = env("DATABASE_URL")
   | 

Validation Error Count: 1
Mon Jan 20 2025 14:28:0 } [PH] error: 
Invalid `prisma.appointment.findMany()` invocation:


error: Error validating datasource `db`: the URL must start with the protocol `postgresql://` or `postgres://`.
  -->  schema.prisma:10
   | 
 9 |   provider = "postgresql"
10 |   url      = env("DATABASE_URL")
   | 

Validation Error Count: 1
Mon Jan 20 2025 14:29:0 } [PH] error: 
Invalid `prisma.appointment.findMany()` invocation:


error: Error validating datasource `db`: the URL must start with the protocol `postgresql://` or `postgres://`.
  -->  schema.prisma:10
   | 
 9 |   provider = "postgresql"
10 |   url      = env("DATABASE_URL")
   | 

Validation Error Count: 1
Mon Jan 20 2025 14:30:0 } [PH] error: 
Invalid `prisma.appointment.findMany()` invocation:


error: Error validating datasource `db`: the URL must start with the protocol `postgresql://` or `postgres://`.
  -->  schema.prisma:10
   | 
 9 |   provider = "postgresql"
10 |   url      = env("DATABASE_URL")
   | 

Validation Error Count: 1
Mon Jan 20 2025 14:31:0 } [PH] error: 
Invalid `prisma.appointment.findMany()` invocation:


error: Error validating datasource `db`: the URL must start with the protocol `postgresql://` or `postgres://`.
  -->  schema.prisma:10
   | 
 9 |   provider = "postgresql"
10 |   url      = env("DATABASE_URL")
   | 

Validation Error Count: 1
Mon Jan 20 2025 14:32:0 } [PH] error: 
Invalid `prisma.appointment.findMany()` invocation:


error: Error validating datasource `db`: the URL must start with the protocol `postgresql://` or `postgres://`.
  -->  schema.prisma:10
   | 
 9 |   provider = "postgresql"
10 |   url      = env("DATABASE_URL")
   | 

Validation Error Count: 1
Mon Jan 20 2025 14:33:0 } [PH] error: 
Invalid `prisma.appointment.findMany()` invocation:


error: Error validating datasource `db`: the URL must start with the protocol `postgresql://` or `postgres://`.
  -->  schema.prisma:10
   | 
 9 |   provider = "postgresql"
10 |   url      = env("DATABASE_URL")
   | 

Validation Error Count: 1
Mon Jan 20 2025 14:34:0 } [PH] error: 
Invalid `prisma.appointment.findMany()` invocation:


error: Error validating datasource `db`: the URL must start with the protocol `postgresql://` or `postgres://`.
  -->  schema.prisma:10
   | 
 9 |   provider = "postgresql"
10 |   url      = env("DATABASE_URL")
   | 

Validation Error Count: 1
Mon Jan 20 2025 14:35:0 } [PH] error: 
Invalid `prisma.appointment.findMany()` invocation:


error: Error validating datasource `db`: the URL must start with the protocol `postgresql://` or `postgres://`.
  -->  schema.prisma:10
   | 
 9 |   provider = "postgresql"
10 |   url      = env("DATABASE_URL")
   | 

Validation Error Count: 1
