Tue Jan 21 2025 13:36:0 } [PH] error: 
Invalid `prisma.appointment.findMany()` invocation:


Can't reach database server at `db.dadvhwfkxgaeecqyfool.supabase.co`:`5432`

Please make sure your database server is running at `db.dadvhwfkxgaeecqyfool.supabase.co`:`5432`.
Tue Jan 21 2025 13:37:0 } [PH] error: 
Invalid `prisma.appointment.findMany()` invocation:


Can't reach database server at `db.dadvhwfkxgaeecqyfool.supabase.co`:`5432`

Please make sure your database server is running at `db.dadvhwfkxgaeecqyfool.supabase.co`:`5432`.
Tue Jan 21 2025 13:38:0 } [PH] error: 
Invalid `prisma.appointment.findMany()` invocation:


Can't reach database server at `db.dadvhwfkxgaeecqyfool.supabase.co`:`5432`

Please make sure your database server is running at `db.dadvhwfkxgaeecqyfool.supabase.co`:`5432`.
Tue Jan 21 2025 13:40:0 } [PH] error: 
Invalid `prisma.appointment.findMany()` invocation:


Can't reach database server at `db.dadvhwfkxgaeecqyfool.supabase.co`:`5432`

Please make sure your database server is running at `db.dadvhwfkxgaeecqyfool.supabase.co`:`5432`.
Tue Jan 21 2025 13:43:0 } [PH] error: 
Invalid `prisma.appointment.findMany()` invocation:


Can't reach database server at `db.dadvhwfkxgaeecqyfool.supabase.co`:`5432`

Please make sure your database server is running at `db.dadvhwfkxgaeecqyfool.supabase.co`:`5432`.
Tue Jan 21 2025 13:44:0 } [PH] error: 
Invalid `prisma.appointment.findMany()` invocation:


Can't reach database server at `db.dadvhwfkxgaeecqyfool.supabase.co`:`5432`

Please make sure your database server is running at `db.dadvhwfkxgaeecqyfool.supabase.co`:`5432`.
Tue Jan 21 2025 13:45:1 } [PH] error: 
Invalid `prisma.appointment.findMany()` invocation:


The table `public.appointments` does not exist in the current database.
